[2024-04-22T09:53:27.066+0000] {local_task_job_runner.py:120} INFO - ::group::Pre task execution logs
[2024-04-22T09:53:27.113+0000] {taskinstance.py:2073} INFO - Dependencies all met for dep_context=non-requeueable deps ti=<TaskInstance: de_with_cloud_exploration_dag_v1.extract_data_task scheduled__2024-04-21T00:00:00+00:00 [queued]>
[2024-04-22T09:53:27.126+0000] {taskinstance.py:2073} INFO - Dependencies all met for dep_context=requeueable deps ti=<TaskInstance: de_with_cloud_exploration_dag_v1.extract_data_task scheduled__2024-04-21T00:00:00+00:00 [queued]>
[2024-04-22T09:53:27.127+0000] {taskinstance.py:2303} INFO - Starting attempt 2 of 3
[2024-04-22T09:53:27.148+0000] {taskinstance.py:2327} INFO - Executing <Task(PythonOperator): extract_data_task> on 2024-04-21 00:00:00+00:00
[2024-04-22T09:53:27.165+0000] {warnings.py:110} WARNING - /home/***/.local/lib/python3.12/site-packages/***/task/task_runner/standard_task_runner.py:61: DeprecationWarning: This process (pid=239) is multi-threaded, use of fork() may lead to deadlocks in the child.
  pid = os.fork()

[2024-04-22T09:53:27.167+0000] {standard_task_runner.py:63} INFO - Started process 241 to run task
[2024-04-22T09:53:27.169+0000] {standard_task_runner.py:90} INFO - Running: ['***', 'tasks', 'run', 'de_with_cloud_exploration_dag_v1', 'extract_data_task', 'scheduled__2024-04-21T00:00:00+00:00', '--job-id', '36', '--raw', '--subdir', 'DAGS_FOLDER/exploration_dag.py', '--cfg-path', '/tmp/tmprss_khk1']
[2024-04-22T09:53:27.173+0000] {standard_task_runner.py:91} INFO - Job 36: Subtask extract_data_task
[2024-04-22T09:53:27.233+0000] {task_command.py:426} INFO - Running <TaskInstance: de_with_cloud_exploration_dag_v1.extract_data_task scheduled__2024-04-21T00:00:00+00:00 [running]> on host 98e1293c4b4c
[2024-04-22T09:53:27.336+0000] {taskinstance.py:2644} INFO - Exporting env vars: AIRFLOW_CTX_DAG_OWNER='ika' AIRFLOW_CTX_DAG_ID='de_with_cloud_exploration_dag_v1' AIRFLOW_CTX_TASK_ID='extract_data_task' AIRFLOW_CTX_EXECUTION_DATE='2024-04-21T00:00:00+00:00' AIRFLOW_CTX_TRY_NUMBER='2' AIRFLOW_CTX_DAG_RUN_ID='scheduled__2024-04-21T00:00:00+00:00'
[2024-04-22T09:53:27.338+0000] {taskinstance.py:430} INFO - ::endgroup::
[2024-04-22T09:53:28.765+0000] {logging_mixin.py:188} INFO - Successfully collect products data
[2024-04-22T09:53:28.768+0000] {python.py:237} INFO - Done. Returned value was:     id  ...                       rating
0    1  ...  {'rate': 3.9, 'count': 120}
1    2  ...  {'rate': 4.1, 'count': 259}
2    3  ...  {'rate': 4.7, 'count': 500}
3    4  ...  {'rate': 2.1, 'count': 430}
4    5  ...  {'rate': 4.6, 'count': 400}
5    6  ...   {'rate': 3.9, 'count': 70}
6    7  ...    {'rate': 3, 'count': 400}
7    8  ...  {'rate': 1.9, 'count': 100}
8    9  ...  {'rate': 3.3, 'count': 203}
9   10  ...  {'rate': 2.9, 'count': 470}
10  11  ...  {'rate': 4.8, 'count': 319}
11  12  ...  {'rate': 4.8, 'count': 400}
12  13  ...  {'rate': 2.9, 'count': 250}
13  14  ...  {'rate': 2.2, 'count': 140}
14  15  ...  {'rate': 2.6, 'count': 235}
15  16  ...  {'rate': 2.9, 'count': 340}
16  17  ...  {'rate': 3.8, 'count': 679}
17  18  ...  {'rate': 4.7, 'count': 130}
18  19  ...  {'rate': 4.5, 'count': 146}
19  20  ...  {'rate': 3.6, 'count': 145}

[20 rows x 7 columns]
[2024-04-22T09:53:28.814+0000] {taskinstance.py:441} INFO - ::group::Post task execution logs
[2024-04-22T09:53:28.989+0000] {taskinstance.py:1205} INFO - Marking task as SUCCESS. dag_id=de_with_cloud_exploration_dag_v1, task_id=extract_data_task, execution_date=20240421T000000, start_date=20240422T095327, end_date=20240422T095328
[2024-04-22T09:53:29.031+0000] {local_task_job_runner.py:240} INFO - Task exited with return code 0
[2024-04-22T09:53:29.061+0000] {taskinstance.py:3482} INFO - 1 downstream tasks scheduled from follow-on schedule check
[2024-04-22T09:53:29.063+0000] {local_task_job_runner.py:222} INFO - ::endgroup::
