[2024-04-22T17:41:06.946+0000] {processor.py:161} INFO - Started process (PID=36) to work on /opt/airflow/dags/exploration_dag.py
[2024-04-22T17:41:06.948+0000] {processor.py:830} INFO - Processing file /opt/airflow/dags/exploration_dag.py for tasks to queue
[2024-04-22T17:41:06.956+0000] {logging_mixin.py:188} INFO - [2024-04-22T17:41:06.955+0000] {dagbag.py:540} INFO - Filling up the DagBag from /opt/airflow/dags/exploration_dag.py
[2024-04-22T17:41:22.518+0000] {processor.py:840} INFO - DAG(s) 'data_quality_exploration_dag_v1' retrieved from /opt/airflow/dags/exploration_dag.py
[2024-04-22T17:41:23.549+0000] {logging_mixin.py:188} INFO - [2024-04-22T17:41:23.541+0000] {override.py:1829} INFO - Created Permission View: can read on DAG:data_quality_exploration_dag_v1
[2024-04-22T17:41:23.571+0000] {logging_mixin.py:188} INFO - [2024-04-22T17:41:23.570+0000] {override.py:1829} INFO - Created Permission View: can delete on DAG:data_quality_exploration_dag_v1
[2024-04-22T17:41:23.588+0000] {logging_mixin.py:188} INFO - [2024-04-22T17:41:23.587+0000] {override.py:1829} INFO - Created Permission View: can edit on DAG:data_quality_exploration_dag_v1
[2024-04-22T17:41:23.589+0000] {logging_mixin.py:188} INFO - [2024-04-22T17:41:23.589+0000] {dag.py:3096} INFO - Sync 1 DAGs
[2024-04-22T17:41:23.636+0000] {logging_mixin.py:188} INFO - [2024-04-22T17:41:23.633+0000] {dag.py:3118} INFO - Creating ORM DAG for data_quality_exploration_dag_v1
[2024-04-22T17:41:23.673+0000] {logging_mixin.py:188} INFO - [2024-04-22T17:41:23.673+0000] {dag.py:3954} INFO - Setting next_dagrun for data_quality_exploration_dag_v1 to 2024-04-20 00:00:00+00:00, run_after=2024-04-21 00:00:00+00:00
[2024-04-22T17:41:23.801+0000] {processor.py:183} INFO - Processing /opt/airflow/dags/exploration_dag.py took 16.863 seconds
[2024-04-22T17:42:34.713+0000] {processor.py:161} INFO - Started process (PID=36) to work on /opt/airflow/dags/exploration_dag.py
[2024-04-22T17:42:34.715+0000] {processor.py:830} INFO - Processing file /opt/airflow/dags/exploration_dag.py for tasks to queue
[2024-04-22T17:42:34.718+0000] {logging_mixin.py:188} INFO - [2024-04-22T17:42:34.717+0000] {dagbag.py:540} INFO - Filling up the DagBag from /opt/airflow/dags/exploration_dag.py
[2024-04-22T17:42:35.910+0000] {processor.py:840} INFO - DAG(s) 'data_quality_exploration_dag_v1' retrieved from /opt/airflow/dags/exploration_dag.py
[2024-04-22T17:42:35.956+0000] {logging_mixin.py:188} INFO - [2024-04-22T17:42:35.956+0000] {dag.py:3096} INFO - Sync 1 DAGs
[2024-04-22T17:42:35.978+0000] {logging_mixin.py:188} INFO - [2024-04-22T17:42:35.978+0000] {dag.py:3954} INFO - Setting next_dagrun for data_quality_exploration_dag_v1 to 2024-04-20 00:00:00+00:00, run_after=2024-04-21 00:00:00+00:00
[2024-04-22T17:42:35.999+0000] {processor.py:183} INFO - Processing /opt/airflow/dags/exploration_dag.py took 1.295 seconds
[2024-04-22T17:43:06.352+0000] {processor.py:161} INFO - Started process (PID=44) to work on /opt/airflow/dags/exploration_dag.py
[2024-04-22T17:43:06.356+0000] {processor.py:830} INFO - Processing file /opt/airflow/dags/exploration_dag.py for tasks to queue
[2024-04-22T17:43:06.369+0000] {logging_mixin.py:188} INFO - [2024-04-22T17:43:06.368+0000] {dagbag.py:540} INFO - Filling up the DagBag from /opt/airflow/dags/exploration_dag.py
[2024-04-22T17:43:07.858+0000] {processor.py:840} INFO - DAG(s) 'data_quality_exploration_dag_v1' retrieved from /opt/airflow/dags/exploration_dag.py
[2024-04-22T17:43:07.902+0000] {logging_mixin.py:188} INFO - [2024-04-22T17:43:07.901+0000] {dag.py:3096} INFO - Sync 1 DAGs
[2024-04-22T17:43:07.924+0000] {logging_mixin.py:188} INFO - [2024-04-22T17:43:07.924+0000] {dag.py:3954} INFO - Setting next_dagrun for data_quality_exploration_dag_v1 to 2024-04-20 00:00:00+00:00, run_after=2024-04-21 00:00:00+00:00
[2024-04-22T17:43:07.950+0000] {processor.py:183} INFO - Processing /opt/airflow/dags/exploration_dag.py took 1.692 seconds
[2024-04-22T17:43:39.204+0000] {processor.py:161} INFO - Started process (PID=52) to work on /opt/airflow/dags/exploration_dag.py
[2024-04-22T17:43:39.224+0000] {processor.py:830} INFO - Processing file /opt/airflow/dags/exploration_dag.py for tasks to queue
[2024-04-22T17:43:39.295+0000] {logging_mixin.py:188} INFO - [2024-04-22T17:43:39.279+0000] {dagbag.py:540} INFO - Filling up the DagBag from /opt/airflow/dags/exploration_dag.py
[2024-04-22T17:43:54.757+0000] {processor.py:840} INFO - DAG(s) 'data_quality_exploration_dag_v1' retrieved from /opt/airflow/dags/exploration_dag.py
[2024-04-22T17:43:54.888+0000] {logging_mixin.py:188} INFO - [2024-04-22T17:43:54.883+0000] {dag.py:3096} INFO - Sync 1 DAGs
[2024-04-22T17:43:54.956+0000] {logging_mixin.py:188} INFO - [2024-04-22T17:43:54.956+0000] {dag.py:3954} INFO - Setting next_dagrun for data_quality_exploration_dag_v1 to 2024-04-22 00:00:00+00:00, run_after=2024-04-23 00:00:00+00:00
[2024-04-22T17:43:55.020+0000] {processor.py:183} INFO - Processing /opt/airflow/dags/exploration_dag.py took 15.942 seconds
[2024-04-22T17:44:26.008+0000] {processor.py:161} INFO - Started process (PID=69) to work on /opt/airflow/dags/exploration_dag.py
[2024-04-22T17:44:26.034+0000] {processor.py:830} INFO - Processing file /opt/airflow/dags/exploration_dag.py for tasks to queue
[2024-04-22T17:44:26.124+0000] {logging_mixin.py:188} INFO - [2024-04-22T17:44:26.116+0000] {dagbag.py:540} INFO - Filling up the DagBag from /opt/airflow/dags/exploration_dag.py
[2024-04-22T17:44:34.518+0000] {processor.py:840} INFO - DAG(s) 'data_quality_exploration_dag_v1' retrieved from /opt/airflow/dags/exploration_dag.py
[2024-04-22T17:44:34.582+0000] {logging_mixin.py:188} INFO - [2024-04-22T17:44:34.581+0000] {dag.py:3096} INFO - Sync 1 DAGs
[2024-04-22T17:44:34.625+0000] {logging_mixin.py:188} INFO - [2024-04-22T17:44:34.624+0000] {dag.py:3954} INFO - Setting next_dagrun for data_quality_exploration_dag_v1 to 2024-04-22 00:00:00+00:00, run_after=2024-04-23 00:00:00+00:00
[2024-04-22T17:44:34.660+0000] {processor.py:183} INFO - Processing /opt/airflow/dags/exploration_dag.py took 8.838 seconds
[2024-04-22T17:44:54.103+0000] {processor.py:161} INFO - Started process (PID=71) to work on /opt/airflow/dags/exploration_dag.py
[2024-04-22T17:44:54.121+0000] {processor.py:830} INFO - Processing file /opt/airflow/dags/exploration_dag.py for tasks to queue
[2024-04-22T17:44:54.265+0000] {logging_mixin.py:188} INFO - [2024-04-22T17:44:54.240+0000] {dagbag.py:540} INFO - Filling up the DagBag from /opt/airflow/dags/exploration_dag.py
[2024-04-22T17:45:09.946+0000] {logging_mixin.py:188} INFO - [2024-04-22T17:45:09.903+0000] {dagbag.py:350} ERROR - Failed to import: /opt/airflow/dags/exploration_dag.py
Traceback (most recent call last):
  File "/home/airflow/.local/lib/python3.12/site-packages/airflow/models/dagbag.py", line 346, in parse
    loader.exec_module(new_module)
  File "<frozen importlib._bootstrap_external>", line 995, in exec_module
  File "<frozen importlib._bootstrap>", line 488, in _call_with_frames_removed
  File "/opt/airflow/dags/exploration_dag.py", line 33, in <module>
    collect_data_task >> transform_data_task
    ^^^^^^^^^^^^^^^^^
NameError: name 'extract_data_task' is not defined. Did you mean: 'extract_data'?
[2024-04-22T17:45:09.955+0000] {processor.py:842} WARNING - No viable dags retrieved from /opt/airflow/dags/exploration_dag.py
[2024-04-22T17:45:10.306+0000] {processor.py:183} INFO - Processing /opt/airflow/dags/exploration_dag.py took 16.544 seconds
[2024-04-22T17:45:41.783+0000] {processor.py:161} INFO - Started process (PID=85) to work on /opt/airflow/dags/exploration_dag.py
[2024-04-22T17:45:41.786+0000] {processor.py:830} INFO - Processing file /opt/airflow/dags/exploration_dag.py for tasks to queue
[2024-04-22T17:45:41.821+0000] {logging_mixin.py:188} INFO - [2024-04-22T17:45:41.816+0000] {dagbag.py:540} INFO - Filling up the DagBag from /opt/airflow/dags/exploration_dag.py
[2024-04-22T17:45:46.164+0000] {processor.py:840} INFO - DAG(s) 'data_quality_exploration_dag_v1' retrieved from /opt/airflow/dags/exploration_dag.py
[2024-04-22T17:45:46.640+0000] {logging_mixin.py:188} INFO - [2024-04-22T17:45:46.640+0000] {dag.py:3096} INFO - Sync 1 DAGs
[2024-04-22T17:45:46.691+0000] {logging_mixin.py:188} INFO - [2024-04-22T17:45:46.690+0000] {dag.py:3954} INFO - Setting next_dagrun for data_quality_exploration_dag_v1 to 2024-04-22 00:00:00+00:00, run_after=2024-04-23 00:00:00+00:00
[2024-04-22T17:45:46.743+0000] {processor.py:183} INFO - Processing /opt/airflow/dags/exploration_dag.py took 5.025 seconds
[2024-04-22T17:46:18.133+0000] {processor.py:161} INFO - Started process (PID=97) to work on /opt/airflow/dags/exploration_dag.py
[2024-04-22T17:46:18.143+0000] {processor.py:830} INFO - Processing file /opt/airflow/dags/exploration_dag.py for tasks to queue
[2024-04-22T17:46:18.221+0000] {logging_mixin.py:188} INFO - [2024-04-22T17:46:18.212+0000] {dagbag.py:540} INFO - Filling up the DagBag from /opt/airflow/dags/exploration_dag.py
[2024-04-22T17:46:38.266+0000] {processor.py:840} INFO - DAG(s) 'data_quality_exploration_dag_v1' retrieved from /opt/airflow/dags/exploration_dag.py
[2024-04-22T17:46:54.099+0000] {logging_mixin.py:188} INFO - [2024-04-22T17:46:54.097+0000] {dag.py:3096} INFO - Sync 1 DAGs
[2024-04-22T17:46:54.148+0000] {logging_mixin.py:188} INFO - [2024-04-22T17:46:54.148+0000] {dag.py:3954} INFO - Setting next_dagrun for data_quality_exploration_dag_v1 to 2024-04-22 00:00:00+00:00, run_after=2024-04-23 00:00:00+00:00
[2024-04-22T17:46:54.205+0000] {processor.py:183} INFO - Processing /opt/airflow/dags/exploration_dag.py took 36.216 seconds
[2024-04-22T17:47:24.760+0000] {processor.py:161} INFO - Started process (PID=108) to work on /opt/airflow/dags/exploration_dag.py
[2024-04-22T17:47:24.767+0000] {processor.py:830} INFO - Processing file /opt/airflow/dags/exploration_dag.py for tasks to queue
[2024-04-22T17:47:24.812+0000] {logging_mixin.py:188} INFO - [2024-04-22T17:47:24.806+0000] {dagbag.py:540} INFO - Filling up the DagBag from /opt/airflow/dags/exploration_dag.py
[2024-04-22T17:47:33.812+0000] {processor.py:840} INFO - DAG(s) 'data_quality_exploration_dag_v1' retrieved from /opt/airflow/dags/exploration_dag.py
[2024-04-22T17:47:34.097+0000] {logging_mixin.py:188} INFO - [2024-04-22T17:47:34.096+0000] {dag.py:3096} INFO - Sync 1 DAGs
[2024-04-22T17:47:34.174+0000] {logging_mixin.py:188} INFO - [2024-04-22T17:47:34.173+0000] {dag.py:3954} INFO - Setting next_dagrun for data_quality_exploration_dag_v1 to 2024-04-22 00:00:00+00:00, run_after=2024-04-23 00:00:00+00:00
[2024-04-22T17:47:34.238+0000] {processor.py:183} INFO - Processing /opt/airflow/dags/exploration_dag.py took 9.580 seconds
[2024-04-22T17:48:04.696+0000] {processor.py:161} INFO - Started process (PID=122) to work on /opt/airflow/dags/exploration_dag.py
[2024-04-22T17:48:04.699+0000] {processor.py:830} INFO - Processing file /opt/airflow/dags/exploration_dag.py for tasks to queue
[2024-04-22T17:48:04.719+0000] {logging_mixin.py:188} INFO - [2024-04-22T17:48:04.716+0000] {dagbag.py:540} INFO - Filling up the DagBag from /opt/airflow/dags/exploration_dag.py
[2024-04-22T17:48:07.080+0000] {processor.py:840} INFO - DAG(s) 'data_quality_exploration_dag_v1' retrieved from /opt/airflow/dags/exploration_dag.py
[2024-04-22T17:48:07.171+0000] {logging_mixin.py:188} INFO - [2024-04-22T17:48:07.170+0000] {dag.py:3096} INFO - Sync 1 DAGs
[2024-04-22T17:48:07.235+0000] {logging_mixin.py:188} INFO - [2024-04-22T17:48:07.234+0000] {dag.py:3954} INFO - Setting next_dagrun for data_quality_exploration_dag_v1 to 2024-04-22 00:00:00+00:00, run_after=2024-04-23 00:00:00+00:00
[2024-04-22T17:48:07.310+0000] {processor.py:183} INFO - Processing /opt/airflow/dags/exploration_dag.py took 2.654 seconds
[2024-04-22T17:48:37.445+0000] {processor.py:161} INFO - Started process (PID=131) to work on /opt/airflow/dags/exploration_dag.py
[2024-04-22T17:48:37.447+0000] {processor.py:830} INFO - Processing file /opt/airflow/dags/exploration_dag.py for tasks to queue
[2024-04-22T17:48:37.450+0000] {logging_mixin.py:188} INFO - [2024-04-22T17:48:37.450+0000] {dagbag.py:540} INFO - Filling up the DagBag from /opt/airflow/dags/exploration_dag.py
[2024-04-22T17:48:38.221+0000] {processor.py:840} INFO - DAG(s) 'data_quality_exploration_dag_v1' retrieved from /opt/airflow/dags/exploration_dag.py
[2024-04-22T17:48:38.262+0000] {logging_mixin.py:188} INFO - [2024-04-22T17:48:38.261+0000] {dag.py:3096} INFO - Sync 1 DAGs
[2024-04-22T17:48:38.288+0000] {logging_mixin.py:188} INFO - [2024-04-22T17:48:38.287+0000] {dag.py:3954} INFO - Setting next_dagrun for data_quality_exploration_dag_v1 to 2024-04-22 00:00:00+00:00, run_after=2024-04-23 00:00:00+00:00
[2024-04-22T17:48:38.320+0000] {processor.py:183} INFO - Processing /opt/airflow/dags/exploration_dag.py took 0.884 seconds
[2024-04-22T17:49:08.651+0000] {processor.py:161} INFO - Started process (PID=139) to work on /opt/airflow/dags/exploration_dag.py
[2024-04-22T17:49:08.656+0000] {processor.py:830} INFO - Processing file /opt/airflow/dags/exploration_dag.py for tasks to queue
[2024-04-22T17:49:08.669+0000] {logging_mixin.py:188} INFO - [2024-04-22T17:49:08.668+0000] {dagbag.py:540} INFO - Filling up the DagBag from /opt/airflow/dags/exploration_dag.py
[2024-04-22T17:49:11.926+0000] {processor.py:840} INFO - DAG(s) 'data_quality_exploration_dag_v1' retrieved from /opt/airflow/dags/exploration_dag.py
[2024-04-22T17:49:11.983+0000] {logging_mixin.py:188} INFO - [2024-04-22T17:49:11.982+0000] {dag.py:3096} INFO - Sync 1 DAGs
[2024-04-22T17:49:12.023+0000] {logging_mixin.py:188} INFO - [2024-04-22T17:49:12.023+0000] {dag.py:3954} INFO - Setting next_dagrun for data_quality_exploration_dag_v1 to 2024-04-22 00:00:00+00:00, run_after=2024-04-23 00:00:00+00:00
[2024-04-22T17:49:12.059+0000] {processor.py:183} INFO - Processing /opt/airflow/dags/exploration_dag.py took 3.437 seconds
[2024-04-22T17:49:42.324+0000] {processor.py:161} INFO - Started process (PID=147) to work on /opt/airflow/dags/exploration_dag.py
[2024-04-22T17:49:42.327+0000] {processor.py:830} INFO - Processing file /opt/airflow/dags/exploration_dag.py for tasks to queue
[2024-04-22T17:49:42.358+0000] {logging_mixin.py:188} INFO - [2024-04-22T17:49:42.355+0000] {dagbag.py:540} INFO - Filling up the DagBag from /opt/airflow/dags/exploration_dag.py
[2024-04-22T17:49:51.760+0000] {processor.py:840} INFO - DAG(s) 'data_quality_exploration_dag_v1' retrieved from /opt/airflow/dags/exploration_dag.py
[2024-04-22T17:49:51.856+0000] {logging_mixin.py:188} INFO - [2024-04-22T17:49:51.856+0000] {dag.py:3096} INFO - Sync 1 DAGs
[2024-04-22T17:49:51.905+0000] {logging_mixin.py:188} INFO - [2024-04-22T17:49:51.904+0000] {dag.py:3954} INFO - Setting next_dagrun for data_quality_exploration_dag_v1 to 2024-04-22 00:00:00+00:00, run_after=2024-04-23 00:00:00+00:00
[2024-04-22T17:49:51.944+0000] {processor.py:183} INFO - Processing /opt/airflow/dags/exploration_dag.py took 9.692 seconds
[2024-04-22T17:50:25.503+0000] {processor.py:161} INFO - Started process (PID=155) to work on /opt/airflow/dags/exploration_dag.py
[2024-04-22T17:50:25.580+0000] {processor.py:830} INFO - Processing file /opt/airflow/dags/exploration_dag.py for tasks to queue
[2024-04-22T17:50:26.682+0000] {logging_mixin.py:188} INFO - [2024-04-22T17:50:26.589+0000] {dagbag.py:540} INFO - Filling up the DagBag from /opt/airflow/dags/exploration_dag.py
[2024-04-22T17:50:53.618+0000] {processor.py:840} INFO - DAG(s) 'data_quality_exploration_dag_v1' retrieved from /opt/airflow/dags/exploration_dag.py
[2024-04-22T17:50:54.120+0000] {logging_mixin.py:188} INFO - [2024-04-22T17:50:54.118+0000] {dag.py:3096} INFO - Sync 1 DAGs
[2024-04-22T17:50:54.179+0000] {logging_mixin.py:188} INFO - [2024-04-22T17:50:54.179+0000] {dag.py:3954} INFO - Setting next_dagrun for data_quality_exploration_dag_v1 to 2024-04-22 00:00:00+00:00, run_after=2024-04-23 00:00:00+00:00
[2024-04-22T17:50:54.230+0000] {processor.py:183} INFO - Processing /opt/airflow/dags/exploration_dag.py took 28.538 seconds
[2024-04-22T17:51:24.667+0000] {processor.py:161} INFO - Started process (PID=168) to work on /opt/airflow/dags/exploration_dag.py
[2024-04-22T17:51:24.672+0000] {processor.py:830} INFO - Processing file /opt/airflow/dags/exploration_dag.py for tasks to queue
[2024-04-22T17:51:24.707+0000] {logging_mixin.py:188} INFO - [2024-04-22T17:51:24.701+0000] {dagbag.py:540} INFO - Filling up the DagBag from /opt/airflow/dags/exploration_dag.py
[2024-04-22T17:51:28.111+0000] {processor.py:840} INFO - DAG(s) 'data_quality_exploration_dag_v1' retrieved from /opt/airflow/dags/exploration_dag.py
[2024-04-22T17:51:28.262+0000] {logging_mixin.py:188} INFO - [2024-04-22T17:51:28.261+0000] {dag.py:3096} INFO - Sync 1 DAGs
[2024-04-22T17:51:28.296+0000] {logging_mixin.py:188} INFO - [2024-04-22T17:51:28.296+0000] {dag.py:3954} INFO - Setting next_dagrun for data_quality_exploration_dag_v1 to 2024-04-22 00:00:00+00:00, run_after=2024-04-23 00:00:00+00:00
[2024-04-22T17:51:28.329+0000] {processor.py:183} INFO - Processing /opt/airflow/dags/exploration_dag.py took 3.701 seconds
[2024-04-22T17:51:59.465+0000] {processor.py:161} INFO - Started process (PID=176) to work on /opt/airflow/dags/exploration_dag.py
[2024-04-22T17:51:59.467+0000] {processor.py:830} INFO - Processing file /opt/airflow/dags/exploration_dag.py for tasks to queue
[2024-04-22T17:51:59.478+0000] {logging_mixin.py:188} INFO - [2024-04-22T17:51:59.475+0000] {dagbag.py:540} INFO - Filling up the DagBag from /opt/airflow/dags/exploration_dag.py
[2024-04-22T17:52:00.857+0000] {processor.py:840} INFO - DAG(s) 'data_quality_exploration_dag_v1' retrieved from /opt/airflow/dags/exploration_dag.py
[2024-04-22T17:52:00.947+0000] {logging_mixin.py:188} INFO - [2024-04-22T17:52:00.946+0000] {dag.py:3096} INFO - Sync 1 DAGs
[2024-04-22T17:52:00.975+0000] {logging_mixin.py:188} INFO - [2024-04-22T17:52:00.975+0000] {dag.py:3954} INFO - Setting next_dagrun for data_quality_exploration_dag_v1 to 2024-04-22 00:00:00+00:00, run_after=2024-04-23 00:00:00+00:00
[2024-04-22T17:52:01.001+0000] {processor.py:183} INFO - Processing /opt/airflow/dags/exploration_dag.py took 1.607 seconds
[2024-04-22T17:52:31.324+0000] {processor.py:161} INFO - Started process (PID=184) to work on /opt/airflow/dags/exploration_dag.py
[2024-04-22T17:52:31.326+0000] {processor.py:830} INFO - Processing file /opt/airflow/dags/exploration_dag.py for tasks to queue
[2024-04-22T17:52:31.335+0000] {logging_mixin.py:188} INFO - [2024-04-22T17:52:31.332+0000] {dagbag.py:540} INFO - Filling up the DagBag from /opt/airflow/dags/exploration_dag.py
[2024-04-22T17:52:32.527+0000] {processor.py:840} INFO - DAG(s) 'data_quality_exploration_dag_v1' retrieved from /opt/airflow/dags/exploration_dag.py
[2024-04-22T17:52:32.635+0000] {logging_mixin.py:188} INFO - [2024-04-22T17:52:32.635+0000] {dag.py:3096} INFO - Sync 1 DAGs
[2024-04-22T17:52:32.667+0000] {logging_mixin.py:188} INFO - [2024-04-22T17:52:32.666+0000] {dag.py:3954} INFO - Setting next_dagrun for data_quality_exploration_dag_v1 to 2024-04-22 00:00:00+00:00, run_after=2024-04-23 00:00:00+00:00
[2024-04-22T17:52:32.692+0000] {processor.py:183} INFO - Processing /opt/airflow/dags/exploration_dag.py took 1.384 seconds
[2024-04-22T17:53:02.861+0000] {processor.py:161} INFO - Started process (PID=193) to work on /opt/airflow/dags/exploration_dag.py
[2024-04-22T17:53:02.865+0000] {processor.py:830} INFO - Processing file /opt/airflow/dags/exploration_dag.py for tasks to queue
[2024-04-22T17:53:02.878+0000] {logging_mixin.py:188} INFO - [2024-04-22T17:53:02.876+0000] {dagbag.py:540} INFO - Filling up the DagBag from /opt/airflow/dags/exploration_dag.py
[2024-04-22T17:53:04.672+0000] {processor.py:840} INFO - DAG(s) 'data_quality_exploration_dag_v1' retrieved from /opt/airflow/dags/exploration_dag.py
[2024-04-22T17:53:04.751+0000] {logging_mixin.py:188} INFO - [2024-04-22T17:53:04.750+0000] {dag.py:3096} INFO - Sync 1 DAGs
[2024-04-22T17:53:04.775+0000] {logging_mixin.py:188} INFO - [2024-04-22T17:53:04.775+0000] {dag.py:3954} INFO - Setting next_dagrun for data_quality_exploration_dag_v1 to 2024-04-22 00:00:00+00:00, run_after=2024-04-23 00:00:00+00:00
[2024-04-22T17:53:04.799+0000] {processor.py:183} INFO - Processing /opt/airflow/dags/exploration_dag.py took 1.962 seconds
[2024-04-22T17:55:24.004+0000] {processor.py:161} INFO - Started process (PID=200) to work on /opt/airflow/dags/exploration_dag.py
[2024-04-22T17:55:44.418+0000] {processor.py:830} INFO - Processing file /opt/airflow/dags/exploration_dag.py for tasks to queue
[2024-04-22T17:57:23.545+0000] {logging_mixin.py:188} INFO - [2024-04-22T17:57:05.945+0000] {dagbag.py:540} INFO - Filling up the DagBag from /opt/airflow/dags/exploration_dag.py
[2024-04-22T17:59:17.109+0000] {processor.py:161} INFO - Started process (PID=201) to work on /opt/airflow/dags/exploration_dag.py
[2024-04-22T17:59:28.834+0000] {processor.py:830} INFO - Processing file /opt/airflow/dags/exploration_dag.py for tasks to queue
[2024-04-22T18:00:32.879+0000] {logging_mixin.py:188} INFO - [2024-04-22T18:00:01.951+0000] {dagbag.py:540} INFO - Filling up the DagBag from /opt/airflow/dags/exploration_dag.py
[2024-04-22T18:01:46.101+0000] {processor.py:161} INFO - Started process (PID=208) to work on /opt/airflow/dags/exploration_dag.py
[2024-04-22T18:01:46.106+0000] {processor.py:830} INFO - Processing file /opt/airflow/dags/exploration_dag.py for tasks to queue
[2024-04-22T18:01:46.110+0000] {logging_mixin.py:188} INFO - [2024-04-22T18:01:46.108+0000] {dagbag.py:540} INFO - Filling up the DagBag from /opt/airflow/dags/exploration_dag.py
[2024-04-22T18:01:49.342+0000] {processor.py:840} INFO - DAG(s) 'data_quality_exploration_dag_v1' retrieved from /opt/airflow/dags/exploration_dag.py
[2024-04-22T18:01:49.566+0000] {logging_mixin.py:188} INFO - [2024-04-22T18:01:49.565+0000] {dag.py:3096} INFO - Sync 1 DAGs
[2024-04-22T18:01:49.600+0000] {logging_mixin.py:188} INFO - [2024-04-22T18:01:49.600+0000] {dag.py:3954} INFO - Setting next_dagrun for data_quality_exploration_dag_v1 to 2024-04-22 00:00:00+00:00, run_after=2024-04-23 00:00:00+00:00
[2024-04-22T18:01:49.635+0000] {processor.py:183} INFO - Processing /opt/airflow/dags/exploration_dag.py took 3.585 seconds
[2024-04-22T18:02:19.953+0000] {processor.py:161} INFO - Started process (PID=222) to work on /opt/airflow/dags/exploration_dag.py
[2024-04-22T18:02:19.955+0000] {processor.py:830} INFO - Processing file /opt/airflow/dags/exploration_dag.py for tasks to queue
[2024-04-22T18:02:19.957+0000] {logging_mixin.py:188} INFO - [2024-04-22T18:02:19.956+0000] {dagbag.py:540} INFO - Filling up the DagBag from /opt/airflow/dags/exploration_dag.py
[2024-04-22T18:02:20.987+0000] {processor.py:840} INFO - DAG(s) 'data_quality_exploration_dag_v1' retrieved from /opt/airflow/dags/exploration_dag.py
[2024-04-22T18:02:21.018+0000] {logging_mixin.py:188} INFO - [2024-04-22T18:02:21.017+0000] {dag.py:3096} INFO - Sync 1 DAGs
[2024-04-22T18:02:21.036+0000] {logging_mixin.py:188} INFO - [2024-04-22T18:02:21.036+0000] {dag.py:3954} INFO - Setting next_dagrun for data_quality_exploration_dag_v1 to 2024-04-22 00:00:00+00:00, run_after=2024-04-23 00:00:00+00:00
[2024-04-22T18:02:21.060+0000] {processor.py:183} INFO - Processing /opt/airflow/dags/exploration_dag.py took 1.113 seconds
[2024-04-22T18:02:51.260+0000] {processor.py:161} INFO - Started process (PID=230) to work on /opt/airflow/dags/exploration_dag.py
[2024-04-22T18:02:51.261+0000] {processor.py:830} INFO - Processing file /opt/airflow/dags/exploration_dag.py for tasks to queue
[2024-04-22T18:02:51.263+0000] {logging_mixin.py:188} INFO - [2024-04-22T18:02:51.262+0000] {dagbag.py:540} INFO - Filling up the DagBag from /opt/airflow/dags/exploration_dag.py
[2024-04-22T18:02:51.902+0000] {processor.py:840} INFO - DAG(s) 'data_quality_exploration_dag_v1' retrieved from /opt/airflow/dags/exploration_dag.py
[2024-04-22T18:02:51.929+0000] {logging_mixin.py:188} INFO - [2024-04-22T18:02:51.928+0000] {dag.py:3096} INFO - Sync 1 DAGs
[2024-04-22T18:02:51.948+0000] {logging_mixin.py:188} INFO - [2024-04-22T18:02:51.948+0000] {dag.py:3954} INFO - Setting next_dagrun for data_quality_exploration_dag_v1 to 2024-04-22 00:00:00+00:00, run_after=2024-04-23 00:00:00+00:00
[2024-04-22T18:02:51.970+0000] {processor.py:183} INFO - Processing /opt/airflow/dags/exploration_dag.py took 0.717 seconds
[2024-04-22T18:03:22.296+0000] {processor.py:161} INFO - Started process (PID=238) to work on /opt/airflow/dags/exploration_dag.py
[2024-04-22T18:03:22.297+0000] {processor.py:830} INFO - Processing file /opt/airflow/dags/exploration_dag.py for tasks to queue
[2024-04-22T18:03:22.298+0000] {logging_mixin.py:188} INFO - [2024-04-22T18:03:22.298+0000] {dagbag.py:540} INFO - Filling up the DagBag from /opt/airflow/dags/exploration_dag.py
[2024-04-22T18:03:23.108+0000] {processor.py:840} INFO - DAG(s) 'data_quality_exploration_dag_v1' retrieved from /opt/airflow/dags/exploration_dag.py
[2024-04-22T18:03:23.145+0000] {logging_mixin.py:188} INFO - [2024-04-22T18:03:23.145+0000] {dag.py:3096} INFO - Sync 1 DAGs
[2024-04-22T18:03:23.168+0000] {logging_mixin.py:188} INFO - [2024-04-22T18:03:23.168+0000] {dag.py:3954} INFO - Setting next_dagrun for data_quality_exploration_dag_v1 to 2024-04-22 00:00:00+00:00, run_after=2024-04-23 00:00:00+00:00
[2024-04-22T18:03:23.204+0000] {processor.py:183} INFO - Processing /opt/airflow/dags/exploration_dag.py took 0.914 seconds
[2024-04-22T18:03:53.518+0000] {processor.py:161} INFO - Started process (PID=246) to work on /opt/airflow/dags/exploration_dag.py
[2024-04-22T18:03:53.519+0000] {processor.py:830} INFO - Processing file /opt/airflow/dags/exploration_dag.py for tasks to queue
[2024-04-22T18:03:53.520+0000] {logging_mixin.py:188} INFO - [2024-04-22T18:03:53.520+0000] {dagbag.py:540} INFO - Filling up the DagBag from /opt/airflow/dags/exploration_dag.py
[2024-04-22T18:03:54.347+0000] {processor.py:840} INFO - DAG(s) 'data_quality_exploration_dag_v1' retrieved from /opt/airflow/dags/exploration_dag.py
[2024-04-22T18:03:54.374+0000] {logging_mixin.py:188} INFO - [2024-04-22T18:03:54.373+0000] {dag.py:3096} INFO - Sync 1 DAGs
[2024-04-22T18:03:54.398+0000] {logging_mixin.py:188} INFO - [2024-04-22T18:03:54.398+0000] {dag.py:3954} INFO - Setting next_dagrun for data_quality_exploration_dag_v1 to 2024-04-22 00:00:00+00:00, run_after=2024-04-23 00:00:00+00:00
[2024-04-22T18:03:54.421+0000] {processor.py:183} INFO - Processing /opt/airflow/dags/exploration_dag.py took 0.908 seconds
[2024-04-22T18:04:24.715+0000] {processor.py:161} INFO - Started process (PID=254) to work on /opt/airflow/dags/exploration_dag.py
[2024-04-22T18:04:24.718+0000] {processor.py:830} INFO - Processing file /opt/airflow/dags/exploration_dag.py for tasks to queue
[2024-04-22T18:04:24.719+0000] {logging_mixin.py:188} INFO - [2024-04-22T18:04:24.719+0000] {dagbag.py:540} INFO - Filling up the DagBag from /opt/airflow/dags/exploration_dag.py
[2024-04-22T18:04:25.344+0000] {processor.py:840} INFO - DAG(s) 'data_quality_exploration_dag_v1' retrieved from /opt/airflow/dags/exploration_dag.py
[2024-04-22T18:04:25.381+0000] {logging_mixin.py:188} INFO - [2024-04-22T18:04:25.380+0000] {dag.py:3096} INFO - Sync 1 DAGs
[2024-04-22T18:04:25.399+0000] {logging_mixin.py:188} INFO - [2024-04-22T18:04:25.399+0000] {dag.py:3954} INFO - Setting next_dagrun for data_quality_exploration_dag_v1 to 2024-04-22 00:00:00+00:00, run_after=2024-04-23 00:00:00+00:00
[2024-04-22T18:04:25.422+0000] {processor.py:183} INFO - Processing /opt/airflow/dags/exploration_dag.py took 0.713 seconds
[2024-04-22T18:04:55.723+0000] {processor.py:161} INFO - Started process (PID=262) to work on /opt/airflow/dags/exploration_dag.py
[2024-04-22T18:04:55.724+0000] {processor.py:830} INFO - Processing file /opt/airflow/dags/exploration_dag.py for tasks to queue
[2024-04-22T18:04:55.725+0000] {logging_mixin.py:188} INFO - [2024-04-22T18:04:55.725+0000] {dagbag.py:540} INFO - Filling up the DagBag from /opt/airflow/dags/exploration_dag.py
[2024-04-22T18:04:56.350+0000] {processor.py:840} INFO - DAG(s) 'data_quality_exploration_dag_v1' retrieved from /opt/airflow/dags/exploration_dag.py
[2024-04-22T18:04:56.376+0000] {logging_mixin.py:188} INFO - [2024-04-22T18:04:56.376+0000] {dag.py:3096} INFO - Sync 1 DAGs
[2024-04-22T18:04:56.394+0000] {logging_mixin.py:188} INFO - [2024-04-22T18:04:56.394+0000] {dag.py:3954} INFO - Setting next_dagrun for data_quality_exploration_dag_v1 to 2024-04-22 00:00:00+00:00, run_after=2024-04-23 00:00:00+00:00
[2024-04-22T18:04:56.415+0000] {processor.py:183} INFO - Processing /opt/airflow/dags/exploration_dag.py took 0.697 seconds
[2024-04-22T18:05:26.565+0000] {processor.py:161} INFO - Started process (PID=270) to work on /opt/airflow/dags/exploration_dag.py
[2024-04-22T18:05:26.566+0000] {processor.py:830} INFO - Processing file /opt/airflow/dags/exploration_dag.py for tasks to queue
[2024-04-22T18:05:26.568+0000] {logging_mixin.py:188} INFO - [2024-04-22T18:05:26.567+0000] {dagbag.py:540} INFO - Filling up the DagBag from /opt/airflow/dags/exploration_dag.py
[2024-04-22T18:05:27.336+0000] {processor.py:840} INFO - DAG(s) 'data_quality_exploration_dag_v1' retrieved from /opt/airflow/dags/exploration_dag.py
[2024-04-22T18:05:27.403+0000] {logging_mixin.py:188} INFO - [2024-04-22T18:05:27.402+0000] {dag.py:3096} INFO - Sync 1 DAGs
[2024-04-22T18:05:27.424+0000] {logging_mixin.py:188} INFO - [2024-04-22T18:05:27.424+0000] {dag.py:3954} INFO - Setting next_dagrun for data_quality_exploration_dag_v1 to 2024-04-22 00:00:00+00:00, run_after=2024-04-23 00:00:00+00:00
[2024-04-22T18:05:27.447+0000] {processor.py:183} INFO - Processing /opt/airflow/dags/exploration_dag.py took 0.888 seconds
[2024-04-22T18:05:57.731+0000] {processor.py:161} INFO - Started process (PID=279) to work on /opt/airflow/dags/exploration_dag.py
[2024-04-22T18:05:57.732+0000] {processor.py:830} INFO - Processing file /opt/airflow/dags/exploration_dag.py for tasks to queue
[2024-04-22T18:05:57.733+0000] {logging_mixin.py:188} INFO - [2024-04-22T18:05:57.733+0000] {dagbag.py:540} INFO - Filling up the DagBag from /opt/airflow/dags/exploration_dag.py
[2024-04-22T18:05:58.541+0000] {processor.py:840} INFO - DAG(s) 'data_quality_exploration_dag_v1' retrieved from /opt/airflow/dags/exploration_dag.py
[2024-04-22T18:05:58.568+0000] {logging_mixin.py:188} INFO - [2024-04-22T18:05:58.568+0000] {dag.py:3096} INFO - Sync 1 DAGs
[2024-04-22T18:05:58.587+0000] {logging_mixin.py:188} INFO - [2024-04-22T18:05:58.587+0000] {dag.py:3954} INFO - Setting next_dagrun for data_quality_exploration_dag_v1 to 2024-04-22 00:00:00+00:00, run_after=2024-04-23 00:00:00+00:00
[2024-04-22T18:05:58.612+0000] {processor.py:183} INFO - Processing /opt/airflow/dags/exploration_dag.py took 0.887 seconds
[2024-04-22T18:06:29.264+0000] {processor.py:161} INFO - Started process (PID=287) to work on /opt/airflow/dags/exploration_dag.py
[2024-04-22T18:06:29.266+0000] {processor.py:830} INFO - Processing file /opt/airflow/dags/exploration_dag.py for tasks to queue
[2024-04-22T18:06:29.269+0000] {logging_mixin.py:188} INFO - [2024-04-22T18:06:29.268+0000] {dagbag.py:540} INFO - Filling up the DagBag from /opt/airflow/dags/exploration_dag.py
[2024-04-22T18:06:31.977+0000] {processor.py:840} INFO - DAG(s) 'data_quality_exploration_dag_v1' retrieved from /opt/airflow/dags/exploration_dag.py
[2024-04-22T18:06:32.267+0000] {logging_mixin.py:188} INFO - [2024-04-22T18:06:32.267+0000] {dag.py:3096} INFO - Sync 1 DAGs
[2024-04-22T18:06:32.283+0000] {logging_mixin.py:188} INFO - [2024-04-22T18:06:32.282+0000] {dag.py:3118} INFO - Creating ORM DAG for data_quality_exploration_dag_v1
[2024-04-22T18:06:32.301+0000] {logging_mixin.py:188} INFO - [2024-04-22T18:06:32.301+0000] {dag.py:3954} INFO - Setting next_dagrun for data_quality_exploration_dag_v1 to 2024-04-20 00:00:00+00:00, run_after=2024-04-21 00:00:00+00:00
[2024-04-22T18:06:32.329+0000] {processor.py:183} INFO - Processing /opt/airflow/dags/exploration_dag.py took 3.095 seconds
[2024-04-22T18:07:02.429+0000] {processor.py:161} INFO - Started process (PID=295) to work on /opt/airflow/dags/exploration_dag.py
[2024-04-22T18:07:02.431+0000] {processor.py:830} INFO - Processing file /opt/airflow/dags/exploration_dag.py for tasks to queue
[2024-04-22T18:07:02.432+0000] {logging_mixin.py:188} INFO - [2024-04-22T18:07:02.432+0000] {dagbag.py:540} INFO - Filling up the DagBag from /opt/airflow/dags/exploration_dag.py
[2024-04-22T18:07:04.586+0000] {processor.py:840} INFO - DAG(s) 'data_quality_exploration_dag_v1' retrieved from /opt/airflow/dags/exploration_dag.py
[2024-04-22T18:07:05.438+0000] {logging_mixin.py:188} INFO - [2024-04-22T18:07:05.429+0000] {dag.py:3096} INFO - Sync 1 DAGs
[2024-04-22T18:07:05.518+0000] {logging_mixin.py:188} INFO - [2024-04-22T18:07:05.518+0000] {dag.py:3954} INFO - Setting next_dagrun for data_quality_exploration_dag_v1 to 2024-04-20 00:00:00+00:00, run_after=2024-04-21 00:00:00+00:00
[2024-04-22T18:07:05.615+0000] {processor.py:183} INFO - Processing /opt/airflow/dags/exploration_dag.py took 3.196 seconds
[2024-04-22T18:07:36.396+0000] {processor.py:161} INFO - Started process (PID=307) to work on /opt/airflow/dags/exploration_dag.py
[2024-04-22T18:07:36.405+0000] {processor.py:830} INFO - Processing file /opt/airflow/dags/exploration_dag.py for tasks to queue
[2024-04-22T18:07:36.421+0000] {logging_mixin.py:188} INFO - [2024-04-22T18:07:36.413+0000] {dagbag.py:540} INFO - Filling up the DagBag from /opt/airflow/dags/exploration_dag.py
[2024-04-22T18:07:41.418+0000] {processor.py:840} INFO - DAG(s) 'data_quality_exploration_dag_v1' retrieved from /opt/airflow/dags/exploration_dag.py
[2024-04-22T18:07:41.798+0000] {logging_mixin.py:188} INFO - [2024-04-22T18:07:41.796+0000] {dag.py:3096} INFO - Sync 1 DAGs
[2024-04-22T18:07:41.867+0000] {logging_mixin.py:188} INFO - [2024-04-22T18:07:41.866+0000] {dag.py:3954} INFO - Setting next_dagrun for data_quality_exploration_dag_v1 to 2024-04-22 00:00:00+00:00, run_after=2024-04-23 00:00:00+00:00
[2024-04-22T18:07:41.927+0000] {processor.py:183} INFO - Processing /opt/airflow/dags/exploration_dag.py took 5.635 seconds
[2024-04-22T18:08:12.541+0000] {processor.py:161} INFO - Started process (PID=315) to work on /opt/airflow/dags/exploration_dag.py
[2024-04-22T18:08:12.553+0000] {processor.py:830} INFO - Processing file /opt/airflow/dags/exploration_dag.py for tasks to queue
[2024-04-22T18:08:12.570+0000] {logging_mixin.py:188} INFO - [2024-04-22T18:08:12.561+0000] {dagbag.py:540} INFO - Filling up the DagBag from /opt/airflow/dags/exploration_dag.py
[2024-04-22T18:08:15.976+0000] {processor.py:840} INFO - DAG(s) 'data_quality_exploration_dag_v1' retrieved from /opt/airflow/dags/exploration_dag.py
[2024-04-22T18:08:16.376+0000] {logging_mixin.py:188} INFO - [2024-04-22T18:08:16.373+0000] {dag.py:3096} INFO - Sync 1 DAGs
[2024-04-22T18:08:16.418+0000] {logging_mixin.py:188} INFO - [2024-04-22T18:08:16.417+0000] {dag.py:3954} INFO - Setting next_dagrun for data_quality_exploration_dag_v1 to 2024-04-22 00:00:00+00:00, run_after=2024-04-23 00:00:00+00:00
[2024-04-22T18:08:16.450+0000] {processor.py:183} INFO - Processing /opt/airflow/dags/exploration_dag.py took 4.015 seconds
[2024-04-22T18:11:30.001+0000] {processor.py:161} INFO - Started process (PID=317) to work on /opt/airflow/dags/exploration_dag.py
[2024-04-22T18:11:30.685+0000] {processor.py:830} INFO - Processing file /opt/airflow/dags/exploration_dag.py for tasks to queue
[2024-04-22T18:11:31.171+0000] {logging_mixin.py:188} INFO - [2024-04-22T18:11:30.922+0000] {dagbag.py:540} INFO - Filling up the DagBag from /opt/airflow/dags/exploration_dag.py
[2024-04-22T18:12:10.646+0000] {processor.py:161} INFO - Started process (PID=322) to work on /opt/airflow/dags/exploration_dag.py
[2024-04-22T18:12:10.661+0000] {processor.py:830} INFO - Processing file /opt/airflow/dags/exploration_dag.py for tasks to queue
[2024-04-22T18:12:10.673+0000] {logging_mixin.py:188} INFO - [2024-04-22T18:12:10.666+0000] {dagbag.py:540} INFO - Filling up the DagBag from /opt/airflow/dags/exploration_dag.py
[2024-04-22T18:12:41.727+0000] {logging_mixin.py:188} INFO - [2024-04-22T18:12:41.712+0000] {timeout.py:68} ERROR - Process timed out, PID: 322
[2024-04-22T18:12:41.729+0000] {logging_mixin.py:188} WARNING - Exception ignored in: <function WeakKeyDictionary.__init__.<locals>.remove at 0x7fb026ad1580>
[2024-04-22T18:12:41.730+0000] {logging_mixin.py:188} WARNING - Traceback (most recent call last):
[2024-04-22T18:12:41.731+0000] {logging_mixin.py:188} WARNING -   File "/usr/local/lib/python3.12/weakref.py", line 369, in remove
[2024-04-22T18:12:41.823+0000] {logging_mixin.py:188} WARNING -     def remove(k, selfref=ref(self)):
[2024-04-22T18:12:41.824+0000] {logging_mixin.py:188} WARNING -   File "/home/airflow/.local/lib/python3.12/site-packages/airflow/utils/timeout.py", line 69, in handle_timeout
[2024-04-22T18:12:41.832+0000] {logging_mixin.py:188} WARNING -     raise AirflowTaskTimeout(self.error_message)
[2024-04-22T18:12:41.834+0000] {logging_mixin.py:188} WARNING - airflow.exceptions.AirflowTaskTimeout: DagBag import timeout for /opt/airflow/dags/exploration_dag.py after 30.0s.
Please take a look at these docs to improve your DAG import time:
* https://airflow.apache.org/docs/apache-airflow/2.9.0/best-practices.html#top-level-python-code
* https://airflow.apache.org/docs/apache-airflow/2.9.0/best-practices.html#reducing-dag-complexity, PID: 322
[2024-04-22T18:12:43.031+0000] {processor.py:840} INFO - DAG(s) 'data_quality_exploration_dag_v1' retrieved from /opt/airflow/dags/exploration_dag.py
[2024-04-22T18:12:43.730+0000] {logging_mixin.py:188} INFO - [2024-04-22T18:12:43.728+0000] {dag.py:3096} INFO - Sync 1 DAGs
[2024-04-22T18:12:43.819+0000] {logging_mixin.py:188} INFO - [2024-04-22T18:12:43.818+0000] {dag.py:3954} INFO - Setting next_dagrun for data_quality_exploration_dag_v1 to 2024-04-22 00:00:00+00:00, run_after=2024-04-23 00:00:00+00:00
[2024-04-22T18:12:43.882+0000] {processor.py:183} INFO - Processing /opt/airflow/dags/exploration_dag.py took 33.167 seconds
[2024-04-22T18:13:14.727+0000] {processor.py:161} INFO - Started process (PID=347) to work on /opt/airflow/dags/exploration_dag.py
[2024-04-22T18:13:14.732+0000] {processor.py:830} INFO - Processing file /opt/airflow/dags/exploration_dag.py for tasks to queue
[2024-04-22T18:13:14.742+0000] {logging_mixin.py:188} INFO - [2024-04-22T18:13:14.737+0000] {dagbag.py:540} INFO - Filling up the DagBag from /opt/airflow/dags/exploration_dag.py
[2024-04-22T18:13:18.515+0000] {processor.py:840} INFO - DAG(s) 'data_quality_exploration_dag_v1' retrieved from /opt/airflow/dags/exploration_dag.py
[2024-04-22T18:13:18.724+0000] {logging_mixin.py:188} INFO - [2024-04-22T18:13:18.723+0000] {dag.py:3096} INFO - Sync 1 DAGs
[2024-04-22T18:13:18.805+0000] {logging_mixin.py:188} INFO - [2024-04-22T18:13:18.805+0000] {dag.py:3954} INFO - Setting next_dagrun for data_quality_exploration_dag_v1 to 2024-04-22 00:00:00+00:00, run_after=2024-04-23 00:00:00+00:00
[2024-04-22T18:13:18.894+0000] {processor.py:183} INFO - Processing /opt/airflow/dags/exploration_dag.py took 4.269 seconds
[2024-04-22T18:13:51.619+0000] {processor.py:161} INFO - Started process (PID=355) to work on /opt/airflow/dags/exploration_dag.py
[2024-04-22T18:13:51.690+0000] {processor.py:830} INFO - Processing file /opt/airflow/dags/exploration_dag.py for tasks to queue
[2024-04-22T18:13:51.759+0000] {logging_mixin.py:188} INFO - [2024-04-22T18:13:51.722+0000] {dagbag.py:540} INFO - Filling up the DagBag from /opt/airflow/dags/exploration_dag.py
[2024-04-22T18:14:11.722+0000] {processor.py:840} INFO - DAG(s) 'data_quality_exploration_dag_v1' retrieved from /opt/airflow/dags/exploration_dag.py
[2024-04-22T18:14:33.762+0000] {logging_mixin.py:188} INFO - [2024-04-22T18:14:33.755+0000] {dag.py:3096} INFO - Sync 1 DAGs
[2024-04-22T18:14:33.836+0000] {logging_mixin.py:188} INFO - [2024-04-22T18:14:33.835+0000] {dag.py:3954} INFO - Setting next_dagrun for data_quality_exploration_dag_v1 to 2024-04-22 00:00:00+00:00, run_after=2024-04-23 00:00:00+00:00
[2024-04-22T18:14:33.885+0000] {processor.py:183} INFO - Processing /opt/airflow/dags/exploration_dag.py took 43.078 seconds
[2024-04-22T18:17:02.710+0000] {processor.py:161} INFO - Started process (PID=368) to work on /opt/airflow/dags/exploration_dag.py
[2024-04-22T18:17:02.723+0000] {processor.py:830} INFO - Processing file /opt/airflow/dags/exploration_dag.py for tasks to queue
[2024-04-22T18:17:02.765+0000] {logging_mixin.py:188} INFO - [2024-04-22T18:17:02.738+0000] {dagbag.py:540} INFO - Filling up the DagBag from /opt/airflow/dags/exploration_dag.py
[2024-04-22T18:17:33.008+0000] {logging_mixin.py:188} INFO - [2024-04-22T18:17:33.004+0000] {timeout.py:68} ERROR - Process timed out, PID: 368
[2024-04-22T18:18:06.723+0000] {processor.py:161} INFO - Started process (PID=383) to work on /opt/airflow/dags/exploration_dag.py
[2024-04-22T18:18:06.726+0000] {processor.py:830} INFO - Processing file /opt/airflow/dags/exploration_dag.py for tasks to queue
[2024-04-22T18:18:06.731+0000] {logging_mixin.py:188} INFO - [2024-04-22T18:18:06.729+0000] {dagbag.py:540} INFO - Filling up the DagBag from /opt/airflow/dags/exploration_dag.py
[2024-04-22T18:18:09.755+0000] {processor.py:840} INFO - DAG(s) 'data_quality_exploration_dag_v1' retrieved from /opt/airflow/dags/exploration_dag.py
[2024-04-22T18:18:10.039+0000] {logging_mixin.py:188} INFO - [2024-04-22T18:18:10.038+0000] {dag.py:3096} INFO - Sync 1 DAGs
[2024-04-22T18:18:10.064+0000] {logging_mixin.py:188} INFO - [2024-04-22T18:18:10.064+0000] {dag.py:3954} INFO - Setting next_dagrun for data_quality_exploration_dag_v1 to 2024-04-22 00:00:00+00:00, run_after=2024-04-23 00:00:00+00:00
[2024-04-22T18:18:10.098+0000] {processor.py:183} INFO - Processing /opt/airflow/dags/exploration_dag.py took 3.426 seconds
[2024-04-22T18:18:40.370+0000] {processor.py:161} INFO - Started process (PID=391) to work on /opt/airflow/dags/exploration_dag.py
[2024-04-22T18:18:40.372+0000] {processor.py:830} INFO - Processing file /opt/airflow/dags/exploration_dag.py for tasks to queue
[2024-04-22T18:18:40.374+0000] {logging_mixin.py:188} INFO - [2024-04-22T18:18:40.373+0000] {dagbag.py:540} INFO - Filling up the DagBag from /opt/airflow/dags/exploration_dag.py
[2024-04-22T18:18:41.347+0000] {processor.py:840} INFO - DAG(s) 'data_quality_exploration_dag_v1' retrieved from /opt/airflow/dags/exploration_dag.py
[2024-04-22T18:18:41.378+0000] {logging_mixin.py:188} INFO - [2024-04-22T18:18:41.378+0000] {dag.py:3096} INFO - Sync 1 DAGs
[2024-04-22T18:18:41.402+0000] {logging_mixin.py:188} INFO - [2024-04-22T18:18:41.402+0000] {dag.py:3954} INFO - Setting next_dagrun for data_quality_exploration_dag_v1 to 2024-04-22 00:00:00+00:00, run_after=2024-04-23 00:00:00+00:00
[2024-04-22T18:18:41.424+0000] {processor.py:183} INFO - Processing /opt/airflow/dags/exploration_dag.py took 1.061 seconds
[2024-04-22T18:19:11.696+0000] {processor.py:161} INFO - Started process (PID=399) to work on /opt/airflow/dags/exploration_dag.py
[2024-04-22T18:19:11.698+0000] {processor.py:830} INFO - Processing file /opt/airflow/dags/exploration_dag.py for tasks to queue
[2024-04-22T18:19:11.699+0000] {logging_mixin.py:188} INFO - [2024-04-22T18:19:11.699+0000] {dagbag.py:540} INFO - Filling up the DagBag from /opt/airflow/dags/exploration_dag.py
[2024-04-22T18:19:12.626+0000] {processor.py:840} INFO - DAG(s) 'data_quality_exploration_dag_v1' retrieved from /opt/airflow/dags/exploration_dag.py
[2024-04-22T18:19:12.660+0000] {logging_mixin.py:188} INFO - [2024-04-22T18:19:12.659+0000] {dag.py:3096} INFO - Sync 1 DAGs
[2024-04-22T18:19:12.690+0000] {logging_mixin.py:188} INFO - [2024-04-22T18:19:12.690+0000] {dag.py:3954} INFO - Setting next_dagrun for data_quality_exploration_dag_v1 to 2024-04-22 00:00:00+00:00, run_after=2024-04-23 00:00:00+00:00
[2024-04-22T18:19:12.720+0000] {processor.py:183} INFO - Processing /opt/airflow/dags/exploration_dag.py took 1.037 seconds
[2024-04-22T18:19:43.544+0000] {processor.py:161} INFO - Started process (PID=407) to work on /opt/airflow/dags/exploration_dag.py
[2024-04-22T18:19:43.563+0000] {processor.py:830} INFO - Processing file /opt/airflow/dags/exploration_dag.py for tasks to queue
[2024-04-22T18:19:43.579+0000] {logging_mixin.py:188} INFO - [2024-04-22T18:19:43.571+0000] {dagbag.py:540} INFO - Filling up the DagBag from /opt/airflow/dags/exploration_dag.py
[2024-04-22T18:19:48.468+0000] {processor.py:840} INFO - DAG(s) 'data_quality_exploration_dag_v1' retrieved from /opt/airflow/dags/exploration_dag.py
[2024-04-22T18:19:48.730+0000] {logging_mixin.py:188} INFO - [2024-04-22T18:19:48.729+0000] {dag.py:3096} INFO - Sync 1 DAGs
[2024-04-22T18:19:48.746+0000] {logging_mixin.py:188} INFO - [2024-04-22T18:19:48.746+0000] {dag.py:3118} INFO - Creating ORM DAG for data_quality_exploration_dag_v1
[2024-04-22T18:19:48.762+0000] {logging_mixin.py:188} INFO - [2024-04-22T18:19:48.762+0000] {dag.py:3954} INFO - Setting next_dagrun for data_quality_exploration_dag_v1 to 2024-04-20 00:00:00+00:00, run_after=2024-04-21 00:00:00+00:00
[2024-04-22T18:19:48.794+0000] {processor.py:183} INFO - Processing /opt/airflow/dags/exploration_dag.py took 5.560 seconds
[2024-04-22T18:20:20.024+0000] {processor.py:161} INFO - Started process (PID=415) to work on /opt/airflow/dags/exploration_dag.py
[2024-04-22T18:20:20.057+0000] {processor.py:830} INFO - Processing file /opt/airflow/dags/exploration_dag.py for tasks to queue
[2024-04-22T18:20:20.123+0000] {logging_mixin.py:188} INFO - [2024-04-22T18:20:20.088+0000] {dagbag.py:540} INFO - Filling up the DagBag from /opt/airflow/dags/exploration_dag.py
[2024-04-22T18:20:27.649+0000] {processor.py:840} INFO - DAG(s) 'data_quality_exploration_dag_v1' retrieved from /opt/airflow/dags/exploration_dag.py
[2024-04-22T18:20:27.780+0000] {logging_mixin.py:188} INFO - [2024-04-22T18:20:27.776+0000] {dag.py:3096} INFO - Sync 1 DAGs
[2024-04-22T18:20:27.834+0000] {logging_mixin.py:188} INFO - [2024-04-22T18:20:27.834+0000] {dag.py:3954} INFO - Setting next_dagrun for data_quality_exploration_dag_v1 to 2024-04-22 00:00:00+00:00, run_after=2024-04-23 00:00:00+00:00
[2024-04-22T18:20:27.924+0000] {processor.py:183} INFO - Processing /opt/airflow/dags/exploration_dag.py took 8.231 seconds
[2024-04-22T18:20:58.313+0000] {processor.py:161} INFO - Started process (PID=427) to work on /opt/airflow/dags/exploration_dag.py
[2024-04-22T18:20:58.322+0000] {processor.py:830} INFO - Processing file /opt/airflow/dags/exploration_dag.py for tasks to queue
[2024-04-22T18:20:58.336+0000] {logging_mixin.py:188} INFO - [2024-04-22T18:20:58.328+0000] {dagbag.py:540} INFO - Filling up the DagBag from /opt/airflow/dags/exploration_dag.py
[2024-04-22T18:21:04.521+0000] {processor.py:840} INFO - DAG(s) 'data_quality_exploration_dag_v1' retrieved from /opt/airflow/dags/exploration_dag.py
[2024-04-22T18:21:04.620+0000] {logging_mixin.py:188} INFO - [2024-04-22T18:21:04.619+0000] {dag.py:3096} INFO - Sync 1 DAGs
[2024-04-22T18:21:04.674+0000] {logging_mixin.py:188} INFO - [2024-04-22T18:21:04.674+0000] {dag.py:3954} INFO - Setting next_dagrun for data_quality_exploration_dag_v1 to 2024-04-22 00:00:00+00:00, run_after=2024-04-23 00:00:00+00:00
[2024-04-22T18:21:04.719+0000] {processor.py:183} INFO - Processing /opt/airflow/dags/exploration_dag.py took 6.512 seconds
[2024-04-22T18:21:35.938+0000] {processor.py:161} INFO - Started process (PID=441) to work on /opt/airflow/dags/exploration_dag.py
[2024-04-22T18:21:35.946+0000] {processor.py:830} INFO - Processing file /opt/airflow/dags/exploration_dag.py for tasks to queue
[2024-04-22T18:21:35.951+0000] {logging_mixin.py:188} INFO - [2024-04-22T18:21:35.948+0000] {dagbag.py:540} INFO - Filling up the DagBag from /opt/airflow/dags/exploration_dag.py
[2024-04-22T18:21:38.792+0000] {processor.py:840} INFO - DAG(s) 'data_quality_exploration_dag_v1' retrieved from /opt/airflow/dags/exploration_dag.py
[2024-04-22T18:21:38.954+0000] {logging_mixin.py:188} INFO - [2024-04-22T18:21:38.954+0000] {dag.py:3096} INFO - Sync 1 DAGs
[2024-04-22T18:21:39.039+0000] {logging_mixin.py:188} INFO - [2024-04-22T18:21:39.038+0000] {dag.py:3954} INFO - Setting next_dagrun for data_quality_exploration_dag_v1 to 2024-04-22 00:00:00+00:00, run_after=2024-04-23 00:00:00+00:00
[2024-04-22T18:21:39.102+0000] {processor.py:183} INFO - Processing /opt/airflow/dags/exploration_dag.py took 3.210 seconds
[2024-04-22T18:22:10.042+0000] {processor.py:161} INFO - Started process (PID=450) to work on /opt/airflow/dags/exploration_dag.py
[2024-04-22T18:22:10.058+0000] {processor.py:830} INFO - Processing file /opt/airflow/dags/exploration_dag.py for tasks to queue
[2024-04-22T18:22:10.070+0000] {logging_mixin.py:188} INFO - [2024-04-22T18:22:10.064+0000] {dagbag.py:540} INFO - Filling up the DagBag from /opt/airflow/dags/exploration_dag.py
[2024-04-22T18:22:18.808+0000] {processor.py:840} INFO - DAG(s) 'data_quality_exploration_dag_v1' retrieved from /opt/airflow/dags/exploration_dag.py
[2024-04-22T18:22:18.902+0000] {logging_mixin.py:188} INFO - [2024-04-22T18:22:18.902+0000] {dag.py:3096} INFO - Sync 1 DAGs
[2024-04-22T18:22:18.968+0000] {logging_mixin.py:188} INFO - [2024-04-22T18:22:18.968+0000] {dag.py:3954} INFO - Setting next_dagrun for data_quality_exploration_dag_v1 to 2024-04-22 00:00:00+00:00, run_after=2024-04-23 00:00:00+00:00
[2024-04-22T18:22:19.004+0000] {processor.py:183} INFO - Processing /opt/airflow/dags/exploration_dag.py took 9.304 seconds
[2024-04-22T18:22:50.200+0000] {processor.py:161} INFO - Started process (PID=462) to work on /opt/airflow/dags/exploration_dag.py
[2024-04-22T18:22:50.207+0000] {processor.py:830} INFO - Processing file /opt/airflow/dags/exploration_dag.py for tasks to queue
[2024-04-22T18:22:50.215+0000] {logging_mixin.py:188} INFO - [2024-04-22T18:22:50.212+0000] {dagbag.py:540} INFO - Filling up the DagBag from /opt/airflow/dags/exploration_dag.py
[2024-04-22T18:22:54.364+0000] {processor.py:840} INFO - DAG(s) 'data_quality_exploration_dag_v1' retrieved from /opt/airflow/dags/exploration_dag.py
[2024-04-22T18:22:54.411+0000] {logging_mixin.py:188} INFO - [2024-04-22T18:22:54.411+0000] {dag.py:3096} INFO - Sync 1 DAGs
[2024-04-22T18:22:54.458+0000] {logging_mixin.py:188} INFO - [2024-04-22T18:22:54.458+0000] {dag.py:3954} INFO - Setting next_dagrun for data_quality_exploration_dag_v1 to 2024-04-22 00:00:00+00:00, run_after=2024-04-23 00:00:00+00:00
[2024-04-22T18:22:54.499+0000] {processor.py:183} INFO - Processing /opt/airflow/dags/exploration_dag.py took 4.408 seconds
[2024-04-22T18:23:25.311+0000] {processor.py:161} INFO - Started process (PID=470) to work on /opt/airflow/dags/exploration_dag.py
[2024-04-22T18:23:25.349+0000] {processor.py:830} INFO - Processing file /opt/airflow/dags/exploration_dag.py for tasks to queue
[2024-04-22T18:23:25.383+0000] {logging_mixin.py:188} INFO - [2024-04-22T18:23:25.366+0000] {dagbag.py:540} INFO - Filling up the DagBag from /opt/airflow/dags/exploration_dag.py
[2024-04-22T18:23:51.112+0000] {processor.py:840} INFO - DAG(s) 'data_quality_exploration_dag_v1' retrieved from /opt/airflow/dags/exploration_dag.py
[2024-04-22T18:23:52.961+0000] {logging_mixin.py:188} INFO - [2024-04-22T18:23:52.953+0000] {dag.py:3096} INFO - Sync 1 DAGs
[2024-04-22T18:23:53.160+0000] {logging_mixin.py:188} INFO - [2024-04-22T18:23:53.159+0000] {dag.py:3954} INFO - Setting next_dagrun for data_quality_exploration_dag_v1 to 2024-04-22 00:00:00+00:00, run_after=2024-04-23 00:00:00+00:00
[2024-04-22T18:23:53.279+0000] {processor.py:183} INFO - Processing /opt/airflow/dags/exploration_dag.py took 28.236 seconds
[2024-04-22T18:24:24.793+0000] {processor.py:161} INFO - Started process (PID=484) to work on /opt/airflow/dags/exploration_dag.py
[2024-04-22T18:24:24.822+0000] {processor.py:830} INFO - Processing file /opt/airflow/dags/exploration_dag.py for tasks to queue
[2024-04-22T18:24:24.892+0000] {logging_mixin.py:188} INFO - [2024-04-22T18:24:24.866+0000] {dagbag.py:540} INFO - Filling up the DagBag from /opt/airflow/dags/exploration_dag.py
[2024-04-22T18:24:59.258+0000] {logging_mixin.py:188} INFO - [2024-04-22T18:24:55.115+0000] {timeout.py:68} ERROR - Process timed out, PID: 484
[2024-04-22T18:26:20.210+0000] {processor.py:161} INFO - Started process (PID=493) to work on /opt/airflow/dags/exploration_dag.py
[2024-04-22T18:26:20.217+0000] {processor.py:830} INFO - Processing file /opt/airflow/dags/exploration_dag.py for tasks to queue
[2024-04-22T18:26:20.231+0000] {logging_mixin.py:188} INFO - [2024-04-22T18:26:20.223+0000] {dagbag.py:540} INFO - Filling up the DagBag from /opt/airflow/dags/exploration_dag.py
[2024-04-22T18:26:33.451+0000] {processor.py:840} INFO - DAG(s) 'data_quality_exploration_dag_v1' retrieved from /opt/airflow/dags/exploration_dag.py
[2024-04-22T18:26:36.238+0000] {logging_mixin.py:188} INFO - [2024-04-22T18:26:34.548+0000] {dag.py:3096} INFO - Sync 1 DAGs
[2024-04-22T18:26:36.250+0000] {logging_mixin.py:188} INFO - [2024-04-22T18:26:36.250+0000] {dag.py:3118} INFO - Creating ORM DAG for data_quality_exploration_dag_v1
[2024-04-22T18:26:36.998+0000] {logging_mixin.py:188} INFO - [2024-04-22T18:26:36.998+0000] {dag.py:3954} INFO - Setting next_dagrun for data_quality_exploration_dag_v1 to 2024-04-20 00:00:00+00:00, run_after=2024-04-21 00:00:00+00:00
[2024-04-22T18:26:37.116+0000] {processor.py:183} INFO - Processing /opt/airflow/dags/exploration_dag.py took 16.927 seconds
[2024-04-22T18:35:51.311+0000] {processor.py:161} INFO - Started process (PID=502) to work on /opt/airflow/dags/exploration_dag.py
[2024-04-22T18:35:51.357+0000] {processor.py:830} INFO - Processing file /opt/airflow/dags/exploration_dag.py for tasks to queue
[2024-04-22T18:35:51.433+0000] {logging_mixin.py:188} INFO - [2024-04-22T18:35:51.377+0000] {dagbag.py:540} INFO - Filling up the DagBag from /opt/airflow/dags/exploration_dag.py
[2024-04-22T18:38:09.277+0000] {processor.py:161} INFO - Started process (PID=37) to work on /opt/airflow/dags/exploration_dag.py
[2024-04-22T18:38:09.306+0000] {processor.py:830} INFO - Processing file /opt/airflow/dags/exploration_dag.py for tasks to queue
[2024-04-22T18:38:09.393+0000] {logging_mixin.py:188} INFO - [2024-04-22T18:38:09.384+0000] {dagbag.py:540} INFO - Filling up the DagBag from /opt/airflow/dags/exploration_dag.py
[2024-04-22T18:38:26.339+0000] {processor.py:840} INFO - DAG(s) 'data_quality_exploration_dag_v1' retrieved from /opt/airflow/dags/exploration_dag.py
[2024-04-22T18:38:27.624+0000] {logging_mixin.py:188} INFO - [2024-04-22T18:38:27.617+0000] {dag.py:3096} INFO - Sync 1 DAGs
[2024-04-22T18:38:27.849+0000] {logging_mixin.py:188} INFO - [2024-04-22T18:38:27.848+0000] {dag.py:3954} INFO - Setting next_dagrun for data_quality_exploration_dag_v1 to 2024-04-20 00:00:00+00:00, run_after=2024-04-21 00:00:00+00:00
[2024-04-22T18:38:27.981+0000] {processor.py:183} INFO - Processing /opt/airflow/dags/exploration_dag.py took 18.959 seconds
[2024-04-22T18:39:02.065+0000] {processor.py:161} INFO - Started process (PID=51) to work on /opt/airflow/dags/exploration_dag.py
[2024-04-22T18:39:02.090+0000] {processor.py:830} INFO - Processing file /opt/airflow/dags/exploration_dag.py for tasks to queue
[2024-04-22T18:39:03.495+0000] {logging_mixin.py:188} INFO - [2024-04-22T18:39:03.488+0000] {dagbag.py:540} INFO - Filling up the DagBag from /opt/airflow/dags/exploration_dag.py
[2024-04-22T18:39:14.568+0000] {processor.py:840} INFO - DAG(s) 'data_quality_exploration_dag_v1' retrieved from /opt/airflow/dags/exploration_dag.py
[2024-04-22T18:39:14.867+0000] {logging_mixin.py:188} INFO - [2024-04-22T18:39:14.866+0000] {dag.py:3096} INFO - Sync 1 DAGs
[2024-04-22T18:39:14.931+0000] {logging_mixin.py:188} INFO - [2024-04-22T18:39:14.931+0000] {dag.py:3954} INFO - Setting next_dagrun for data_quality_exploration_dag_v1 to 2024-04-20 00:00:00+00:00, run_after=2024-04-21 00:00:00+00:00
[2024-04-22T18:39:15.077+0000] {processor.py:183} INFO - Processing /opt/airflow/dags/exploration_dag.py took 14.286 seconds
[2024-04-22T18:39:45.509+0000] {processor.py:161} INFO - Started process (PID=58) to work on /opt/airflow/dags/exploration_dag.py
[2024-04-22T18:39:45.512+0000] {processor.py:830} INFO - Processing file /opt/airflow/dags/exploration_dag.py for tasks to queue
[2024-04-22T18:39:45.518+0000] {logging_mixin.py:188} INFO - [2024-04-22T18:39:45.517+0000] {dagbag.py:540} INFO - Filling up the DagBag from /opt/airflow/dags/exploration_dag.py
[2024-04-22T18:39:46.308+0000] {processor.py:840} INFO - DAG(s) 'data_quality_exploration_dag_v1' retrieved from /opt/airflow/dags/exploration_dag.py
[2024-04-22T18:39:46.337+0000] {logging_mixin.py:188} INFO - [2024-04-22T18:39:46.336+0000] {dag.py:3096} INFO - Sync 1 DAGs
[2024-04-22T18:39:46.362+0000] {logging_mixin.py:188} INFO - [2024-04-22T18:39:46.361+0000] {dag.py:3954} INFO - Setting next_dagrun for data_quality_exploration_dag_v1 to 2024-04-20 00:00:00+00:00, run_after=2024-04-21 00:00:00+00:00
[2024-04-22T18:39:46.405+0000] {processor.py:183} INFO - Processing /opt/airflow/dags/exploration_dag.py took 0.913 seconds
[2024-04-22T18:40:16.720+0000] {processor.py:161} INFO - Started process (PID=66) to work on /opt/airflow/dags/exploration_dag.py
[2024-04-22T18:40:16.723+0000] {processor.py:830} INFO - Processing file /opt/airflow/dags/exploration_dag.py for tasks to queue
[2024-04-22T18:40:16.732+0000] {logging_mixin.py:188} INFO - [2024-04-22T18:40:16.731+0000] {dagbag.py:540} INFO - Filling up the DagBag from /opt/airflow/dags/exploration_dag.py
[2024-04-22T18:40:17.813+0000] {processor.py:840} INFO - DAG(s) 'data_quality_exploration_dag_v1' retrieved from /opt/airflow/dags/exploration_dag.py
[2024-04-22T18:40:17.855+0000] {logging_mixin.py:188} INFO - [2024-04-22T18:40:17.854+0000] {dag.py:3096} INFO - Sync 1 DAGs
[2024-04-22T18:40:17.885+0000] {logging_mixin.py:188} INFO - [2024-04-22T18:40:17.884+0000] {dag.py:3954} INFO - Setting next_dagrun for data_quality_exploration_dag_v1 to 2024-04-20 00:00:00+00:00, run_after=2024-04-21 00:00:00+00:00
[2024-04-22T18:40:17.921+0000] {processor.py:183} INFO - Processing /opt/airflow/dags/exploration_dag.py took 1.225 seconds
[2024-04-22T18:40:48.188+0000] {processor.py:161} INFO - Started process (PID=74) to work on /opt/airflow/dags/exploration_dag.py
[2024-04-22T18:40:48.189+0000] {processor.py:830} INFO - Processing file /opt/airflow/dags/exploration_dag.py for tasks to queue
[2024-04-22T18:40:48.191+0000] {logging_mixin.py:188} INFO - [2024-04-22T18:40:48.190+0000] {dagbag.py:540} INFO - Filling up the DagBag from /opt/airflow/dags/exploration_dag.py
[2024-04-22T18:40:49.385+0000] {processor.py:840} INFO - DAG(s) 'data_quality_exploration_dag_v1' retrieved from /opt/airflow/dags/exploration_dag.py
[2024-04-22T18:40:49.415+0000] {logging_mixin.py:188} INFO - [2024-04-22T18:40:49.414+0000] {dag.py:3096} INFO - Sync 1 DAGs
[2024-04-22T18:40:49.431+0000] {logging_mixin.py:188} INFO - [2024-04-22T18:40:49.431+0000] {dag.py:3954} INFO - Setting next_dagrun for data_quality_exploration_dag_v1 to 2024-04-20 00:00:00+00:00, run_after=2024-04-21 00:00:00+00:00
[2024-04-22T18:40:49.452+0000] {processor.py:183} INFO - Processing /opt/airflow/dags/exploration_dag.py took 1.271 seconds
[2024-04-22T18:41:20.650+0000] {processor.py:161} INFO - Started process (PID=82) to work on /opt/airflow/dags/exploration_dag.py
[2024-04-22T18:41:20.656+0000] {processor.py:830} INFO - Processing file /opt/airflow/dags/exploration_dag.py for tasks to queue
[2024-04-22T18:41:20.668+0000] {logging_mixin.py:188} INFO - [2024-04-22T18:41:20.666+0000] {dagbag.py:540} INFO - Filling up the DagBag from /opt/airflow/dags/exploration_dag.py
[2024-04-22T18:41:52.733+0000] {logging_mixin.py:188} INFO - [2024-04-22T18:41:52.725+0000] {timeout.py:68} ERROR - Process timed out, PID: 82
[2024-04-22T18:41:52.735+0000] {logging_mixin.py:188} WARNING - Exception ignored in: <function WeakKeyDictionary.__init__.<locals>.remove at 0x7fe42613d580>
[2024-04-22T18:41:52.747+0000] {logging_mixin.py:188} WARNING - Traceback (most recent call last):
[2024-04-22T18:41:52.750+0000] {logging_mixin.py:188} WARNING -   File "/usr/local/lib/python3.12/weakref.py", line 369, in remove
[2024-04-22T18:41:52.754+0000] {logging_mixin.py:188} WARNING -     def remove(k, selfref=ref(self)):
[2024-04-22T18:41:52.764+0000] {logging_mixin.py:188} WARNING -   File "/home/airflow/.local/lib/python3.12/site-packages/airflow/utils/timeout.py", line 69, in handle_timeout
[2024-04-22T18:41:52.769+0000] {logging_mixin.py:188} WARNING -     raise AirflowTaskTimeout(self.error_message)
[2024-04-22T18:41:52.773+0000] {logging_mixin.py:188} WARNING - airflow.exceptions.AirflowTaskTimeout: DagBag import timeout for /opt/airflow/dags/exploration_dag.py after 30.0s.
Please take a look at these docs to improve your DAG import time:
* https://airflow.apache.org/docs/apache-airflow/2.9.0/best-practices.html#top-level-python-code
* https://airflow.apache.org/docs/apache-airflow/2.9.0/best-practices.html#reducing-dag-complexity, PID: 82
[2024-04-22T18:42:02.480+0000] {processor.py:840} INFO - DAG(s) 'data_quality_exploration_dag_v1' retrieved from /opt/airflow/dags/exploration_dag.py
[2024-04-22T18:42:02.741+0000] {logging_mixin.py:188} INFO - [2024-04-22T18:42:02.740+0000] {dag.py:3096} INFO - Sync 1 DAGs
[2024-04-22T18:42:02.992+0000] {logging_mixin.py:188} INFO - [2024-04-22T18:42:02.991+0000] {dag.py:3954} INFO - Setting next_dagrun for data_quality_exploration_dag_v1 to 2024-04-22 00:00:00+00:00, run_after=2024-04-23 00:00:00+00:00
[2024-04-22T18:42:03.131+0000] {processor.py:183} INFO - Processing /opt/airflow/dags/exploration_dag.py took 41.245 seconds
[2024-04-22T18:42:34.040+0000] {processor.py:161} INFO - Started process (PID=106) to work on /opt/airflow/dags/exploration_dag.py
[2024-04-22T18:42:34.043+0000] {processor.py:830} INFO - Processing file /opt/airflow/dags/exploration_dag.py for tasks to queue
[2024-04-22T18:42:34.085+0000] {logging_mixin.py:188} INFO - [2024-04-22T18:42:34.078+0000] {dagbag.py:540} INFO - Filling up the DagBag from /opt/airflow/dags/exploration_dag.py
[2024-04-22T18:42:38.200+0000] {processor.py:840} INFO - DAG(s) 'data_quality_exploration_dag_v1' retrieved from /opt/airflow/dags/exploration_dag.py
[2024-04-22T18:42:38.253+0000] {logging_mixin.py:188} INFO - [2024-04-22T18:42:38.252+0000] {dag.py:3096} INFO - Sync 1 DAGs
[2024-04-22T18:42:38.297+0000] {logging_mixin.py:188} INFO - [2024-04-22T18:42:38.296+0000] {dag.py:3954} INFO - Setting next_dagrun for data_quality_exploration_dag_v1 to 2024-04-22 00:00:00+00:00, run_after=2024-04-23 00:00:00+00:00
[2024-04-22T18:42:38.341+0000] {processor.py:183} INFO - Processing /opt/airflow/dags/exploration_dag.py took 4.368 seconds
