[2024-04-16T12:29:10.710+0000] {local_task_job_runner.py:120} INFO - ::group::Pre task execution logs
[2024-04-16T12:29:10.757+0000] {taskinstance.py:2073} INFO - Dependencies all met for dep_context=non-requeueable deps ti=<TaskInstance: exploration_dag_v1.collect_data_fruits_task scheduled__2024-04-15T00:00:00+00:00 [queued]>
[2024-04-16T12:29:10.777+0000] {taskinstance.py:2073} INFO - Dependencies all met for dep_context=requeueable deps ti=<TaskInstance: exploration_dag_v1.collect_data_fruits_task scheduled__2024-04-15T00:00:00+00:00 [queued]>
[2024-04-16T12:29:10.778+0000] {taskinstance.py:2303} INFO - Starting attempt 1 of 6
[2024-04-16T12:29:10.807+0000] {taskinstance.py:2327} INFO - Executing <Task(CollectDataFruitsOperator): collect_data_fruits_task> on 2024-04-15 00:00:00+00:00
[2024-04-16T12:29:10.820+0000] {warnings.py:110} WARNING - /home/***/.local/lib/python3.12/site-packages/***/task/task_runner/standard_task_runner.py:61: DeprecationWarning: This process (pid=85) is multi-threaded, use of fork() may lead to deadlocks in the child.
  pid = os.fork()

[2024-04-16T12:29:10.823+0000] {standard_task_runner.py:63} INFO - Started process 97 to run task
[2024-04-16T12:29:10.821+0000] {standard_task_runner.py:90} INFO - Running: ['***', 'tasks', 'run', 'exploration_dag_v1', 'collect_data_fruits_task', 'scheduled__2024-04-15T00:00:00+00:00', '--job-id', '380', '--raw', '--subdir', 'DAGS_FOLDER/exploration_dag.py', '--cfg-path', '/tmp/tmpspq6cjmj']
[2024-04-16T12:29:10.825+0000] {standard_task_runner.py:91} INFO - Job 380: Subtask collect_data_fruits_task
[2024-04-16T12:29:10.913+0000] {task_command.py:426} INFO - Running <TaskInstance: exploration_dag_v1.collect_data_fruits_task scheduled__2024-04-15T00:00:00+00:00 [running]> on host 80febf28041c
[2024-04-16T12:29:11.182+0000] {taskinstance.py:2644} INFO - Exporting env vars: AIRFLOW_CTX_DAG_OWNER='ika' AIRFLOW_CTX_DAG_ID='exploration_dag_v1' AIRFLOW_CTX_TASK_ID='collect_data_fruits_task' AIRFLOW_CTX_EXECUTION_DATE='2024-04-15T00:00:00+00:00' AIRFLOW_CTX_TRY_NUMBER='1' AIRFLOW_CTX_DAG_RUN_ID='scheduled__2024-04-15T00:00:00+00:00'
[2024-04-16T12:29:11.194+0000] {taskinstance.py:430} INFO - ::endgroup::
[2024-04-16T12:29:12.456+0000] {logging_mixin.py:188} INFO - SQL insert queries have been written
[2024-04-16T12:29:12.457+0000] {taskinstance.py:441} INFO - ::group::Post task execution logs
[2024-04-16T12:29:12.521+0000] {taskinstance.py:1205} INFO - Marking task as SUCCESS. dag_id=exploration_dag_v1, task_id=collect_data_fruits_task, execution_date=20240415T000000, start_date=20240416T122910, end_date=20240416T122912
[2024-04-16T12:29:12.655+0000] {local_task_job_runner.py:240} INFO - Task exited with return code 0
[2024-04-16T12:29:12.675+0000] {warnings.py:110} WARNING - /home/***/.local/lib/python3.12/site-packages/***/models/baseoperator.py:1296: AirflowProviderDeprecationWarning: Call to deprecated class PostgresOperator. (Please use `***.providers.common.sql.operators.sql.SQLExecuteQueryOperator`.Also, you can provide `hook_params={'schema': <database>}`.)
  result = cls.__new__(cls)

[2024-04-16T12:29:12.720+0000] {taskinstance.py:3482} INFO - 1 downstream tasks scheduled from follow-on schedule check
[2024-04-16T12:29:12.733+0000] {local_task_job_runner.py:222} INFO - ::endgroup::
