[2024-04-16T10:21:41.744+0000] {local_task_job_runner.py:120} INFO - ::group::Pre task execution logs
[2024-04-16T10:21:41.906+0000] {taskinstance.py:2073} INFO - Dependencies all met for dep_context=non-requeueable deps ti=<TaskInstance: priority_one_number_one_dag_v1.task_1 scheduled__2024-04-08T00:00:00+00:00 [queued]>
[2024-04-16T10:21:41.944+0000] {taskinstance.py:2073} INFO - Dependencies all met for dep_context=requeueable deps ti=<TaskInstance: priority_one_number_one_dag_v1.task_1 scheduled__2024-04-08T00:00:00+00:00 [queued]>
[2024-04-16T10:21:41.946+0000] {taskinstance.py:2303} INFO - Starting attempt 1 of 6
[2024-04-16T10:21:42.106+0000] {taskinstance.py:2327} INFO - Executing <Task(BashOperator): task_1> on 2024-04-08 00:00:00+00:00
[2024-04-16T10:21:42.172+0000] {warnings.py:110} WARNING - /home/***/.local/lib/python3.12/site-packages/***/task/task_runner/standard_task_runner.py:61: DeprecationWarning: This process (pid=77) is multi-threaded, use of fork() may lead to deadlocks in the child.
  pid = os.fork()

[2024-04-16T10:21:42.176+0000] {standard_task_runner.py:90} INFO - Running: ['***', 'tasks', 'run', 'priority_one_number_one_dag_v1', 'task_1', 'scheduled__2024-04-08T00:00:00+00:00', '--job-id', '207', '--raw', '--subdir', 'DAGS_FOLDER/priority_one_number_one_dag.py', '--cfg-path', '/tmp/tmpw9c92htk']
[2024-04-16T10:21:42.186+0000] {standard_task_runner.py:63} INFO - Started process 79 to run task
[2024-04-16T10:21:42.186+0000] {standard_task_runner.py:91} INFO - Job 207: Subtask task_1
[2024-04-16T10:21:42.446+0000] {task_command.py:426} INFO - Running <TaskInstance: priority_one_number_one_dag_v1.task_1 scheduled__2024-04-08T00:00:00+00:00 [running]> on host eaff2d74d54d
[2024-04-16T10:21:42.918+0000] {taskinstance.py:2644} INFO - Exporting env vars: AIRFLOW_CTX_DAG_OWNER='ika' AIRFLOW_CTX_DAG_ID='priority_one_number_one_dag_v1' AIRFLOW_CTX_TASK_ID='task_1' AIRFLOW_CTX_EXECUTION_DATE='2024-04-08T00:00:00+00:00' AIRFLOW_CTX_TRY_NUMBER='1' AIRFLOW_CTX_DAG_RUN_ID='scheduled__2024-04-08T00:00:00+00:00'
[2024-04-16T10:21:42.930+0000] {taskinstance.py:430} INFO - ::endgroup::
[2024-04-16T10:21:43.042+0000] {subprocess.py:63} INFO - Tmp dir root location: /tmp
[2024-04-16T10:21:43.051+0000] {subprocess.py:75} INFO - Running command: ['/usr/bin/bash', '-c', "echo 'hello ***'"]
[2024-04-16T10:21:43.105+0000] {subprocess.py:86} INFO - Output:
[2024-04-16T10:21:43.129+0000] {subprocess.py:93} INFO - hello ***
[2024-04-16T10:21:43.134+0000] {subprocess.py:97} INFO - Command exited with return code 0
[2024-04-16T10:21:43.139+0000] {taskinstance.py:441} INFO - ::group::Post task execution logs
[2024-04-16T10:21:43.259+0000] {taskinstance.py:1205} INFO - Marking task as SUCCESS. dag_id=priority_one_number_one_dag_v1, task_id=task_1, execution_date=20240408T000000, start_date=20240416T102141, end_date=20240416T102143
[2024-04-16T10:21:43.553+0000] {local_task_job_runner.py:240} INFO - Task exited with return code 0
[2024-04-16T10:21:43.621+0000] {taskinstance.py:3482} INFO - 2 downstream tasks scheduled from follow-on schedule check
[2024-04-16T10:21:43.630+0000] {local_task_job_runner.py:222} INFO - ::endgroup::
