[2024-04-24T10:20:40.923+0000] {local_task_job_runner.py:120} INFO - ::group::Pre task execution logs
[2024-04-24T10:20:40.966+0000] {taskinstance.py:2073} INFO - Dependencies all met for dep_context=non-requeueable deps ti=<TaskInstance: data_quality_exploration_dag_v1.collect_data_task scheduled__2024-04-22T00:00:00+00:00 [queued]>
[2024-04-24T10:20:40.987+0000] {taskinstance.py:2073} INFO - Dependencies all met for dep_context=requeueable deps ti=<TaskInstance: data_quality_exploration_dag_v1.collect_data_task scheduled__2024-04-22T00:00:00+00:00 [queued]>
[2024-04-24T10:20:40.988+0000] {taskinstance.py:2303} INFO - Starting attempt 2 of 3
[2024-04-24T10:20:41.018+0000] {taskinstance.py:2327} INFO - Executing <Task(PythonOperator): collect_data_task> on 2024-04-22 00:00:00+00:00
[2024-04-24T10:20:41.056+0000] {warnings.py:110} WARNING - /home/***/.local/lib/python3.12/site-packages/***/task/task_runner/standard_task_runner.py:61: DeprecationWarning: This process (pid=189) is multi-threaded, use of fork() may lead to deadlocks in the child.
  pid = os.fork()

[2024-04-24T10:20:41.065+0000] {standard_task_runner.py:63} INFO - Started process 193 to run task
[2024-04-24T10:20:41.061+0000] {standard_task_runner.py:90} INFO - Running: ['***', 'tasks', 'run', 'data_quality_exploration_dag_v1', 'collect_data_task', 'scheduled__2024-04-22T00:00:00+00:00', '--job-id', '106', '--raw', '--subdir', 'DAGS_FOLDER/exploration_dag.py', '--cfg-path', '/tmp/tmp332ey29r']
[2024-04-24T10:20:41.076+0000] {standard_task_runner.py:91} INFO - Job 106: Subtask collect_data_task
[2024-04-24T10:20:41.325+0000] {task_command.py:426} INFO - Running <TaskInstance: data_quality_exploration_dag_v1.collect_data_task scheduled__2024-04-22T00:00:00+00:00 [running]> on host 13a839d238e9
[2024-04-24T10:20:41.506+0000] {taskinstance.py:2644} INFO - Exporting env vars: AIRFLOW_CTX_DAG_OWNER='ika' AIRFLOW_CTX_DAG_ID='data_quality_exploration_dag_v1' AIRFLOW_CTX_TASK_ID='collect_data_task' AIRFLOW_CTX_EXECUTION_DATE='2024-04-22T00:00:00+00:00' AIRFLOW_CTX_TRY_NUMBER='2' AIRFLOW_CTX_DAG_RUN_ID='scheduled__2024-04-22T00:00:00+00:00'
[2024-04-24T10:20:41.508+0000] {taskinstance.py:430} INFO - ::endgroup::
[2024-04-24T10:20:42.528+0000] {logging_mixin.py:188} INFO - <class 'pandas.core.frame.DataFrame'>
RangeIndex: 120 entries, 0 to 119
Data columns (total 6 columns):
 #   Column              Non-Null Count  Dtype 
---  ------              --------------  ----- 
 0   transaction_id      120 non-null    int64 
 1   customer_name       120 non-null    object
 2   transaction_amount  120 non-null    int64 
 3   phone_number        120 non-null    object
 4   transaction_type    120 non-null    object
 5   transaction_status  120 non-null    object
dtypes: int64(2), object(4)
memory usage: 5.8+ KB
[2024-04-24T10:20:42.529+0000] {logging_mixin.py:188} INFO - None
[2024-04-24T10:20:42.536+0000] {logging_mixin.py:188} INFO - 0      081234564030
1      081234567891
2      081234567892
3      081234567893
4      081234567894
           ...     
115    081234567825
116    081234567826
117    081234567827
118    081234567828
119    081234567829
Name: phone_number, Length: 120, dtype: object
[2024-04-24T10:20:42.537+0000] {logging_mixin.py:188} INFO - Successfully collect products data
[2024-04-24T10:20:42.540+0000] {python.py:237} INFO - Done. Returned value was:      transaction_id     customer_name  ...  transaction_type transaction_status
0                 1         John Thor  ...        paket data            success
1                 2        Jane Smith  ...             pulsa            success
2                 3   Michael Johnson  ...           ewallet            pending
3                 4       Emily Davis  ...        paket data            success
4                 5      David Wilson  ...             pulsa             failed
..              ...               ...  ...               ...                ...
115             116         Mary Hall  ...        paket data            success
116             117     James Jackson  ...           ewallet            pending
117             118  Elizabeth Turner  ...             pulsa            success
118             119      Robert Smith  ...      voucher game            success
119             120   Margaret Wilson  ...             pulsa             failed

[120 rows x 6 columns]
[2024-04-24T10:20:42.591+0000] {taskinstance.py:441} INFO - ::group::Post task execution logs
[2024-04-24T10:20:42.814+0000] {taskinstance.py:1205} INFO - Marking task as SUCCESS. dag_id=data_quality_exploration_dag_v1, task_id=collect_data_task, execution_date=20240422T000000, start_date=20240424T102040, end_date=20240424T102042
[2024-04-24T10:20:42.940+0000] {local_task_job_runner.py:240} INFO - Task exited with return code 0
[2024-04-24T10:20:42.973+0000] {taskinstance.py:3482} INFO - 1 downstream tasks scheduled from follow-on schedule check
[2024-04-24T10:20:42.976+0000] {local_task_job_runner.py:222} INFO - ::endgroup::
