[2024-04-24T09:14:23.694+0000] {processor.py:161} INFO - Started process (PID=56) to work on /opt/airflow/dags/priority_one_number_two_dag.py
[2024-04-24T09:14:23.725+0000] {processor.py:830} INFO - Processing file /opt/airflow/dags/priority_one_number_two_dag.py for tasks to queue
[2024-04-24T09:14:23.784+0000] {logging_mixin.py:188} INFO - [2024-04-24T09:14:23.782+0000] {dagbag.py:540} INFO - Filling up the DagBag from /opt/airflow/dags/priority_one_number_two_dag.py
[2024-04-24T09:14:24.272+0000] {processor.py:840} INFO - DAG(s) 'priority_one_number_two_dag_v1' retrieved from /opt/airflow/dags/priority_one_number_two_dag.py
[2024-04-24T09:14:26.667+0000] {logging_mixin.py:188} INFO - [2024-04-24T09:14:26.667+0000] {dag.py:3096} INFO - Sync 1 DAGs
[2024-04-24T09:14:26.974+0000] {processor.py:183} INFO - Processing /opt/airflow/dags/priority_one_number_two_dag.py took 3.953 seconds
[2024-04-24T09:15:02.178+0000] {processor.py:161} INFO - Started process (PID=66) to work on /opt/airflow/dags/priority_one_number_two_dag.py
[2024-04-24T09:15:02.180+0000] {processor.py:830} INFO - Processing file /opt/airflow/dags/priority_one_number_two_dag.py for tasks to queue
[2024-04-24T09:15:02.183+0000] {logging_mixin.py:188} INFO - [2024-04-24T09:15:02.182+0000] {dagbag.py:540} INFO - Filling up the DagBag from /opt/airflow/dags/priority_one_number_two_dag.py
[2024-04-24T09:15:02.656+0000] {processor.py:840} INFO - DAG(s) 'priority_one_number_two_dag_v1' retrieved from /opt/airflow/dags/priority_one_number_two_dag.py
[2024-04-24T09:15:03.555+0000] {logging_mixin.py:188} INFO - [2024-04-24T09:15:03.555+0000] {dag.py:3096} INFO - Sync 1 DAGs
[2024-04-24T09:15:03.674+0000] {processor.py:183} INFO - Processing /opt/airflow/dags/priority_one_number_two_dag.py took 1.506 seconds
[2024-04-24T09:15:52.590+0000] {processor.py:161} INFO - Started process (PID=76) to work on /opt/airflow/dags/priority_one_number_two_dag.py
[2024-04-24T09:15:52.602+0000] {processor.py:830} INFO - Processing file /opt/airflow/dags/priority_one_number_two_dag.py for tasks to queue
[2024-04-24T09:15:52.626+0000] {logging_mixin.py:188} INFO - [2024-04-24T09:15:52.617+0000] {dagbag.py:540} INFO - Filling up the DagBag from /opt/airflow/dags/priority_one_number_two_dag.py
[2024-04-24T09:15:52.840+0000] {processor.py:840} INFO - DAG(s) 'priority_one_number_two_dag_v1' retrieved from /opt/airflow/dags/priority_one_number_two_dag.py
[2024-04-24T09:15:54.042+0000] {logging_mixin.py:188} INFO - [2024-04-24T09:15:54.007+0000] {dag.py:3096} INFO - Sync 1 DAGs
[2024-04-24T09:15:55.402+0000] {processor.py:183} INFO - Processing /opt/airflow/dags/priority_one_number_two_dag.py took 2.918 seconds
[2024-04-24T09:17:20.189+0000] {processor.py:161} INFO - Started process (PID=83) to work on /opt/airflow/dags/priority_one_number_two_dag.py
[2024-04-24T09:17:20.238+0000] {processor.py:830} INFO - Processing file /opt/airflow/dags/priority_one_number_two_dag.py for tasks to queue
[2024-04-24T09:17:20.280+0000] {logging_mixin.py:188} INFO - [2024-04-24T09:17:20.250+0000] {dagbag.py:540} INFO - Filling up the DagBag from /opt/airflow/dags/priority_one_number_two_dag.py
[2024-04-24T09:17:30.241+0000] {logging_mixin.py:188} INFO - [2024-04-24T09:17:30.226+0000] {process_utils.py:263} INFO - Waiting up to 5 seconds for processes to exit...
[2024-04-24T09:18:12.084+0000] {processor.py:161} INFO - Started process (PID=41) to work on /opt/airflow/dags/priority_one_number_two_dag.py
[2024-04-24T09:18:12.087+0000] {processor.py:830} INFO - Processing file /opt/airflow/dags/priority_one_number_two_dag.py for tasks to queue
[2024-04-24T09:18:12.091+0000] {logging_mixin.py:188} INFO - [2024-04-24T09:18:12.090+0000] {dagbag.py:540} INFO - Filling up the DagBag from /opt/airflow/dags/priority_one_number_two_dag.py
[2024-04-24T09:18:12.400+0000] {processor.py:840} INFO - DAG(s) 'priority_one_number_two_dag_v1' retrieved from /opt/airflow/dags/priority_one_number_two_dag.py
[2024-04-24T09:18:14.984+0000] {logging_mixin.py:188} INFO - [2024-04-24T09:18:14.983+0000] {dag.py:3096} INFO - Sync 1 DAGs
[2024-04-24T09:18:15.529+0000] {processor.py:183} INFO - Processing /opt/airflow/dags/priority_one_number_two_dag.py took 3.457 seconds
[2024-04-24T09:18:45.965+0000] {processor.py:161} INFO - Started process (PID=61) to work on /opt/airflow/dags/priority_one_number_two_dag.py
[2024-04-24T09:18:45.993+0000] {processor.py:830} INFO - Processing file /opt/airflow/dags/priority_one_number_two_dag.py for tasks to queue
[2024-04-24T09:18:46.046+0000] {logging_mixin.py:188} INFO - [2024-04-24T09:18:46.039+0000] {dagbag.py:540} INFO - Filling up the DagBag from /opt/airflow/dags/priority_one_number_two_dag.py
[2024-04-24T09:18:46.209+0000] {processor.py:840} INFO - DAG(s) 'priority_one_number_two_dag_v1' retrieved from /opt/airflow/dags/priority_one_number_two_dag.py
[2024-04-24T09:18:46.375+0000] {logging_mixin.py:188} INFO - [2024-04-24T09:18:46.375+0000] {dag.py:3096} INFO - Sync 1 DAGs
[2024-04-24T09:18:47.299+0000] {processor.py:183} INFO - Processing /opt/airflow/dags/priority_one_number_two_dag.py took 1.454 seconds
[2024-04-24T09:19:21.448+0000] {processor.py:161} INFO - Started process (PID=72) to work on /opt/airflow/dags/priority_one_number_two_dag.py
[2024-04-24T09:19:21.468+0000] {processor.py:830} INFO - Processing file /opt/airflow/dags/priority_one_number_two_dag.py for tasks to queue
[2024-04-24T09:19:21.551+0000] {logging_mixin.py:188} INFO - [2024-04-24T09:19:21.549+0000] {dagbag.py:540} INFO - Filling up the DagBag from /opt/airflow/dags/priority_one_number_two_dag.py
[2024-04-24T09:19:21.695+0000] {processor.py:840} INFO - DAG(s) 'priority_one_number_two_dag_v1' retrieved from /opt/airflow/dags/priority_one_number_two_dag.py
[2024-04-24T09:19:22.007+0000] {logging_mixin.py:188} INFO - [2024-04-24T09:19:22.006+0000] {dag.py:3096} INFO - Sync 1 DAGs
[2024-04-24T09:19:22.360+0000] {processor.py:183} INFO - Processing /opt/airflow/dags/priority_one_number_two_dag.py took 1.099 seconds
[2024-04-24T09:19:53.282+0000] {processor.py:161} INFO - Started process (PID=84) to work on /opt/airflow/dags/priority_one_number_two_dag.py
[2024-04-24T09:19:53.327+0000] {processor.py:830} INFO - Processing file /opt/airflow/dags/priority_one_number_two_dag.py for tasks to queue
[2024-04-24T09:19:53.360+0000] {logging_mixin.py:188} INFO - [2024-04-24T09:19:53.359+0000] {dagbag.py:540} INFO - Filling up the DagBag from /opt/airflow/dags/priority_one_number_two_dag.py
[2024-04-24T09:19:54.070+0000] {processor.py:840} INFO - DAG(s) 'priority_one_number_two_dag_v1' retrieved from /opt/airflow/dags/priority_one_number_two_dag.py
[2024-04-24T09:19:54.879+0000] {logging_mixin.py:188} INFO - [2024-04-24T09:19:54.879+0000] {dag.py:3096} INFO - Sync 1 DAGs
[2024-04-24T09:19:55.741+0000] {processor.py:183} INFO - Processing /opt/airflow/dags/priority_one_number_two_dag.py took 2.467 seconds
[2024-04-24T09:20:26.670+0000] {processor.py:161} INFO - Started process (PID=96) to work on /opt/airflow/dags/priority_one_number_two_dag.py
[2024-04-24T09:20:26.708+0000] {processor.py:830} INFO - Processing file /opt/airflow/dags/priority_one_number_two_dag.py for tasks to queue
[2024-04-24T09:20:26.711+0000] {logging_mixin.py:188} INFO - [2024-04-24T09:20:26.710+0000] {dagbag.py:540} INFO - Filling up the DagBag from /opt/airflow/dags/priority_one_number_two_dag.py
[2024-04-24T09:20:26.785+0000] {processor.py:840} INFO - DAG(s) 'priority_one_number_two_dag_v1' retrieved from /opt/airflow/dags/priority_one_number_two_dag.py
[2024-04-24T09:20:26.818+0000] {logging_mixin.py:188} INFO - [2024-04-24T09:20:26.818+0000] {dag.py:3096} INFO - Sync 1 DAGs
[2024-04-24T09:20:26.938+0000] {processor.py:183} INFO - Processing /opt/airflow/dags/priority_one_number_two_dag.py took 0.275 seconds
[2024-04-24T09:20:57.766+0000] {processor.py:161} INFO - Started process (PID=108) to work on /opt/airflow/dags/priority_one_number_two_dag.py
[2024-04-24T09:20:57.767+0000] {processor.py:830} INFO - Processing file /opt/airflow/dags/priority_one_number_two_dag.py for tasks to queue
[2024-04-24T09:20:57.769+0000] {logging_mixin.py:188} INFO - [2024-04-24T09:20:57.769+0000] {dagbag.py:540} INFO - Filling up the DagBag from /opt/airflow/dags/priority_one_number_two_dag.py
[2024-04-24T09:20:57.786+0000] {processor.py:840} INFO - DAG(s) 'priority_one_number_two_dag_v1' retrieved from /opt/airflow/dags/priority_one_number_two_dag.py
[2024-04-24T09:20:57.813+0000] {logging_mixin.py:188} INFO - [2024-04-24T09:20:57.812+0000] {dag.py:3096} INFO - Sync 1 DAGs
[2024-04-24T09:20:57.861+0000] {processor.py:183} INFO - Processing /opt/airflow/dags/priority_one_number_two_dag.py took 0.101 seconds
[2024-04-24T09:21:29.622+0000] {processor.py:161} INFO - Started process (PID=125) to work on /opt/airflow/dags/priority_one_number_two_dag.py
[2024-04-24T09:21:29.655+0000] {processor.py:830} INFO - Processing file /opt/airflow/dags/priority_one_number_two_dag.py for tasks to queue
[2024-04-24T09:21:29.813+0000] {logging_mixin.py:188} INFO - [2024-04-24T09:21:29.789+0000] {dagbag.py:540} INFO - Filling up the DagBag from /opt/airflow/dags/priority_one_number_two_dag.py
[2024-04-24T09:21:30.602+0000] {processor.py:840} INFO - DAG(s) 'priority_one_number_two_dag_v1' retrieved from /opt/airflow/dags/priority_one_number_two_dag.py
[2024-04-24T09:21:31.369+0000] {logging_mixin.py:188} INFO - [2024-04-24T09:21:31.368+0000] {dag.py:3096} INFO - Sync 1 DAGs
[2024-04-24T09:21:31.870+0000] {processor.py:183} INFO - Processing /opt/airflow/dags/priority_one_number_two_dag.py took 2.445 seconds
[2024-04-24T09:22:03.048+0000] {processor.py:161} INFO - Started process (PID=138) to work on /opt/airflow/dags/priority_one_number_two_dag.py
[2024-04-24T09:22:03.052+0000] {processor.py:830} INFO - Processing file /opt/airflow/dags/priority_one_number_two_dag.py for tasks to queue
[2024-04-24T09:22:03.061+0000] {logging_mixin.py:188} INFO - [2024-04-24T09:22:03.061+0000] {dagbag.py:540} INFO - Filling up the DagBag from /opt/airflow/dags/priority_one_number_two_dag.py
[2024-04-24T09:22:03.202+0000] {processor.py:840} INFO - DAG(s) 'priority_one_number_two_dag_v1' retrieved from /opt/airflow/dags/priority_one_number_two_dag.py
[2024-04-24T09:22:03.619+0000] {logging_mixin.py:188} INFO - [2024-04-24T09:22:03.618+0000] {dag.py:3096} INFO - Sync 1 DAGs
[2024-04-24T09:22:04.014+0000] {processor.py:183} INFO - Processing /opt/airflow/dags/priority_one_number_two_dag.py took 1.087 seconds
[2024-04-24T09:22:34.317+0000] {processor.py:161} INFO - Started process (PID=151) to work on /opt/airflow/dags/priority_one_number_two_dag.py
[2024-04-24T09:22:34.325+0000] {processor.py:830} INFO - Processing file /opt/airflow/dags/priority_one_number_two_dag.py for tasks to queue
[2024-04-24T09:22:34.347+0000] {logging_mixin.py:188} INFO - [2024-04-24T09:22:34.345+0000] {dagbag.py:540} INFO - Filling up the DagBag from /opt/airflow/dags/priority_one_number_two_dag.py
[2024-04-24T09:22:34.456+0000] {processor.py:840} INFO - DAG(s) 'priority_one_number_two_dag_v1' retrieved from /opt/airflow/dags/priority_one_number_two_dag.py
[2024-04-24T09:22:34.524+0000] {logging_mixin.py:188} INFO - [2024-04-24T09:22:34.523+0000] {dag.py:3096} INFO - Sync 1 DAGs
[2024-04-24T09:22:34.596+0000] {processor.py:183} INFO - Processing /opt/airflow/dags/priority_one_number_two_dag.py took 0.338 seconds
[2024-04-24T09:23:05.108+0000] {processor.py:161} INFO - Started process (PID=162) to work on /opt/airflow/dags/priority_one_number_two_dag.py
[2024-04-24T09:23:05.110+0000] {processor.py:830} INFO - Processing file /opt/airflow/dags/priority_one_number_two_dag.py for tasks to queue
[2024-04-24T09:23:05.114+0000] {logging_mixin.py:188} INFO - [2024-04-24T09:23:05.112+0000] {dagbag.py:540} INFO - Filling up the DagBag from /opt/airflow/dags/priority_one_number_two_dag.py
[2024-04-24T09:23:05.138+0000] {processor.py:840} INFO - DAG(s) 'priority_one_number_two_dag_v1' retrieved from /opt/airflow/dags/priority_one_number_two_dag.py
[2024-04-24T09:23:05.181+0000] {logging_mixin.py:188} INFO - [2024-04-24T09:23:05.180+0000] {dag.py:3096} INFO - Sync 1 DAGs
[2024-04-24T09:23:05.255+0000] {processor.py:183} INFO - Processing /opt/airflow/dags/priority_one_number_two_dag.py took 0.153 seconds
[2024-04-24T09:23:36.111+0000] {processor.py:161} INFO - Started process (PID=173) to work on /opt/airflow/dags/priority_one_number_two_dag.py
[2024-04-24T09:23:36.112+0000] {processor.py:830} INFO - Processing file /opt/airflow/dags/priority_one_number_two_dag.py for tasks to queue
[2024-04-24T09:23:36.114+0000] {logging_mixin.py:188} INFO - [2024-04-24T09:23:36.114+0000] {dagbag.py:540} INFO - Filling up the DagBag from /opt/airflow/dags/priority_one_number_two_dag.py
[2024-04-24T09:23:36.132+0000] {processor.py:840} INFO - DAG(s) 'priority_one_number_two_dag_v1' retrieved from /opt/airflow/dags/priority_one_number_two_dag.py
[2024-04-24T09:23:36.162+0000] {logging_mixin.py:188} INFO - [2024-04-24T09:23:36.162+0000] {dag.py:3096} INFO - Sync 1 DAGs
[2024-04-24T09:23:36.207+0000] {processor.py:183} INFO - Processing /opt/airflow/dags/priority_one_number_two_dag.py took 0.102 seconds
[2024-04-24T09:24:06.421+0000] {processor.py:161} INFO - Started process (PID=185) to work on /opt/airflow/dags/priority_one_number_two_dag.py
[2024-04-24T09:24:06.423+0000] {processor.py:830} INFO - Processing file /opt/airflow/dags/priority_one_number_two_dag.py for tasks to queue
[2024-04-24T09:24:06.425+0000] {logging_mixin.py:188} INFO - [2024-04-24T09:24:06.424+0000] {dagbag.py:540} INFO - Filling up the DagBag from /opt/airflow/dags/priority_one_number_two_dag.py
[2024-04-24T09:24:06.451+0000] {processor.py:840} INFO - DAG(s) 'priority_one_number_two_dag_v1' retrieved from /opt/airflow/dags/priority_one_number_two_dag.py
[2024-04-24T09:24:06.484+0000] {logging_mixin.py:188} INFO - [2024-04-24T09:24:06.483+0000] {dag.py:3096} INFO - Sync 1 DAGs
[2024-04-24T09:24:06.542+0000] {processor.py:183} INFO - Processing /opt/airflow/dags/priority_one_number_two_dag.py took 0.127 seconds
[2024-04-24T09:24:36.706+0000] {processor.py:161} INFO - Started process (PID=197) to work on /opt/airflow/dags/priority_one_number_two_dag.py
[2024-04-24T09:24:36.708+0000] {processor.py:830} INFO - Processing file /opt/airflow/dags/priority_one_number_two_dag.py for tasks to queue
[2024-04-24T09:24:36.710+0000] {logging_mixin.py:188} INFO - [2024-04-24T09:24:36.710+0000] {dagbag.py:540} INFO - Filling up the DagBag from /opt/airflow/dags/priority_one_number_two_dag.py
[2024-04-24T09:24:36.736+0000] {processor.py:840} INFO - DAG(s) 'priority_one_number_two_dag_v1' retrieved from /opt/airflow/dags/priority_one_number_two_dag.py
[2024-04-24T09:24:36.769+0000] {logging_mixin.py:188} INFO - [2024-04-24T09:24:36.768+0000] {dag.py:3096} INFO - Sync 1 DAGs
[2024-04-24T09:24:36.816+0000] {processor.py:183} INFO - Processing /opt/airflow/dags/priority_one_number_two_dag.py took 0.117 seconds
[2024-04-24T09:25:07.692+0000] {processor.py:161} INFO - Started process (PID=209) to work on /opt/airflow/dags/priority_one_number_two_dag.py
[2024-04-24T09:25:07.694+0000] {processor.py:830} INFO - Processing file /opt/airflow/dags/priority_one_number_two_dag.py for tasks to queue
[2024-04-24T09:25:07.698+0000] {logging_mixin.py:188} INFO - [2024-04-24T09:25:07.697+0000] {dagbag.py:540} INFO - Filling up the DagBag from /opt/airflow/dags/priority_one_number_two_dag.py
[2024-04-24T09:25:07.726+0000] {processor.py:840} INFO - DAG(s) 'priority_one_number_two_dag_v1' retrieved from /opt/airflow/dags/priority_one_number_two_dag.py
[2024-04-24T09:25:07.766+0000] {logging_mixin.py:188} INFO - [2024-04-24T09:25:07.765+0000] {dag.py:3096} INFO - Sync 1 DAGs
[2024-04-24T09:25:07.931+0000] {processor.py:183} INFO - Processing /opt/airflow/dags/priority_one_number_two_dag.py took 0.245 seconds
[2024-04-24T09:25:39.429+0000] {processor.py:161} INFO - Started process (PID=232) to work on /opt/airflow/dags/priority_one_number_two_dag.py
[2024-04-24T09:25:39.486+0000] {processor.py:830} INFO - Processing file /opt/airflow/dags/priority_one_number_two_dag.py for tasks to queue
[2024-04-24T09:25:40.389+0000] {logging_mixin.py:188} INFO - [2024-04-24T09:25:40.133+0000] {dagbag.py:540} INFO - Filling up the DagBag from /opt/airflow/dags/priority_one_number_two_dag.py
[2024-04-24T09:25:42.702+0000] {processor.py:840} INFO - DAG(s) 'priority_one_number_two_dag_v1' retrieved from /opt/airflow/dags/priority_one_number_two_dag.py
[2024-04-24T09:25:47.262+0000] {logging_mixin.py:188} INFO - [2024-04-24T09:25:47.252+0000] {dag.py:3096} INFO - Sync 1 DAGs
[2024-04-24T09:25:48.099+0000] {processor.py:183} INFO - Processing /opt/airflow/dags/priority_one_number_two_dag.py took 8.851 seconds
[2024-04-24T09:26:20.354+0000] {processor.py:161} INFO - Started process (PID=244) to work on /opt/airflow/dags/priority_one_number_two_dag.py
[2024-04-24T09:26:20.363+0000] {processor.py:830} INFO - Processing file /opt/airflow/dags/priority_one_number_two_dag.py for tasks to queue
[2024-04-24T09:26:20.619+0000] {logging_mixin.py:188} INFO - [2024-04-24T09:26:20.610+0000] {dagbag.py:540} INFO - Filling up the DagBag from /opt/airflow/dags/priority_one_number_two_dag.py
[2024-04-24T09:26:20.975+0000] {processor.py:840} INFO - DAG(s) 'priority_one_number_two_dag_v1' retrieved from /opt/airflow/dags/priority_one_number_two_dag.py
[2024-04-24T09:26:21.352+0000] {logging_mixin.py:188} INFO - [2024-04-24T09:26:21.351+0000] {dag.py:3096} INFO - Sync 1 DAGs
[2024-04-24T09:26:21.583+0000] {processor.py:183} INFO - Processing /opt/airflow/dags/priority_one_number_two_dag.py took 1.476 seconds
[2024-04-24T09:26:52.406+0000] {processor.py:161} INFO - Started process (PID=256) to work on /opt/airflow/dags/priority_one_number_two_dag.py
[2024-04-24T09:26:52.410+0000] {processor.py:830} INFO - Processing file /opt/airflow/dags/priority_one_number_two_dag.py for tasks to queue
[2024-04-24T09:26:52.418+0000] {logging_mixin.py:188} INFO - [2024-04-24T09:26:52.417+0000] {dagbag.py:540} INFO - Filling up the DagBag from /opt/airflow/dags/priority_one_number_two_dag.py
[2024-04-24T09:26:52.471+0000] {processor.py:840} INFO - DAG(s) 'priority_one_number_two_dag_v1' retrieved from /opt/airflow/dags/priority_one_number_two_dag.py
[2024-04-24T09:26:52.519+0000] {logging_mixin.py:188} INFO - [2024-04-24T09:26:52.519+0000] {dag.py:3096} INFO - Sync 1 DAGs
[2024-04-24T09:26:52.572+0000] {processor.py:183} INFO - Processing /opt/airflow/dags/priority_one_number_two_dag.py took 0.184 seconds
[2024-04-24T09:27:25.391+0000] {processor.py:161} INFO - Started process (PID=269) to work on /opt/airflow/dags/priority_one_number_two_dag.py
[2024-04-24T09:27:25.430+0000] {processor.py:830} INFO - Processing file /opt/airflow/dags/priority_one_number_two_dag.py for tasks to queue
[2024-04-24T09:27:25.651+0000] {logging_mixin.py:188} INFO - [2024-04-24T09:27:25.632+0000] {dagbag.py:540} INFO - Filling up the DagBag from /opt/airflow/dags/priority_one_number_two_dag.py
[2024-04-24T09:27:27.082+0000] {processor.py:840} INFO - DAG(s) 'priority_one_number_two_dag_v1' retrieved from /opt/airflow/dags/priority_one_number_two_dag.py
[2024-04-24T09:27:28.307+0000] {logging_mixin.py:188} INFO - [2024-04-24T09:27:28.306+0000] {dag.py:3096} INFO - Sync 1 DAGs
[2024-04-24T09:27:29.403+0000] {processor.py:183} INFO - Processing /opt/airflow/dags/priority_one_number_two_dag.py took 4.409 seconds
[2024-04-24T09:28:27.397+0000] {processor.py:161} INFO - Started process (PID=281) to work on /opt/airflow/dags/priority_one_number_two_dag.py
[2024-04-24T09:28:27.400+0000] {processor.py:830} INFO - Processing file /opt/airflow/dags/priority_one_number_two_dag.py for tasks to queue
[2024-04-24T09:28:27.550+0000] {logging_mixin.py:188} INFO - [2024-04-24T09:28:27.507+0000] {dagbag.py:540} INFO - Filling up the DagBag from /opt/airflow/dags/priority_one_number_two_dag.py
[2024-04-24T09:28:28.631+0000] {processor.py:840} INFO - DAG(s) 'priority_one_number_two_dag_v1' retrieved from /opt/airflow/dags/priority_one_number_two_dag.py
[2024-04-24T09:28:38.796+0000] {logging_mixin.py:188} INFO - [2024-04-24T09:28:38.784+0000] {dag.py:3096} INFO - Sync 1 DAGs
[2024-04-24T09:28:39.852+0000] {processor.py:183} INFO - Processing /opt/airflow/dags/priority_one_number_two_dag.py took 12.598 seconds
[2024-04-24T09:30:07.669+0000] {processor.py:161} INFO - Started process (PID=43) to work on /opt/airflow/dags/priority_one_number_two_dag.py
[2024-04-24T09:30:07.679+0000] {processor.py:830} INFO - Processing file /opt/airflow/dags/priority_one_number_two_dag.py for tasks to queue
[2024-04-24T09:30:07.706+0000] {logging_mixin.py:188} INFO - [2024-04-24T09:30:07.706+0000] {dagbag.py:540} INFO - Filling up the DagBag from /opt/airflow/dags/priority_one_number_two_dag.py
[2024-04-24T09:30:08.274+0000] {processor.py:840} INFO - DAG(s) 'priority_one_number_two_dag_v1' retrieved from /opt/airflow/dags/priority_one_number_two_dag.py
[2024-04-24T09:30:08.393+0000] {logging_mixin.py:188} INFO - [2024-04-24T09:30:08.392+0000] {dag.py:3096} INFO - Sync 1 DAGs
[2024-04-24T09:30:08.668+0000] {processor.py:183} INFO - Processing /opt/airflow/dags/priority_one_number_two_dag.py took 1.030 seconds
[2024-04-24T09:30:51.994+0000] {processor.py:161} INFO - Started process (PID=79) to work on /opt/airflow/dags/priority_one_number_two_dag.py
[2024-04-24T09:30:52.016+0000] {processor.py:830} INFO - Processing file /opt/airflow/dags/priority_one_number_two_dag.py for tasks to queue
[2024-04-24T09:30:52.050+0000] {logging_mixin.py:188} INFO - [2024-04-24T09:30:52.048+0000] {dagbag.py:540} INFO - Filling up the DagBag from /opt/airflow/dags/priority_one_number_two_dag.py
[2024-04-24T09:30:52.948+0000] {processor.py:840} INFO - DAG(s) 'priority_one_number_two_dag_v1' retrieved from /opt/airflow/dags/priority_one_number_two_dag.py
[2024-04-24T09:31:01.866+0000] {logging_mixin.py:188} INFO - [2024-04-24T09:31:01.828+0000] {dag.py:3096} INFO - Sync 1 DAGs
[2024-04-24T09:31:02.555+0000] {processor.py:183} INFO - Processing /opt/airflow/dags/priority_one_number_two_dag.py took 10.802 seconds
[2024-04-24T09:31:37.441+0000] {processor.py:161} INFO - Started process (PID=93) to work on /opt/airflow/dags/priority_one_number_two_dag.py
[2024-04-24T09:31:37.476+0000] {processor.py:830} INFO - Processing file /opt/airflow/dags/priority_one_number_two_dag.py for tasks to queue
[2024-04-24T09:31:37.499+0000] {logging_mixin.py:188} INFO - [2024-04-24T09:31:37.489+0000] {dagbag.py:540} INFO - Filling up the DagBag from /opt/airflow/dags/priority_one_number_two_dag.py
[2024-04-24T09:31:38.066+0000] {processor.py:840} INFO - DAG(s) 'priority_one_number_two_dag_v1' retrieved from /opt/airflow/dags/priority_one_number_two_dag.py
[2024-04-24T09:31:56.417+0000] {logging_mixin.py:188} INFO - [2024-04-24T09:31:56.404+0000] {dag.py:3096} INFO - Sync 1 DAGs
[2024-04-24T09:31:57.372+0000] {processor.py:183} INFO - Processing /opt/airflow/dags/priority_one_number_two_dag.py took 20.005 seconds
[2024-04-24T09:32:33.440+0000] {processor.py:161} INFO - Started process (PID=105) to work on /opt/airflow/dags/priority_one_number_two_dag.py
[2024-04-24T09:32:33.466+0000] {processor.py:830} INFO - Processing file /opt/airflow/dags/priority_one_number_two_dag.py for tasks to queue
[2024-04-24T09:32:33.585+0000] {logging_mixin.py:188} INFO - [2024-04-24T09:32:33.581+0000] {dagbag.py:540} INFO - Filling up the DagBag from /opt/airflow/dags/priority_one_number_two_dag.py
[2024-04-24T09:32:34.587+0000] {processor.py:840} INFO - DAG(s) 'priority_one_number_two_dag_v1' retrieved from /opt/airflow/dags/priority_one_number_two_dag.py
[2024-04-24T09:32:35.752+0000] {logging_mixin.py:188} INFO - [2024-04-24T09:32:35.750+0000] {dag.py:3096} INFO - Sync 1 DAGs
[2024-04-24T09:32:37.218+0000] {processor.py:183} INFO - Processing /opt/airflow/dags/priority_one_number_two_dag.py took 3.910 seconds
[2024-04-24T09:33:09.657+0000] {processor.py:161} INFO - Started process (PID=119) to work on /opt/airflow/dags/priority_one_number_two_dag.py
[2024-04-24T09:33:09.661+0000] {processor.py:830} INFO - Processing file /opt/airflow/dags/priority_one_number_two_dag.py for tasks to queue
[2024-04-24T09:33:09.670+0000] {logging_mixin.py:188} INFO - [2024-04-24T09:33:09.669+0000] {dagbag.py:540} INFO - Filling up the DagBag from /opt/airflow/dags/priority_one_number_two_dag.py
[2024-04-24T09:33:09.784+0000] {processor.py:840} INFO - DAG(s) 'priority_one_number_two_dag_v1' retrieved from /opt/airflow/dags/priority_one_number_two_dag.py
[2024-04-24T09:33:09.989+0000] {logging_mixin.py:188} INFO - [2024-04-24T09:33:09.989+0000] {dag.py:3096} INFO - Sync 1 DAGs
[2024-04-24T09:33:10.404+0000] {processor.py:183} INFO - Processing /opt/airflow/dags/priority_one_number_two_dag.py took 0.766 seconds
[2024-04-24T09:33:41.551+0000] {processor.py:161} INFO - Started process (PID=130) to work on /opt/airflow/dags/priority_one_number_two_dag.py
[2024-04-24T09:33:41.563+0000] {processor.py:830} INFO - Processing file /opt/airflow/dags/priority_one_number_two_dag.py for tasks to queue
[2024-04-24T09:33:41.610+0000] {logging_mixin.py:188} INFO - [2024-04-24T09:33:41.608+0000] {dagbag.py:540} INFO - Filling up the DagBag from /opt/airflow/dags/priority_one_number_two_dag.py
[2024-04-24T09:33:41.797+0000] {processor.py:840} INFO - DAG(s) 'priority_one_number_two_dag_v1' retrieved from /opt/airflow/dags/priority_one_number_two_dag.py
[2024-04-24T09:33:42.391+0000] {logging_mixin.py:188} INFO - [2024-04-24T09:33:42.390+0000] {dag.py:3096} INFO - Sync 1 DAGs
[2024-04-24T09:33:44.052+0000] {processor.py:183} INFO - Processing /opt/airflow/dags/priority_one_number_two_dag.py took 2.601 seconds
[2024-04-24T09:34:14.245+0000] {processor.py:161} INFO - Started process (PID=142) to work on /opt/airflow/dags/priority_one_number_two_dag.py
[2024-04-24T09:34:14.246+0000] {processor.py:830} INFO - Processing file /opt/airflow/dags/priority_one_number_two_dag.py for tasks to queue
[2024-04-24T09:34:14.248+0000] {logging_mixin.py:188} INFO - [2024-04-24T09:34:14.248+0000] {dagbag.py:540} INFO - Filling up the DagBag from /opt/airflow/dags/priority_one_number_two_dag.py
[2024-04-24T09:34:14.266+0000] {processor.py:840} INFO - DAG(s) 'priority_one_number_two_dag_v1' retrieved from /opt/airflow/dags/priority_one_number_two_dag.py
[2024-04-24T09:34:14.295+0000] {logging_mixin.py:188} INFO - [2024-04-24T09:34:14.295+0000] {dag.py:3096} INFO - Sync 1 DAGs
[2024-04-24T09:34:14.345+0000] {processor.py:183} INFO - Processing /opt/airflow/dags/priority_one_number_two_dag.py took 0.105 seconds
[2024-04-24T09:34:45.229+0000] {processor.py:161} INFO - Started process (PID=161) to work on /opt/airflow/dags/priority_one_number_two_dag.py
[2024-04-24T09:34:45.231+0000] {processor.py:830} INFO - Processing file /opt/airflow/dags/priority_one_number_two_dag.py for tasks to queue
[2024-04-24T09:34:45.233+0000] {logging_mixin.py:188} INFO - [2024-04-24T09:34:45.233+0000] {dagbag.py:540} INFO - Filling up the DagBag from /opt/airflow/dags/priority_one_number_two_dag.py
[2024-04-24T09:34:45.263+0000] {processor.py:840} INFO - DAG(s) 'priority_one_number_two_dag_v1' retrieved from /opt/airflow/dags/priority_one_number_two_dag.py
[2024-04-24T09:34:45.303+0000] {logging_mixin.py:188} INFO - [2024-04-24T09:34:45.303+0000] {dag.py:3096} INFO - Sync 1 DAGs
[2024-04-24T09:34:45.359+0000] {processor.py:183} INFO - Processing /opt/airflow/dags/priority_one_number_two_dag.py took 0.140 seconds
[2024-04-24T09:35:51.613+0000] {processor.py:161} INFO - Started process (PID=178) to work on /opt/airflow/dags/priority_one_number_two_dag.py
[2024-04-24T09:35:51.636+0000] {processor.py:830} INFO - Processing file /opt/airflow/dags/priority_one_number_two_dag.py for tasks to queue
[2024-04-24T09:35:51.762+0000] {logging_mixin.py:188} INFO - [2024-04-24T09:35:51.729+0000] {dagbag.py:540} INFO - Filling up the DagBag from /opt/airflow/dags/priority_one_number_two_dag.py
[2024-04-24T09:35:52.450+0000] {processor.py:840} INFO - DAG(s) 'priority_one_number_two_dag_v1' retrieved from /opt/airflow/dags/priority_one_number_two_dag.py
[2024-04-24T09:35:59.234+0000] {logging_mixin.py:188} INFO - [2024-04-24T09:35:59.197+0000] {dag.py:3096} INFO - Sync 1 DAGs
[2024-04-24T09:36:04.562+0000] {processor.py:183} INFO - Processing /opt/airflow/dags/priority_one_number_two_dag.py took 13.717 seconds
[2024-04-24T09:36:36.461+0000] {processor.py:161} INFO - Started process (PID=207) to work on /opt/airflow/dags/priority_one_number_two_dag.py
[2024-04-24T09:36:36.464+0000] {processor.py:830} INFO - Processing file /opt/airflow/dags/priority_one_number_two_dag.py for tasks to queue
[2024-04-24T09:36:36.469+0000] {logging_mixin.py:188} INFO - [2024-04-24T09:36:36.468+0000] {dagbag.py:540} INFO - Filling up the DagBag from /opt/airflow/dags/priority_one_number_two_dag.py
[2024-04-24T09:36:36.527+0000] {processor.py:840} INFO - DAG(s) 'priority_one_number_two_dag_v1' retrieved from /opt/airflow/dags/priority_one_number_two_dag.py
[2024-04-24T09:36:36.675+0000] {logging_mixin.py:188} INFO - [2024-04-24T09:36:36.674+0000] {dag.py:3096} INFO - Sync 1 DAGs
[2024-04-24T09:36:36.773+0000] {processor.py:183} INFO - Processing /opt/airflow/dags/priority_one_number_two_dag.py took 0.327 seconds
[2024-04-24T09:37:12.015+0000] {processor.py:161} INFO - Started process (PID=231) to work on /opt/airflow/dags/priority_one_number_two_dag.py
[2024-04-24T09:37:12.072+0000] {processor.py:830} INFO - Processing file /opt/airflow/dags/priority_one_number_two_dag.py for tasks to queue
[2024-04-24T09:37:12.121+0000] {logging_mixin.py:188} INFO - [2024-04-24T09:37:12.097+0000] {dagbag.py:540} INFO - Filling up the DagBag from /opt/airflow/dags/priority_one_number_two_dag.py
[2024-04-24T09:37:12.477+0000] {processor.py:840} INFO - DAG(s) 'priority_one_number_two_dag_v1' retrieved from /opt/airflow/dags/priority_one_number_two_dag.py
[2024-04-24T09:37:13.340+0000] {logging_mixin.py:188} INFO - [2024-04-24T09:37:13.340+0000] {dag.py:3096} INFO - Sync 1 DAGs
[2024-04-24T09:37:14.654+0000] {processor.py:183} INFO - Processing /opt/airflow/dags/priority_one_number_two_dag.py took 2.974 seconds
[2024-04-24T09:38:00.549+0000] {processor.py:161} INFO - Started process (PID=238) to work on /opt/airflow/dags/priority_one_number_two_dag.py
[2024-04-24T09:38:00.579+0000] {processor.py:830} INFO - Processing file /opt/airflow/dags/priority_one_number_two_dag.py for tasks to queue
[2024-04-24T09:38:00.588+0000] {logging_mixin.py:188} INFO - [2024-04-24T09:38:00.586+0000] {dagbag.py:540} INFO - Filling up the DagBag from /opt/airflow/dags/priority_one_number_two_dag.py
[2024-04-24T09:38:00.815+0000] {processor.py:840} INFO - DAG(s) 'priority_one_number_two_dag_v1' retrieved from /opt/airflow/dags/priority_one_number_two_dag.py
[2024-04-24T09:38:01.035+0000] {logging_mixin.py:188} INFO - [2024-04-24T09:38:01.034+0000] {dag.py:3096} INFO - Sync 1 DAGs
[2024-04-24T09:38:01.753+0000] {processor.py:183} INFO - Processing /opt/airflow/dags/priority_one_number_two_dag.py took 1.268 seconds
[2024-04-24T09:38:31.946+0000] {processor.py:161} INFO - Started process (PID=249) to work on /opt/airflow/dags/priority_one_number_two_dag.py
[2024-04-24T09:38:31.951+0000] {processor.py:830} INFO - Processing file /opt/airflow/dags/priority_one_number_two_dag.py for tasks to queue
[2024-04-24T09:38:31.955+0000] {logging_mixin.py:188} INFO - [2024-04-24T09:38:31.954+0000] {dagbag.py:540} INFO - Filling up the DagBag from /opt/airflow/dags/priority_one_number_two_dag.py
[2024-04-24T09:38:32.098+0000] {processor.py:840} INFO - DAG(s) 'priority_one_number_two_dag_v1' retrieved from /opt/airflow/dags/priority_one_number_two_dag.py
[2024-04-24T09:38:32.275+0000] {logging_mixin.py:188} INFO - [2024-04-24T09:38:32.275+0000] {dag.py:3096} INFO - Sync 1 DAGs
[2024-04-24T09:38:32.471+0000] {processor.py:183} INFO - Processing /opt/airflow/dags/priority_one_number_two_dag.py took 0.543 seconds
[2024-04-24T09:39:02.687+0000] {processor.py:161} INFO - Started process (PID=272) to work on /opt/airflow/dags/priority_one_number_two_dag.py
[2024-04-24T09:39:02.689+0000] {processor.py:830} INFO - Processing file /opt/airflow/dags/priority_one_number_two_dag.py for tasks to queue
[2024-04-24T09:39:02.692+0000] {logging_mixin.py:188} INFO - [2024-04-24T09:39:02.691+0000] {dagbag.py:540} INFO - Filling up the DagBag from /opt/airflow/dags/priority_one_number_two_dag.py
[2024-04-24T09:39:02.746+0000] {processor.py:840} INFO - DAG(s) 'priority_one_number_two_dag_v1' retrieved from /opt/airflow/dags/priority_one_number_two_dag.py
[2024-04-24T09:39:02.805+0000] {logging_mixin.py:188} INFO - [2024-04-24T09:39:02.804+0000] {dag.py:3096} INFO - Sync 1 DAGs
[2024-04-24T09:39:02.910+0000] {processor.py:183} INFO - Processing /opt/airflow/dags/priority_one_number_two_dag.py took 0.234 seconds
[2024-04-24T09:39:33.794+0000] {processor.py:161} INFO - Started process (PID=283) to work on /opt/airflow/dags/priority_one_number_two_dag.py
[2024-04-24T09:39:33.795+0000] {processor.py:830} INFO - Processing file /opt/airflow/dags/priority_one_number_two_dag.py for tasks to queue
[2024-04-24T09:39:33.797+0000] {logging_mixin.py:188} INFO - [2024-04-24T09:39:33.796+0000] {dagbag.py:540} INFO - Filling up the DagBag from /opt/airflow/dags/priority_one_number_two_dag.py
[2024-04-24T09:39:33.824+0000] {processor.py:840} INFO - DAG(s) 'priority_one_number_two_dag_v1' retrieved from /opt/airflow/dags/priority_one_number_two_dag.py
[2024-04-24T09:39:33.863+0000] {logging_mixin.py:188} INFO - [2024-04-24T09:39:33.863+0000] {dag.py:3096} INFO - Sync 1 DAGs
[2024-04-24T09:39:33.918+0000] {processor.py:183} INFO - Processing /opt/airflow/dags/priority_one_number_two_dag.py took 0.132 seconds
[2024-04-24T09:40:04.409+0000] {processor.py:161} INFO - Started process (PID=294) to work on /opt/airflow/dags/priority_one_number_two_dag.py
[2024-04-24T09:40:04.411+0000] {processor.py:830} INFO - Processing file /opt/airflow/dags/priority_one_number_two_dag.py for tasks to queue
[2024-04-24T09:40:04.416+0000] {logging_mixin.py:188} INFO - [2024-04-24T09:40:04.414+0000] {dagbag.py:540} INFO - Filling up the DagBag from /opt/airflow/dags/priority_one_number_two_dag.py
[2024-04-24T09:40:04.525+0000] {processor.py:840} INFO - DAG(s) 'priority_one_number_two_dag_v1' retrieved from /opt/airflow/dags/priority_one_number_two_dag.py
[2024-04-24T09:40:04.686+0000] {logging_mixin.py:188} INFO - [2024-04-24T09:40:04.686+0000] {dag.py:3096} INFO - Sync 1 DAGs
[2024-04-24T09:40:04.959+0000] {processor.py:183} INFO - Processing /opt/airflow/dags/priority_one_number_two_dag.py took 0.594 seconds
[2024-04-24T09:40:35.779+0000] {processor.py:161} INFO - Started process (PID=307) to work on /opt/airflow/dags/priority_one_number_two_dag.py
[2024-04-24T09:40:35.781+0000] {processor.py:830} INFO - Processing file /opt/airflow/dags/priority_one_number_two_dag.py for tasks to queue
[2024-04-24T09:40:35.782+0000] {logging_mixin.py:188} INFO - [2024-04-24T09:40:35.782+0000] {dagbag.py:540} INFO - Filling up the DagBag from /opt/airflow/dags/priority_one_number_two_dag.py
[2024-04-24T09:40:35.806+0000] {processor.py:840} INFO - DAG(s) 'priority_one_number_two_dag_v1' retrieved from /opt/airflow/dags/priority_one_number_two_dag.py
[2024-04-24T09:40:35.840+0000] {logging_mixin.py:188} INFO - [2024-04-24T09:40:35.840+0000] {dag.py:3096} INFO - Sync 1 DAGs
[2024-04-24T09:40:35.890+0000] {processor.py:183} INFO - Processing /opt/airflow/dags/priority_one_number_two_dag.py took 0.118 seconds
[2024-04-24T09:41:06.515+0000] {processor.py:161} INFO - Started process (PID=319) to work on /opt/airflow/dags/priority_one_number_two_dag.py
[2024-04-24T09:41:06.535+0000] {processor.py:830} INFO - Processing file /opt/airflow/dags/priority_one_number_two_dag.py for tasks to queue
[2024-04-24T09:41:06.539+0000] {logging_mixin.py:188} INFO - [2024-04-24T09:41:06.537+0000] {dagbag.py:540} INFO - Filling up the DagBag from /opt/airflow/dags/priority_one_number_two_dag.py
[2024-04-24T09:41:06.657+0000] {processor.py:840} INFO - DAG(s) 'priority_one_number_two_dag_v1' retrieved from /opt/airflow/dags/priority_one_number_two_dag.py
[2024-04-24T09:41:06.962+0000] {logging_mixin.py:188} INFO - [2024-04-24T09:41:06.961+0000] {dag.py:3096} INFO - Sync 1 DAGs
[2024-04-24T09:41:07.293+0000] {processor.py:183} INFO - Processing /opt/airflow/dags/priority_one_number_two_dag.py took 0.802 seconds
[2024-04-24T09:41:46.043+0000] {processor.py:161} INFO - Started process (PID=335) to work on /opt/airflow/dags/priority_one_number_two_dag.py
[2024-04-24T09:41:46.073+0000] {processor.py:830} INFO - Processing file /opt/airflow/dags/priority_one_number_two_dag.py for tasks to queue
[2024-04-24T09:41:46.086+0000] {logging_mixin.py:188} INFO - [2024-04-24T09:41:46.075+0000] {dagbag.py:540} INFO - Filling up the DagBag from /opt/airflow/dags/priority_one_number_two_dag.py
[2024-04-24T09:41:46.886+0000] {processor.py:840} INFO - DAG(s) 'priority_one_number_two_dag_v1' retrieved from /opt/airflow/dags/priority_one_number_two_dag.py
[2024-04-24T09:41:54.117+0000] {logging_mixin.py:188} INFO - [2024-04-24T09:41:54.092+0000] {dag.py:3096} INFO - Sync 1 DAGs
[2024-04-24T09:41:58.992+0000] {processor.py:183} INFO - Processing /opt/airflow/dags/priority_one_number_two_dag.py took 13.027 seconds
[2024-04-24T09:42:30.269+0000] {processor.py:161} INFO - Started process (PID=367) to work on /opt/airflow/dags/priority_one_number_two_dag.py
[2024-04-24T09:42:30.343+0000] {processor.py:830} INFO - Processing file /opt/airflow/dags/priority_one_number_two_dag.py for tasks to queue
[2024-04-24T09:42:30.373+0000] {logging_mixin.py:188} INFO - [2024-04-24T09:42:30.370+0000] {dagbag.py:540} INFO - Filling up the DagBag from /opt/airflow/dags/priority_one_number_two_dag.py
[2024-04-24T09:42:30.949+0000] {processor.py:840} INFO - DAG(s) 'priority_one_number_two_dag_v1' retrieved from /opt/airflow/dags/priority_one_number_two_dag.py
[2024-04-24T09:42:31.606+0000] {logging_mixin.py:188} INFO - [2024-04-24T09:42:31.605+0000] {dag.py:3096} INFO - Sync 1 DAGs
[2024-04-24T09:42:32.119+0000] {processor.py:183} INFO - Processing /opt/airflow/dags/priority_one_number_two_dag.py took 1.976 seconds
[2024-04-24T09:43:18.304+0000] {processor.py:161} INFO - Started process (PID=377) to work on /opt/airflow/dags/priority_one_number_two_dag.py
[2024-04-24T09:43:18.327+0000] {processor.py:830} INFO - Processing file /opt/airflow/dags/priority_one_number_two_dag.py for tasks to queue
[2024-04-24T09:43:18.340+0000] {logging_mixin.py:188} INFO - [2024-04-24T09:43:18.339+0000] {dagbag.py:540} INFO - Filling up the DagBag from /opt/airflow/dags/priority_one_number_two_dag.py
[2024-04-24T09:43:18.922+0000] {processor.py:840} INFO - DAG(s) 'priority_one_number_two_dag_v1' retrieved from /opt/airflow/dags/priority_one_number_two_dag.py
[2024-04-24T09:43:20.143+0000] {logging_mixin.py:188} INFO - [2024-04-24T09:43:20.078+0000] {dag.py:3096} INFO - Sync 1 DAGs
[2024-04-24T09:43:20.935+0000] {processor.py:183} INFO - Processing /opt/airflow/dags/priority_one_number_two_dag.py took 2.689 seconds
[2024-04-24T09:44:04.485+0000] {processor.py:161} INFO - Started process (PID=383) to work on /opt/airflow/dags/priority_one_number_two_dag.py
[2024-04-24T09:44:04.491+0000] {processor.py:830} INFO - Processing file /opt/airflow/dags/priority_one_number_two_dag.py for tasks to queue
[2024-04-24T09:44:04.494+0000] {logging_mixin.py:188} INFO - [2024-04-24T09:44:04.493+0000] {dagbag.py:540} INFO - Filling up the DagBag from /opt/airflow/dags/priority_one_number_two_dag.py
[2024-04-24T09:44:04.929+0000] {processor.py:840} INFO - DAG(s) 'priority_one_number_two_dag_v1' retrieved from /opt/airflow/dags/priority_one_number_two_dag.py
[2024-04-24T09:44:06.959+0000] {logging_mixin.py:188} INFO - [2024-04-24T09:44:06.949+0000] {dag.py:3096} INFO - Sync 1 DAGs
[2024-04-24T09:44:07.209+0000] {processor.py:183} INFO - Processing /opt/airflow/dags/priority_one_number_two_dag.py took 2.955 seconds
[2024-04-24T09:44:37.631+0000] {processor.py:161} INFO - Started process (PID=392) to work on /opt/airflow/dags/priority_one_number_two_dag.py
[2024-04-24T09:44:37.659+0000] {processor.py:830} INFO - Processing file /opt/airflow/dags/priority_one_number_two_dag.py for tasks to queue
[2024-04-24T09:44:37.664+0000] {logging_mixin.py:188} INFO - [2024-04-24T09:44:37.661+0000] {dagbag.py:540} INFO - Filling up the DagBag from /opt/airflow/dags/priority_one_number_two_dag.py
[2024-04-24T09:44:37.987+0000] {processor.py:840} INFO - DAG(s) 'priority_one_number_two_dag_v1' retrieved from /opt/airflow/dags/priority_one_number_two_dag.py
[2024-04-24T09:44:38.367+0000] {logging_mixin.py:188} INFO - [2024-04-24T09:44:38.366+0000] {dag.py:3096} INFO - Sync 1 DAGs
[2024-04-24T09:44:38.633+0000] {processor.py:183} INFO - Processing /opt/airflow/dags/priority_one_number_two_dag.py took 1.112 seconds
[2024-04-24T09:45:08.970+0000] {processor.py:161} INFO - Started process (PID=403) to work on /opt/airflow/dags/priority_one_number_two_dag.py
[2024-04-24T09:45:08.973+0000] {processor.py:830} INFO - Processing file /opt/airflow/dags/priority_one_number_two_dag.py for tasks to queue
[2024-04-24T09:45:08.976+0000] {logging_mixin.py:188} INFO - [2024-04-24T09:45:08.975+0000] {dagbag.py:540} INFO - Filling up the DagBag from /opt/airflow/dags/priority_one_number_two_dag.py
[2024-04-24T09:45:09.042+0000] {processor.py:840} INFO - DAG(s) 'priority_one_number_two_dag_v1' retrieved from /opt/airflow/dags/priority_one_number_two_dag.py
[2024-04-24T09:45:09.093+0000] {logging_mixin.py:188} INFO - [2024-04-24T09:45:09.093+0000] {dag.py:3096} INFO - Sync 1 DAGs
[2024-04-24T09:45:09.175+0000] {processor.py:183} INFO - Processing /opt/airflow/dags/priority_one_number_two_dag.py took 0.216 seconds
[2024-04-24T09:45:39.894+0000] {processor.py:161} INFO - Started process (PID=415) to work on /opt/airflow/dags/priority_one_number_two_dag.py
[2024-04-24T09:45:39.904+0000] {processor.py:830} INFO - Processing file /opt/airflow/dags/priority_one_number_two_dag.py for tasks to queue
[2024-04-24T09:45:39.908+0000] {logging_mixin.py:188} INFO - [2024-04-24T09:45:39.907+0000] {dagbag.py:540} INFO - Filling up the DagBag from /opt/airflow/dags/priority_one_number_two_dag.py
[2024-04-24T09:45:40.108+0000] {processor.py:840} INFO - DAG(s) 'priority_one_number_two_dag_v1' retrieved from /opt/airflow/dags/priority_one_number_two_dag.py
[2024-04-24T09:45:40.228+0000] {logging_mixin.py:188} INFO - [2024-04-24T09:45:40.226+0000] {dag.py:3096} INFO - Sync 1 DAGs
[2024-04-24T09:45:40.416+0000] {processor.py:183} INFO - Processing /opt/airflow/dags/priority_one_number_two_dag.py took 0.534 seconds
[2024-04-24T09:46:10.568+0000] {processor.py:161} INFO - Started process (PID=425) to work on /opt/airflow/dags/priority_one_number_two_dag.py
[2024-04-24T09:46:10.570+0000] {processor.py:830} INFO - Processing file /opt/airflow/dags/priority_one_number_two_dag.py for tasks to queue
[2024-04-24T09:46:10.571+0000] {logging_mixin.py:188} INFO - [2024-04-24T09:46:10.571+0000] {dagbag.py:540} INFO - Filling up the DagBag from /opt/airflow/dags/priority_one_number_two_dag.py
[2024-04-24T09:46:10.597+0000] {processor.py:840} INFO - DAG(s) 'priority_one_number_two_dag_v1' retrieved from /opt/airflow/dags/priority_one_number_two_dag.py
[2024-04-24T09:46:10.664+0000] {logging_mixin.py:188} INFO - [2024-04-24T09:46:10.664+0000] {dag.py:3096} INFO - Sync 1 DAGs
[2024-04-24T09:46:10.787+0000] {processor.py:183} INFO - Processing /opt/airflow/dags/priority_one_number_two_dag.py took 0.226 seconds
[2024-04-24T09:46:41.254+0000] {processor.py:161} INFO - Started process (PID=437) to work on /opt/airflow/dags/priority_one_number_two_dag.py
[2024-04-24T09:46:41.255+0000] {processor.py:830} INFO - Processing file /opt/airflow/dags/priority_one_number_two_dag.py for tasks to queue
[2024-04-24T09:46:41.256+0000] {logging_mixin.py:188} INFO - [2024-04-24T09:46:41.255+0000] {dagbag.py:540} INFO - Filling up the DagBag from /opt/airflow/dags/priority_one_number_two_dag.py
[2024-04-24T09:46:41.278+0000] {processor.py:840} INFO - DAG(s) 'priority_one_number_two_dag_v1' retrieved from /opt/airflow/dags/priority_one_number_two_dag.py
[2024-04-24T09:46:41.312+0000] {logging_mixin.py:188} INFO - [2024-04-24T09:46:41.311+0000] {dag.py:3096} INFO - Sync 1 DAGs
[2024-04-24T09:46:41.382+0000] {processor.py:183} INFO - Processing /opt/airflow/dags/priority_one_number_two_dag.py took 0.136 seconds
[2024-04-24T09:47:12.386+0000] {processor.py:161} INFO - Started process (PID=449) to work on /opt/airflow/dags/priority_one_number_two_dag.py
[2024-04-24T09:47:12.400+0000] {processor.py:830} INFO - Processing file /opt/airflow/dags/priority_one_number_two_dag.py for tasks to queue
[2024-04-24T09:47:12.424+0000] {logging_mixin.py:188} INFO - [2024-04-24T09:47:12.420+0000] {dagbag.py:540} INFO - Filling up the DagBag from /opt/airflow/dags/priority_one_number_two_dag.py
[2024-04-24T09:47:12.916+0000] {processor.py:840} INFO - DAG(s) 'priority_one_number_two_dag_v1' retrieved from /opt/airflow/dags/priority_one_number_two_dag.py
[2024-04-24T09:47:13.589+0000] {logging_mixin.py:188} INFO - [2024-04-24T09:47:13.589+0000] {dag.py:3096} INFO - Sync 1 DAGs
[2024-04-24T09:47:14.411+0000] {processor.py:183} INFO - Processing /opt/airflow/dags/priority_one_number_two_dag.py took 2.167 seconds
[2024-04-24T09:48:07.123+0000] {processor.py:161} INFO - Started process (PID=455) to work on /opt/airflow/dags/priority_one_number_two_dag.py
[2024-04-24T09:48:07.132+0000] {processor.py:830} INFO - Processing file /opt/airflow/dags/priority_one_number_two_dag.py for tasks to queue
[2024-04-24T09:48:07.139+0000] {logging_mixin.py:188} INFO - [2024-04-24T09:48:07.134+0000] {dagbag.py:540} INFO - Filling up the DagBag from /opt/airflow/dags/priority_one_number_two_dag.py
[2024-04-24T09:48:07.445+0000] {processor.py:840} INFO - DAG(s) 'priority_one_number_two_dag_v1' retrieved from /opt/airflow/dags/priority_one_number_two_dag.py
[2024-04-24T09:48:07.870+0000] {logging_mixin.py:188} INFO - [2024-04-24T09:48:07.869+0000] {dag.py:3096} INFO - Sync 1 DAGs
[2024-04-24T09:48:08.359+0000] {processor.py:183} INFO - Processing /opt/airflow/dags/priority_one_number_two_dag.py took 1.429 seconds
[2024-04-24T09:49:52.047+0000] {processor.py:161} INFO - Started process (PID=41) to work on /opt/airflow/dags/priority_one_number_two_dag.py
[2024-04-24T09:49:52.050+0000] {processor.py:830} INFO - Processing file /opt/airflow/dags/priority_one_number_two_dag.py for tasks to queue
[2024-04-24T09:49:52.061+0000] {logging_mixin.py:188} INFO - [2024-04-24T09:49:52.060+0000] {dagbag.py:540} INFO - Filling up the DagBag from /opt/airflow/dags/priority_one_number_two_dag.py
[2024-04-24T09:49:52.167+0000] {processor.py:840} INFO - DAG(s) 'priority_one_number_two_dag_v1' retrieved from /opt/airflow/dags/priority_one_number_two_dag.py
[2024-04-24T09:49:52.305+0000] {logging_mixin.py:188} INFO - [2024-04-24T09:49:52.301+0000] {dag.py:3096} INFO - Sync 1 DAGs
[2024-04-24T09:49:52.777+0000] {processor.py:183} INFO - Processing /opt/airflow/dags/priority_one_number_two_dag.py took 0.750 seconds
[2024-04-24T09:50:23.353+0000] {processor.py:161} INFO - Started process (PID=55) to work on /opt/airflow/dags/priority_one_number_two_dag.py
[2024-04-24T09:50:23.355+0000] {processor.py:830} INFO - Processing file /opt/airflow/dags/priority_one_number_two_dag.py for tasks to queue
[2024-04-24T09:50:23.356+0000] {logging_mixin.py:188} INFO - [2024-04-24T09:50:23.356+0000] {dagbag.py:540} INFO - Filling up the DagBag from /opt/airflow/dags/priority_one_number_two_dag.py
[2024-04-24T09:50:23.375+0000] {processor.py:840} INFO - DAG(s) 'priority_one_number_two_dag_v1' retrieved from /opt/airflow/dags/priority_one_number_two_dag.py
[2024-04-24T09:50:23.402+0000] {logging_mixin.py:188} INFO - [2024-04-24T09:50:23.402+0000] {dag.py:3096} INFO - Sync 1 DAGs
[2024-04-24T09:50:23.444+0000] {processor.py:183} INFO - Processing /opt/airflow/dags/priority_one_number_two_dag.py took 0.097 seconds
[2024-04-24T09:50:53.799+0000] {processor.py:161} INFO - Started process (PID=67) to work on /opt/airflow/dags/priority_one_number_two_dag.py
[2024-04-24T09:50:53.801+0000] {processor.py:830} INFO - Processing file /opt/airflow/dags/priority_one_number_two_dag.py for tasks to queue
[2024-04-24T09:50:53.805+0000] {logging_mixin.py:188} INFO - [2024-04-24T09:50:53.804+0000] {dagbag.py:540} INFO - Filling up the DagBag from /opt/airflow/dags/priority_one_number_two_dag.py
[2024-04-24T09:50:53.840+0000] {processor.py:840} INFO - DAG(s) 'priority_one_number_two_dag_v1' retrieved from /opt/airflow/dags/priority_one_number_two_dag.py
[2024-04-24T09:50:53.906+0000] {logging_mixin.py:188} INFO - [2024-04-24T09:50:53.905+0000] {dag.py:3096} INFO - Sync 1 DAGs
[2024-04-24T09:50:54.052+0000] {processor.py:183} INFO - Processing /opt/airflow/dags/priority_one_number_two_dag.py took 0.263 seconds
[2024-04-24T09:51:25.133+0000] {processor.py:161} INFO - Started process (PID=79) to work on /opt/airflow/dags/priority_one_number_two_dag.py
[2024-04-24T09:51:25.157+0000] {processor.py:830} INFO - Processing file /opt/airflow/dags/priority_one_number_two_dag.py for tasks to queue
[2024-04-24T09:51:25.196+0000] {logging_mixin.py:188} INFO - [2024-04-24T09:51:25.189+0000] {dagbag.py:540} INFO - Filling up the DagBag from /opt/airflow/dags/priority_one_number_two_dag.py
[2024-04-24T09:51:25.382+0000] {processor.py:840} INFO - DAG(s) 'priority_one_number_two_dag_v1' retrieved from /opt/airflow/dags/priority_one_number_two_dag.py
[2024-04-24T09:51:25.628+0000] {logging_mixin.py:188} INFO - [2024-04-24T09:51:25.628+0000] {dag.py:3096} INFO - Sync 1 DAGs
[2024-04-24T09:51:25.805+0000] {processor.py:183} INFO - Processing /opt/airflow/dags/priority_one_number_two_dag.py took 0.811 seconds
[2024-04-24T09:51:56.702+0000] {processor.py:161} INFO - Started process (PID=91) to work on /opt/airflow/dags/priority_one_number_two_dag.py
[2024-04-24T09:51:56.704+0000] {processor.py:830} INFO - Processing file /opt/airflow/dags/priority_one_number_two_dag.py for tasks to queue
[2024-04-24T09:51:56.710+0000] {logging_mixin.py:188} INFO - [2024-04-24T09:51:56.709+0000] {dagbag.py:540} INFO - Filling up the DagBag from /opt/airflow/dags/priority_one_number_two_dag.py
[2024-04-24T09:51:56.750+0000] {processor.py:840} INFO - DAG(s) 'priority_one_number_two_dag_v1' retrieved from /opt/airflow/dags/priority_one_number_two_dag.py
[2024-04-24T09:51:56.816+0000] {logging_mixin.py:188} INFO - [2024-04-24T09:51:56.816+0000] {dag.py:3096} INFO - Sync 1 DAGs
[2024-04-24T09:51:56.917+0000] {processor.py:183} INFO - Processing /opt/airflow/dags/priority_one_number_two_dag.py took 0.266 seconds
[2024-04-24T09:52:27.720+0000] {processor.py:161} INFO - Started process (PID=103) to work on /opt/airflow/dags/priority_one_number_two_dag.py
[2024-04-24T09:52:27.723+0000] {processor.py:830} INFO - Processing file /opt/airflow/dags/priority_one_number_two_dag.py for tasks to queue
[2024-04-24T09:52:27.726+0000] {logging_mixin.py:188} INFO - [2024-04-24T09:52:27.725+0000] {dagbag.py:540} INFO - Filling up the DagBag from /opt/airflow/dags/priority_one_number_two_dag.py
[2024-04-24T09:52:27.756+0000] {processor.py:840} INFO - DAG(s) 'priority_one_number_two_dag_v1' retrieved from /opt/airflow/dags/priority_one_number_two_dag.py
[2024-04-24T09:52:27.795+0000] {logging_mixin.py:188} INFO - [2024-04-24T09:52:27.794+0000] {dag.py:3096} INFO - Sync 1 DAGs
[2024-04-24T09:52:27.851+0000] {processor.py:183} INFO - Processing /opt/airflow/dags/priority_one_number_two_dag.py took 0.139 seconds
[2024-04-24T09:53:00.537+0000] {processor.py:161} INFO - Started process (PID=115) to work on /opt/airflow/dags/priority_one_number_two_dag.py
[2024-04-24T09:53:00.540+0000] {processor.py:830} INFO - Processing file /opt/airflow/dags/priority_one_number_two_dag.py for tasks to queue
[2024-04-24T09:53:00.545+0000] {logging_mixin.py:188} INFO - [2024-04-24T09:53:00.544+0000] {dagbag.py:540} INFO - Filling up the DagBag from /opt/airflow/dags/priority_one_number_two_dag.py
[2024-04-24T09:53:00.593+0000] {processor.py:840} INFO - DAG(s) 'priority_one_number_two_dag_v1' retrieved from /opt/airflow/dags/priority_one_number_two_dag.py
[2024-04-24T09:53:00.705+0000] {logging_mixin.py:188} INFO - [2024-04-24T09:53:00.705+0000] {dag.py:3096} INFO - Sync 1 DAGs
[2024-04-24T09:53:00.862+0000] {processor.py:183} INFO - Processing /opt/airflow/dags/priority_one_number_two_dag.py took 0.351 seconds
[2024-04-24T09:54:14.186+0000] {processor.py:161} INFO - Started process (PID=147) to work on /opt/airflow/dags/priority_one_number_two_dag.py
[2024-04-24T09:54:14.209+0000] {processor.py:830} INFO - Processing file /opt/airflow/dags/priority_one_number_two_dag.py for tasks to queue
[2024-04-24T09:54:14.223+0000] {logging_mixin.py:188} INFO - [2024-04-24T09:54:14.222+0000] {dagbag.py:540} INFO - Filling up the DagBag from /opt/airflow/dags/priority_one_number_two_dag.py
[2024-04-24T09:54:14.398+0000] {processor.py:840} INFO - DAG(s) 'priority_one_number_two_dag_v1' retrieved from /opt/airflow/dags/priority_one_number_two_dag.py
[2024-04-24T09:54:14.708+0000] {logging_mixin.py:188} INFO - [2024-04-24T09:54:14.707+0000] {dag.py:3096} INFO - Sync 1 DAGs
[2024-04-24T09:54:15.504+0000] {processor.py:183} INFO - Processing /opt/airflow/dags/priority_one_number_two_dag.py took 1.395 seconds
[2024-04-24T09:54:45.918+0000] {processor.py:161} INFO - Started process (PID=157) to work on /opt/airflow/dags/priority_one_number_two_dag.py
[2024-04-24T09:54:45.920+0000] {processor.py:830} INFO - Processing file /opt/airflow/dags/priority_one_number_two_dag.py for tasks to queue
[2024-04-24T09:54:45.925+0000] {logging_mixin.py:188} INFO - [2024-04-24T09:54:45.923+0000] {dagbag.py:540} INFO - Filling up the DagBag from /opt/airflow/dags/priority_one_number_two_dag.py
[2024-04-24T09:54:45.958+0000] {processor.py:840} INFO - DAG(s) 'priority_one_number_two_dag_v1' retrieved from /opt/airflow/dags/priority_one_number_two_dag.py
[2024-04-24T09:54:45.993+0000] {logging_mixin.py:188} INFO - [2024-04-24T09:54:45.992+0000] {dag.py:3096} INFO - Sync 1 DAGs
[2024-04-24T09:54:46.044+0000] {processor.py:183} INFO - Processing /opt/airflow/dags/priority_one_number_two_dag.py took 0.135 seconds
[2024-04-24T09:55:29.290+0000] {processor.py:161} INFO - Started process (PID=181) to work on /opt/airflow/dags/priority_one_number_two_dag.py
[2024-04-24T09:55:29.316+0000] {processor.py:830} INFO - Processing file /opt/airflow/dags/priority_one_number_two_dag.py for tasks to queue
[2024-04-24T09:55:29.352+0000] {logging_mixin.py:188} INFO - [2024-04-24T09:55:29.352+0000] {dagbag.py:540} INFO - Filling up the DagBag from /opt/airflow/dags/priority_one_number_two_dag.py
[2024-04-24T09:55:29.941+0000] {processor.py:840} INFO - DAG(s) 'priority_one_number_two_dag_v1' retrieved from /opt/airflow/dags/priority_one_number_two_dag.py
[2024-04-24T09:55:41.504+0000] {logging_mixin.py:188} INFO - [2024-04-24T09:55:41.448+0000] {dag.py:3096} INFO - Sync 1 DAGs
[2024-04-24T09:55:42.039+0000] {processor.py:183} INFO - Processing /opt/airflow/dags/priority_one_number_two_dag.py took 12.852 seconds
[2024-04-24T09:56:30.093+0000] {processor.py:161} INFO - Started process (PID=191) to work on /opt/airflow/dags/priority_one_number_two_dag.py
[2024-04-24T09:56:30.108+0000] {processor.py:830} INFO - Processing file /opt/airflow/dags/priority_one_number_two_dag.py for tasks to queue
[2024-04-24T09:56:30.132+0000] {logging_mixin.py:188} INFO - [2024-04-24T09:56:30.125+0000] {dagbag.py:540} INFO - Filling up the DagBag from /opt/airflow/dags/priority_one_number_two_dag.py
[2024-04-24T09:56:31.382+0000] {processor.py:840} INFO - DAG(s) 'priority_one_number_two_dag_v1' retrieved from /opt/airflow/dags/priority_one_number_two_dag.py
[2024-04-24T09:56:31.841+0000] {logging_mixin.py:188} INFO - [2024-04-24T09:56:31.840+0000] {dag.py:3096} INFO - Sync 1 DAGs
[2024-04-24T09:56:32.030+0000] {processor.py:183} INFO - Processing /opt/airflow/dags/priority_one_number_two_dag.py took 2.083 seconds
[2024-04-24T09:57:02.530+0000] {processor.py:161} INFO - Started process (PID=204) to work on /opt/airflow/dags/priority_one_number_two_dag.py
[2024-04-24T09:57:02.535+0000] {processor.py:830} INFO - Processing file /opt/airflow/dags/priority_one_number_two_dag.py for tasks to queue
[2024-04-24T09:57:02.538+0000] {logging_mixin.py:188} INFO - [2024-04-24T09:57:02.537+0000] {dagbag.py:540} INFO - Filling up the DagBag from /opt/airflow/dags/priority_one_number_two_dag.py
[2024-04-24T09:57:02.611+0000] {processor.py:840} INFO - DAG(s) 'priority_one_number_two_dag_v1' retrieved from /opt/airflow/dags/priority_one_number_two_dag.py
[2024-04-24T09:57:02.681+0000] {logging_mixin.py:188} INFO - [2024-04-24T09:57:02.681+0000] {dag.py:3096} INFO - Sync 1 DAGs
[2024-04-24T09:57:02.802+0000] {processor.py:183} INFO - Processing /opt/airflow/dags/priority_one_number_two_dag.py took 0.300 seconds
[2024-04-24T09:57:33.768+0000] {processor.py:161} INFO - Started process (PID=216) to work on /opt/airflow/dags/priority_one_number_two_dag.py
[2024-04-24T09:57:33.772+0000] {processor.py:830} INFO - Processing file /opt/airflow/dags/priority_one_number_two_dag.py for tasks to queue
[2024-04-24T09:57:33.774+0000] {logging_mixin.py:188} INFO - [2024-04-24T09:57:33.773+0000] {dagbag.py:540} INFO - Filling up the DagBag from /opt/airflow/dags/priority_one_number_two_dag.py
[2024-04-24T09:57:33.798+0000] {processor.py:840} INFO - DAG(s) 'priority_one_number_two_dag_v1' retrieved from /opt/airflow/dags/priority_one_number_two_dag.py
[2024-04-24T09:57:33.835+0000] {logging_mixin.py:188} INFO - [2024-04-24T09:57:33.834+0000] {dag.py:3096} INFO - Sync 1 DAGs
[2024-04-24T09:57:33.884+0000] {processor.py:183} INFO - Processing /opt/airflow/dags/priority_one_number_two_dag.py took 0.125 seconds
[2024-04-24T09:58:47.693+0000] {processor.py:161} INFO - Started process (PID=228) to work on /opt/airflow/dags/priority_one_number_two_dag.py
[2024-04-24T09:58:47.696+0000] {processor.py:830} INFO - Processing file /opt/airflow/dags/priority_one_number_two_dag.py for tasks to queue
[2024-04-24T09:58:47.707+0000] {logging_mixin.py:188} INFO - [2024-04-24T09:58:47.700+0000] {dagbag.py:540} INFO - Filling up the DagBag from /opt/airflow/dags/priority_one_number_two_dag.py
[2024-04-24T09:58:47.840+0000] {processor.py:840} INFO - DAG(s) 'priority_one_number_two_dag_v1' retrieved from /opt/airflow/dags/priority_one_number_two_dag.py
[2024-04-24T09:58:49.156+0000] {logging_mixin.py:188} INFO - [2024-04-24T09:58:49.127+0000] {dag.py:3096} INFO - Sync 1 DAGs
[2024-04-24T09:58:49.519+0000] {processor.py:183} INFO - Processing /opt/airflow/dags/priority_one_number_two_dag.py took 1.863 seconds
[2024-04-24T09:59:34.137+0000] {processor.py:161} INFO - Started process (PID=234) to work on /opt/airflow/dags/priority_one_number_two_dag.py
[2024-04-24T09:59:34.140+0000] {processor.py:830} INFO - Processing file /opt/airflow/dags/priority_one_number_two_dag.py for tasks to queue
[2024-04-24T09:59:34.142+0000] {logging_mixin.py:188} INFO - [2024-04-24T09:59:34.141+0000] {dagbag.py:540} INFO - Filling up the DagBag from /opt/airflow/dags/priority_one_number_two_dag.py
[2024-04-24T09:59:34.229+0000] {processor.py:840} INFO - DAG(s) 'priority_one_number_two_dag_v1' retrieved from /opt/airflow/dags/priority_one_number_two_dag.py
[2024-04-24T09:59:34.780+0000] {logging_mixin.py:188} INFO - [2024-04-24T09:59:34.780+0000] {dag.py:3096} INFO - Sync 1 DAGs
[2024-04-24T09:59:34.922+0000] {processor.py:183} INFO - Processing /opt/airflow/dags/priority_one_number_two_dag.py took 0.825 seconds
[2024-04-24T10:00:47.471+0000] {processor.py:161} INFO - Started process (PID=274) to work on /opt/airflow/dags/priority_one_number_two_dag.py
[2024-04-24T10:00:47.552+0000] {processor.py:830} INFO - Processing file /opt/airflow/dags/priority_one_number_two_dag.py for tasks to queue
[2024-04-24T10:00:47.652+0000] {logging_mixin.py:188} INFO - [2024-04-24T10:00:47.649+0000] {dagbag.py:540} INFO - Filling up the DagBag from /opt/airflow/dags/priority_one_number_two_dag.py
[2024-04-24T10:00:48.576+0000] {processor.py:840} INFO - DAG(s) 'priority_one_number_two_dag_v1' retrieved from /opt/airflow/dags/priority_one_number_two_dag.py
[2024-04-24T10:00:49.027+0000] {logging_mixin.py:188} INFO - [2024-04-24T10:00:49.026+0000] {dag.py:3096} INFO - Sync 1 DAGs
[2024-04-24T10:00:49.765+0000] {processor.py:183} INFO - Processing /opt/airflow/dags/priority_one_number_two_dag.py took 2.410 seconds
[2024-04-24T10:01:20.307+0000] {processor.py:161} INFO - Started process (PID=286) to work on /opt/airflow/dags/priority_one_number_two_dag.py
[2024-04-24T10:01:20.309+0000] {processor.py:830} INFO - Processing file /opt/airflow/dags/priority_one_number_two_dag.py for tasks to queue
[2024-04-24T10:01:20.312+0000] {logging_mixin.py:188} INFO - [2024-04-24T10:01:20.311+0000] {dagbag.py:540} INFO - Filling up the DagBag from /opt/airflow/dags/priority_one_number_two_dag.py
[2024-04-24T10:01:20.386+0000] {processor.py:840} INFO - DAG(s) 'priority_one_number_two_dag_v1' retrieved from /opt/airflow/dags/priority_one_number_two_dag.py
[2024-04-24T10:01:20.662+0000] {logging_mixin.py:188} INFO - [2024-04-24T10:01:20.660+0000] {dag.py:3096} INFO - Sync 1 DAGs
[2024-04-24T10:01:20.801+0000] {processor.py:183} INFO - Processing /opt/airflow/dags/priority_one_number_two_dag.py took 0.523 seconds
[2024-04-24T10:01:50.900+0000] {processor.py:161} INFO - Started process (PID=296) to work on /opt/airflow/dags/priority_one_number_two_dag.py
[2024-04-24T10:01:50.901+0000] {processor.py:830} INFO - Processing file /opt/airflow/dags/priority_one_number_two_dag.py for tasks to queue
[2024-04-24T10:01:50.902+0000] {logging_mixin.py:188} INFO - [2024-04-24T10:01:50.902+0000] {dagbag.py:540} INFO - Filling up the DagBag from /opt/airflow/dags/priority_one_number_two_dag.py
[2024-04-24T10:01:50.932+0000] {processor.py:840} INFO - DAG(s) 'priority_one_number_two_dag_v1' retrieved from /opt/airflow/dags/priority_one_number_two_dag.py
[2024-04-24T10:01:51.042+0000] {logging_mixin.py:188} INFO - [2024-04-24T10:01:51.042+0000] {dag.py:3096} INFO - Sync 1 DAGs
[2024-04-24T10:01:51.234+0000] {processor.py:183} INFO - Processing /opt/airflow/dags/priority_one_number_two_dag.py took 0.343 seconds
[2024-04-24T10:02:21.904+0000] {processor.py:161} INFO - Started process (PID=309) to work on /opt/airflow/dags/priority_one_number_two_dag.py
[2024-04-24T10:02:21.907+0000] {processor.py:830} INFO - Processing file /opt/airflow/dags/priority_one_number_two_dag.py for tasks to queue
[2024-04-24T10:02:21.912+0000] {logging_mixin.py:188} INFO - [2024-04-24T10:02:21.911+0000] {dagbag.py:540} INFO - Filling up the DagBag from /opt/airflow/dags/priority_one_number_two_dag.py
[2024-04-24T10:02:21.946+0000] {processor.py:840} INFO - DAG(s) 'priority_one_number_two_dag_v1' retrieved from /opt/airflow/dags/priority_one_number_two_dag.py
[2024-04-24T10:02:21.986+0000] {logging_mixin.py:188} INFO - [2024-04-24T10:02:21.985+0000] {dag.py:3096} INFO - Sync 1 DAGs
[2024-04-24T10:02:22.044+0000] {processor.py:183} INFO - Processing /opt/airflow/dags/priority_one_number_two_dag.py took 0.153 seconds
[2024-04-24T10:03:00.832+0000] {processor.py:161} INFO - Started process (PID=315) to work on /opt/airflow/dags/priority_one_number_two_dag.py
[2024-04-24T10:03:00.835+0000] {processor.py:830} INFO - Processing file /opt/airflow/dags/priority_one_number_two_dag.py for tasks to queue
[2024-04-24T10:03:00.840+0000] {logging_mixin.py:188} INFO - [2024-04-24T10:03:00.837+0000] {dagbag.py:540} INFO - Filling up the DagBag from /opt/airflow/dags/priority_one_number_two_dag.py
[2024-04-24T10:03:00.916+0000] {processor.py:840} INFO - DAG(s) 'priority_one_number_two_dag_v1' retrieved from /opt/airflow/dags/priority_one_number_two_dag.py
[2024-04-24T10:03:02.063+0000] {logging_mixin.py:188} INFO - [2024-04-24T10:03:02.048+0000] {dag.py:3096} INFO - Sync 1 DAGs
[2024-04-24T10:03:02.284+0000] {processor.py:183} INFO - Processing /opt/airflow/dags/priority_one_number_two_dag.py took 1.482 seconds
[2024-04-24T10:03:32.626+0000] {processor.py:161} INFO - Started process (PID=327) to work on /opt/airflow/dags/priority_one_number_two_dag.py
[2024-04-24T10:03:32.628+0000] {processor.py:830} INFO - Processing file /opt/airflow/dags/priority_one_number_two_dag.py for tasks to queue
[2024-04-24T10:03:32.631+0000] {logging_mixin.py:188} INFO - [2024-04-24T10:03:32.630+0000] {dagbag.py:540} INFO - Filling up the DagBag from /opt/airflow/dags/priority_one_number_two_dag.py
[2024-04-24T10:03:32.681+0000] {processor.py:840} INFO - DAG(s) 'priority_one_number_two_dag_v1' retrieved from /opt/airflow/dags/priority_one_number_two_dag.py
[2024-04-24T10:03:32.734+0000] {logging_mixin.py:188} INFO - [2024-04-24T10:03:32.733+0000] {dag.py:3096} INFO - Sync 1 DAGs
[2024-04-24T10:03:32.860+0000] {processor.py:183} INFO - Processing /opt/airflow/dags/priority_one_number_two_dag.py took 0.251 seconds
[2024-04-24T10:04:46.534+0000] {processor.py:161} INFO - Started process (PID=339) to work on /opt/airflow/dags/priority_one_number_two_dag.py
[2024-04-24T10:04:46.546+0000] {processor.py:830} INFO - Processing file /opt/airflow/dags/priority_one_number_two_dag.py for tasks to queue
[2024-04-24T10:04:46.568+0000] {logging_mixin.py:188} INFO - [2024-04-24T10:04:46.566+0000] {dagbag.py:540} INFO - Filling up the DagBag from /opt/airflow/dags/priority_one_number_two_dag.py
[2024-04-24T10:04:46.910+0000] {processor.py:840} INFO - DAG(s) 'priority_one_number_two_dag_v1' retrieved from /opt/airflow/dags/priority_one_number_two_dag.py
[2024-04-24T10:04:50.532+0000] {logging_mixin.py:188} INFO - [2024-04-24T10:04:50.503+0000] {dag.py:3096} INFO - Sync 1 DAGs
[2024-04-24T10:04:50.882+0000] {processor.py:183} INFO - Processing /opt/airflow/dags/priority_one_number_two_dag.py took 4.603 seconds
[2024-04-24T10:05:22.434+0000] {processor.py:161} INFO - Started process (PID=351) to work on /opt/airflow/dags/priority_one_number_two_dag.py
[2024-04-24T10:05:22.436+0000] {processor.py:830} INFO - Processing file /opt/airflow/dags/priority_one_number_two_dag.py for tasks to queue
[2024-04-24T10:05:22.438+0000] {logging_mixin.py:188} INFO - [2024-04-24T10:05:22.437+0000] {dagbag.py:540} INFO - Filling up the DagBag from /opt/airflow/dags/priority_one_number_two_dag.py
[2024-04-24T10:05:22.476+0000] {processor.py:840} INFO - DAG(s) 'priority_one_number_two_dag_v1' retrieved from /opt/airflow/dags/priority_one_number_two_dag.py
[2024-04-24T10:05:22.531+0000] {logging_mixin.py:188} INFO - [2024-04-24T10:05:22.531+0000] {dag.py:3096} INFO - Sync 1 DAGs
[2024-04-24T10:05:22.579+0000] {processor.py:183} INFO - Processing /opt/airflow/dags/priority_one_number_two_dag.py took 0.157 seconds
[2024-04-24T10:05:53.146+0000] {processor.py:161} INFO - Started process (PID=371) to work on /opt/airflow/dags/priority_one_number_two_dag.py
[2024-04-24T10:05:53.156+0000] {processor.py:830} INFO - Processing file /opt/airflow/dags/priority_one_number_two_dag.py for tasks to queue
[2024-04-24T10:05:53.178+0000] {logging_mixin.py:188} INFO - [2024-04-24T10:05:53.159+0000] {dagbag.py:540} INFO - Filling up the DagBag from /opt/airflow/dags/priority_one_number_two_dag.py
[2024-04-24T10:05:53.328+0000] {processor.py:840} INFO - DAG(s) 'priority_one_number_two_dag_v1' retrieved from /opt/airflow/dags/priority_one_number_two_dag.py
[2024-04-24T10:07:33.693+0000] {processor.py:161} INFO - Started process (PID=386) to work on /opt/airflow/dags/priority_one_number_two_dag.py
[2024-04-24T10:07:33.697+0000] {processor.py:830} INFO - Processing file /opt/airflow/dags/priority_one_number_two_dag.py for tasks to queue
[2024-04-24T10:07:33.731+0000] {logging_mixin.py:188} INFO - [2024-04-24T10:07:33.708+0000] {dagbag.py:540} INFO - Filling up the DagBag from /opt/airflow/dags/priority_one_number_two_dag.py
[2024-04-24T10:07:34.101+0000] {processor.py:840} INFO - DAG(s) 'priority_one_number_two_dag_v1' retrieved from /opt/airflow/dags/priority_one_number_two_dag.py
[2024-04-24T10:07:34.496+0000] {logging_mixin.py:188} INFO - [2024-04-24T10:07:34.495+0000] {dag.py:3096} INFO - Sync 1 DAGs
[2024-04-24T10:07:34.909+0000] {processor.py:183} INFO - Processing /opt/airflow/dags/priority_one_number_two_dag.py took 1.300 seconds
[2024-04-24T10:08:05.076+0000] {processor.py:161} INFO - Started process (PID=397) to work on /opt/airflow/dags/priority_one_number_two_dag.py
[2024-04-24T10:08:05.078+0000] {processor.py:830} INFO - Processing file /opt/airflow/dags/priority_one_number_two_dag.py for tasks to queue
[2024-04-24T10:08:05.079+0000] {logging_mixin.py:188} INFO - [2024-04-24T10:08:05.079+0000] {dagbag.py:540} INFO - Filling up the DagBag from /opt/airflow/dags/priority_one_number_two_dag.py
[2024-04-24T10:08:05.104+0000] {processor.py:840} INFO - DAG(s) 'priority_one_number_two_dag_v1' retrieved from /opt/airflow/dags/priority_one_number_two_dag.py
[2024-04-24T10:08:05.134+0000] {logging_mixin.py:188} INFO - [2024-04-24T10:08:05.133+0000] {dag.py:3096} INFO - Sync 1 DAGs
[2024-04-24T10:08:05.180+0000] {processor.py:183} INFO - Processing /opt/airflow/dags/priority_one_number_two_dag.py took 0.115 seconds
[2024-04-24T10:08:35.738+0000] {processor.py:161} INFO - Started process (PID=409) to work on /opt/airflow/dags/priority_one_number_two_dag.py
[2024-04-24T10:08:35.739+0000] {processor.py:830} INFO - Processing file /opt/airflow/dags/priority_one_number_two_dag.py for tasks to queue
[2024-04-24T10:08:35.740+0000] {logging_mixin.py:188} INFO - [2024-04-24T10:08:35.740+0000] {dagbag.py:540} INFO - Filling up the DagBag from /opt/airflow/dags/priority_one_number_two_dag.py
[2024-04-24T10:08:35.768+0000] {processor.py:840} INFO - DAG(s) 'priority_one_number_two_dag_v1' retrieved from /opt/airflow/dags/priority_one_number_two_dag.py
[2024-04-24T10:08:35.798+0000] {logging_mixin.py:188} INFO - [2024-04-24T10:08:35.798+0000] {dag.py:3096} INFO - Sync 1 DAGs
[2024-04-24T10:08:35.842+0000] {processor.py:183} INFO - Processing /opt/airflow/dags/priority_one_number_two_dag.py took 0.110 seconds
[2024-04-24T10:09:12.615+0000] {processor.py:161} INFO - Started process (PID=422) to work on /opt/airflow/dags/priority_one_number_two_dag.py
[2024-04-24T10:09:12.629+0000] {processor.py:830} INFO - Processing file /opt/airflow/dags/priority_one_number_two_dag.py for tasks to queue
[2024-04-24T10:09:12.637+0000] {logging_mixin.py:188} INFO - [2024-04-24T10:09:12.634+0000] {dagbag.py:540} INFO - Filling up the DagBag from /opt/airflow/dags/priority_one_number_two_dag.py
[2024-04-24T10:09:13.210+0000] {processor.py:840} INFO - DAG(s) 'priority_one_number_two_dag_v1' retrieved from /opt/airflow/dags/priority_one_number_two_dag.py
[2024-04-24T10:09:18.528+0000] {logging_mixin.py:188} INFO - [2024-04-24T10:09:18.527+0000] {process_utils.py:263} INFO - Waiting up to 5 seconds for processes to exit...
