[2024-04-24T09:14:17.765+0000] {processor.py:161} INFO - Started process (PID=55) to work on /opt/airflow/dags/priority_one_number_one_dag.py
[2024-04-24T09:14:17.810+0000] {processor.py:830} INFO - Processing file /opt/airflow/dags/priority_one_number_one_dag.py for tasks to queue
[2024-04-24T09:14:18.054+0000] {logging_mixin.py:188} INFO - [2024-04-24T09:14:18.038+0000] {dagbag.py:540} INFO - Filling up the DagBag from /opt/airflow/dags/priority_one_number_one_dag.py
[2024-04-24T09:14:19.275+0000] {processor.py:840} INFO - DAG(s) 'priority_one_number_one_dag_v1' retrieved from /opt/airflow/dags/priority_one_number_one_dag.py
[2024-04-24T09:14:21.463+0000] {logging_mixin.py:188} INFO - [2024-04-24T09:14:21.460+0000] {dag.py:3096} INFO - Sync 1 DAGs
[2024-04-24T09:14:21.862+0000] {logging_mixin.py:188} INFO - [2024-04-24T09:14:21.860+0000] {dag.py:3954} INFO - Setting next_dagrun for priority_one_number_one_dag_v1 to 2024-04-16 00:00:00+00:00, run_after=2024-04-17 00:00:00+00:00
[2024-04-24T09:14:22.154+0000] {processor.py:183} INFO - Processing /opt/airflow/dags/priority_one_number_one_dag.py took 4.630 seconds
[2024-04-24T09:14:55.614+0000] {processor.py:161} INFO - Started process (PID=64) to work on /opt/airflow/dags/priority_one_number_one_dag.py
[2024-04-24T09:14:55.624+0000] {processor.py:830} INFO - Processing file /opt/airflow/dags/priority_one_number_one_dag.py for tasks to queue
[2024-04-24T09:14:55.662+0000] {logging_mixin.py:188} INFO - [2024-04-24T09:14:55.656+0000] {dagbag.py:540} INFO - Filling up the DagBag from /opt/airflow/dags/priority_one_number_one_dag.py
[2024-04-24T09:15:01.769+0000] {processor.py:840} INFO - DAG(s) 'priority_one_number_one_dag_v1' retrieved from /opt/airflow/dags/priority_one_number_one_dag.py
[2024-04-24T09:15:01.946+0000] {logging_mixin.py:188} INFO - [2024-04-24T09:15:01.945+0000] {dag.py:3096} INFO - Sync 1 DAGs
[2024-04-24T09:15:02.010+0000] {logging_mixin.py:188} INFO - [2024-04-24T09:15:02.009+0000] {dag.py:3954} INFO - Setting next_dagrun for priority_one_number_one_dag_v1 to 2024-04-16 00:00:00+00:00, run_after=2024-04-17 00:00:00+00:00
[2024-04-24T09:15:02.080+0000] {processor.py:183} INFO - Processing /opt/airflow/dags/priority_one_number_one_dag.py took 6.894 seconds
[2024-04-24T09:15:48.518+0000] {processor.py:161} INFO - Started process (PID=75) to work on /opt/airflow/dags/priority_one_number_one_dag.py
[2024-04-24T09:15:48.546+0000] {processor.py:830} INFO - Processing file /opt/airflow/dags/priority_one_number_one_dag.py for tasks to queue
[2024-04-24T09:15:49.009+0000] {logging_mixin.py:188} INFO - [2024-04-24T09:15:48.970+0000] {dagbag.py:540} INFO - Filling up the DagBag from /opt/airflow/dags/priority_one_number_one_dag.py
[2024-04-24T09:15:51.686+0000] {processor.py:840} INFO - DAG(s) 'priority_one_number_one_dag_v1' retrieved from /opt/airflow/dags/priority_one_number_one_dag.py
[2024-04-24T09:15:54.045+0000] {logging_mixin.py:188} INFO - [2024-04-24T09:15:53.981+0000] {dag.py:3096} INFO - Sync 1 DAGs
[2024-04-24T09:15:55.212+0000] {logging_mixin.py:188} INFO - [2024-04-24T09:15:55.211+0000] {dag.py:3954} INFO - Setting next_dagrun for priority_one_number_one_dag_v1 to 2024-04-16 00:00:00+00:00, run_after=2024-04-17 00:00:00+00:00
[2024-04-24T09:15:55.499+0000] {processor.py:183} INFO - Processing /opt/airflow/dags/priority_one_number_one_dag.py took 9.324 seconds
[2024-04-24T09:17:15.016+0000] {processor.py:161} INFO - Started process (PID=82) to work on /opt/airflow/dags/priority_one_number_one_dag.py
[2024-04-24T09:17:15.060+0000] {processor.py:830} INFO - Processing file /opt/airflow/dags/priority_one_number_one_dag.py for tasks to queue
[2024-04-24T09:17:15.077+0000] {logging_mixin.py:188} INFO - [2024-04-24T09:17:15.068+0000] {dagbag.py:540} INFO - Filling up the DagBag from /opt/airflow/dags/priority_one_number_one_dag.py
[2024-04-24T09:17:16.212+0000] {processor.py:840} INFO - DAG(s) 'priority_one_number_one_dag_v1' retrieved from /opt/airflow/dags/priority_one_number_one_dag.py
[2024-04-24T09:17:20.549+0000] {logging_mixin.py:188} INFO - [2024-04-24T09:17:20.527+0000] {dag.py:3096} INFO - Sync 1 DAGs
[2024-04-24T09:17:29.876+0000] {logging_mixin.py:188} INFO - [2024-04-24T09:17:29.870+0000] {process_utils.py:263} INFO - Waiting up to 5 seconds for processes to exit...
[2024-04-24T09:18:11.131+0000] {processor.py:161} INFO - Started process (PID=40) to work on /opt/airflow/dags/priority_one_number_one_dag.py
[2024-04-24T09:18:11.136+0000] {processor.py:830} INFO - Processing file /opt/airflow/dags/priority_one_number_one_dag.py for tasks to queue
[2024-04-24T09:18:11.147+0000] {logging_mixin.py:188} INFO - [2024-04-24T09:18:11.145+0000] {dagbag.py:540} INFO - Filling up the DagBag from /opt/airflow/dags/priority_one_number_one_dag.py
[2024-04-24T09:18:11.203+0000] {processor.py:840} INFO - DAG(s) 'priority_one_number_one_dag_v1' retrieved from /opt/airflow/dags/priority_one_number_one_dag.py
[2024-04-24T09:18:11.356+0000] {logging_mixin.py:188} INFO - [2024-04-24T09:18:11.356+0000] {dag.py:3096} INFO - Sync 1 DAGs
[2024-04-24T09:18:11.699+0000] {logging_mixin.py:188} INFO - [2024-04-24T09:18:11.697+0000] {dag.py:3954} INFO - Setting next_dagrun for priority_one_number_one_dag_v1 to 2024-04-16 00:00:00+00:00, run_after=2024-04-17 00:00:00+00:00
[2024-04-24T09:18:11.875+0000] {processor.py:183} INFO - Processing /opt/airflow/dags/priority_one_number_one_dag.py took 0.755 seconds
[2024-04-24T09:18:42.684+0000] {processor.py:161} INFO - Started process (PID=54) to work on /opt/airflow/dags/priority_one_number_one_dag.py
[2024-04-24T09:18:42.687+0000] {processor.py:830} INFO - Processing file /opt/airflow/dags/priority_one_number_one_dag.py for tasks to queue
[2024-04-24T09:18:42.701+0000] {logging_mixin.py:188} INFO - [2024-04-24T09:18:42.700+0000] {dagbag.py:540} INFO - Filling up the DagBag from /opt/airflow/dags/priority_one_number_one_dag.py
[2024-04-24T09:18:42.788+0000] {processor.py:840} INFO - DAG(s) 'priority_one_number_one_dag_v1' retrieved from /opt/airflow/dags/priority_one_number_one_dag.py
[2024-04-24T09:18:43.049+0000] {logging_mixin.py:188} INFO - [2024-04-24T09:18:43.048+0000] {dag.py:3096} INFO - Sync 1 DAGs
[2024-04-24T09:18:43.274+0000] {logging_mixin.py:188} INFO - [2024-04-24T09:18:43.273+0000] {dag.py:3954} INFO - Setting next_dagrun for priority_one_number_one_dag_v1 to 2024-04-16 00:00:00+00:00, run_after=2024-04-17 00:00:00+00:00
[2024-04-24T09:18:43.385+0000] {processor.py:183} INFO - Processing /opt/airflow/dags/priority_one_number_one_dag.py took 0.721 seconds
[2024-04-24T09:19:13.755+0000] {processor.py:161} INFO - Started process (PID=66) to work on /opt/airflow/dags/priority_one_number_one_dag.py
[2024-04-24T09:19:13.920+0000] {processor.py:830} INFO - Processing file /opt/airflow/dags/priority_one_number_one_dag.py for tasks to queue
[2024-04-24T09:19:14.135+0000] {logging_mixin.py:188} INFO - [2024-04-24T09:19:14.120+0000] {dagbag.py:540} INFO - Filling up the DagBag from /opt/airflow/dags/priority_one_number_one_dag.py
[2024-04-24T09:19:16.303+0000] {processor.py:840} INFO - DAG(s) 'priority_one_number_one_dag_v1' retrieved from /opt/airflow/dags/priority_one_number_one_dag.py
[2024-04-24T09:19:18.812+0000] {logging_mixin.py:188} INFO - [2024-04-24T09:19:18.799+0000] {dag.py:3096} INFO - Sync 1 DAGs
[2024-04-24T09:19:20.032+0000] {logging_mixin.py:188} INFO - [2024-04-24T09:19:20.031+0000] {dag.py:3954} INFO - Setting next_dagrun for priority_one_number_one_dag_v1 to 2024-04-16 00:00:00+00:00, run_after=2024-04-17 00:00:00+00:00
[2024-04-24T09:19:20.896+0000] {processor.py:183} INFO - Processing /opt/airflow/dags/priority_one_number_one_dag.py took 7.233 seconds
[2024-04-24T09:19:51.255+0000] {processor.py:161} INFO - Started process (PID=76) to work on /opt/airflow/dags/priority_one_number_one_dag.py
[2024-04-24T09:19:51.260+0000] {processor.py:830} INFO - Processing file /opt/airflow/dags/priority_one_number_one_dag.py for tasks to queue
[2024-04-24T09:19:51.268+0000] {logging_mixin.py:188} INFO - [2024-04-24T09:19:51.267+0000] {dagbag.py:540} INFO - Filling up the DagBag from /opt/airflow/dags/priority_one_number_one_dag.py
[2024-04-24T09:19:51.378+0000] {processor.py:840} INFO - DAG(s) 'priority_one_number_one_dag_v1' retrieved from /opt/airflow/dags/priority_one_number_one_dag.py
[2024-04-24T09:19:51.535+0000] {logging_mixin.py:188} INFO - [2024-04-24T09:19:51.535+0000] {dag.py:3096} INFO - Sync 1 DAGs
[2024-04-24T09:19:51.619+0000] {logging_mixin.py:188} INFO - [2024-04-24T09:19:51.618+0000] {dag.py:3954} INFO - Setting next_dagrun for priority_one_number_one_dag_v1 to 2024-04-16 00:00:00+00:00, run_after=2024-04-17 00:00:00+00:00
[2024-04-24T09:19:51.674+0000] {processor.py:183} INFO - Processing /opt/airflow/dags/priority_one_number_one_dag.py took 0.463 seconds
[2024-04-24T09:20:22.266+0000] {processor.py:161} INFO - Started process (PID=95) to work on /opt/airflow/dags/priority_one_number_one_dag.py
[2024-04-24T09:20:22.267+0000] {processor.py:830} INFO - Processing file /opt/airflow/dags/priority_one_number_one_dag.py for tasks to queue
[2024-04-24T09:20:22.269+0000] {logging_mixin.py:188} INFO - [2024-04-24T09:20:22.269+0000] {dagbag.py:540} INFO - Filling up the DagBag from /opt/airflow/dags/priority_one_number_one_dag.py
[2024-04-24T09:20:22.292+0000] {processor.py:840} INFO - DAG(s) 'priority_one_number_one_dag_v1' retrieved from /opt/airflow/dags/priority_one_number_one_dag.py
[2024-04-24T09:20:22.324+0000] {logging_mixin.py:188} INFO - [2024-04-24T09:20:22.323+0000] {dag.py:3096} INFO - Sync 1 DAGs
[2024-04-24T09:20:22.351+0000] {logging_mixin.py:188} INFO - [2024-04-24T09:20:22.351+0000] {dag.py:3954} INFO - Setting next_dagrun for priority_one_number_one_dag_v1 to 2024-04-16 00:00:00+00:00, run_after=2024-04-17 00:00:00+00:00
[2024-04-24T09:20:22.383+0000] {processor.py:183} INFO - Processing /opt/airflow/dags/priority_one_number_one_dag.py took 0.127 seconds
[2024-04-24T09:20:52.497+0000] {processor.py:161} INFO - Started process (PID=106) to work on /opt/airflow/dags/priority_one_number_one_dag.py
[2024-04-24T09:20:52.507+0000] {processor.py:830} INFO - Processing file /opt/airflow/dags/priority_one_number_one_dag.py for tasks to queue
[2024-04-24T09:20:52.522+0000] {logging_mixin.py:188} INFO - [2024-04-24T09:20:52.521+0000] {dagbag.py:540} INFO - Filling up the DagBag from /opt/airflow/dags/priority_one_number_one_dag.py
[2024-04-24T09:20:52.573+0000] {processor.py:840} INFO - DAG(s) 'priority_one_number_one_dag_v1' retrieved from /opt/airflow/dags/priority_one_number_one_dag.py
[2024-04-24T09:20:52.604+0000] {logging_mixin.py:188} INFO - [2024-04-24T09:20:52.604+0000] {dag.py:3096} INFO - Sync 1 DAGs
[2024-04-24T09:20:52.630+0000] {logging_mixin.py:188} INFO - [2024-04-24T09:20:52.630+0000] {dag.py:3954} INFO - Setting next_dagrun for priority_one_number_one_dag_v1 to 2024-04-16 00:00:00+00:00, run_after=2024-04-17 00:00:00+00:00
[2024-04-24T09:20:52.657+0000] {processor.py:183} INFO - Processing /opt/airflow/dags/priority_one_number_one_dag.py took 0.166 seconds
[2024-04-24T09:21:23.453+0000] {processor.py:161} INFO - Started process (PID=116) to work on /opt/airflow/dags/priority_one_number_one_dag.py
[2024-04-24T09:21:23.468+0000] {processor.py:830} INFO - Processing file /opt/airflow/dags/priority_one_number_one_dag.py for tasks to queue
[2024-04-24T09:21:23.549+0000] {logging_mixin.py:188} INFO - [2024-04-24T09:21:23.542+0000] {dagbag.py:540} INFO - Filling up the DagBag from /opt/airflow/dags/priority_one_number_one_dag.py
[2024-04-24T09:21:23.790+0000] {processor.py:840} INFO - DAG(s) 'priority_one_number_one_dag_v1' retrieved from /opt/airflow/dags/priority_one_number_one_dag.py
[2024-04-24T09:21:23.952+0000] {logging_mixin.py:188} INFO - [2024-04-24T09:21:23.951+0000] {dag.py:3096} INFO - Sync 1 DAGs
[2024-04-24T09:21:24.121+0000] {logging_mixin.py:188} INFO - [2024-04-24T09:21:24.120+0000] {dag.py:3954} INFO - Setting next_dagrun for priority_one_number_one_dag_v1 to 2024-04-16 00:00:00+00:00, run_after=2024-04-17 00:00:00+00:00
[2024-04-24T09:21:24.332+0000] {processor.py:183} INFO - Processing /opt/airflow/dags/priority_one_number_one_dag.py took 0.963 seconds
[2024-04-24T09:21:55.639+0000] {processor.py:161} INFO - Started process (PID=137) to work on /opt/airflow/dags/priority_one_number_one_dag.py
[2024-04-24T09:21:55.641+0000] {processor.py:830} INFO - Processing file /opt/airflow/dags/priority_one_number_one_dag.py for tasks to queue
[2024-04-24T09:21:55.645+0000] {logging_mixin.py:188} INFO - [2024-04-24T09:21:55.644+0000] {dagbag.py:540} INFO - Filling up the DagBag from /opt/airflow/dags/priority_one_number_one_dag.py
[2024-04-24T09:21:55.686+0000] {processor.py:840} INFO - DAG(s) 'priority_one_number_one_dag_v1' retrieved from /opt/airflow/dags/priority_one_number_one_dag.py
[2024-04-24T09:21:55.778+0000] {logging_mixin.py:188} INFO - [2024-04-24T09:21:55.777+0000] {dag.py:3096} INFO - Sync 1 DAGs
[2024-04-24T09:21:55.863+0000] {logging_mixin.py:188} INFO - [2024-04-24T09:21:55.863+0000] {dag.py:3954} INFO - Setting next_dagrun for priority_one_number_one_dag_v1 to 2024-04-16 00:00:00+00:00, run_after=2024-04-17 00:00:00+00:00
[2024-04-24T09:21:55.926+0000] {processor.py:183} INFO - Processing /opt/airflow/dags/priority_one_number_one_dag.py took 0.296 seconds
[2024-04-24T09:22:26.126+0000] {processor.py:161} INFO - Started process (PID=148) to work on /opt/airflow/dags/priority_one_number_one_dag.py
[2024-04-24T09:22:26.127+0000] {processor.py:830} INFO - Processing file /opt/airflow/dags/priority_one_number_one_dag.py for tasks to queue
[2024-04-24T09:22:26.129+0000] {logging_mixin.py:188} INFO - [2024-04-24T09:22:26.129+0000] {dagbag.py:540} INFO - Filling up the DagBag from /opt/airflow/dags/priority_one_number_one_dag.py
[2024-04-24T09:22:26.157+0000] {processor.py:840} INFO - DAG(s) 'priority_one_number_one_dag_v1' retrieved from /opt/airflow/dags/priority_one_number_one_dag.py
[2024-04-24T09:22:26.197+0000] {logging_mixin.py:188} INFO - [2024-04-24T09:22:26.196+0000] {dag.py:3096} INFO - Sync 1 DAGs
[2024-04-24T09:22:26.229+0000] {logging_mixin.py:188} INFO - [2024-04-24T09:22:26.228+0000] {dag.py:3954} INFO - Setting next_dagrun for priority_one_number_one_dag_v1 to 2024-04-16 00:00:00+00:00, run_after=2024-04-17 00:00:00+00:00
[2024-04-24T09:22:26.253+0000] {processor.py:183} INFO - Processing /opt/airflow/dags/priority_one_number_one_dag.py took 0.134 seconds
[2024-04-24T09:22:56.954+0000] {processor.py:161} INFO - Started process (PID=160) to work on /opt/airflow/dags/priority_one_number_one_dag.py
[2024-04-24T09:22:56.955+0000] {processor.py:830} INFO - Processing file /opt/airflow/dags/priority_one_number_one_dag.py for tasks to queue
[2024-04-24T09:22:56.958+0000] {logging_mixin.py:188} INFO - [2024-04-24T09:22:56.957+0000] {dagbag.py:540} INFO - Filling up the DagBag from /opt/airflow/dags/priority_one_number_one_dag.py
[2024-04-24T09:22:56.990+0000] {processor.py:840} INFO - DAG(s) 'priority_one_number_one_dag_v1' retrieved from /opt/airflow/dags/priority_one_number_one_dag.py
[2024-04-24T09:22:57.043+0000] {logging_mixin.py:188} INFO - [2024-04-24T09:22:57.042+0000] {dag.py:3096} INFO - Sync 1 DAGs
[2024-04-24T09:22:57.094+0000] {logging_mixin.py:188} INFO - [2024-04-24T09:22:57.094+0000] {dag.py:3954} INFO - Setting next_dagrun for priority_one_number_one_dag_v1 to 2024-04-16 00:00:00+00:00, run_after=2024-04-17 00:00:00+00:00
[2024-04-24T09:22:57.135+0000] {processor.py:183} INFO - Processing /opt/airflow/dags/priority_one_number_one_dag.py took 0.191 seconds
[2024-04-24T09:23:27.842+0000] {processor.py:161} INFO - Started process (PID=172) to work on /opt/airflow/dags/priority_one_number_one_dag.py
[2024-04-24T09:23:27.844+0000] {processor.py:830} INFO - Processing file /opt/airflow/dags/priority_one_number_one_dag.py for tasks to queue
[2024-04-24T09:23:27.848+0000] {logging_mixin.py:188} INFO - [2024-04-24T09:23:27.847+0000] {dagbag.py:540} INFO - Filling up the DagBag from /opt/airflow/dags/priority_one_number_one_dag.py
[2024-04-24T09:23:27.873+0000] {processor.py:840} INFO - DAG(s) 'priority_one_number_one_dag_v1' retrieved from /opt/airflow/dags/priority_one_number_one_dag.py
[2024-04-24T09:23:27.919+0000] {logging_mixin.py:188} INFO - [2024-04-24T09:23:27.918+0000] {dag.py:3096} INFO - Sync 1 DAGs
[2024-04-24T09:23:27.952+0000] {logging_mixin.py:188} INFO - [2024-04-24T09:23:27.951+0000] {dag.py:3954} INFO - Setting next_dagrun for priority_one_number_one_dag_v1 to 2024-04-16 00:00:00+00:00, run_after=2024-04-17 00:00:00+00:00
[2024-04-24T09:23:27.985+0000] {processor.py:183} INFO - Processing /opt/airflow/dags/priority_one_number_one_dag.py took 0.154 seconds
[2024-04-24T09:23:58.118+0000] {processor.py:161} INFO - Started process (PID=184) to work on /opt/airflow/dags/priority_one_number_one_dag.py
[2024-04-24T09:23:58.121+0000] {processor.py:830} INFO - Processing file /opt/airflow/dags/priority_one_number_one_dag.py for tasks to queue
[2024-04-24T09:23:58.126+0000] {logging_mixin.py:188} INFO - [2024-04-24T09:23:58.124+0000] {dagbag.py:540} INFO - Filling up the DagBag from /opt/airflow/dags/priority_one_number_one_dag.py
[2024-04-24T09:23:58.159+0000] {processor.py:840} INFO - DAG(s) 'priority_one_number_one_dag_v1' retrieved from /opt/airflow/dags/priority_one_number_one_dag.py
[2024-04-24T09:23:58.199+0000] {logging_mixin.py:188} INFO - [2024-04-24T09:23:58.199+0000] {dag.py:3096} INFO - Sync 1 DAGs
[2024-04-24T09:23:58.235+0000] {logging_mixin.py:188} INFO - [2024-04-24T09:23:58.234+0000] {dag.py:3954} INFO - Setting next_dagrun for priority_one_number_one_dag_v1 to 2024-04-16 00:00:00+00:00, run_after=2024-04-17 00:00:00+00:00
[2024-04-24T09:23:58.263+0000] {processor.py:183} INFO - Processing /opt/airflow/dags/priority_one_number_one_dag.py took 0.157 seconds
[2024-04-24T09:24:28.663+0000] {processor.py:161} INFO - Started process (PID=196) to work on /opt/airflow/dags/priority_one_number_one_dag.py
[2024-04-24T09:24:28.676+0000] {processor.py:830} INFO - Processing file /opt/airflow/dags/priority_one_number_one_dag.py for tasks to queue
[2024-04-24T09:24:28.700+0000] {logging_mixin.py:188} INFO - [2024-04-24T09:24:28.697+0000] {dagbag.py:540} INFO - Filling up the DagBag from /opt/airflow/dags/priority_one_number_one_dag.py
[2024-04-24T09:24:28.892+0000] {processor.py:840} INFO - DAG(s) 'priority_one_number_one_dag_v1' retrieved from /opt/airflow/dags/priority_one_number_one_dag.py
[2024-04-24T09:24:29.265+0000] {logging_mixin.py:188} INFO - [2024-04-24T09:24:29.264+0000] {dag.py:3096} INFO - Sync 1 DAGs
[2024-04-24T09:24:29.513+0000] {logging_mixin.py:188} INFO - [2024-04-24T09:24:29.512+0000] {dag.py:3954} INFO - Setting next_dagrun for priority_one_number_one_dag_v1 to 2024-04-16 00:00:00+00:00, run_after=2024-04-17 00:00:00+00:00
[2024-04-24T09:24:29.604+0000] {processor.py:183} INFO - Processing /opt/airflow/dags/priority_one_number_one_dag.py took 1.042 seconds
[2024-04-24T09:25:00.387+0000] {processor.py:161} INFO - Started process (PID=208) to work on /opt/airflow/dags/priority_one_number_one_dag.py
[2024-04-24T09:25:00.389+0000] {processor.py:830} INFO - Processing file /opt/airflow/dags/priority_one_number_one_dag.py for tasks to queue
[2024-04-24T09:25:00.398+0000] {logging_mixin.py:188} INFO - [2024-04-24T09:25:00.395+0000] {dagbag.py:540} INFO - Filling up the DagBag from /opt/airflow/dags/priority_one_number_one_dag.py
[2024-04-24T09:25:00.455+0000] {processor.py:840} INFO - DAG(s) 'priority_one_number_one_dag_v1' retrieved from /opt/airflow/dags/priority_one_number_one_dag.py
[2024-04-24T09:25:00.505+0000] {logging_mixin.py:188} INFO - [2024-04-24T09:25:00.505+0000] {dag.py:3096} INFO - Sync 1 DAGs
[2024-04-24T09:25:00.532+0000] {logging_mixin.py:188} INFO - [2024-04-24T09:25:00.532+0000] {dag.py:3954} INFO - Setting next_dagrun for priority_one_number_one_dag_v1 to 2024-04-16 00:00:00+00:00, run_after=2024-04-17 00:00:00+00:00
[2024-04-24T09:25:00.560+0000] {processor.py:183} INFO - Processing /opt/airflow/dags/priority_one_number_one_dag.py took 0.189 seconds
[2024-04-24T09:25:30.978+0000] {processor.py:161} INFO - Started process (PID=229) to work on /opt/airflow/dags/priority_one_number_one_dag.py
[2024-04-24T09:25:30.980+0000] {processor.py:830} INFO - Processing file /opt/airflow/dags/priority_one_number_one_dag.py for tasks to queue
[2024-04-24T09:25:30.984+0000] {logging_mixin.py:188} INFO - [2024-04-24T09:25:30.983+0000] {dagbag.py:540} INFO - Filling up the DagBag from /opt/airflow/dags/priority_one_number_one_dag.py
[2024-04-24T09:25:31.018+0000] {processor.py:840} INFO - DAG(s) 'priority_one_number_one_dag_v1' retrieved from /opt/airflow/dags/priority_one_number_one_dag.py
[2024-04-24T09:25:31.058+0000] {logging_mixin.py:188} INFO - [2024-04-24T09:25:31.058+0000] {dag.py:3096} INFO - Sync 1 DAGs
[2024-04-24T09:25:31.091+0000] {logging_mixin.py:188} INFO - [2024-04-24T09:25:31.090+0000] {dag.py:3954} INFO - Setting next_dagrun for priority_one_number_one_dag_v1 to 2024-04-16 00:00:00+00:00, run_after=2024-04-17 00:00:00+00:00
[2024-04-24T09:25:31.122+0000] {processor.py:183} INFO - Processing /opt/airflow/dags/priority_one_number_one_dag.py took 0.158 seconds
[2024-04-24T09:26:01.645+0000] {processor.py:161} INFO - Started process (PID=243) to work on /opt/airflow/dags/priority_one_number_one_dag.py
[2024-04-24T09:26:01.647+0000] {processor.py:830} INFO - Processing file /opt/airflow/dags/priority_one_number_one_dag.py for tasks to queue
[2024-04-24T09:26:01.652+0000] {logging_mixin.py:188} INFO - [2024-04-24T09:26:01.651+0000] {dagbag.py:540} INFO - Filling up the DagBag from /opt/airflow/dags/priority_one_number_one_dag.py
[2024-04-24T09:26:01.680+0000] {processor.py:840} INFO - DAG(s) 'priority_one_number_one_dag_v1' retrieved from /opt/airflow/dags/priority_one_number_one_dag.py
[2024-04-24T09:26:01.718+0000] {logging_mixin.py:188} INFO - [2024-04-24T09:26:01.718+0000] {dag.py:3096} INFO - Sync 1 DAGs
[2024-04-24T09:26:01.746+0000] {logging_mixin.py:188} INFO - [2024-04-24T09:26:01.745+0000] {dag.py:3954} INFO - Setting next_dagrun for priority_one_number_one_dag_v1 to 2024-04-16 00:00:00+00:00, run_after=2024-04-17 00:00:00+00:00
[2024-04-24T09:26:01.770+0000] {processor.py:183} INFO - Processing /opt/airflow/dags/priority_one_number_one_dag.py took 0.138 seconds
[2024-04-24T09:26:33.359+0000] {processor.py:161} INFO - Started process (PID=255) to work on /opt/airflow/dags/priority_one_number_one_dag.py
[2024-04-24T09:26:33.361+0000] {processor.py:830} INFO - Processing file /opt/airflow/dags/priority_one_number_one_dag.py for tasks to queue
[2024-04-24T09:26:33.364+0000] {logging_mixin.py:188} INFO - [2024-04-24T09:26:33.363+0000] {dagbag.py:540} INFO - Filling up the DagBag from /opt/airflow/dags/priority_one_number_one_dag.py
[2024-04-24T09:26:33.466+0000] {processor.py:840} INFO - DAG(s) 'priority_one_number_one_dag_v1' retrieved from /opt/airflow/dags/priority_one_number_one_dag.py
[2024-04-24T09:26:33.867+0000] {logging_mixin.py:188} INFO - [2024-04-24T09:26:33.866+0000] {dag.py:3096} INFO - Sync 1 DAGs
[2024-04-24T09:26:34.005+0000] {logging_mixin.py:188} INFO - [2024-04-24T09:26:34.004+0000] {dag.py:3954} INFO - Setting next_dagrun for priority_one_number_one_dag_v1 to 2024-04-16 00:00:00+00:00, run_after=2024-04-17 00:00:00+00:00
[2024-04-24T09:26:34.042+0000] {processor.py:183} INFO - Processing /opt/airflow/dags/priority_one_number_one_dag.py took 0.692 seconds
[2024-04-24T09:27:04.760+0000] {processor.py:161} INFO - Started process (PID=265) to work on /opt/airflow/dags/priority_one_number_one_dag.py
[2024-04-24T09:27:04.761+0000] {processor.py:830} INFO - Processing file /opt/airflow/dags/priority_one_number_one_dag.py for tasks to queue
[2024-04-24T09:27:04.765+0000] {logging_mixin.py:188} INFO - [2024-04-24T09:27:04.764+0000] {dagbag.py:540} INFO - Filling up the DagBag from /opt/airflow/dags/priority_one_number_one_dag.py
[2024-04-24T09:27:04.787+0000] {processor.py:840} INFO - DAG(s) 'priority_one_number_one_dag_v1' retrieved from /opt/airflow/dags/priority_one_number_one_dag.py
[2024-04-24T09:27:04.817+0000] {logging_mixin.py:188} INFO - [2024-04-24T09:27:04.817+0000] {dag.py:3096} INFO - Sync 1 DAGs
[2024-04-24T09:27:04.843+0000] {logging_mixin.py:188} INFO - [2024-04-24T09:27:04.843+0000] {dag.py:3954} INFO - Setting next_dagrun for priority_one_number_one_dag_v1 to 2024-04-16 00:00:00+00:00, run_after=2024-04-17 00:00:00+00:00
[2024-04-24T09:27:04.867+0000] {processor.py:183} INFO - Processing /opt/airflow/dags/priority_one_number_one_dag.py took 0.115 seconds
[2024-04-24T09:27:36.970+0000] {processor.py:161} INFO - Started process (PID=277) to work on /opt/airflow/dags/priority_one_number_one_dag.py
[2024-04-24T09:27:37.001+0000] {processor.py:830} INFO - Processing file /opt/airflow/dags/priority_one_number_one_dag.py for tasks to queue
[2024-04-24T09:27:37.086+0000] {logging_mixin.py:188} INFO - [2024-04-24T09:27:37.083+0000] {dagbag.py:540} INFO - Filling up the DagBag from /opt/airflow/dags/priority_one_number_one_dag.py
[2024-04-24T09:27:37.689+0000] {processor.py:840} INFO - DAG(s) 'priority_one_number_one_dag_v1' retrieved from /opt/airflow/dags/priority_one_number_one_dag.py
[2024-04-24T09:27:38.738+0000] {logging_mixin.py:188} INFO - [2024-04-24T09:27:38.737+0000] {dag.py:3096} INFO - Sync 1 DAGs
[2024-04-24T09:27:40.545+0000] {logging_mixin.py:188} INFO - [2024-04-24T09:27:40.501+0000] {dag.py:3954} INFO - Setting next_dagrun for priority_one_number_one_dag_v1 to 2024-04-16 00:00:00+00:00, run_after=2024-04-17 00:00:00+00:00
[2024-04-24T09:27:41.496+0000] {processor.py:183} INFO - Processing /opt/airflow/dags/priority_one_number_one_dag.py took 4.881 seconds
[2024-04-24T09:30:07.074+0000] {processor.py:161} INFO - Started process (PID=42) to work on /opt/airflow/dags/priority_one_number_one_dag.py
[2024-04-24T09:30:07.077+0000] {processor.py:830} INFO - Processing file /opt/airflow/dags/priority_one_number_one_dag.py for tasks to queue
[2024-04-24T09:30:07.084+0000] {logging_mixin.py:188} INFO - [2024-04-24T09:30:07.083+0000] {dagbag.py:540} INFO - Filling up the DagBag from /opt/airflow/dags/priority_one_number_one_dag.py
[2024-04-24T09:30:07.194+0000] {processor.py:840} INFO - DAG(s) 'priority_one_number_one_dag_v1' retrieved from /opt/airflow/dags/priority_one_number_one_dag.py
[2024-04-24T09:30:07.293+0000] {logging_mixin.py:188} INFO - [2024-04-24T09:30:07.292+0000] {dag.py:3096} INFO - Sync 1 DAGs
[2024-04-24T09:30:07.382+0000] {logging_mixin.py:188} INFO - [2024-04-24T09:30:07.382+0000] {dag.py:3954} INFO - Setting next_dagrun for priority_one_number_one_dag_v1 to 2024-04-16 00:00:00+00:00, run_after=2024-04-17 00:00:00+00:00
[2024-04-24T09:30:07.485+0000] {processor.py:183} INFO - Processing /opt/airflow/dags/priority_one_number_one_dag.py took 0.423 seconds
[2024-04-24T09:30:49.938+0000] {processor.py:161} INFO - Started process (PID=78) to work on /opt/airflow/dags/priority_one_number_one_dag.py
[2024-04-24T09:30:49.993+0000] {processor.py:830} INFO - Processing file /opt/airflow/dags/priority_one_number_one_dag.py for tasks to queue
[2024-04-24T09:30:50.147+0000] {logging_mixin.py:188} INFO - [2024-04-24T09:30:50.142+0000] {dagbag.py:540} INFO - Filling up the DagBag from /opt/airflow/dags/priority_one_number_one_dag.py
[2024-04-24T09:30:51.099+0000] {processor.py:840} INFO - DAG(s) 'priority_one_number_one_dag_v1' retrieved from /opt/airflow/dags/priority_one_number_one_dag.py
[2024-04-24T09:30:51.699+0000] {logging_mixin.py:188} INFO - [2024-04-24T09:30:51.698+0000] {dag.py:3096} INFO - Sync 1 DAGs
[2024-04-24T09:30:52.014+0000] {logging_mixin.py:188} INFO - [2024-04-24T09:30:52.013+0000] {dag.py:3954} INFO - Setting next_dagrun for priority_one_number_one_dag_v1 to 2024-04-16 00:00:00+00:00, run_after=2024-04-17 00:00:00+00:00
[2024-04-24T09:30:52.394+0000] {processor.py:183} INFO - Processing /opt/airflow/dags/priority_one_number_one_dag.py took 2.923 seconds
[2024-04-24T09:31:23.475+0000] {processor.py:161} INFO - Started process (PID=92) to work on /opt/airflow/dags/priority_one_number_one_dag.py
[2024-04-24T09:31:23.521+0000] {processor.py:830} INFO - Processing file /opt/airflow/dags/priority_one_number_one_dag.py for tasks to queue
[2024-04-24T09:31:23.546+0000] {logging_mixin.py:188} INFO - [2024-04-24T09:31:23.536+0000] {dagbag.py:540} INFO - Filling up the DagBag from /opt/airflow/dags/priority_one_number_one_dag.py
[2024-04-24T09:31:23.807+0000] {processor.py:840} INFO - DAG(s) 'priority_one_number_one_dag_v1' retrieved from /opt/airflow/dags/priority_one_number_one_dag.py
[2024-04-24T09:31:56.484+0000] {logging_mixin.py:188} INFO - [2024-04-24T09:31:56.437+0000] {dag.py:3096} INFO - Sync 1 DAGs
[2024-04-24T09:31:57.077+0000] {logging_mixin.py:188} INFO - [2024-04-24T09:31:57.076+0000] {dag.py:3954} INFO - Setting next_dagrun for priority_one_number_one_dag_v1 to 2024-04-16 00:00:00+00:00, run_after=2024-04-17 00:00:00+00:00
[2024-04-24T09:31:57.351+0000] {processor.py:183} INFO - Processing /opt/airflow/dags/priority_one_number_one_dag.py took 33.781 seconds
[2024-04-24T09:32:30.871+0000] {processor.py:161} INFO - Started process (PID=104) to work on /opt/airflow/dags/priority_one_number_one_dag.py
[2024-04-24T09:32:31.708+0000] {processor.py:830} INFO - Processing file /opt/airflow/dags/priority_one_number_one_dag.py for tasks to queue
[2024-04-24T09:32:31.723+0000] {logging_mixin.py:188} INFO - [2024-04-24T09:32:31.722+0000] {dagbag.py:540} INFO - Filling up the DagBag from /opt/airflow/dags/priority_one_number_one_dag.py
[2024-04-24T09:32:32.016+0000] {processor.py:840} INFO - DAG(s) 'priority_one_number_one_dag_v1' retrieved from /opt/airflow/dags/priority_one_number_one_dag.py
[2024-04-24T09:32:32.526+0000] {logging_mixin.py:188} INFO - [2024-04-24T09:32:32.525+0000] {dag.py:3096} INFO - Sync 1 DAGs
[2024-04-24T09:32:32.687+0000] {logging_mixin.py:188} INFO - [2024-04-24T09:32:32.686+0000] {dag.py:3954} INFO - Setting next_dagrun for priority_one_number_one_dag_v1 to 2024-04-16 00:00:00+00:00, run_after=2024-04-17 00:00:00+00:00
[2024-04-24T09:32:33.016+0000] {processor.py:183} INFO - Processing /opt/airflow/dags/priority_one_number_one_dag.py took 2.925 seconds
[2024-04-24T09:33:09.558+0000] {processor.py:161} INFO - Started process (PID=118) to work on /opt/airflow/dags/priority_one_number_one_dag.py
[2024-04-24T09:33:09.572+0000] {processor.py:830} INFO - Processing file /opt/airflow/dags/priority_one_number_one_dag.py for tasks to queue
[2024-04-24T09:33:09.586+0000] {logging_mixin.py:188} INFO - [2024-04-24T09:33:09.585+0000] {dagbag.py:540} INFO - Filling up the DagBag from /opt/airflow/dags/priority_one_number_one_dag.py
[2024-04-24T09:33:09.687+0000] {processor.py:840} INFO - DAG(s) 'priority_one_number_one_dag_v1' retrieved from /opt/airflow/dags/priority_one_number_one_dag.py
[2024-04-24T09:33:09.932+0000] {logging_mixin.py:188} INFO - [2024-04-24T09:33:09.931+0000] {dag.py:3096} INFO - Sync 1 DAGs
[2024-04-24T09:33:10.161+0000] {logging_mixin.py:188} INFO - [2024-04-24T09:33:10.159+0000] {dag.py:3954} INFO - Setting next_dagrun for priority_one_number_one_dag_v1 to 2024-04-16 00:00:00+00:00, run_after=2024-04-17 00:00:00+00:00
[2024-04-24T09:33:10.339+0000] {processor.py:183} INFO - Processing /opt/airflow/dags/priority_one_number_one_dag.py took 0.815 seconds
[2024-04-24T09:33:41.405+0000] {processor.py:161} INFO - Started process (PID=129) to work on /opt/airflow/dags/priority_one_number_one_dag.py
[2024-04-24T09:33:41.430+0000] {processor.py:830} INFO - Processing file /opt/airflow/dags/priority_one_number_one_dag.py for tasks to queue
[2024-04-24T09:33:41.452+0000] {logging_mixin.py:188} INFO - [2024-04-24T09:33:41.451+0000] {dagbag.py:540} INFO - Filling up the DagBag from /opt/airflow/dags/priority_one_number_one_dag.py
[2024-04-24T09:33:41.654+0000] {processor.py:840} INFO - DAG(s) 'priority_one_number_one_dag_v1' retrieved from /opt/airflow/dags/priority_one_number_one_dag.py
[2024-04-24T09:33:42.021+0000] {logging_mixin.py:188} INFO - [2024-04-24T09:33:42.020+0000] {dag.py:3096} INFO - Sync 1 DAGs
[2024-04-24T09:33:42.864+0000] {logging_mixin.py:188} INFO - [2024-04-24T09:33:42.863+0000] {dag.py:3954} INFO - Setting next_dagrun for priority_one_number_one_dag_v1 to 2024-04-16 00:00:00+00:00, run_after=2024-04-17 00:00:00+00:00
[2024-04-24T09:33:43.755+0000] {processor.py:183} INFO - Processing /opt/airflow/dags/priority_one_number_one_dag.py took 2.444 seconds
[2024-04-24T09:34:14.107+0000] {processor.py:161} INFO - Started process (PID=141) to work on /opt/airflow/dags/priority_one_number_one_dag.py
[2024-04-24T09:34:14.109+0000] {processor.py:830} INFO - Processing file /opt/airflow/dags/priority_one_number_one_dag.py for tasks to queue
[2024-04-24T09:34:14.111+0000] {logging_mixin.py:188} INFO - [2024-04-24T09:34:14.110+0000] {dagbag.py:540} INFO - Filling up the DagBag from /opt/airflow/dags/priority_one_number_one_dag.py
[2024-04-24T09:34:14.131+0000] {processor.py:840} INFO - DAG(s) 'priority_one_number_one_dag_v1' retrieved from /opt/airflow/dags/priority_one_number_one_dag.py
[2024-04-24T09:34:14.158+0000] {logging_mixin.py:188} INFO - [2024-04-24T09:34:14.158+0000] {dag.py:3096} INFO - Sync 1 DAGs
[2024-04-24T09:34:14.180+0000] {logging_mixin.py:188} INFO - [2024-04-24T09:34:14.180+0000] {dag.py:3954} INFO - Setting next_dagrun for priority_one_number_one_dag_v1 to 2024-04-16 00:00:00+00:00, run_after=2024-04-17 00:00:00+00:00
[2024-04-24T09:34:14.203+0000] {processor.py:183} INFO - Processing /opt/airflow/dags/priority_one_number_one_dag.py took 0.101 seconds
[2024-04-24T09:34:44.535+0000] {processor.py:161} INFO - Started process (PID=153) to work on /opt/airflow/dags/priority_one_number_one_dag.py
[2024-04-24T09:34:44.580+0000] {processor.py:830} INFO - Processing file /opt/airflow/dags/priority_one_number_one_dag.py for tasks to queue
[2024-04-24T09:34:44.583+0000] {logging_mixin.py:188} INFO - [2024-04-24T09:34:44.583+0000] {dagbag.py:540} INFO - Filling up the DagBag from /opt/airflow/dags/priority_one_number_one_dag.py
[2024-04-24T09:34:44.641+0000] {processor.py:840} INFO - DAG(s) 'priority_one_number_one_dag_v1' retrieved from /opt/airflow/dags/priority_one_number_one_dag.py
[2024-04-24T09:34:44.820+0000] {logging_mixin.py:188} INFO - [2024-04-24T09:34:44.820+0000] {dag.py:3096} INFO - Sync 1 DAGs
[2024-04-24T09:34:44.870+0000] {logging_mixin.py:188} INFO - [2024-04-24T09:34:44.870+0000] {dag.py:3954} INFO - Setting next_dagrun for priority_one_number_one_dag_v1 to 2024-04-16 00:00:00+00:00, run_after=2024-04-17 00:00:00+00:00
[2024-04-24T09:34:45.013+0000] {processor.py:183} INFO - Processing /opt/airflow/dags/priority_one_number_one_dag.py took 0.485 seconds
[2024-04-24T09:35:30.158+0000] {processor.py:161} INFO - Started process (PID=177) to work on /opt/airflow/dags/priority_one_number_one_dag.py
[2024-04-24T09:35:30.270+0000] {processor.py:830} INFO - Processing file /opt/airflow/dags/priority_one_number_one_dag.py for tasks to queue
[2024-04-24T09:35:30.330+0000] {logging_mixin.py:188} INFO - [2024-04-24T09:35:30.298+0000] {dagbag.py:540} INFO - Filling up the DagBag from /opt/airflow/dags/priority_one_number_one_dag.py
[2024-04-24T09:35:31.315+0000] {processor.py:840} INFO - DAG(s) 'priority_one_number_one_dag_v1' retrieved from /opt/airflow/dags/priority_one_number_one_dag.py
[2024-04-24T09:35:59.264+0000] {logging_mixin.py:188} INFO - [2024-04-24T09:35:59.212+0000] {dag.py:3096} INFO - Sync 1 DAGs
[2024-04-24T09:36:03.121+0000] {logging_mixin.py:188} INFO - [2024-04-24T09:36:03.096+0000] {dag.py:3954} INFO - Setting next_dagrun for priority_one_number_one_dag_v1 to 2024-04-16 00:00:00+00:00, run_after=2024-04-17 00:00:00+00:00
[2024-04-24T09:36:04.577+0000] {processor.py:183} INFO - Processing /opt/airflow/dags/priority_one_number_one_dag.py took 34.561 seconds
[2024-04-24T09:36:35.934+0000] {processor.py:161} INFO - Started process (PID=206) to work on /opt/airflow/dags/priority_one_number_one_dag.py
[2024-04-24T09:36:35.938+0000] {processor.py:830} INFO - Processing file /opt/airflow/dags/priority_one_number_one_dag.py for tasks to queue
[2024-04-24T09:36:35.955+0000] {logging_mixin.py:188} INFO - [2024-04-24T09:36:35.952+0000] {dagbag.py:540} INFO - Filling up the DagBag from /opt/airflow/dags/priority_one_number_one_dag.py
[2024-04-24T09:36:36.063+0000] {processor.py:840} INFO - DAG(s) 'priority_one_number_one_dag_v1' retrieved from /opt/airflow/dags/priority_one_number_one_dag.py
[2024-04-24T09:36:36.215+0000] {logging_mixin.py:188} INFO - [2024-04-24T09:36:36.215+0000] {dag.py:3096} INFO - Sync 1 DAGs
[2024-04-24T09:36:36.303+0000] {logging_mixin.py:188} INFO - [2024-04-24T09:36:36.303+0000] {dag.py:3954} INFO - Setting next_dagrun for priority_one_number_one_dag_v1 to 2024-04-16 00:00:00+00:00, run_after=2024-04-17 00:00:00+00:00
[2024-04-24T09:36:36.376+0000] {processor.py:183} INFO - Processing /opt/airflow/dags/priority_one_number_one_dag.py took 0.497 seconds
[2024-04-24T09:37:07.852+0000] {processor.py:161} INFO - Started process (PID=229) to work on /opt/airflow/dags/priority_one_number_one_dag.py
[2024-04-24T09:37:07.865+0000] {processor.py:830} INFO - Processing file /opt/airflow/dags/priority_one_number_one_dag.py for tasks to queue
[2024-04-24T09:37:07.898+0000] {logging_mixin.py:188} INFO - [2024-04-24T09:37:07.896+0000] {dagbag.py:540} INFO - Filling up the DagBag from /opt/airflow/dags/priority_one_number_one_dag.py
[2024-04-24T09:37:08.551+0000] {processor.py:840} INFO - DAG(s) 'priority_one_number_one_dag_v1' retrieved from /opt/airflow/dags/priority_one_number_one_dag.py
[2024-04-24T09:37:10.120+0000] {logging_mixin.py:188} INFO - [2024-04-24T09:37:10.115+0000] {dag.py:3096} INFO - Sync 1 DAGs
[2024-04-24T09:37:10.737+0000] {logging_mixin.py:188} INFO - [2024-04-24T09:37:10.736+0000] {dag.py:3954} INFO - Setting next_dagrun for priority_one_number_one_dag_v1 to 2024-04-16 00:00:00+00:00, run_after=2024-04-17 00:00:00+00:00
[2024-04-24T09:37:10.984+0000] {processor.py:183} INFO - Processing /opt/airflow/dags/priority_one_number_one_dag.py took 3.223 seconds
[2024-04-24T09:37:56.443+0000] {processor.py:161} INFO - Started process (PID=235) to work on /opt/airflow/dags/priority_one_number_one_dag.py
[2024-04-24T09:37:56.479+0000] {processor.py:830} INFO - Processing file /opt/airflow/dags/priority_one_number_one_dag.py for tasks to queue
[2024-04-24T09:37:56.494+0000] {logging_mixin.py:188} INFO - [2024-04-24T09:37:56.492+0000] {dagbag.py:540} INFO - Filling up the DagBag from /opt/airflow/dags/priority_one_number_one_dag.py
[2024-04-24T09:37:57.078+0000] {processor.py:840} INFO - DAG(s) 'priority_one_number_one_dag_v1' retrieved from /opt/airflow/dags/priority_one_number_one_dag.py
[2024-04-24T09:37:59.284+0000] {logging_mixin.py:188} INFO - [2024-04-24T09:37:59.283+0000] {dag.py:3096} INFO - Sync 1 DAGs
[2024-04-24T09:37:59.748+0000] {logging_mixin.py:188} INFO - [2024-04-24T09:37:59.748+0000] {dag.py:3954} INFO - Setting next_dagrun for priority_one_number_one_dag_v1 to 2024-04-16 00:00:00+00:00, run_after=2024-04-17 00:00:00+00:00
[2024-04-24T09:38:00.124+0000] {processor.py:183} INFO - Processing /opt/airflow/dags/priority_one_number_one_dag.py took 3.732 seconds
[2024-04-24T09:38:30.308+0000] {processor.py:161} INFO - Started process (PID=246) to work on /opt/airflow/dags/priority_one_number_one_dag.py
[2024-04-24T09:38:30.310+0000] {processor.py:830} INFO - Processing file /opt/airflow/dags/priority_one_number_one_dag.py for tasks to queue
[2024-04-24T09:38:30.314+0000] {logging_mixin.py:188} INFO - [2024-04-24T09:38:30.312+0000] {dagbag.py:540} INFO - Filling up the DagBag from /opt/airflow/dags/priority_one_number_one_dag.py
[2024-04-24T09:38:30.366+0000] {processor.py:840} INFO - DAG(s) 'priority_one_number_one_dag_v1' retrieved from /opt/airflow/dags/priority_one_number_one_dag.py
[2024-04-24T09:38:30.418+0000] {logging_mixin.py:188} INFO - [2024-04-24T09:38:30.418+0000] {dag.py:3096} INFO - Sync 1 DAGs
[2024-04-24T09:38:30.492+0000] {logging_mixin.py:188} INFO - [2024-04-24T09:38:30.492+0000] {dag.py:3954} INFO - Setting next_dagrun for priority_one_number_one_dag_v1 to 2024-04-16 00:00:00+00:00, run_after=2024-04-17 00:00:00+00:00
[2024-04-24T09:38:30.540+0000] {processor.py:183} INFO - Processing /opt/airflow/dags/priority_one_number_one_dag.py took 0.254 seconds
[2024-04-24T09:39:01.470+0000] {processor.py:161} INFO - Started process (PID=265) to work on /opt/airflow/dags/priority_one_number_one_dag.py
[2024-04-24T09:39:01.472+0000] {processor.py:830} INFO - Processing file /opt/airflow/dags/priority_one_number_one_dag.py for tasks to queue
[2024-04-24T09:39:01.473+0000] {logging_mixin.py:188} INFO - [2024-04-24T09:39:01.473+0000] {dagbag.py:540} INFO - Filling up the DagBag from /opt/airflow/dags/priority_one_number_one_dag.py
[2024-04-24T09:39:01.503+0000] {processor.py:840} INFO - DAG(s) 'priority_one_number_one_dag_v1' retrieved from /opt/airflow/dags/priority_one_number_one_dag.py
[2024-04-24T09:39:01.539+0000] {logging_mixin.py:188} INFO - [2024-04-24T09:39:01.538+0000] {dag.py:3096} INFO - Sync 1 DAGs
[2024-04-24T09:39:01.570+0000] {logging_mixin.py:188} INFO - [2024-04-24T09:39:01.569+0000] {dag.py:3954} INFO - Setting next_dagrun for priority_one_number_one_dag_v1 to 2024-04-16 00:00:00+00:00, run_after=2024-04-17 00:00:00+00:00
[2024-04-24T09:39:01.596+0000] {processor.py:183} INFO - Processing /opt/airflow/dags/priority_one_number_one_dag.py took 0.133 seconds
[2024-04-24T09:39:31.730+0000] {processor.py:161} INFO - Started process (PID=275) to work on /opt/airflow/dags/priority_one_number_one_dag.py
[2024-04-24T09:39:31.732+0000] {processor.py:830} INFO - Processing file /opt/airflow/dags/priority_one_number_one_dag.py for tasks to queue
[2024-04-24T09:39:31.733+0000] {logging_mixin.py:188} INFO - [2024-04-24T09:39:31.732+0000] {dagbag.py:540} INFO - Filling up the DagBag from /opt/airflow/dags/priority_one_number_one_dag.py
[2024-04-24T09:39:31.754+0000] {processor.py:840} INFO - DAG(s) 'priority_one_number_one_dag_v1' retrieved from /opt/airflow/dags/priority_one_number_one_dag.py
[2024-04-24T09:39:31.782+0000] {logging_mixin.py:188} INFO - [2024-04-24T09:39:31.781+0000] {dag.py:3096} INFO - Sync 1 DAGs
[2024-04-24T09:39:31.804+0000] {logging_mixin.py:188} INFO - [2024-04-24T09:39:31.804+0000] {dag.py:3954} INFO - Setting next_dagrun for priority_one_number_one_dag_v1 to 2024-04-16 00:00:00+00:00, run_after=2024-04-17 00:00:00+00:00
[2024-04-24T09:39:31.827+0000] {processor.py:183} INFO - Processing /opt/airflow/dags/priority_one_number_one_dag.py took 0.102 seconds
[2024-04-24T09:40:01.962+0000] {processor.py:161} INFO - Started process (PID=287) to work on /opt/airflow/dags/priority_one_number_one_dag.py
[2024-04-24T09:40:01.968+0000] {processor.py:830} INFO - Processing file /opt/airflow/dags/priority_one_number_one_dag.py for tasks to queue
[2024-04-24T09:40:01.972+0000] {logging_mixin.py:188} INFO - [2024-04-24T09:40:01.970+0000] {dagbag.py:540} INFO - Filling up the DagBag from /opt/airflow/dags/priority_one_number_one_dag.py
[2024-04-24T09:40:02.078+0000] {processor.py:840} INFO - DAG(s) 'priority_one_number_one_dag_v1' retrieved from /opt/airflow/dags/priority_one_number_one_dag.py
[2024-04-24T09:40:02.167+0000] {logging_mixin.py:188} INFO - [2024-04-24T09:40:02.167+0000] {dag.py:3096} INFO - Sync 1 DAGs
[2024-04-24T09:40:02.255+0000] {logging_mixin.py:188} INFO - [2024-04-24T09:40:02.254+0000] {dag.py:3954} INFO - Setting next_dagrun for priority_one_number_one_dag_v1 to 2024-04-16 00:00:00+00:00, run_after=2024-04-17 00:00:00+00:00
[2024-04-24T09:40:02.285+0000] {processor.py:183} INFO - Processing /opt/airflow/dags/priority_one_number_one_dag.py took 0.370 seconds
[2024-04-24T09:40:32.588+0000] {processor.py:161} INFO - Started process (PID=299) to work on /opt/airflow/dags/priority_one_number_one_dag.py
[2024-04-24T09:40:32.589+0000] {processor.py:830} INFO - Processing file /opt/airflow/dags/priority_one_number_one_dag.py for tasks to queue
[2024-04-24T09:40:32.591+0000] {logging_mixin.py:188} INFO - [2024-04-24T09:40:32.590+0000] {dagbag.py:540} INFO - Filling up the DagBag from /opt/airflow/dags/priority_one_number_one_dag.py
[2024-04-24T09:40:32.616+0000] {processor.py:840} INFO - DAG(s) 'priority_one_number_one_dag_v1' retrieved from /opt/airflow/dags/priority_one_number_one_dag.py
[2024-04-24T09:40:32.651+0000] {logging_mixin.py:188} INFO - [2024-04-24T09:40:32.651+0000] {dag.py:3096} INFO - Sync 1 DAGs
[2024-04-24T09:40:32.675+0000] {logging_mixin.py:188} INFO - [2024-04-24T09:40:32.674+0000] {dag.py:3954} INFO - Setting next_dagrun for priority_one_number_one_dag_v1 to 2024-04-16 00:00:00+00:00, run_after=2024-04-17 00:00:00+00:00
[2024-04-24T09:40:32.696+0000] {processor.py:183} INFO - Processing /opt/airflow/dags/priority_one_number_one_dag.py took 0.116 seconds
[2024-04-24T09:41:03.276+0000] {processor.py:161} INFO - Started process (PID=318) to work on /opt/airflow/dags/priority_one_number_one_dag.py
[2024-04-24T09:41:03.278+0000] {processor.py:830} INFO - Processing file /opt/airflow/dags/priority_one_number_one_dag.py for tasks to queue
[2024-04-24T09:41:03.280+0000] {logging_mixin.py:188} INFO - [2024-04-24T09:41:03.280+0000] {dagbag.py:540} INFO - Filling up the DagBag from /opt/airflow/dags/priority_one_number_one_dag.py
[2024-04-24T09:41:03.409+0000] {processor.py:840} INFO - DAG(s) 'priority_one_number_one_dag_v1' retrieved from /opt/airflow/dags/priority_one_number_one_dag.py
[2024-04-24T09:41:03.528+0000] {logging_mixin.py:188} INFO - [2024-04-24T09:41:03.527+0000] {dag.py:3096} INFO - Sync 1 DAGs
[2024-04-24T09:41:03.609+0000] {logging_mixin.py:188} INFO - [2024-04-24T09:41:03.609+0000] {dag.py:3954} INFO - Setting next_dagrun for priority_one_number_one_dag_v1 to 2024-04-16 00:00:00+00:00, run_after=2024-04-17 00:00:00+00:00
[2024-04-24T09:41:03.664+0000] {processor.py:183} INFO - Processing /opt/airflow/dags/priority_one_number_one_dag.py took 0.412 seconds
[2024-04-24T09:41:45.030+0000] {processor.py:161} INFO - Started process (PID=334) to work on /opt/airflow/dags/priority_one_number_one_dag.py
[2024-04-24T09:41:45.034+0000] {processor.py:830} INFO - Processing file /opt/airflow/dags/priority_one_number_one_dag.py for tasks to queue
[2024-04-24T09:41:45.038+0000] {logging_mixin.py:188} INFO - [2024-04-24T09:41:45.038+0000] {dagbag.py:540} INFO - Filling up the DagBag from /opt/airflow/dags/priority_one_number_one_dag.py
[2024-04-24T09:41:45.304+0000] {processor.py:840} INFO - DAG(s) 'priority_one_number_one_dag_v1' retrieved from /opt/airflow/dags/priority_one_number_one_dag.py
[2024-04-24T09:41:55.279+0000] {logging_mixin.py:188} INFO - [2024-04-24T09:41:55.076+0000] {dag.py:3096} INFO - Sync 1 DAGs
[2024-04-24T09:41:57.458+0000] {logging_mixin.py:188} INFO - [2024-04-24T09:41:57.370+0000] {dag.py:3954} INFO - Setting next_dagrun for priority_one_number_one_dag_v1 to 2024-04-16 00:00:00+00:00, run_after=2024-04-17 00:00:00+00:00
[2024-04-24T09:41:59.032+0000] {processor.py:183} INFO - Processing /opt/airflow/dags/priority_one_number_one_dag.py took 14.023 seconds
[2024-04-24T09:42:32.896+0000] {processor.py:161} INFO - Started process (PID=368) to work on /opt/airflow/dags/priority_one_number_one_dag.py
[2024-04-24T09:42:32.902+0000] {processor.py:830} INFO - Processing file /opt/airflow/dags/priority_one_number_one_dag.py for tasks to queue
[2024-04-24T09:42:32.910+0000] {logging_mixin.py:188} INFO - [2024-04-24T09:42:32.908+0000] {dagbag.py:540} INFO - Filling up the DagBag from /opt/airflow/dags/priority_one_number_one_dag.py
[2024-04-24T09:42:33.315+0000] {processor.py:840} INFO - DAG(s) 'priority_one_number_one_dag_v1' retrieved from /opt/airflow/dags/priority_one_number_one_dag.py
[2024-04-24T09:42:33.945+0000] {logging_mixin.py:188} INFO - [2024-04-24T09:42:33.943+0000] {dag.py:3096} INFO - Sync 1 DAGs
[2024-04-24T09:42:34.286+0000] {logging_mixin.py:188} INFO - [2024-04-24T09:42:34.279+0000] {dag.py:3954} INFO - Setting next_dagrun for priority_one_number_one_dag_v1 to 2024-04-16 00:00:00+00:00, run_after=2024-04-17 00:00:00+00:00
[2024-04-24T09:42:34.484+0000] {processor.py:183} INFO - Processing /opt/airflow/dags/priority_one_number_one_dag.py took 1.737 seconds
[2024-04-24T09:43:14.206+0000] {processor.py:161} INFO - Started process (PID=371) to work on /opt/airflow/dags/priority_one_number_one_dag.py
[2024-04-24T09:43:14.467+0000] {processor.py:830} INFO - Processing file /opt/airflow/dags/priority_one_number_one_dag.py for tasks to queue
[2024-04-24T09:43:14.619+0000] {logging_mixin.py:188} INFO - [2024-04-24T09:43:14.494+0000] {dagbag.py:540} INFO - Filling up the DagBag from /opt/airflow/dags/priority_one_number_one_dag.py
[2024-04-24T09:43:15.516+0000] {processor.py:840} INFO - DAG(s) 'priority_one_number_one_dag_v1' retrieved from /opt/airflow/dags/priority_one_number_one_dag.py
[2024-04-24T09:43:15.947+0000] {logging_mixin.py:188} INFO - [2024-04-24T09:43:15.946+0000] {dag.py:3096} INFO - Sync 1 DAGs
[2024-04-24T09:43:16.223+0000] {logging_mixin.py:188} INFO - [2024-04-24T09:43:16.222+0000] {dag.py:3954} INFO - Setting next_dagrun for priority_one_number_one_dag_v1 to 2024-04-16 00:00:00+00:00, run_after=2024-04-17 00:00:00+00:00
[2024-04-24T09:43:17.944+0000] {processor.py:183} INFO - Processing /opt/airflow/dags/priority_one_number_one_dag.py took 3.958 seconds
[2024-04-24T09:44:02.953+0000] {processor.py:161} INFO - Started process (PID=382) to work on /opt/airflow/dags/priority_one_number_one_dag.py
[2024-04-24T09:44:02.957+0000] {processor.py:830} INFO - Processing file /opt/airflow/dags/priority_one_number_one_dag.py for tasks to queue
[2024-04-24T09:44:02.960+0000] {logging_mixin.py:188} INFO - [2024-04-24T09:44:02.959+0000] {dagbag.py:540} INFO - Filling up the DagBag from /opt/airflow/dags/priority_one_number_one_dag.py
[2024-04-24T09:44:03.071+0000] {processor.py:840} INFO - DAG(s) 'priority_one_number_one_dag_v1' retrieved from /opt/airflow/dags/priority_one_number_one_dag.py
[2024-04-24T09:44:03.444+0000] {logging_mixin.py:188} INFO - [2024-04-24T09:44:03.436+0000] {dag.py:3096} INFO - Sync 1 DAGs
[2024-04-24T09:44:03.522+0000] {logging_mixin.py:188} INFO - [2024-04-24T09:44:03.521+0000] {dag.py:3954} INFO - Setting next_dagrun for priority_one_number_one_dag_v1 to 2024-04-16 00:00:00+00:00, run_after=2024-04-17 00:00:00+00:00
[2024-04-24T09:44:03.713+0000] {processor.py:183} INFO - Processing /opt/airflow/dags/priority_one_number_one_dag.py took 0.782 seconds
[2024-04-24T09:44:34.553+0000] {processor.py:161} INFO - Started process (PID=391) to work on /opt/airflow/dags/priority_one_number_one_dag.py
[2024-04-24T09:44:34.556+0000] {processor.py:830} INFO - Processing file /opt/airflow/dags/priority_one_number_one_dag.py for tasks to queue
[2024-04-24T09:44:34.562+0000] {logging_mixin.py:188} INFO - [2024-04-24T09:44:34.559+0000] {dagbag.py:540} INFO - Filling up the DagBag from /opt/airflow/dags/priority_one_number_one_dag.py
[2024-04-24T09:44:34.843+0000] {processor.py:840} INFO - DAG(s) 'priority_one_number_one_dag_v1' retrieved from /opt/airflow/dags/priority_one_number_one_dag.py
[2024-04-24T09:44:35.289+0000] {logging_mixin.py:188} INFO - [2024-04-24T09:44:35.288+0000] {dag.py:3096} INFO - Sync 1 DAGs
[2024-04-24T09:44:35.398+0000] {logging_mixin.py:188} INFO - [2024-04-24T09:44:35.397+0000] {dag.py:3954} INFO - Setting next_dagrun for priority_one_number_one_dag_v1 to 2024-04-16 00:00:00+00:00, run_after=2024-04-17 00:00:00+00:00
[2024-04-24T09:44:35.462+0000] {processor.py:183} INFO - Processing /opt/airflow/dags/priority_one_number_one_dag.py took 1.031 seconds
[2024-04-24T09:45:06.410+0000] {processor.py:161} INFO - Started process (PID=402) to work on /opt/airflow/dags/priority_one_number_one_dag.py
[2024-04-24T09:45:06.414+0000] {processor.py:830} INFO - Processing file /opt/airflow/dags/priority_one_number_one_dag.py for tasks to queue
[2024-04-24T09:45:06.417+0000] {logging_mixin.py:188} INFO - [2024-04-24T09:45:06.416+0000] {dagbag.py:540} INFO - Filling up the DagBag from /opt/airflow/dags/priority_one_number_one_dag.py
[2024-04-24T09:45:06.536+0000] {processor.py:840} INFO - DAG(s) 'priority_one_number_one_dag_v1' retrieved from /opt/airflow/dags/priority_one_number_one_dag.py
[2024-04-24T09:45:06.622+0000] {logging_mixin.py:188} INFO - [2024-04-24T09:45:06.621+0000] {dag.py:3096} INFO - Sync 1 DAGs
[2024-04-24T09:45:06.673+0000] {logging_mixin.py:188} INFO - [2024-04-24T09:45:06.673+0000] {dag.py:3954} INFO - Setting next_dagrun for priority_one_number_one_dag_v1 to 2024-04-16 00:00:00+00:00, run_after=2024-04-17 00:00:00+00:00
[2024-04-24T09:45:06.723+0000] {processor.py:183} INFO - Processing /opt/airflow/dags/priority_one_number_one_dag.py took 0.353 seconds
[2024-04-24T09:45:38.546+0000] {processor.py:161} INFO - Started process (PID=414) to work on /opt/airflow/dags/priority_one_number_one_dag.py
[2024-04-24T09:45:38.548+0000] {processor.py:830} INFO - Processing file /opt/airflow/dags/priority_one_number_one_dag.py for tasks to queue
[2024-04-24T09:45:38.551+0000] {logging_mixin.py:188} INFO - [2024-04-24T09:45:38.550+0000] {dagbag.py:540} INFO - Filling up the DagBag from /opt/airflow/dags/priority_one_number_one_dag.py
[2024-04-24T09:45:38.604+0000] {processor.py:840} INFO - DAG(s) 'priority_one_number_one_dag_v1' retrieved from /opt/airflow/dags/priority_one_number_one_dag.py
[2024-04-24T09:45:39.114+0000] {logging_mixin.py:188} INFO - [2024-04-24T09:45:39.114+0000] {dag.py:3096} INFO - Sync 1 DAGs
[2024-04-24T09:45:39.360+0000] {logging_mixin.py:188} INFO - [2024-04-24T09:45:39.360+0000] {dag.py:3954} INFO - Setting next_dagrun for priority_one_number_one_dag_v1 to 2024-04-16 00:00:00+00:00, run_after=2024-04-17 00:00:00+00:00
[2024-04-24T09:45:39.552+0000] {processor.py:183} INFO - Processing /opt/airflow/dags/priority_one_number_one_dag.py took 1.019 seconds
[2024-04-24T09:46:10.089+0000] {processor.py:161} INFO - Started process (PID=424) to work on /opt/airflow/dags/priority_one_number_one_dag.py
[2024-04-24T09:46:10.091+0000] {processor.py:830} INFO - Processing file /opt/airflow/dags/priority_one_number_one_dag.py for tasks to queue
[2024-04-24T09:46:10.092+0000] {logging_mixin.py:188} INFO - [2024-04-24T09:46:10.092+0000] {dagbag.py:540} INFO - Filling up the DagBag from /opt/airflow/dags/priority_one_number_one_dag.py
[2024-04-24T09:46:10.154+0000] {processor.py:840} INFO - DAG(s) 'priority_one_number_one_dag_v1' retrieved from /opt/airflow/dags/priority_one_number_one_dag.py
[2024-04-24T09:46:10.296+0000] {logging_mixin.py:188} INFO - [2024-04-24T09:46:10.296+0000] {dag.py:3096} INFO - Sync 1 DAGs
[2024-04-24T09:46:10.320+0000] {logging_mixin.py:188} INFO - [2024-04-24T09:46:10.320+0000] {dag.py:3954} INFO - Setting next_dagrun for priority_one_number_one_dag_v1 to 2024-04-16 00:00:00+00:00, run_after=2024-04-17 00:00:00+00:00
[2024-04-24T09:46:10.453+0000] {processor.py:183} INFO - Processing /opt/airflow/dags/priority_one_number_one_dag.py took 0.370 seconds
[2024-04-24T09:46:41.239+0000] {processor.py:161} INFO - Started process (PID=436) to work on /opt/airflow/dags/priority_one_number_one_dag.py
[2024-04-24T09:46:41.241+0000] {processor.py:830} INFO - Processing file /opt/airflow/dags/priority_one_number_one_dag.py for tasks to queue
[2024-04-24T09:46:41.242+0000] {logging_mixin.py:188} INFO - [2024-04-24T09:46:41.241+0000] {dagbag.py:540} INFO - Filling up the DagBag from /opt/airflow/dags/priority_one_number_one_dag.py
[2024-04-24T09:46:41.270+0000] {processor.py:840} INFO - DAG(s) 'priority_one_number_one_dag_v1' retrieved from /opt/airflow/dags/priority_one_number_one_dag.py
[2024-04-24T09:46:41.304+0000] {logging_mixin.py:188} INFO - [2024-04-24T09:46:41.304+0000] {dag.py:3096} INFO - Sync 1 DAGs
[2024-04-24T09:46:41.333+0000] {logging_mixin.py:188} INFO - [2024-04-24T09:46:41.332+0000] {dag.py:3954} INFO - Setting next_dagrun for priority_one_number_one_dag_v1 to 2024-04-16 00:00:00+00:00, run_after=2024-04-17 00:00:00+00:00
[2024-04-24T09:46:41.371+0000] {processor.py:183} INFO - Processing /opt/airflow/dags/priority_one_number_one_dag.py took 0.139 seconds
[2024-04-24T09:47:12.196+0000] {processor.py:161} INFO - Started process (PID=448) to work on /opt/airflow/dags/priority_one_number_one_dag.py
[2024-04-24T09:47:12.204+0000] {processor.py:830} INFO - Processing file /opt/airflow/dags/priority_one_number_one_dag.py for tasks to queue
[2024-04-24T09:47:12.215+0000] {logging_mixin.py:188} INFO - [2024-04-24T09:47:12.214+0000] {dagbag.py:540} INFO - Filling up the DagBag from /opt/airflow/dags/priority_one_number_one_dag.py
[2024-04-24T09:47:12.798+0000] {processor.py:840} INFO - DAG(s) 'priority_one_number_one_dag_v1' retrieved from /opt/airflow/dags/priority_one_number_one_dag.py
[2024-04-24T09:47:13.486+0000] {logging_mixin.py:188} INFO - [2024-04-24T09:47:13.485+0000] {dag.py:3096} INFO - Sync 1 DAGs
[2024-04-24T09:47:13.907+0000] {logging_mixin.py:188} INFO - [2024-04-24T09:47:13.906+0000] {dag.py:3954} INFO - Setting next_dagrun for priority_one_number_one_dag_v1 to 2024-04-16 00:00:00+00:00, run_after=2024-04-17 00:00:00+00:00
[2024-04-24T09:47:14.305+0000] {processor.py:183} INFO - Processing /opt/airflow/dags/priority_one_number_one_dag.py took 2.191 seconds
[2024-04-24T09:48:03.139+0000] {processor.py:161} INFO - Started process (PID=454) to work on /opt/airflow/dags/priority_one_number_one_dag.py
[2024-04-24T09:48:03.148+0000] {processor.py:830} INFO - Processing file /opt/airflow/dags/priority_one_number_one_dag.py for tasks to queue
[2024-04-24T09:48:03.170+0000] {logging_mixin.py:188} INFO - [2024-04-24T09:48:03.169+0000] {dagbag.py:540} INFO - Filling up the DagBag from /opt/airflow/dags/priority_one_number_one_dag.py
[2024-04-24T09:48:04.785+0000] {processor.py:840} INFO - DAG(s) 'priority_one_number_one_dag_v1' retrieved from /opt/airflow/dags/priority_one_number_one_dag.py
[2024-04-24T09:48:06.202+0000] {logging_mixin.py:188} INFO - [2024-04-24T09:48:06.198+0000] {dag.py:3096} INFO - Sync 1 DAGs
[2024-04-24T09:48:06.661+0000] {logging_mixin.py:188} INFO - [2024-04-24T09:48:06.660+0000] {dag.py:3954} INFO - Setting next_dagrun for priority_one_number_one_dag_v1 to 2024-04-16 00:00:00+00:00, run_after=2024-04-17 00:00:00+00:00
[2024-04-24T09:48:06.899+0000] {processor.py:183} INFO - Processing /opt/airflow/dags/priority_one_number_one_dag.py took 3.983 seconds
[2024-04-24T09:49:51.454+0000] {processor.py:161} INFO - Started process (PID=40) to work on /opt/airflow/dags/priority_one_number_one_dag.py
[2024-04-24T09:49:51.458+0000] {processor.py:830} INFO - Processing file /opt/airflow/dags/priority_one_number_one_dag.py for tasks to queue
[2024-04-24T09:49:51.471+0000] {logging_mixin.py:188} INFO - [2024-04-24T09:49:51.468+0000] {dagbag.py:540} INFO - Filling up the DagBag from /opt/airflow/dags/priority_one_number_one_dag.py
[2024-04-24T09:49:51.600+0000] {processor.py:840} INFO - DAG(s) 'priority_one_number_one_dag_v1' retrieved from /opt/airflow/dags/priority_one_number_one_dag.py
[2024-04-24T09:49:51.695+0000] {logging_mixin.py:188} INFO - [2024-04-24T09:49:51.693+0000] {dag.py:3096} INFO - Sync 1 DAGs
[2024-04-24T09:49:51.798+0000] {logging_mixin.py:188} INFO - [2024-04-24T09:49:51.795+0000] {dag.py:3954} INFO - Setting next_dagrun for priority_one_number_one_dag_v1 to 2024-04-16 00:00:00+00:00, run_after=2024-04-17 00:00:00+00:00
[2024-04-24T09:49:51.896+0000] {processor.py:183} INFO - Processing /opt/airflow/dags/priority_one_number_one_dag.py took 0.470 seconds
[2024-04-24T09:50:22.324+0000] {processor.py:161} INFO - Started process (PID=54) to work on /opt/airflow/dags/priority_one_number_one_dag.py
[2024-04-24T09:50:22.325+0000] {processor.py:830} INFO - Processing file /opt/airflow/dags/priority_one_number_one_dag.py for tasks to queue
[2024-04-24T09:50:22.327+0000] {logging_mixin.py:188} INFO - [2024-04-24T09:50:22.327+0000] {dagbag.py:540} INFO - Filling up the DagBag from /opt/airflow/dags/priority_one_number_one_dag.py
[2024-04-24T09:50:22.344+0000] {processor.py:840} INFO - DAG(s) 'priority_one_number_one_dag_v1' retrieved from /opt/airflow/dags/priority_one_number_one_dag.py
[2024-04-24T09:50:22.372+0000] {logging_mixin.py:188} INFO - [2024-04-24T09:50:22.372+0000] {dag.py:3096} INFO - Sync 1 DAGs
[2024-04-24T09:50:22.394+0000] {logging_mixin.py:188} INFO - [2024-04-24T09:50:22.393+0000] {dag.py:3954} INFO - Setting next_dagrun for priority_one_number_one_dag_v1 to 2024-04-16 00:00:00+00:00, run_after=2024-04-17 00:00:00+00:00
[2024-04-24T09:50:22.418+0000] {processor.py:183} INFO - Processing /opt/airflow/dags/priority_one_number_one_dag.py took 0.100 seconds
[2024-04-24T09:50:52.517+0000] {processor.py:161} INFO - Started process (PID=66) to work on /opt/airflow/dags/priority_one_number_one_dag.py
[2024-04-24T09:50:52.522+0000] {processor.py:830} INFO - Processing file /opt/airflow/dags/priority_one_number_one_dag.py for tasks to queue
[2024-04-24T09:50:52.543+0000] {logging_mixin.py:188} INFO - [2024-04-24T09:50:52.540+0000] {dagbag.py:540} INFO - Filling up the DagBag from /opt/airflow/dags/priority_one_number_one_dag.py
[2024-04-24T09:50:52.670+0000] {processor.py:840} INFO - DAG(s) 'priority_one_number_one_dag_v1' retrieved from /opt/airflow/dags/priority_one_number_one_dag.py
[2024-04-24T09:50:52.757+0000] {logging_mixin.py:188} INFO - [2024-04-24T09:50:52.757+0000] {dag.py:3096} INFO - Sync 1 DAGs
[2024-04-24T09:50:52.806+0000] {logging_mixin.py:188} INFO - [2024-04-24T09:50:52.806+0000] {dag.py:3954} INFO - Setting next_dagrun for priority_one_number_one_dag_v1 to 2024-04-16 00:00:00+00:00, run_after=2024-04-17 00:00:00+00:00
[2024-04-24T09:50:52.852+0000] {processor.py:183} INFO - Processing /opt/airflow/dags/priority_one_number_one_dag.py took 0.359 seconds
[2024-04-24T09:51:23.607+0000] {processor.py:161} INFO - Started process (PID=78) to work on /opt/airflow/dags/priority_one_number_one_dag.py
[2024-04-24T09:51:23.608+0000] {processor.py:830} INFO - Processing file /opt/airflow/dags/priority_one_number_one_dag.py for tasks to queue
[2024-04-24T09:51:23.611+0000] {logging_mixin.py:188} INFO - [2024-04-24T09:51:23.611+0000] {dagbag.py:540} INFO - Filling up the DagBag from /opt/airflow/dags/priority_one_number_one_dag.py
[2024-04-24T09:51:23.635+0000] {processor.py:840} INFO - DAG(s) 'priority_one_number_one_dag_v1' retrieved from /opt/airflow/dags/priority_one_number_one_dag.py
[2024-04-24T09:51:23.766+0000] {logging_mixin.py:188} INFO - [2024-04-24T09:51:23.765+0000] {dag.py:3096} INFO - Sync 1 DAGs
[2024-04-24T09:51:23.942+0000] {logging_mixin.py:188} INFO - [2024-04-24T09:51:23.941+0000] {dag.py:3954} INFO - Setting next_dagrun for priority_one_number_one_dag_v1 to 2024-04-16 00:00:00+00:00, run_after=2024-04-17 00:00:00+00:00
[2024-04-24T09:51:24.033+0000] {processor.py:183} INFO - Processing /opt/airflow/dags/priority_one_number_one_dag.py took 0.439 seconds
[2024-04-24T09:51:54.345+0000] {processor.py:161} INFO - Started process (PID=90) to work on /opt/airflow/dags/priority_one_number_one_dag.py
[2024-04-24T09:51:54.353+0000] {processor.py:830} INFO - Processing file /opt/airflow/dags/priority_one_number_one_dag.py for tasks to queue
[2024-04-24T09:51:54.355+0000] {logging_mixin.py:188} INFO - [2024-04-24T09:51:54.355+0000] {dagbag.py:540} INFO - Filling up the DagBag from /opt/airflow/dags/priority_one_number_one_dag.py
[2024-04-24T09:51:54.411+0000] {processor.py:840} INFO - DAG(s) 'priority_one_number_one_dag_v1' retrieved from /opt/airflow/dags/priority_one_number_one_dag.py
[2024-04-24T09:51:54.531+0000] {logging_mixin.py:188} INFO - [2024-04-24T09:51:54.531+0000] {dag.py:3096} INFO - Sync 1 DAGs
[2024-04-24T09:51:54.580+0000] {logging_mixin.py:188} INFO - [2024-04-24T09:51:54.579+0000] {dag.py:3954} INFO - Setting next_dagrun for priority_one_number_one_dag_v1 to 2024-04-16 00:00:00+00:00, run_after=2024-04-17 00:00:00+00:00
[2024-04-24T09:51:54.604+0000] {processor.py:183} INFO - Processing /opt/airflow/dags/priority_one_number_one_dag.py took 0.328 seconds
[2024-04-24T09:52:25.283+0000] {processor.py:161} INFO - Started process (PID=102) to work on /opt/airflow/dags/priority_one_number_one_dag.py
[2024-04-24T09:52:25.286+0000] {processor.py:830} INFO - Processing file /opt/airflow/dags/priority_one_number_one_dag.py for tasks to queue
[2024-04-24T09:52:25.290+0000] {logging_mixin.py:188} INFO - [2024-04-24T09:52:25.290+0000] {dagbag.py:540} INFO - Filling up the DagBag from /opt/airflow/dags/priority_one_number_one_dag.py
[2024-04-24T09:52:25.378+0000] {processor.py:840} INFO - DAG(s) 'priority_one_number_one_dag_v1' retrieved from /opt/airflow/dags/priority_one_number_one_dag.py
[2024-04-24T09:52:25.459+0000] {logging_mixin.py:188} INFO - [2024-04-24T09:52:25.458+0000] {dag.py:3096} INFO - Sync 1 DAGs
[2024-04-24T09:52:25.535+0000] {logging_mixin.py:188} INFO - [2024-04-24T09:52:25.534+0000] {dag.py:3954} INFO - Setting next_dagrun for priority_one_number_one_dag_v1 to 2024-04-16 00:00:00+00:00, run_after=2024-04-17 00:00:00+00:00
[2024-04-24T09:52:25.607+0000] {processor.py:183} INFO - Processing /opt/airflow/dags/priority_one_number_one_dag.py took 0.342 seconds
[2024-04-24T09:52:59.915+0000] {processor.py:161} INFO - Started process (PID=113) to work on /opt/airflow/dags/priority_one_number_one_dag.py
[2024-04-24T09:52:59.917+0000] {processor.py:830} INFO - Processing file /opt/airflow/dags/priority_one_number_one_dag.py for tasks to queue
[2024-04-24T09:52:59.924+0000] {logging_mixin.py:188} INFO - [2024-04-24T09:52:59.923+0000] {dagbag.py:540} INFO - Filling up the DagBag from /opt/airflow/dags/priority_one_number_one_dag.py
[2024-04-24T09:52:59.987+0000] {processor.py:840} INFO - DAG(s) 'priority_one_number_one_dag_v1' retrieved from /opt/airflow/dags/priority_one_number_one_dag.py
[2024-04-24T09:53:00.162+0000] {logging_mixin.py:188} INFO - [2024-04-24T09:53:00.161+0000] {dag.py:3096} INFO - Sync 1 DAGs
[2024-04-24T09:53:00.290+0000] {logging_mixin.py:188} INFO - [2024-04-24T09:53:00.290+0000] {dag.py:3954} INFO - Setting next_dagrun for priority_one_number_one_dag_v1 to 2024-04-16 00:00:00+00:00, run_after=2024-04-17 00:00:00+00:00
[2024-04-24T09:53:00.403+0000] {processor.py:183} INFO - Processing /opt/airflow/dags/priority_one_number_one_dag.py took 0.498 seconds
[2024-04-24T09:54:12.474+0000] {processor.py:161} INFO - Started process (PID=146) to work on /opt/airflow/dags/priority_one_number_one_dag.py
[2024-04-24T09:54:12.484+0000] {processor.py:830} INFO - Processing file /opt/airflow/dags/priority_one_number_one_dag.py for tasks to queue
[2024-04-24T09:54:12.506+0000] {logging_mixin.py:188} INFO - [2024-04-24T09:54:12.504+0000] {dagbag.py:540} INFO - Filling up the DagBag from /opt/airflow/dags/priority_one_number_one_dag.py
[2024-04-24T09:54:12.858+0000] {processor.py:840} INFO - DAG(s) 'priority_one_number_one_dag_v1' retrieved from /opt/airflow/dags/priority_one_number_one_dag.py
[2024-04-24T09:54:13.073+0000] {logging_mixin.py:188} INFO - [2024-04-24T09:54:13.069+0000] {dag.py:3096} INFO - Sync 1 DAGs
[2024-04-24T09:54:13.422+0000] {logging_mixin.py:188} INFO - [2024-04-24T09:54:13.422+0000] {dag.py:3954} INFO - Setting next_dagrun for priority_one_number_one_dag_v1 to 2024-04-16 00:00:00+00:00, run_after=2024-04-17 00:00:00+00:00
[2024-04-24T09:54:13.669+0000] {processor.py:183} INFO - Processing /opt/airflow/dags/priority_one_number_one_dag.py took 1.352 seconds
[2024-04-24T09:54:44.271+0000] {processor.py:161} INFO - Started process (PID=156) to work on /opt/airflow/dags/priority_one_number_one_dag.py
[2024-04-24T09:54:44.340+0000] {processor.py:830} INFO - Processing file /opt/airflow/dags/priority_one_number_one_dag.py for tasks to queue
[2024-04-24T09:54:44.343+0000] {logging_mixin.py:188} INFO - [2024-04-24T09:54:44.342+0000] {dagbag.py:540} INFO - Filling up the DagBag from /opt/airflow/dags/priority_one_number_one_dag.py
[2024-04-24T09:54:44.597+0000] {processor.py:840} INFO - DAG(s) 'priority_one_number_one_dag_v1' retrieved from /opt/airflow/dags/priority_one_number_one_dag.py
[2024-04-24T09:54:44.633+0000] {logging_mixin.py:188} INFO - [2024-04-24T09:54:44.632+0000] {dag.py:3096} INFO - Sync 1 DAGs
[2024-04-24T09:54:44.660+0000] {logging_mixin.py:188} INFO - [2024-04-24T09:54:44.659+0000] {dag.py:3954} INFO - Setting next_dagrun for priority_one_number_one_dag_v1 to 2024-04-16 00:00:00+00:00, run_after=2024-04-17 00:00:00+00:00
[2024-04-24T09:54:44.762+0000] {processor.py:183} INFO - Processing /opt/airflow/dags/priority_one_number_one_dag.py took 0.498 seconds
[2024-04-24T09:55:26.336+0000] {processor.py:161} INFO - Started process (PID=180) to work on /opt/airflow/dags/priority_one_number_one_dag.py
[2024-04-24T09:55:26.435+0000] {processor.py:830} INFO - Processing file /opt/airflow/dags/priority_one_number_one_dag.py for tasks to queue
[2024-04-24T09:55:26.707+0000] {logging_mixin.py:188} INFO - [2024-04-24T09:55:26.681+0000] {dagbag.py:540} INFO - Filling up the DagBag from /opt/airflow/dags/priority_one_number_one_dag.py
[2024-04-24T09:55:27.769+0000] {processor.py:840} INFO - DAG(s) 'priority_one_number_one_dag_v1' retrieved from /opt/airflow/dags/priority_one_number_one_dag.py
[2024-04-24T09:55:28.321+0000] {logging_mixin.py:188} INFO - [2024-04-24T09:55:28.320+0000] {dag.py:3096} INFO - Sync 1 DAGs
[2024-04-24T09:55:28.645+0000] {logging_mixin.py:188} INFO - [2024-04-24T09:55:28.644+0000] {dag.py:3954} INFO - Setting next_dagrun for priority_one_number_one_dag_v1 to 2024-04-16 00:00:00+00:00, run_after=2024-04-17 00:00:00+00:00
[2024-04-24T09:55:28.827+0000] {processor.py:183} INFO - Processing /opt/airflow/dags/priority_one_number_one_dag.py took 2.836 seconds
[2024-04-24T09:55:59.132+0000] {processor.py:161} INFO - Started process (PID=190) to work on /opt/airflow/dags/priority_one_number_one_dag.py
[2024-04-24T09:55:59.146+0000] {processor.py:830} INFO - Processing file /opt/airflow/dags/priority_one_number_one_dag.py for tasks to queue
[2024-04-24T09:55:59.154+0000] {logging_mixin.py:188} INFO - [2024-04-24T09:55:59.149+0000] {dagbag.py:540} INFO - Filling up the DagBag from /opt/airflow/dags/priority_one_number_one_dag.py
[2024-04-24T09:55:59.327+0000] {processor.py:840} INFO - DAG(s) 'priority_one_number_one_dag_v1' retrieved from /opt/airflow/dags/priority_one_number_one_dag.py
[2024-04-24T09:56:27.738+0000] {logging_mixin.py:188} INFO - [2024-04-24T09:56:27.485+0000] {dag.py:3096} INFO - Sync 1 DAGs
[2024-04-24T09:56:29.128+0000] {logging_mixin.py:188} INFO - [2024-04-24T09:56:29.126+0000] {dag.py:3954} INFO - Setting next_dagrun for priority_one_number_one_dag_v1 to 2024-04-16 00:00:00+00:00, run_after=2024-04-17 00:00:00+00:00
[2024-04-24T09:56:29.473+0000] {processor.py:183} INFO - Processing /opt/airflow/dags/priority_one_number_one_dag.py took 30.234 seconds
[2024-04-24T09:57:00.439+0000] {processor.py:161} INFO - Started process (PID=202) to work on /opt/airflow/dags/priority_one_number_one_dag.py
[2024-04-24T09:57:00.443+0000] {processor.py:830} INFO - Processing file /opt/airflow/dags/priority_one_number_one_dag.py for tasks to queue
[2024-04-24T09:57:00.448+0000] {logging_mixin.py:188} INFO - [2024-04-24T09:57:00.446+0000] {dagbag.py:540} INFO - Filling up the DagBag from /opt/airflow/dags/priority_one_number_one_dag.py
[2024-04-24T09:57:00.555+0000] {processor.py:840} INFO - DAG(s) 'priority_one_number_one_dag_v1' retrieved from /opt/airflow/dags/priority_one_number_one_dag.py
[2024-04-24T09:57:00.674+0000] {logging_mixin.py:188} INFO - [2024-04-24T09:57:00.673+0000] {dag.py:3096} INFO - Sync 1 DAGs
[2024-04-24T09:57:00.802+0000] {logging_mixin.py:188} INFO - [2024-04-24T09:57:00.799+0000] {dag.py:3954} INFO - Setting next_dagrun for priority_one_number_one_dag_v1 to 2024-04-16 00:00:00+00:00, run_after=2024-04-17 00:00:00+00:00
[2024-04-24T09:57:00.878+0000] {processor.py:183} INFO - Processing /opt/airflow/dags/priority_one_number_one_dag.py took 0.477 seconds
[2024-04-24T09:57:31.686+0000] {processor.py:161} INFO - Started process (PID=214) to work on /opt/airflow/dags/priority_one_number_one_dag.py
[2024-04-24T09:57:31.692+0000] {processor.py:830} INFO - Processing file /opt/airflow/dags/priority_one_number_one_dag.py for tasks to queue
[2024-04-24T09:57:31.702+0000] {logging_mixin.py:188} INFO - [2024-04-24T09:57:31.693+0000] {dagbag.py:540} INFO - Filling up the DagBag from /opt/airflow/dags/priority_one_number_one_dag.py
[2024-04-24T09:57:31.843+0000] {processor.py:840} INFO - DAG(s) 'priority_one_number_one_dag_v1' retrieved from /opt/airflow/dags/priority_one_number_one_dag.py
[2024-04-24T09:57:32.005+0000] {logging_mixin.py:188} INFO - [2024-04-24T09:57:32.004+0000] {dag.py:3096} INFO - Sync 1 DAGs
[2024-04-24T09:57:32.112+0000] {logging_mixin.py:188} INFO - [2024-04-24T09:57:32.111+0000] {dag.py:3954} INFO - Setting next_dagrun for priority_one_number_one_dag_v1 to 2024-04-16 00:00:00+00:00, run_after=2024-04-17 00:00:00+00:00
[2024-04-24T09:57:32.176+0000] {processor.py:183} INFO - Processing /opt/airflow/dags/priority_one_number_one_dag.py took 0.527 seconds
[2024-04-24T09:58:46.947+0000] {processor.py:161} INFO - Started process (PID=227) to work on /opt/airflow/dags/priority_one_number_one_dag.py
[2024-04-24T09:58:46.957+0000] {processor.py:830} INFO - Processing file /opt/airflow/dags/priority_one_number_one_dag.py for tasks to queue
[2024-04-24T09:58:46.969+0000] {logging_mixin.py:188} INFO - [2024-04-24T09:58:46.963+0000] {dagbag.py:540} INFO - Filling up the DagBag from /opt/airflow/dags/priority_one_number_one_dag.py
[2024-04-24T09:58:47.380+0000] {processor.py:840} INFO - DAG(s) 'priority_one_number_one_dag_v1' retrieved from /opt/airflow/dags/priority_one_number_one_dag.py
[2024-04-24T09:58:49.159+0000] {logging_mixin.py:188} INFO - [2024-04-24T09:58:49.117+0000] {dag.py:3096} INFO - Sync 1 DAGs
[2024-04-24T09:58:49.420+0000] {logging_mixin.py:188} INFO - [2024-04-24T09:58:49.412+0000] {dag.py:3954} INFO - Setting next_dagrun for priority_one_number_one_dag_v1 to 2024-04-16 00:00:00+00:00, run_after=2024-04-17 00:00:00+00:00
[2024-04-24T09:58:49.921+0000] {processor.py:183} INFO - Processing /opt/airflow/dags/priority_one_number_one_dag.py took 3.168 seconds
[2024-04-24T09:59:33.095+0000] {processor.py:161} INFO - Started process (PID=233) to work on /opt/airflow/dags/priority_one_number_one_dag.py
[2024-04-24T09:59:33.106+0000] {processor.py:830} INFO - Processing file /opt/airflow/dags/priority_one_number_one_dag.py for tasks to queue
[2024-04-24T09:59:33.121+0000] {logging_mixin.py:188} INFO - [2024-04-24T09:59:33.119+0000] {dagbag.py:540} INFO - Filling up the DagBag from /opt/airflow/dags/priority_one_number_one_dag.py
[2024-04-24T09:59:33.304+0000] {processor.py:840} INFO - DAG(s) 'priority_one_number_one_dag_v1' retrieved from /opt/airflow/dags/priority_one_number_one_dag.py
[2024-04-24T09:59:33.656+0000] {logging_mixin.py:188} INFO - [2024-04-24T09:59:33.655+0000] {dag.py:3096} INFO - Sync 1 DAGs
[2024-04-24T09:59:33.829+0000] {logging_mixin.py:188} INFO - [2024-04-24T09:59:33.828+0000] {dag.py:3954} INFO - Setting next_dagrun for priority_one_number_one_dag_v1 to 2024-04-16 00:00:00+00:00, run_after=2024-04-17 00:00:00+00:00
[2024-04-24T09:59:33.944+0000] {processor.py:183} INFO - Processing /opt/airflow/dags/priority_one_number_one_dag.py took 1.051 seconds
[2024-04-24T10:00:40.394+0000] {processor.py:161} INFO - Started process (PID=266) to work on /opt/airflow/dags/priority_one_number_one_dag.py
[2024-04-24T10:00:40.420+0000] {processor.py:830} INFO - Processing file /opt/airflow/dags/priority_one_number_one_dag.py for tasks to queue
[2024-04-24T10:00:40.543+0000] {logging_mixin.py:188} INFO - [2024-04-24T10:00:40.486+0000] {dagbag.py:540} INFO - Filling up the DagBag from /opt/airflow/dags/priority_one_number_one_dag.py
[2024-04-24T10:00:41.710+0000] {processor.py:840} INFO - DAG(s) 'priority_one_number_one_dag_v1' retrieved from /opt/airflow/dags/priority_one_number_one_dag.py
[2024-04-24T10:00:44.814+0000] {logging_mixin.py:188} INFO - [2024-04-24T10:00:44.813+0000] {dag.py:3096} INFO - Sync 1 DAGs
[2024-04-24T10:00:45.675+0000] {logging_mixin.py:188} INFO - [2024-04-24T10:00:45.674+0000] {dag.py:3954} INFO - Setting next_dagrun for priority_one_number_one_dag_v1 to 2024-04-16 00:00:00+00:00, run_after=2024-04-17 00:00:00+00:00
[2024-04-24T10:00:46.031+0000] {processor.py:183} INFO - Processing /opt/airflow/dags/priority_one_number_one_dag.py took 6.057 seconds
[2024-04-24T10:01:18.225+0000] {processor.py:161} INFO - Started process (PID=284) to work on /opt/airflow/dags/priority_one_number_one_dag.py
[2024-04-24T10:01:18.241+0000] {processor.py:830} INFO - Processing file /opt/airflow/dags/priority_one_number_one_dag.py for tasks to queue
[2024-04-24T10:01:18.244+0000] {logging_mixin.py:188} INFO - [2024-04-24T10:01:18.243+0000] {dagbag.py:540} INFO - Filling up the DagBag from /opt/airflow/dags/priority_one_number_one_dag.py
[2024-04-24T10:01:18.402+0000] {processor.py:840} INFO - DAG(s) 'priority_one_number_one_dag_v1' retrieved from /opt/airflow/dags/priority_one_number_one_dag.py
[2024-04-24T10:01:18.608+0000] {logging_mixin.py:188} INFO - [2024-04-24T10:01:18.602+0000] {dag.py:3096} INFO - Sync 1 DAGs
[2024-04-24T10:01:18.721+0000] {logging_mixin.py:188} INFO - [2024-04-24T10:01:18.721+0000] {dag.py:3954} INFO - Setting next_dagrun for priority_one_number_one_dag_v1 to 2024-04-16 00:00:00+00:00, run_after=2024-04-17 00:00:00+00:00
[2024-04-24T10:01:18.913+0000] {processor.py:183} INFO - Processing /opt/airflow/dags/priority_one_number_one_dag.py took 0.703 seconds
[2024-04-24T10:01:49.506+0000] {processor.py:161} INFO - Started process (PID=295) to work on /opt/airflow/dags/priority_one_number_one_dag.py
[2024-04-24T10:01:49.509+0000] {processor.py:830} INFO - Processing file /opt/airflow/dags/priority_one_number_one_dag.py for tasks to queue
[2024-04-24T10:01:49.514+0000] {logging_mixin.py:188} INFO - [2024-04-24T10:01:49.510+0000] {dagbag.py:540} INFO - Filling up the DagBag from /opt/airflow/dags/priority_one_number_one_dag.py
[2024-04-24T10:01:49.587+0000] {processor.py:840} INFO - DAG(s) 'priority_one_number_one_dag_v1' retrieved from /opt/airflow/dags/priority_one_number_one_dag.py
[2024-04-24T10:01:49.655+0000] {logging_mixin.py:188} INFO - [2024-04-24T10:01:49.655+0000] {dag.py:3096} INFO - Sync 1 DAGs
[2024-04-24T10:01:49.739+0000] {logging_mixin.py:188} INFO - [2024-04-24T10:01:49.739+0000] {dag.py:3954} INFO - Setting next_dagrun for priority_one_number_one_dag_v1 to 2024-04-16 00:00:00+00:00, run_after=2024-04-17 00:00:00+00:00
[2024-04-24T10:01:49.827+0000] {processor.py:183} INFO - Processing /opt/airflow/dags/priority_one_number_one_dag.py took 0.342 seconds
[2024-04-24T10:02:20.853+0000] {processor.py:161} INFO - Started process (PID=308) to work on /opt/airflow/dags/priority_one_number_one_dag.py
[2024-04-24T10:02:20.856+0000] {processor.py:830} INFO - Processing file /opt/airflow/dags/priority_one_number_one_dag.py for tasks to queue
[2024-04-24T10:02:20.860+0000] {logging_mixin.py:188} INFO - [2024-04-24T10:02:20.859+0000] {dagbag.py:540} INFO - Filling up the DagBag from /opt/airflow/dags/priority_one_number_one_dag.py
[2024-04-24T10:02:20.926+0000] {processor.py:840} INFO - DAG(s) 'priority_one_number_one_dag_v1' retrieved from /opt/airflow/dags/priority_one_number_one_dag.py
[2024-04-24T10:02:21.049+0000] {logging_mixin.py:188} INFO - [2024-04-24T10:02:21.048+0000] {dag.py:3096} INFO - Sync 1 DAGs
[2024-04-24T10:02:21.137+0000] {logging_mixin.py:188} INFO - [2024-04-24T10:02:21.137+0000] {dag.py:3954} INFO - Setting next_dagrun for priority_one_number_one_dag_v1 to 2024-04-16 00:00:00+00:00, run_after=2024-04-17 00:00:00+00:00
[2024-04-24T10:02:21.189+0000] {processor.py:183} INFO - Processing /opt/airflow/dags/priority_one_number_one_dag.py took 0.357 seconds
[2024-04-24T10:03:00.409+0000] {processor.py:161} INFO - Started process (PID=314) to work on /opt/airflow/dags/priority_one_number_one_dag.py
[2024-04-24T10:03:00.414+0000] {processor.py:830} INFO - Processing file /opt/airflow/dags/priority_one_number_one_dag.py for tasks to queue
[2024-04-24T10:03:00.418+0000] {logging_mixin.py:188} INFO - [2024-04-24T10:03:00.416+0000] {dagbag.py:540} INFO - Filling up the DagBag from /opt/airflow/dags/priority_one_number_one_dag.py
[2024-04-24T10:03:00.506+0000] {processor.py:840} INFO - DAG(s) 'priority_one_number_one_dag_v1' retrieved from /opt/airflow/dags/priority_one_number_one_dag.py
[2024-04-24T10:03:02.063+0000] {logging_mixin.py:188} INFO - [2024-04-24T10:03:02.055+0000] {dag.py:3096} INFO - Sync 1 DAGs
[2024-04-24T10:03:02.215+0000] {logging_mixin.py:188} INFO - [2024-04-24T10:03:02.214+0000] {dag.py:3954} INFO - Setting next_dagrun for priority_one_number_one_dag_v1 to 2024-04-16 00:00:00+00:00, run_after=2024-04-17 00:00:00+00:00
[2024-04-24T10:03:02.291+0000] {processor.py:183} INFO - Processing /opt/airflow/dags/priority_one_number_one_dag.py took 1.914 seconds
[2024-04-24T10:03:32.598+0000] {processor.py:161} INFO - Started process (PID=326) to work on /opt/airflow/dags/priority_one_number_one_dag.py
[2024-04-24T10:03:32.601+0000] {processor.py:830} INFO - Processing file /opt/airflow/dags/priority_one_number_one_dag.py for tasks to queue
[2024-04-24T10:03:32.602+0000] {logging_mixin.py:188} INFO - [2024-04-24T10:03:32.602+0000] {dagbag.py:540} INFO - Filling up the DagBag from /opt/airflow/dags/priority_one_number_one_dag.py
[2024-04-24T10:03:32.662+0000] {processor.py:840} INFO - DAG(s) 'priority_one_number_one_dag_v1' retrieved from /opt/airflow/dags/priority_one_number_one_dag.py
[2024-04-24T10:03:32.722+0000] {logging_mixin.py:188} INFO - [2024-04-24T10:03:32.722+0000] {dag.py:3096} INFO - Sync 1 DAGs
[2024-04-24T10:03:32.774+0000] {logging_mixin.py:188} INFO - [2024-04-24T10:03:32.772+0000] {dag.py:3954} INFO - Setting next_dagrun for priority_one_number_one_dag_v1 to 2024-04-16 00:00:00+00:00, run_after=2024-04-17 00:00:00+00:00
[2024-04-24T10:03:32.851+0000] {processor.py:183} INFO - Processing /opt/airflow/dags/priority_one_number_one_dag.py took 0.263 seconds
[2024-04-24T10:04:42.215+0000] {processor.py:161} INFO - Started process (PID=338) to work on /opt/airflow/dags/priority_one_number_one_dag.py
[2024-04-24T10:04:42.231+0000] {processor.py:830} INFO - Processing file /opt/airflow/dags/priority_one_number_one_dag.py for tasks to queue
[2024-04-24T10:04:42.247+0000] {logging_mixin.py:188} INFO - [2024-04-24T10:04:42.236+0000] {dagbag.py:540} INFO - Filling up the DagBag from /opt/airflow/dags/priority_one_number_one_dag.py
[2024-04-24T10:04:42.550+0000] {processor.py:840} INFO - DAG(s) 'priority_one_number_one_dag_v1' retrieved from /opt/airflow/dags/priority_one_number_one_dag.py
[2024-04-24T10:04:44.657+0000] {logging_mixin.py:188} INFO - [2024-04-24T10:04:44.656+0000] {dag.py:3096} INFO - Sync 1 DAGs
[2024-04-24T10:04:45.298+0000] {logging_mixin.py:188} INFO - [2024-04-24T10:04:45.258+0000] {dag.py:3954} INFO - Setting next_dagrun for priority_one_number_one_dag_v1 to 2024-04-16 00:00:00+00:00, run_after=2024-04-17 00:00:00+00:00
[2024-04-24T10:04:45.877+0000] {processor.py:183} INFO - Processing /opt/airflow/dags/priority_one_number_one_dag.py took 3.809 seconds
[2024-04-24T10:05:16.071+0000] {processor.py:161} INFO - Started process (PID=349) to work on /opt/airflow/dags/priority_one_number_one_dag.py
[2024-04-24T10:05:16.074+0000] {processor.py:830} INFO - Processing file /opt/airflow/dags/priority_one_number_one_dag.py for tasks to queue
[2024-04-24T10:05:16.076+0000] {logging_mixin.py:188} INFO - [2024-04-24T10:05:16.076+0000] {dagbag.py:540} INFO - Filling up the DagBag from /opt/airflow/dags/priority_one_number_one_dag.py
[2024-04-24T10:05:16.123+0000] {processor.py:840} INFO - DAG(s) 'priority_one_number_one_dag_v1' retrieved from /opt/airflow/dags/priority_one_number_one_dag.py
[2024-04-24T10:05:16.191+0000] {logging_mixin.py:188} INFO - [2024-04-24T10:05:16.190+0000] {dag.py:3096} INFO - Sync 1 DAGs
[2024-04-24T10:05:16.233+0000] {logging_mixin.py:188} INFO - [2024-04-24T10:05:16.232+0000] {dag.py:3954} INFO - Setting next_dagrun for priority_one_number_one_dag_v1 to 2024-04-16 00:00:00+00:00, run_after=2024-04-17 00:00:00+00:00
[2024-04-24T10:05:16.269+0000] {processor.py:183} INFO - Processing /opt/airflow/dags/priority_one_number_one_dag.py took 0.211 seconds
[2024-04-24T10:05:46.769+0000] {processor.py:161} INFO - Started process (PID=362) to work on /opt/airflow/dags/priority_one_number_one_dag.py
[2024-04-24T10:05:46.770+0000] {processor.py:830} INFO - Processing file /opt/airflow/dags/priority_one_number_one_dag.py for tasks to queue
[2024-04-24T10:05:46.771+0000] {logging_mixin.py:188} INFO - [2024-04-24T10:05:46.770+0000] {dagbag.py:540} INFO - Filling up the DagBag from /opt/airflow/dags/priority_one_number_one_dag.py
[2024-04-24T10:05:46.795+0000] {processor.py:840} INFO - DAG(s) 'priority_one_number_one_dag_v1' retrieved from /opt/airflow/dags/priority_one_number_one_dag.py
[2024-04-24T10:05:46.828+0000] {logging_mixin.py:188} INFO - [2024-04-24T10:05:46.828+0000] {dag.py:3096} INFO - Sync 1 DAGs
[2024-04-24T10:05:46.851+0000] {logging_mixin.py:188} INFO - [2024-04-24T10:05:46.850+0000] {dag.py:3954} INFO - Setting next_dagrun for priority_one_number_one_dag_v1 to 2024-04-16 00:00:00+00:00, run_after=2024-04-17 00:00:00+00:00
[2024-04-24T10:05:46.875+0000] {processor.py:183} INFO - Processing /opt/airflow/dags/priority_one_number_one_dag.py took 0.112 seconds
[2024-04-24T10:06:51.193+0000] {processor.py:161} INFO - Started process (PID=383) to work on /opt/airflow/dags/priority_one_number_one_dag.py
[2024-04-24T10:06:51.197+0000] {processor.py:830} INFO - Processing file /opt/airflow/dags/priority_one_number_one_dag.py for tasks to queue
[2024-04-24T10:06:51.200+0000] {logging_mixin.py:188} INFO - [2024-04-24T10:06:51.198+0000] {dagbag.py:540} INFO - Filling up the DagBag from /opt/airflow/dags/priority_one_number_one_dag.py
[2024-04-24T10:06:51.301+0000] {processor.py:840} INFO - DAG(s) 'priority_one_number_one_dag_v1' retrieved from /opt/airflow/dags/priority_one_number_one_dag.py
[2024-04-24T10:06:51.650+0000] {logging_mixin.py:188} INFO - [2024-04-24T10:06:51.649+0000] {dag.py:3096} INFO - Sync 1 DAGs
[2024-04-24T10:06:51.827+0000] {logging_mixin.py:188} INFO - [2024-04-24T10:06:51.827+0000] {dag.py:3954} INFO - Setting next_dagrun for priority_one_number_one_dag_v1 to 2024-04-16 00:00:00+00:00, run_after=2024-04-17 00:00:00+00:00
[2024-04-24T10:06:51.982+0000] {processor.py:183} INFO - Processing /opt/airflow/dags/priority_one_number_one_dag.py took 0.809 seconds
[2024-04-24T10:07:35.346+0000] {processor.py:161} INFO - Started process (PID=387) to work on /opt/airflow/dags/priority_one_number_one_dag.py
[2024-04-24T10:07:35.360+0000] {processor.py:830} INFO - Processing file /opt/airflow/dags/priority_one_number_one_dag.py for tasks to queue
[2024-04-24T10:07:35.377+0000] {logging_mixin.py:188} INFO - [2024-04-24T10:07:35.370+0000] {dagbag.py:540} INFO - Filling up the DagBag from /opt/airflow/dags/priority_one_number_one_dag.py
[2024-04-24T10:07:35.675+0000] {processor.py:840} INFO - DAG(s) 'priority_one_number_one_dag_v1' retrieved from /opt/airflow/dags/priority_one_number_one_dag.py
[2024-04-24T10:07:36.309+0000] {logging_mixin.py:188} INFO - [2024-04-24T10:07:36.278+0000] {dag.py:3096} INFO - Sync 1 DAGs
[2024-04-24T10:07:36.723+0000] {logging_mixin.py:188} INFO - [2024-04-24T10:07:36.722+0000] {dag.py:3954} INFO - Setting next_dagrun for priority_one_number_one_dag_v1 to 2024-04-16 00:00:00+00:00, run_after=2024-04-17 00:00:00+00:00
[2024-04-24T10:07:36.989+0000] {processor.py:183} INFO - Processing /opt/airflow/dags/priority_one_number_one_dag.py took 1.753 seconds
[2024-04-24T10:08:07.244+0000] {processor.py:161} INFO - Started process (PID=399) to work on /opt/airflow/dags/priority_one_number_one_dag.py
[2024-04-24T10:08:07.245+0000] {processor.py:830} INFO - Processing file /opt/airflow/dags/priority_one_number_one_dag.py for tasks to queue
[2024-04-24T10:08:07.247+0000] {logging_mixin.py:188} INFO - [2024-04-24T10:08:07.246+0000] {dagbag.py:540} INFO - Filling up the DagBag from /opt/airflow/dags/priority_one_number_one_dag.py
[2024-04-24T10:08:07.268+0000] {processor.py:840} INFO - DAG(s) 'priority_one_number_one_dag_v1' retrieved from /opt/airflow/dags/priority_one_number_one_dag.py
[2024-04-24T10:08:07.304+0000] {logging_mixin.py:188} INFO - [2024-04-24T10:08:07.303+0000] {dag.py:3096} INFO - Sync 1 DAGs
[2024-04-24T10:08:07.328+0000] {logging_mixin.py:188} INFO - [2024-04-24T10:08:07.328+0000] {dag.py:3954} INFO - Setting next_dagrun for priority_one_number_one_dag_v1 to 2024-04-16 00:00:00+00:00, run_after=2024-04-17 00:00:00+00:00
[2024-04-24T10:08:07.350+0000] {processor.py:183} INFO - Processing /opt/airflow/dags/priority_one_number_one_dag.py took 0.112 seconds
[2024-04-24T10:08:37.912+0000] {processor.py:161} INFO - Started process (PID=417) to work on /opt/airflow/dags/priority_one_number_one_dag.py
[2024-04-24T10:08:37.914+0000] {processor.py:830} INFO - Processing file /opt/airflow/dags/priority_one_number_one_dag.py for tasks to queue
[2024-04-24T10:08:37.915+0000] {logging_mixin.py:188} INFO - [2024-04-24T10:08:37.914+0000] {dagbag.py:540} INFO - Filling up the DagBag from /opt/airflow/dags/priority_one_number_one_dag.py
[2024-04-24T10:08:37.938+0000] {processor.py:840} INFO - DAG(s) 'priority_one_number_one_dag_v1' retrieved from /opt/airflow/dags/priority_one_number_one_dag.py
[2024-04-24T10:08:37.980+0000] {logging_mixin.py:188} INFO - [2024-04-24T10:08:37.980+0000] {dag.py:3096} INFO - Sync 1 DAGs
[2024-04-24T10:08:38.015+0000] {logging_mixin.py:188} INFO - [2024-04-24T10:08:38.015+0000] {dag.py:3954} INFO - Setting next_dagrun for priority_one_number_one_dag_v1 to 2024-04-16 00:00:00+00:00, run_after=2024-04-17 00:00:00+00:00
[2024-04-24T10:08:38.040+0000] {processor.py:183} INFO - Processing /opt/airflow/dags/priority_one_number_one_dag.py took 0.134 seconds
