[2024-04-19T08:35:18.203+0000] {local_task_job_runner.py:120} INFO - ::group::Pre task execution logs
[2024-04-19T08:35:18.237+0000] {taskinstance.py:2073} INFO - Dependencies all met for dep_context=non-requeueable deps ti=<TaskInstance: data_ingest_exploration_dag_v1.extract_data_task scheduled__2024-04-17T00:00:00+00:00 [queued]>
[2024-04-19T08:35:18.246+0000] {taskinstance.py:2073} INFO - Dependencies all met for dep_context=requeueable deps ti=<TaskInstance: data_ingest_exploration_dag_v1.extract_data_task scheduled__2024-04-17T00:00:00+00:00 [queued]>
[2024-04-19T08:35:18.247+0000] {taskinstance.py:2303} INFO - Starting attempt 2 of 2
[2024-04-19T08:35:18.263+0000] {taskinstance.py:2327} INFO - Executing <Task(PythonOperator): extract_data_task> on 2024-04-17 00:00:00+00:00
[2024-04-19T08:35:18.280+0000] {warnings.py:110} WARNING - /home/***/.local/lib/python3.12/site-packages/***/task/task_runner/standard_task_runner.py:61: DeprecationWarning: This process (pid=160) is multi-threaded, use of fork() may lead to deadlocks in the child.
  pid = os.fork()

[2024-04-19T08:35:18.283+0000] {standard_task_runner.py:63} INFO - Started process 165 to run task
[2024-04-19T08:35:18.283+0000] {standard_task_runner.py:90} INFO - Running: ['***', 'tasks', 'run', 'data_ingest_exploration_dag_v1', 'extract_data_task', 'scheduled__2024-04-17T00:00:00+00:00', '--job-id', '3', '--raw', '--subdir', 'DAGS_FOLDER/data_ingest_exploration_dag.py', '--cfg-path', '/tmp/tmpjyzqfhwn']
[2024-04-19T08:35:18.286+0000] {standard_task_runner.py:91} INFO - Job 3: Subtask extract_data_task
[2024-04-19T08:35:18.339+0000] {task_command.py:426} INFO - Running <TaskInstance: data_ingest_exploration_dag_v1.extract_data_task scheduled__2024-04-17T00:00:00+00:00 [running]> on host b44d208cdeda
[2024-04-19T08:35:18.445+0000] {taskinstance.py:2644} INFO - Exporting env vars: AIRFLOW_CTX_DAG_OWNER='ika' AIRFLOW_CTX_DAG_ID='data_ingest_exploration_dag_v1' AIRFLOW_CTX_TASK_ID='extract_data_task' AIRFLOW_CTX_EXECUTION_DATE='2024-04-17T00:00:00+00:00' AIRFLOW_CTX_TRY_NUMBER='2' AIRFLOW_CTX_DAG_RUN_ID='scheduled__2024-04-17T00:00:00+00:00'
[2024-04-19T08:35:18.451+0000] {taskinstance.py:430} INFO - ::endgroup::
[2024-04-19T08:35:19.131+0000] {logging_mixin.py:188} INFO - [{'id': 1, 'title': 'The Quantum Experiment', 'author': 'Alice Thompson', 'year': 2018, 'genre': 'Science Fiction'}, {'id': 2, 'title': 'Echoes of Infinity', 'author': 'Benjamin Rodriguez', 'year': 2021, 'genre': 'Fantasy'}, {'id': 3, 'title': 'Cipher of Shadows', 'author': 'Catherine White', 'year': 2019, 'genre': 'Mystery'}, {'id': 4, 'title': 'Astral Journey', 'author': 'David Turner', 'year': 2020, 'genre': 'Adventure'}, {'id': 5, 'title': 'Temporal Paradox', 'author': 'Emily Harris', 'year': 2017, 'genre': 'Science Fiction'}, {'id': 6, 'title': 'Whispers in the Dark', 'author': 'Frank Miller', 'year': 2022, 'genre': 'Horror'}, {'id': 7, 'title': 'Celestial Harmony', 'author': 'Grace Anderson', 'year': 2016, 'genre': 'Fantasy'}, {'id': 8, 'title': 'Lost Constellations', 'author': 'Henry Carter', 'year': 2015, 'genre': 'Adventure'}, {'id': 9, 'title': 'Chronicles of Light', 'author': 'Isabel Martinez', 'year': 2023, 'genre': 'Science Fiction'}, {'id': 10, 'title': 'Eternal Echo', 'author': 'Jack Robinson', 'year': 2018, 'genre': 'Fantasy'}, {'id': 11, 'title': 'Shadowed Secrets', 'author': 'Karen Brown', 'year': 2021, 'genre': 'Mystery'}, {'id': 12, 'title': 'Voyage Beyond Time', 'author': 'Liam Davis', 'year': 2019, 'genre': 'Adventure'}, {'id': 13, 'title': 'Galactic Whispers', 'author': 'Mia Thompson', 'year': 2020, 'genre': 'Science Fiction'}, {'id': 14, 'title': 'Cursed Crypt', 'author': 'Nathan Scott', 'year': 2017, 'genre': 'Horror'}, {'id': 15, 'title': 'Enchanted Realms', 'author': 'Olivia White', 'year': 2022, 'genre': 'Fantasy'}, {'id': 16, 'title': 'Journey to the Unknown', 'author': 'Paul Adams', 'year': 2016, 'genre': 'Adventure'}, {'id': 17, 'title': 'Spectral Symphony', 'author': 'Quinn Robinson', 'year': 2015, 'genre': 'Science Fiction'}, {'id': 18, 'title': 'Ephemeral Echoes', 'author': 'Rachel Miller', 'year': 2023, 'genre': 'Fantasy'}, {'id': 19, 'title': 'Cryptic Chronicles', 'author': 'Samuel Carter', 'year': 2018, 'genre': 'Mystery'}, {'id': 20, 'title': "Infinity's Embrace", 'author': 'Tessa Davis', 'year': 2021, 'genre': 'Adventure'}, {'id': 21, 'title': 'Whispers of the Stars', 'author': 'Ulysses Anderson', 'year': 2019, 'genre': 'Science Fiction'}, {'id': 22, 'title': 'Dark Descent', 'author': 'Violet Martinez', 'year': 2020, 'genre': 'Horror'}, {'id': 23, 'title': 'Mystic Mosaic', 'author': 'William Scott', 'year': 2017, 'genre': 'Fantasy'}, {'id': 24, 'title': 'Lost Legends', 'author': 'Xavier White', 'year': 2022, 'genre': 'Mystery'}, {'id': 25, 'title': 'Abyssal Adventures', 'author': 'Yvonne Adams', 'year': 2016, 'genre': 'Adventure'}, {'id': 26, 'title': 'Quasar Quest', 'author': 'Zane Brown', 'year': 2015, 'genre': 'Science Fiction'}, {'id': 27, 'title': 'Labyrinth of Shadows', 'author': 'Alice Thompson Jr.', 'year': 2023, 'genre': 'Fantasy'}, {'id': 28, 'title': 'Eternal Eclipse', 'author': 'Benjamin Rodriguez Jr.', 'year': 2018, 'genre': 'Horror'}, {'id': 29, 'title': 'Secrets of the Spheres', 'author': 'Catherine White Jr.', 'year': 2021, 'genre': 'Mystery'}, {'id': 30, 'title': 'Vortex Voyage', 'author': 'David Turner Jr.', 'year': 2019, 'genre': 'Adventure'}, {'id': 31, 'title': 'Parallel Paradox', 'author': 'Emily Harris Jr.', 'year': 2020, 'genre': 'Science Fiction'}, {'id': 32, 'title': 'Whispers Reborn', 'author': 'Frank Miller Jr.', 'year': 2017, 'genre': 'Fantasy'}, {'id': 33, 'title': 'Celestial Serenade', 'author': 'Grace Anderson Jr.', 'year': 2022, 'genre': 'Mystery'}, {'id': 34, 'title': 'Found Constellations', 'author': 'Henry Carter Jr.', 'year': 2016, 'genre': 'Adventure'}, {'id': 35, 'title': 'Chronicles of Darkness', 'author': 'Isabel Martinez Jr.', 'year': 2015, 'genre': 'Science Fiction'}, {'id': 36, 'title': 'Eternal Echoes Returned', 'author': 'Jack Robinson Jr.', 'year': 2023, 'genre': 'Fantasy'}, {'id': 37, 'title': 'Shadowed Secrets Unveiled', 'author': 'Karen Brown Jr.', 'year': 2018, 'genre': 'Mystery'}, {'id': 38, 'title': 'Voyage Beyond Time Redux', 'author': 'Liam Davis Jr.', 'year': 2021, 'genre': 'Adventure'}, {'id': 39, 'title': 'Galactic Whispers Resurfaced', 'author': 'Mia Thompson Jr.', 'year': 2019, 'genre': 'Science Fiction'}, {'id': 40, 'title': 'Cursed Crypt Revisited', 'author': 'Nathan Scott Jr.', 'year': 2020, 'genre': 'Horror'}, {'id': 41, 'title': 'Enchanted Realms Rediscovered', 'author': 'Olivia White Jr.', 'year': 2017, 'genre': 'Fantasy'}, {'id': 42, 'title': 'Journey to the Unknown Continued', 'author': 'Paul Adams Jr.', 'year': 2022, 'genre': 'Adventure'}, {'id': 43, 'title': 'Spectral Symphony Replayed', 'author': 'Quinn Robinson Jr.', 'year': 2016, 'genre': 'Science Fiction'}, {'id': 44, 'title': 'Ephemeral Echoes Echoed', 'author': 'Rachel Miller Jr.', 'year': 2023, 'genre': 'Fantasy'}, {'id': 45, 'title': 'Cryptic Chronicles Continued', 'author': 'Samuel Carter Jr.', 'year': 2018, 'genre': 'Mystery'}, {'id': 46, 'title': "Infinity's Embrace Extended", 'author': 'Tessa Davis Jr.', 'year': 2021, 'genre': 'Adventure'}, {'id': 47, 'title': 'Whispers of the Stars Reimagined', 'author': 'Ulysses Anderson Jr.', 'year': 2019, 'genre': 'Science Fiction'}, {'id': 48, 'title': 'Dark Descent Revived', 'author': 'Violet Martinez Jr.', 'year': 2020, 'genre': 'Horror'}, {'id': 49, 'title': 'Mystic Mosaic Mended', 'author': 'William Scott Jr.', 'year': 2017, 'genre': 'Fantasy'}, {'id': 50, 'title': 'Lost Legends Continued', 'author': 'Xavier White Jr.', 'year': 2022, 'genre': 'Mystery'}]
[2024-04-19T08:35:19.132+0000] {logging_mixin.py:188} INFO - Successfully collect data books
[2024-04-19T08:35:19.167+0000] {logging_mixin.py:188} INFO - Successfully extract data books to CSV file
[2024-04-19T08:35:19.168+0000] {python.py:237} INFO - Done. Returned value was:     id                             title  ...  year            genre
0    1            The Quantum Experiment  ...  2018  Science Fiction
1    2                Echoes of Infinity  ...  2021          Fantasy
2    3                 Cipher of Shadows  ...  2019          Mystery
3    4                    Astral Journey  ...  2020        Adventure
4    5                  Temporal Paradox  ...  2017  Science Fiction
5    6              Whispers in the Dark  ...  2022           Horror
6    7                 Celestial Harmony  ...  2016          Fantasy
7    8               Lost Constellations  ...  2015        Adventure
8    9               Chronicles of Light  ...  2023  Science Fiction
9   10                      Eternal Echo  ...  2018          Fantasy
10  11                  Shadowed Secrets  ...  2021          Mystery
11  12                Voyage Beyond Time  ...  2019        Adventure
12  13                 Galactic Whispers  ...  2020  Science Fiction
13  14                      Cursed Crypt  ...  2017           Horror
14  15                  Enchanted Realms  ...  2022          Fantasy
15  16            Journey to the Unknown  ...  2016        Adventure
16  17                 Spectral Symphony  ...  2015  Science Fiction
17  18                  Ephemeral Echoes  ...  2023          Fantasy
18  19                Cryptic Chronicles  ...  2018          Mystery
19  20                Infinity's Embrace  ...  2021        Adventure
20  21             Whispers of the Stars  ...  2019  Science Fiction
21  22                      Dark Descent  ...  2020           Horror
22  23                     Mystic Mosaic  ...  2017          Fantasy
23  24                      Lost Legends  ...  2022          Mystery
24  25                Abyssal Adventures  ...  2016        Adventure
25  26                      Quasar Quest  ...  2015  Science Fiction
26  27              Labyrinth of Shadows  ...  2023          Fantasy
27  28                   Eternal Eclipse  ...  2018           Horror
28  29            Secrets of the Spheres  ...  2021          Mystery
29  30                     Vortex Voyage  ...  2019        Adventure
30  31                  Parallel Paradox  ...  2020  Science Fiction
31  32                   Whispers Reborn  ...  2017          Fantasy
32  33                Celestial Serenade  ...  2022          Mystery
33  34              Found Constellations  ...  2016        Adventure
34  35            Chronicles of Darkness  ...  2015  Science Fiction
35  36           Eternal Echoes Returned  ...  2023          Fantasy
36  37         Shadowed Secrets Unveiled  ...  2018          Mystery
37  38          Voyage Beyond Time Redux  ...  2021        Adventure
38  39      Galactic Whispers Resurfaced  ...  2019  Science Fiction
39  40            Cursed Crypt Revisited  ...  2020           Horror
40  41     Enchanted Realms Rediscovered  ...  2017          Fantasy
41  42  Journey to the Unknown Continued  ...  2022        Adventure
42  43        Spectral Symphony Replayed  ...  2016  Science Fiction
43  44           Ephemeral Echoes Echoed  ...  2023          Fantasy
44  45      Cryptic Chronicles Continued  ...  2018          Mystery
45  46       Infinity's Embrace Extended  ...  2021        Adventure
46  47  Whispers of the Stars Reimagined  ...  2019  Science Fiction
47  48              Dark Descent Revived  ...  2020           Horror
48  49              Mystic Mosaic Mended  ...  2017          Fantasy
49  50            Lost Legends Continued  ...  2022          Mystery

[50 rows x 5 columns]
[2024-04-19T08:35:19.204+0000] {taskinstance.py:441} INFO - ::group::Post task execution logs
[2024-04-19T08:35:19.361+0000] {taskinstance.py:1205} INFO - Marking task as SUCCESS. dag_id=data_ingest_exploration_dag_v1, task_id=extract_data_task, execution_date=20240417T000000, start_date=20240419T083518, end_date=20240419T083519
[2024-04-19T08:35:19.423+0000] {local_task_job_runner.py:240} INFO - Task exited with return code 0
[2024-04-19T08:35:19.451+0000] {taskinstance.py:3482} INFO - 1 downstream tasks scheduled from follow-on schedule check
[2024-04-19T08:35:19.454+0000] {local_task_job_runner.py:222} INFO - ::endgroup::
