[2024-04-16T10:25:19.507+0000] {local_task_job_runner.py:120} INFO - ::group::Pre task execution logs
[2024-04-16T10:25:19.792+0000] {taskinstance.py:2073} INFO - Dependencies all met for dep_context=non-requeueable deps ti=<TaskInstance: priority_one_number_one_dag_v1.task_2 scheduled__2024-04-15T00:00:00+00:00 [queued]>
[2024-04-16T10:25:19.866+0000] {taskinstance.py:2073} INFO - Dependencies all met for dep_context=requeueable deps ti=<TaskInstance: priority_one_number_one_dag_v1.task_2 scheduled__2024-04-15T00:00:00+00:00 [queued]>
[2024-04-16T10:25:19.869+0000] {taskinstance.py:2303} INFO - Starting attempt 2 of 6
[2024-04-16T10:25:19.939+0000] {taskinstance.py:2327} INFO - Executing <Task(BashOperator): task_2> on 2024-04-15 00:00:00+00:00
[2024-04-16T10:25:19.981+0000] {warnings.py:110} WARNING - /home/***/.local/lib/python3.12/site-packages/***/task/task_runner/standard_task_runner.py:61: DeprecationWarning: This process (pid=204) is multi-threaded, use of fork() may lead to deadlocks in the child.
  pid = os.fork()

[2024-04-16T10:25:19.996+0000] {standard_task_runner.py:63} INFO - Started process 215 to run task
[2024-04-16T10:25:19.992+0000] {standard_task_runner.py:90} INFO - Running: ['***', 'tasks', 'run', 'priority_one_number_one_dag_v1', 'task_2', 'scheduled__2024-04-15T00:00:00+00:00', '--job-id', '234', '--raw', '--subdir', 'DAGS_FOLDER/priority_one_number_one_dag.py', '--cfg-path', '/tmp/tmp3gsy498i']
[2024-04-16T10:25:19.998+0000] {standard_task_runner.py:91} INFO - Job 234: Subtask task_2
[2024-04-16T10:25:20.960+0000] {task_command.py:426} INFO - Running <TaskInstance: priority_one_number_one_dag_v1.task_2 scheduled__2024-04-15T00:00:00+00:00 [running]> on host eaff2d74d54d
[2024-04-16T10:25:21.942+0000] {taskinstance.py:2644} INFO - Exporting env vars: AIRFLOW_CTX_DAG_OWNER='ika' AIRFLOW_CTX_DAG_ID='priority_one_number_one_dag_v1' AIRFLOW_CTX_TASK_ID='task_2' AIRFLOW_CTX_EXECUTION_DATE='2024-04-15T00:00:00+00:00' AIRFLOW_CTX_TRY_NUMBER='2' AIRFLOW_CTX_DAG_RUN_ID='scheduled__2024-04-15T00:00:00+00:00'
[2024-04-16T10:25:21.945+0000] {taskinstance.py:430} INFO - ::endgroup::
[2024-04-16T10:25:23.158+0000] {subprocess.py:63} INFO - Tmp dir root location: /tmp
[2024-04-16T10:25:23.200+0000] {subprocess.py:75} INFO - Running command: ['/usr/bin/bash', '-c', 'mkdir -p about_us']
[2024-04-16T10:25:23.364+0000] {subprocess.py:86} INFO - Output:
[2024-04-16T10:25:23.460+0000] {subprocess.py:97} INFO - Command exited with return code 0
[2024-04-16T10:25:23.953+0000] {taskinstance.py:441} INFO - ::group::Post task execution logs
[2024-04-16T10:25:24.811+0000] {taskinstance.py:1205} INFO - Marking task as SUCCESS. dag_id=priority_one_number_one_dag_v1, task_id=task_2, execution_date=20240415T000000, start_date=20240416T102519, end_date=20240416T102524
[2024-04-16T10:25:25.167+0000] {local_task_job_runner.py:240} INFO - Task exited with return code 0
[2024-04-16T10:25:25.502+0000] {taskinstance.py:3482} INFO - 1 downstream tasks scheduled from follow-on schedule check
[2024-04-16T10:25:25.525+0000] {local_task_job_runner.py:222} INFO - ::endgroup::
