[2024-04-16T10:37:12.950+0000] {local_task_job_runner.py:120} INFO - ::group::Pre task execution logs
[2024-04-16T10:37:13.213+0000] {taskinstance.py:2073} INFO - Dependencies all met for dep_context=non-requeueable deps ti=<TaskInstance: priority_one_number_two_dag_v1.sum_list_number scheduled__2024-03-15T00:00:00+00:00 [queued]>
[2024-04-16T10:37:13.350+0000] {taskinstance.py:2073} INFO - Dependencies all met for dep_context=requeueable deps ti=<TaskInstance: priority_one_number_two_dag_v1.sum_list_number scheduled__2024-03-15T00:00:00+00:00 [queued]>
[2024-04-16T10:37:13.395+0000] {taskinstance.py:2303} INFO - Starting attempt 1 of 6
[2024-04-16T10:37:13.750+0000] {taskinstance.py:2327} INFO - Executing <Task(PythonOperator): sum_list_number> on 2024-03-15 00:00:00+00:00
[2024-04-16T10:37:13.853+0000] {warnings.py:110} WARNING - /home/***/.local/lib/python3.12/site-packages/***/task/task_runner/standard_task_runner.py:61: DeprecationWarning: This process (pid=574) is multi-threaded, use of fork() may lead to deadlocks in the child.
  pid = os.fork()

[2024-04-16T10:37:13.888+0000] {standard_task_runner.py:63} INFO - Started process 587 to run task
[2024-04-16T10:37:13.888+0000] {standard_task_runner.py:90} INFO - Running: ['***', 'tasks', 'run', 'priority_one_number_two_dag_v1', 'sum_list_number', 'scheduled__2024-03-15T00:00:00+00:00', '--job-id', '329', '--raw', '--subdir', 'DAGS_FOLDER/priority_one_number_two_dag.py', '--cfg-path', '/tmp/tmpvg2so22y']
[2024-04-16T10:37:13.936+0000] {standard_task_runner.py:91} INFO - Job 329: Subtask sum_list_number
[2024-04-16T10:37:14.410+0000] {task_command.py:426} INFO - Running <TaskInstance: priority_one_number_two_dag_v1.sum_list_number scheduled__2024-03-15T00:00:00+00:00 [running]> on host eaff2d74d54d
[2024-04-16T10:37:15.144+0000] {taskinstance.py:2644} INFO - Exporting env vars: AIRFLOW_CTX_DAG_OWNER='ika' AIRFLOW_CTX_DAG_ID='priority_one_number_two_dag_v1' AIRFLOW_CTX_TASK_ID='sum_list_number' AIRFLOW_CTX_EXECUTION_DATE='2024-03-15T00:00:00+00:00' AIRFLOW_CTX_TRY_NUMBER='1' AIRFLOW_CTX_DAG_RUN_ID='scheduled__2024-03-15T00:00:00+00:00'
[2024-04-16T10:37:15.154+0000] {taskinstance.py:430} INFO - ::endgroup::
[2024-04-16T10:37:15.353+0000] {logging_mixin.py:188} INFO - List number random : [33, 31, 47, 7, 22, 27, 14, 15, 43, 22, 43, 46, 6, 8, 12, 48, 15, 31, 24, 27, 17, 36, 39, 35, 30]
[2024-04-16T10:37:15.470+0000] {python.py:237} INFO - Done. Returned value was: 678
[2024-04-16T10:37:15.484+0000] {taskinstance.py:441} INFO - ::group::Post task execution logs
[2024-04-16T10:37:15.672+0000] {taskinstance.py:1205} INFO - Marking task as SUCCESS. dag_id=priority_one_number_two_dag_v1, task_id=sum_list_number, execution_date=20240315T000000, start_date=20240416T103713, end_date=20240416T103715
[2024-04-16T10:37:15.787+0000] {local_task_job_runner.py:240} INFO - Task exited with return code 0
[2024-04-16T10:37:16.239+0000] {taskinstance.py:3482} INFO - 0 downstream tasks scheduled from follow-on schedule check
[2024-04-16T10:37:16.245+0000] {local_task_job_runner.py:222} INFO - ::endgroup::
