[2024-04-16T10:22:23.879+0000] {local_task_job_runner.py:120} INFO - ::group::Pre task execution logs
[2024-04-16T10:22:26.017+0000] {taskinstance.py:2073} INFO - Dependencies all met for dep_context=non-requeueable deps ti=<TaskInstance: priority_one_number_one_dag_v1.task_1 scheduled__2024-04-14T00:00:00+00:00 [queued]>
[2024-04-16T10:22:26.268+0000] {taskinstance.py:2073} INFO - Dependencies all met for dep_context=requeueable deps ti=<TaskInstance: priority_one_number_one_dag_v1.task_1 scheduled__2024-04-14T00:00:00+00:00 [queued]>
[2024-04-16T10:22:26.285+0000] {taskinstance.py:2303} INFO - Starting attempt 1 of 6
[2024-04-16T10:22:26.787+0000] {taskinstance.py:2327} INFO - Executing <Task(BashOperator): task_1> on 2024-04-14 00:00:00+00:00
[2024-04-16T10:22:26.838+0000] {warnings.py:110} WARNING - /home/***/.local/lib/python3.12/site-packages/***/task/task_runner/standard_task_runner.py:61: DeprecationWarning: This process (pid=97) is multi-threaded, use of fork() may lead to deadlocks in the child.
  pid = os.fork()

[2024-04-16T10:22:26.867+0000] {standard_task_runner.py:63} INFO - Started process 120 to run task
[2024-04-16T10:22:26.867+0000] {standard_task_runner.py:90} INFO - Running: ['***', 'tasks', 'run', 'priority_one_number_one_dag_v1', 'task_1', 'scheduled__2024-04-14T00:00:00+00:00', '--job-id', '216', '--raw', '--subdir', 'DAGS_FOLDER/priority_one_number_one_dag.py', '--cfg-path', '/tmp/tmpotj8ut7u']
[2024-04-16T10:22:26.879+0000] {standard_task_runner.py:91} INFO - Job 216: Subtask task_1
[2024-04-16T10:22:27.757+0000] {task_command.py:426} INFO - Running <TaskInstance: priority_one_number_one_dag_v1.task_1 scheduled__2024-04-14T00:00:00+00:00 [running]> on host eaff2d74d54d
[2024-04-16T10:22:30.906+0000] {taskinstance.py:2644} INFO - Exporting env vars: AIRFLOW_CTX_DAG_OWNER='ika' AIRFLOW_CTX_DAG_ID='priority_one_number_one_dag_v1' AIRFLOW_CTX_TASK_ID='task_1' AIRFLOW_CTX_EXECUTION_DATE='2024-04-14T00:00:00+00:00' AIRFLOW_CTX_TRY_NUMBER='1' AIRFLOW_CTX_DAG_RUN_ID='scheduled__2024-04-14T00:00:00+00:00'
[2024-04-16T10:22:31.088+0000] {taskinstance.py:430} INFO - ::endgroup::
[2024-04-16T10:22:32.977+0000] {subprocess.py:63} INFO - Tmp dir root location: /tmp
[2024-04-16T10:22:33.002+0000] {subprocess.py:75} INFO - Running command: ['/usr/bin/bash', '-c', "echo 'hello ***'"]
[2024-04-16T10:22:33.195+0000] {subprocess.py:86} INFO - Output:
[2024-04-16T10:22:33.202+0000] {subprocess.py:93} INFO - hello ***
[2024-04-16T10:22:33.207+0000] {subprocess.py:97} INFO - Command exited with return code 0
[2024-04-16T10:22:33.215+0000] {taskinstance.py:441} INFO - ::group::Post task execution logs
[2024-04-16T10:22:33.372+0000] {taskinstance.py:1205} INFO - Marking task as SUCCESS. dag_id=priority_one_number_one_dag_v1, task_id=task_1, execution_date=20240414T000000, start_date=20240416T102226, end_date=20240416T102233
[2024-04-16T10:22:34.104+0000] {local_task_job_runner.py:240} INFO - Task exited with return code 0
[2024-04-16T10:22:35.022+0000] {taskinstance.py:3482} INFO - 0 downstream tasks scheduled from follow-on schedule check
[2024-04-16T10:22:35.141+0000] {local_task_job_runner.py:222} INFO - ::endgroup::
