[2024-04-26T10:18:12.533+0000] {processor.py:161} INFO - Started process (PID=43) to work on /opt/airflow/dags/custom_operator/collect_data_products_operator.py
[2024-04-26T10:18:12.646+0000] {processor.py:830} INFO - Processing file /opt/airflow/dags/custom_operator/collect_data_products_operator.py for tasks to queue
[2024-04-26T10:18:12.776+0000] {logging_mixin.py:188} INFO - [2024-04-26T10:18:12.754+0000] {dagbag.py:540} INFO - Filling up the DagBag from /opt/airflow/dags/custom_operator/collect_data_products_operator.py
[2024-04-26T10:19:32.580+0000] {processor.py:161} INFO - Started process (PID=102) to work on /opt/airflow/dags/custom_operator/collect_data_products_operator.py
[2024-04-26T10:19:32.593+0000] {processor.py:830} INFO - Processing file /opt/airflow/dags/custom_operator/collect_data_products_operator.py for tasks to queue
[2024-04-26T10:19:32.625+0000] {logging_mixin.py:188} INFO - [2024-04-26T10:19:32.619+0000] {dagbag.py:540} INFO - Filling up the DagBag from /opt/airflow/dags/custom_operator/collect_data_products_operator.py
[2024-04-26T10:20:06.809+0000] {logging_mixin.py:188} INFO - [2024-04-26T10:20:06.805+0000] {timeout.py:68} ERROR - Process timed out, PID: 102
[2024-04-26T10:20:06.811+0000] {logging_mixin.py:188} WARNING - Exception ignored in: <function WeakKeyDictionary.__init__.<locals>.remove at 0x7fefbc3b1580>
[2024-04-26T10:20:06.812+0000] {logging_mixin.py:188} WARNING - Traceback (most recent call last):
[2024-04-26T10:20:06.812+0000] {logging_mixin.py:188} WARNING -   File "/usr/local/lib/python3.12/weakref.py", line 369, in remove
[2024-04-26T10:20:06.815+0000] {logging_mixin.py:188} WARNING -     def remove(k, selfref=ref(self)):
[2024-04-26T10:20:06.816+0000] {logging_mixin.py:188} WARNING -   File "/home/airflow/.local/lib/python3.12/site-packages/airflow/utils/timeout.py", line 69, in handle_timeout
[2024-04-26T10:20:06.817+0000] {logging_mixin.py:188} WARNING -     raise AirflowTaskTimeout(self.error_message)
[2024-04-26T10:20:06.819+0000] {logging_mixin.py:188} WARNING - airflow.exceptions.AirflowTaskTimeout: DagBag import timeout for /opt/airflow/dags/custom_operator/collect_data_products_operator.py after 30.0s.
Please take a look at these docs to improve your DAG import time:
* https://airflow.apache.org/docs/apache-airflow/2.9.0/best-practices.html#top-level-python-code
* https://airflow.apache.org/docs/apache-airflow/2.9.0/best-practices.html#reducing-dag-complexity, PID: 102
[2024-04-26T10:20:07.942+0000] {processor.py:842} WARNING - No viable dags retrieved from /opt/airflow/dags/custom_operator/collect_data_products_operator.py
[2024-04-26T10:20:08.157+0000] {processor.py:183} INFO - Processing /opt/airflow/dags/custom_operator/collect_data_products_operator.py took 35.638 seconds
[2024-04-26T10:20:38.669+0000] {processor.py:161} INFO - Started process (PID=121) to work on /opt/airflow/dags/custom_operator/collect_data_products_operator.py
[2024-04-26T10:20:38.672+0000] {processor.py:830} INFO - Processing file /opt/airflow/dags/custom_operator/collect_data_products_operator.py for tasks to queue
[2024-04-26T10:20:38.681+0000] {logging_mixin.py:188} INFO - [2024-04-26T10:20:38.680+0000] {dagbag.py:540} INFO - Filling up the DagBag from /opt/airflow/dags/custom_operator/collect_data_products_operator.py
[2024-04-26T10:20:42.561+0000] {processor.py:842} WARNING - No viable dags retrieved from /opt/airflow/dags/custom_operator/collect_data_products_operator.py
[2024-04-26T10:20:42.700+0000] {processor.py:183} INFO - Processing /opt/airflow/dags/custom_operator/collect_data_products_operator.py took 4.044 seconds
[2024-04-26T10:21:14.281+0000] {processor.py:161} INFO - Started process (PID=134) to work on /opt/airflow/dags/custom_operator/collect_data_products_operator.py
[2024-04-26T10:21:14.354+0000] {processor.py:830} INFO - Processing file /opt/airflow/dags/custom_operator/collect_data_products_operator.py for tasks to queue
[2024-04-26T10:21:14.534+0000] {logging_mixin.py:188} INFO - [2024-04-26T10:21:14.516+0000] {dagbag.py:540} INFO - Filling up the DagBag from /opt/airflow/dags/custom_operator/collect_data_products_operator.py
[2024-04-26T10:21:21.719+0000] {processor.py:842} WARNING - No viable dags retrieved from /opt/airflow/dags/custom_operator/collect_data_products_operator.py
[2024-04-26T10:21:21.764+0000] {processor.py:183} INFO - Processing /opt/airflow/dags/custom_operator/collect_data_products_operator.py took 7.952 seconds
[2024-04-26T10:21:51.857+0000] {processor.py:161} INFO - Started process (PID=149) to work on /opt/airflow/dags/custom_operator/collect_data_products_operator.py
[2024-04-26T10:21:51.859+0000] {processor.py:830} INFO - Processing file /opt/airflow/dags/custom_operator/collect_data_products_operator.py for tasks to queue
[2024-04-26T10:21:51.861+0000] {logging_mixin.py:188} INFO - [2024-04-26T10:21:51.861+0000] {dagbag.py:540} INFO - Filling up the DagBag from /opt/airflow/dags/custom_operator/collect_data_products_operator.py
[2024-04-26T10:21:54.303+0000] {processor.py:842} WARNING - No viable dags retrieved from /opt/airflow/dags/custom_operator/collect_data_products_operator.py
[2024-04-26T10:21:54.320+0000] {processor.py:183} INFO - Processing /opt/airflow/dags/custom_operator/collect_data_products_operator.py took 2.469 seconds
