[2024-04-16T10:23:13.548+0000] {local_task_job_runner.py:120} INFO - ::group::Pre task execution logs
[2024-04-16T10:23:14.369+0000] {taskinstance.py:2073} INFO - Dependencies all met for dep_context=non-requeueable deps ti=<TaskInstance: priority_one_number_one_dag_v1.task_2 scheduled__2024-04-14T00:00:00+00:00 [queued]>
[2024-04-16T10:23:14.674+0000] {taskinstance.py:2073} INFO - Dependencies all met for dep_context=requeueable deps ti=<TaskInstance: priority_one_number_one_dag_v1.task_2 scheduled__2024-04-14T00:00:00+00:00 [queued]>
[2024-04-16T10:23:14.696+0000] {taskinstance.py:2303} INFO - Starting attempt 1 of 6
[2024-04-16T10:23:14.892+0000] {taskinstance.py:2327} INFO - Executing <Task(BashOperator): task_2> on 2024-04-14 00:00:00+00:00
[2024-04-16T10:23:15.006+0000] {warnings.py:110} WARNING - /home/***/.local/lib/python3.12/site-packages/***/task/task_runner/standard_task_runner.py:61: DeprecationWarning: This process (pid=148) is multi-threaded, use of fork() may lead to deadlocks in the child.
  pid = os.fork()

[2024-04-16T10:23:15.070+0000] {standard_task_runner.py:90} INFO - Running: ['***', 'tasks', 'run', 'priority_one_number_one_dag_v1', 'task_2', 'scheduled__2024-04-14T00:00:00+00:00', '--job-id', '223', '--raw', '--subdir', 'DAGS_FOLDER/priority_one_number_one_dag.py', '--cfg-path', '/tmp/tmp_agu582y']
[2024-04-16T10:23:15.133+0000] {standard_task_runner.py:63} INFO - Started process 159 to run task
[2024-04-16T10:23:15.236+0000] {standard_task_runner.py:91} INFO - Job 223: Subtask task_2
[2024-04-16T10:23:15.840+0000] {task_command.py:426} INFO - Running <TaskInstance: priority_one_number_one_dag_v1.task_2 scheduled__2024-04-14T00:00:00+00:00 [running]> on host eaff2d74d54d
[2024-04-16T10:23:16.220+0000] {taskinstance.py:2644} INFO - Exporting env vars: AIRFLOW_CTX_DAG_OWNER='ika' AIRFLOW_CTX_DAG_ID='priority_one_number_one_dag_v1' AIRFLOW_CTX_TASK_ID='task_2' AIRFLOW_CTX_EXECUTION_DATE='2024-04-14T00:00:00+00:00' AIRFLOW_CTX_TRY_NUMBER='1' AIRFLOW_CTX_DAG_RUN_ID='scheduled__2024-04-14T00:00:00+00:00'
[2024-04-16T10:23:16.224+0000] {taskinstance.py:430} INFO - ::endgroup::
[2024-04-16T10:23:16.359+0000] {subprocess.py:63} INFO - Tmp dir root location: /tmp
[2024-04-16T10:23:16.365+0000] {subprocess.py:75} INFO - Running command: ['/usr/bin/bash', '-c', 'mkdir -p about_us']
[2024-04-16T10:23:16.408+0000] {subprocess.py:86} INFO - Output:
[2024-04-16T10:23:16.419+0000] {subprocess.py:97} INFO - Command exited with return code 0
[2024-04-16T10:23:16.425+0000] {taskinstance.py:441} INFO - ::group::Post task execution logs
[2024-04-16T10:23:16.499+0000] {taskinstance.py:1205} INFO - Marking task as SUCCESS. dag_id=priority_one_number_one_dag_v1, task_id=task_2, execution_date=20240414T000000, start_date=20240416T102314, end_date=20240416T102316
[2024-04-16T10:23:16.608+0000] {local_task_job_runner.py:240} INFO - Task exited with return code 0
[2024-04-16T10:23:16.945+0000] {taskinstance.py:3482} INFO - 0 downstream tasks scheduled from follow-on schedule check
[2024-04-16T10:23:16.967+0000] {local_task_job_runner.py:222} INFO - ::endgroup::
