[2024-04-16T10:22:05.244+0000] {local_task_job_runner.py:120} INFO - ::group::Pre task execution logs
[2024-04-16T10:22:06.132+0000] {taskinstance.py:2073} INFO - Dependencies all met for dep_context=non-requeueable deps ti=<TaskInstance: priority_one_number_one_dag_v1.task_1 scheduled__2024-04-10T00:00:00+00:00 [queued]>
[2024-04-16T10:22:06.368+0000] {taskinstance.py:2073} INFO - Dependencies all met for dep_context=requeueable deps ti=<TaskInstance: priority_one_number_one_dag_v1.task_1 scheduled__2024-04-10T00:00:00+00:00 [queued]>
[2024-04-16T10:22:06.371+0000] {taskinstance.py:2303} INFO - Starting attempt 1 of 6
[2024-04-16T10:22:09.100+0000] {taskinstance.py:2327} INFO - Executing <Task(BashOperator): task_1> on 2024-04-10 00:00:00+00:00
[2024-04-16T10:22:09.276+0000] {warnings.py:110} WARNING - /home/***/.local/lib/python3.12/site-packages/***/task/task_runner/standard_task_runner.py:61: DeprecationWarning: This process (pid=87) is multi-threaded, use of fork() may lead to deadlocks in the child.
  pid = os.fork()

[2024-04-16T10:22:09.375+0000] {standard_task_runner.py:63} INFO - Started process 104 to run task
[2024-04-16T10:22:09.698+0000] {standard_task_runner.py:90} INFO - Running: ['***', 'tasks', 'run', 'priority_one_number_one_dag_v1', 'task_1', 'scheduled__2024-04-10T00:00:00+00:00', '--job-id', '211', '--raw', '--subdir', 'DAGS_FOLDER/priority_one_number_one_dag.py', '--cfg-path', '/tmp/tmpb2gmvrip']
[2024-04-16T10:22:09.817+0000] {standard_task_runner.py:91} INFO - Job 211: Subtask task_1
[2024-04-16T10:22:11.031+0000] {task_command.py:426} INFO - Running <TaskInstance: priority_one_number_one_dag_v1.task_1 scheduled__2024-04-10T00:00:00+00:00 [running]> on host eaff2d74d54d
[2024-04-16T10:22:11.751+0000] {taskinstance.py:2644} INFO - Exporting env vars: AIRFLOW_CTX_DAG_OWNER='ika' AIRFLOW_CTX_DAG_ID='priority_one_number_one_dag_v1' AIRFLOW_CTX_TASK_ID='task_1' AIRFLOW_CTX_EXECUTION_DATE='2024-04-10T00:00:00+00:00' AIRFLOW_CTX_TRY_NUMBER='1' AIRFLOW_CTX_DAG_RUN_ID='scheduled__2024-04-10T00:00:00+00:00'
[2024-04-16T10:22:11.778+0000] {taskinstance.py:430} INFO - ::endgroup::
[2024-04-16T10:22:12.190+0000] {subprocess.py:63} INFO - Tmp dir root location: /tmp
[2024-04-16T10:22:12.222+0000] {subprocess.py:75} INFO - Running command: ['/usr/bin/bash', '-c', "echo 'hello ***'"]
[2024-04-16T10:22:12.401+0000] {subprocess.py:86} INFO - Output:
[2024-04-16T10:22:12.595+0000] {subprocess.py:93} INFO - hello ***
[2024-04-16T10:22:12.599+0000] {subprocess.py:97} INFO - Command exited with return code 0
[2024-04-16T10:22:12.615+0000] {taskinstance.py:441} INFO - ::group::Post task execution logs
[2024-04-16T10:22:13.035+0000] {taskinstance.py:1205} INFO - Marking task as SUCCESS. dag_id=priority_one_number_one_dag_v1, task_id=task_1, execution_date=20240410T000000, start_date=20240416T102206, end_date=20240416T102213
[2024-04-16T10:22:13.253+0000] {local_task_job_runner.py:240} INFO - Task exited with return code 0
[2024-04-16T10:22:13.506+0000] {taskinstance.py:3482} INFO - 2 downstream tasks scheduled from follow-on schedule check
[2024-04-16T10:22:13.528+0000] {local_task_job_runner.py:222} INFO - ::endgroup::
