[2024-04-21T21:04:33.202+0000] {processor.py:161} INFO - Started process (PID=37) to work on /opt/airflow/dags/custom_operator/collect_data_fruits_operator.py
[2024-04-21T21:04:33.209+0000] {processor.py:830} INFO - Processing file /opt/airflow/dags/custom_operator/collect_data_fruits_operator.py for tasks to queue
[2024-04-21T21:04:33.240+0000] {logging_mixin.py:188} INFO - [2024-04-21T21:04:33.227+0000] {dagbag.py:540} INFO - Filling up the DagBag from /opt/airflow/dags/custom_operator/collect_data_fruits_operator.py
[2024-04-21T21:04:33.361+0000] {processor.py:842} WARNING - No viable dags retrieved from /opt/airflow/dags/custom_operator/collect_data_fruits_operator.py
[2024-04-21T21:04:33.640+0000] {processor.py:183} INFO - Processing /opt/airflow/dags/custom_operator/collect_data_fruits_operator.py took 0.544 seconds
[2024-04-21T21:05:07.626+0000] {processor.py:161} INFO - Started process (PID=52) to work on /opt/airflow/dags/custom_operator/collect_data_fruits_operator.py
[2024-04-21T21:05:07.638+0000] {processor.py:830} INFO - Processing file /opt/airflow/dags/custom_operator/collect_data_fruits_operator.py for tasks to queue
[2024-04-21T21:05:07.724+0000] {logging_mixin.py:188} INFO - [2024-04-21T21:05:07.703+0000] {dagbag.py:540} INFO - Filling up the DagBag from /opt/airflow/dags/custom_operator/collect_data_fruits_operator.py
[2024-04-21T21:05:08.619+0000] {processor.py:842} WARNING - No viable dags retrieved from /opt/airflow/dags/custom_operator/collect_data_fruits_operator.py
[2024-04-21T21:05:10.518+0000] {processor.py:183} INFO - Processing /opt/airflow/dags/custom_operator/collect_data_fruits_operator.py took 3.423 seconds
[2024-04-21T21:05:41.765+0000] {processor.py:161} INFO - Started process (PID=63) to work on /opt/airflow/dags/custom_operator/collect_data_fruits_operator.py
[2024-04-21T21:05:41.780+0000] {processor.py:830} INFO - Processing file /opt/airflow/dags/custom_operator/collect_data_fruits_operator.py for tasks to queue
[2024-04-21T21:05:41.817+0000] {logging_mixin.py:188} INFO - [2024-04-21T21:05:41.810+0000] {dagbag.py:540} INFO - Filling up the DagBag from /opt/airflow/dags/custom_operator/collect_data_fruits_operator.py
[2024-04-21T21:05:41.939+0000] {processor.py:842} WARNING - No viable dags retrieved from /opt/airflow/dags/custom_operator/collect_data_fruits_operator.py
[2024-04-21T21:05:42.780+0000] {processor.py:183} INFO - Processing /opt/airflow/dags/custom_operator/collect_data_fruits_operator.py took 1.184 seconds
[2024-04-21T21:06:14.125+0000] {processor.py:161} INFO - Started process (PID=73) to work on /opt/airflow/dags/custom_operator/collect_data_fruits_operator.py
[2024-04-21T21:06:14.126+0000] {processor.py:830} INFO - Processing file /opt/airflow/dags/custom_operator/collect_data_fruits_operator.py for tasks to queue
[2024-04-21T21:06:14.131+0000] {logging_mixin.py:188} INFO - [2024-04-21T21:06:14.131+0000] {dagbag.py:540} INFO - Filling up the DagBag from /opt/airflow/dags/custom_operator/collect_data_fruits_operator.py
[2024-04-21T21:06:14.151+0000] {processor.py:842} WARNING - No viable dags retrieved from /opt/airflow/dags/custom_operator/collect_data_fruits_operator.py
[2024-04-21T21:06:14.435+0000] {processor.py:183} INFO - Processing /opt/airflow/dags/custom_operator/collect_data_fruits_operator.py took 0.324 seconds
[2024-04-21T21:06:44.699+0000] {processor.py:161} INFO - Started process (PID=84) to work on /opt/airflow/dags/custom_operator/collect_data_fruits_operator.py
[2024-04-21T21:06:44.701+0000] {processor.py:830} INFO - Processing file /opt/airflow/dags/custom_operator/collect_data_fruits_operator.py for tasks to queue
[2024-04-21T21:06:44.705+0000] {logging_mixin.py:188} INFO - [2024-04-21T21:06:44.705+0000] {dagbag.py:540} INFO - Filling up the DagBag from /opt/airflow/dags/custom_operator/collect_data_fruits_operator.py
[2024-04-21T21:06:44.728+0000] {processor.py:842} WARNING - No viable dags retrieved from /opt/airflow/dags/custom_operator/collect_data_fruits_operator.py
[2024-04-21T21:06:44.750+0000] {processor.py:183} INFO - Processing /opt/airflow/dags/custom_operator/collect_data_fruits_operator.py took 0.066 seconds
[2024-04-21T21:07:14.928+0000] {processor.py:161} INFO - Started process (PID=96) to work on /opt/airflow/dags/custom_operator/collect_data_fruits_operator.py
[2024-04-21T21:07:14.931+0000] {processor.py:830} INFO - Processing file /opt/airflow/dags/custom_operator/collect_data_fruits_operator.py for tasks to queue
[2024-04-21T21:07:14.935+0000] {logging_mixin.py:188} INFO - [2024-04-21T21:07:14.935+0000] {dagbag.py:540} INFO - Filling up the DagBag from /opt/airflow/dags/custom_operator/collect_data_fruits_operator.py
[2024-04-21T21:07:14.955+0000] {processor.py:842} WARNING - No viable dags retrieved from /opt/airflow/dags/custom_operator/collect_data_fruits_operator.py
[2024-04-21T21:07:14.981+0000] {processor.py:183} INFO - Processing /opt/airflow/dags/custom_operator/collect_data_fruits_operator.py took 0.070 seconds
[2024-04-21T21:07:45.437+0000] {processor.py:161} INFO - Started process (PID=108) to work on /opt/airflow/dags/custom_operator/collect_data_fruits_operator.py
[2024-04-21T21:07:45.438+0000] {processor.py:830} INFO - Processing file /opt/airflow/dags/custom_operator/collect_data_fruits_operator.py for tasks to queue
[2024-04-21T21:07:45.442+0000] {logging_mixin.py:188} INFO - [2024-04-21T21:07:45.441+0000] {dagbag.py:540} INFO - Filling up the DagBag from /opt/airflow/dags/custom_operator/collect_data_fruits_operator.py
[2024-04-21T21:07:45.460+0000] {processor.py:842} WARNING - No viable dags retrieved from /opt/airflow/dags/custom_operator/collect_data_fruits_operator.py
[2024-04-21T21:07:45.479+0000] {processor.py:183} INFO - Processing /opt/airflow/dags/custom_operator/collect_data_fruits_operator.py took 0.049 seconds
[2024-04-21T21:08:16.047+0000] {processor.py:161} INFO - Started process (PID=120) to work on /opt/airflow/dags/custom_operator/collect_data_fruits_operator.py
[2024-04-21T21:08:16.049+0000] {processor.py:830} INFO - Processing file /opt/airflow/dags/custom_operator/collect_data_fruits_operator.py for tasks to queue
[2024-04-21T21:08:16.051+0000] {logging_mixin.py:188} INFO - [2024-04-21T21:08:16.051+0000] {dagbag.py:540} INFO - Filling up the DagBag from /opt/airflow/dags/custom_operator/collect_data_fruits_operator.py
[2024-04-21T21:08:16.066+0000] {processor.py:842} WARNING - No viable dags retrieved from /opt/airflow/dags/custom_operator/collect_data_fruits_operator.py
[2024-04-21T21:08:16.080+0000] {processor.py:183} INFO - Processing /opt/airflow/dags/custom_operator/collect_data_fruits_operator.py took 0.040 seconds
[2024-04-21T21:08:46.686+0000] {processor.py:161} INFO - Started process (PID=131) to work on /opt/airflow/dags/custom_operator/collect_data_fruits_operator.py
[2024-04-21T21:08:46.688+0000] {processor.py:830} INFO - Processing file /opt/airflow/dags/custom_operator/collect_data_fruits_operator.py for tasks to queue
[2024-04-21T21:08:46.690+0000] {logging_mixin.py:188} INFO - [2024-04-21T21:08:46.690+0000] {dagbag.py:540} INFO - Filling up the DagBag from /opt/airflow/dags/custom_operator/collect_data_fruits_operator.py
[2024-04-21T21:08:46.712+0000] {processor.py:842} WARNING - No viable dags retrieved from /opt/airflow/dags/custom_operator/collect_data_fruits_operator.py
[2024-04-21T21:08:46.731+0000] {processor.py:183} INFO - Processing /opt/airflow/dags/custom_operator/collect_data_fruits_operator.py took 0.053 seconds
[2024-04-21T21:09:17.006+0000] {processor.py:161} INFO - Started process (PID=143) to work on /opt/airflow/dags/custom_operator/collect_data_fruits_operator.py
[2024-04-21T21:09:17.009+0000] {processor.py:830} INFO - Processing file /opt/airflow/dags/custom_operator/collect_data_fruits_operator.py for tasks to queue
[2024-04-21T21:09:17.012+0000] {logging_mixin.py:188} INFO - [2024-04-21T21:09:17.012+0000] {dagbag.py:540} INFO - Filling up the DagBag from /opt/airflow/dags/custom_operator/collect_data_fruits_operator.py
[2024-04-21T21:09:17.035+0000] {processor.py:842} WARNING - No viable dags retrieved from /opt/airflow/dags/custom_operator/collect_data_fruits_operator.py
[2024-04-21T21:09:17.052+0000] {processor.py:183} INFO - Processing /opt/airflow/dags/custom_operator/collect_data_fruits_operator.py took 0.058 seconds
[2024-04-21T21:09:47.362+0000] {processor.py:161} INFO - Started process (PID=155) to work on /opt/airflow/dags/custom_operator/collect_data_fruits_operator.py
[2024-04-21T21:09:47.364+0000] {processor.py:830} INFO - Processing file /opt/airflow/dags/custom_operator/collect_data_fruits_operator.py for tasks to queue
[2024-04-21T21:09:47.366+0000] {logging_mixin.py:188} INFO - [2024-04-21T21:09:47.365+0000] {dagbag.py:540} INFO - Filling up the DagBag from /opt/airflow/dags/custom_operator/collect_data_fruits_operator.py
[2024-04-21T21:09:47.382+0000] {processor.py:842} WARNING - No viable dags retrieved from /opt/airflow/dags/custom_operator/collect_data_fruits_operator.py
[2024-04-21T21:09:47.398+0000] {processor.py:183} INFO - Processing /opt/airflow/dags/custom_operator/collect_data_fruits_operator.py took 0.043 seconds
[2024-04-21T21:10:17.709+0000] {processor.py:161} INFO - Started process (PID=167) to work on /opt/airflow/dags/custom_operator/collect_data_fruits_operator.py
[2024-04-21T21:10:17.710+0000] {processor.py:830} INFO - Processing file /opt/airflow/dags/custom_operator/collect_data_fruits_operator.py for tasks to queue
[2024-04-21T21:10:17.712+0000] {logging_mixin.py:188} INFO - [2024-04-21T21:10:17.712+0000] {dagbag.py:540} INFO - Filling up the DagBag from /opt/airflow/dags/custom_operator/collect_data_fruits_operator.py
[2024-04-21T21:10:17.725+0000] {processor.py:842} WARNING - No viable dags retrieved from /opt/airflow/dags/custom_operator/collect_data_fruits_operator.py
[2024-04-21T21:10:17.741+0000] {processor.py:183} INFO - Processing /opt/airflow/dags/custom_operator/collect_data_fruits_operator.py took 0.038 seconds
[2024-04-21T21:10:47.819+0000] {processor.py:161} INFO - Started process (PID=179) to work on /opt/airflow/dags/custom_operator/collect_data_fruits_operator.py
[2024-04-21T21:10:47.820+0000] {processor.py:830} INFO - Processing file /opt/airflow/dags/custom_operator/collect_data_fruits_operator.py for tasks to queue
[2024-04-21T21:10:47.823+0000] {logging_mixin.py:188} INFO - [2024-04-21T21:10:47.822+0000] {dagbag.py:540} INFO - Filling up the DagBag from /opt/airflow/dags/custom_operator/collect_data_fruits_operator.py
[2024-04-21T21:10:47.840+0000] {processor.py:842} WARNING - No viable dags retrieved from /opt/airflow/dags/custom_operator/collect_data_fruits_operator.py
[2024-04-21T21:10:47.861+0000] {processor.py:183} INFO - Processing /opt/airflow/dags/custom_operator/collect_data_fruits_operator.py took 0.049 seconds
[2024-04-21T21:11:18.522+0000] {processor.py:161} INFO - Started process (PID=191) to work on /opt/airflow/dags/custom_operator/collect_data_fruits_operator.py
[2024-04-21T21:11:18.524+0000] {processor.py:830} INFO - Processing file /opt/airflow/dags/custom_operator/collect_data_fruits_operator.py for tasks to queue
[2024-04-21T21:11:18.527+0000] {logging_mixin.py:188} INFO - [2024-04-21T21:11:18.527+0000] {dagbag.py:540} INFO - Filling up the DagBag from /opt/airflow/dags/custom_operator/collect_data_fruits_operator.py
[2024-04-21T21:11:18.551+0000] {processor.py:842} WARNING - No viable dags retrieved from /opt/airflow/dags/custom_operator/collect_data_fruits_operator.py
[2024-04-21T21:11:18.577+0000] {processor.py:183} INFO - Processing /opt/airflow/dags/custom_operator/collect_data_fruits_operator.py took 0.061 seconds
[2024-04-21T21:11:49.086+0000] {processor.py:161} INFO - Started process (PID=203) to work on /opt/airflow/dags/custom_operator/collect_data_fruits_operator.py
[2024-04-21T21:11:49.087+0000] {processor.py:830} INFO - Processing file /opt/airflow/dags/custom_operator/collect_data_fruits_operator.py for tasks to queue
[2024-04-21T21:11:49.090+0000] {logging_mixin.py:188} INFO - [2024-04-21T21:11:49.089+0000] {dagbag.py:540} INFO - Filling up the DagBag from /opt/airflow/dags/custom_operator/collect_data_fruits_operator.py
[2024-04-21T21:11:49.103+0000] {processor.py:842} WARNING - No viable dags retrieved from /opt/airflow/dags/custom_operator/collect_data_fruits_operator.py
[2024-04-21T21:11:49.117+0000] {processor.py:183} INFO - Processing /opt/airflow/dags/custom_operator/collect_data_fruits_operator.py took 0.036 seconds
[2024-04-21T21:12:19.264+0000] {processor.py:161} INFO - Started process (PID=215) to work on /opt/airflow/dags/custom_operator/collect_data_fruits_operator.py
[2024-04-21T21:12:19.266+0000] {processor.py:830} INFO - Processing file /opt/airflow/dags/custom_operator/collect_data_fruits_operator.py for tasks to queue
[2024-04-21T21:12:19.268+0000] {logging_mixin.py:188} INFO - [2024-04-21T21:12:19.268+0000] {dagbag.py:540} INFO - Filling up the DagBag from /opt/airflow/dags/custom_operator/collect_data_fruits_operator.py
[2024-04-21T21:12:19.284+0000] {processor.py:842} WARNING - No viable dags retrieved from /opt/airflow/dags/custom_operator/collect_data_fruits_operator.py
[2024-04-21T21:12:19.302+0000] {processor.py:183} INFO - Processing /opt/airflow/dags/custom_operator/collect_data_fruits_operator.py took 0.044 seconds
[2024-04-21T21:12:53.747+0000] {processor.py:161} INFO - Started process (PID=227) to work on /opt/airflow/dags/custom_operator/collect_data_fruits_operator.py
[2024-04-21T21:12:53.783+0000] {processor.py:830} INFO - Processing file /opt/airflow/dags/custom_operator/collect_data_fruits_operator.py for tasks to queue
[2024-04-21T21:12:53.866+0000] {logging_mixin.py:188} INFO - [2024-04-21T21:12:53.837+0000] {dagbag.py:540} INFO - Filling up the DagBag from /opt/airflow/dags/custom_operator/collect_data_fruits_operator.py
[2024-04-21T21:12:54.206+0000] {processor.py:842} WARNING - No viable dags retrieved from /opt/airflow/dags/custom_operator/collect_data_fruits_operator.py
[2024-04-21T21:12:54.374+0000] {processor.py:183} INFO - Processing /opt/airflow/dags/custom_operator/collect_data_fruits_operator.py took 0.830 seconds
[2024-04-21T21:13:24.524+0000] {processor.py:161} INFO - Started process (PID=238) to work on /opt/airflow/dags/custom_operator/collect_data_fruits_operator.py
[2024-04-21T21:13:24.527+0000] {processor.py:830} INFO - Processing file /opt/airflow/dags/custom_operator/collect_data_fruits_operator.py for tasks to queue
[2024-04-21T21:13:24.531+0000] {logging_mixin.py:188} INFO - [2024-04-21T21:13:24.530+0000] {dagbag.py:540} INFO - Filling up the DagBag from /opt/airflow/dags/custom_operator/collect_data_fruits_operator.py
[2024-04-21T21:13:24.552+0000] {processor.py:842} WARNING - No viable dags retrieved from /opt/airflow/dags/custom_operator/collect_data_fruits_operator.py
[2024-04-21T21:13:24.581+0000] {processor.py:183} INFO - Processing /opt/airflow/dags/custom_operator/collect_data_fruits_operator.py took 0.072 seconds
[2024-04-21T21:13:55.170+0000] {processor.py:161} INFO - Started process (PID=250) to work on /opt/airflow/dags/custom_operator/collect_data_fruits_operator.py
[2024-04-21T21:13:55.171+0000] {processor.py:830} INFO - Processing file /opt/airflow/dags/custom_operator/collect_data_fruits_operator.py for tasks to queue
[2024-04-21T21:13:55.174+0000] {logging_mixin.py:188} INFO - [2024-04-21T21:13:55.174+0000] {dagbag.py:540} INFO - Filling up the DagBag from /opt/airflow/dags/custom_operator/collect_data_fruits_operator.py
[2024-04-21T21:13:55.188+0000] {processor.py:842} WARNING - No viable dags retrieved from /opt/airflow/dags/custom_operator/collect_data_fruits_operator.py
[2024-04-21T21:13:55.202+0000] {processor.py:183} INFO - Processing /opt/airflow/dags/custom_operator/collect_data_fruits_operator.py took 0.039 seconds
[2024-04-21T21:14:25.376+0000] {processor.py:161} INFO - Started process (PID=262) to work on /opt/airflow/dags/custom_operator/collect_data_fruits_operator.py
[2024-04-21T21:14:25.377+0000] {processor.py:830} INFO - Processing file /opt/airflow/dags/custom_operator/collect_data_fruits_operator.py for tasks to queue
[2024-04-21T21:14:25.379+0000] {logging_mixin.py:188} INFO - [2024-04-21T21:14:25.379+0000] {dagbag.py:540} INFO - Filling up the DagBag from /opt/airflow/dags/custom_operator/collect_data_fruits_operator.py
[2024-04-21T21:14:25.392+0000] {processor.py:842} WARNING - No viable dags retrieved from /opt/airflow/dags/custom_operator/collect_data_fruits_operator.py
[2024-04-21T21:14:25.406+0000] {processor.py:183} INFO - Processing /opt/airflow/dags/custom_operator/collect_data_fruits_operator.py took 0.036 seconds
[2024-04-21T21:14:56.185+0000] {processor.py:161} INFO - Started process (PID=274) to work on /opt/airflow/dags/custom_operator/collect_data_fruits_operator.py
[2024-04-21T21:14:56.186+0000] {processor.py:830} INFO - Processing file /opt/airflow/dags/custom_operator/collect_data_fruits_operator.py for tasks to queue
[2024-04-21T21:14:56.188+0000] {logging_mixin.py:188} INFO - [2024-04-21T21:14:56.188+0000] {dagbag.py:540} INFO - Filling up the DagBag from /opt/airflow/dags/custom_operator/collect_data_fruits_operator.py
[2024-04-21T21:14:56.199+0000] {processor.py:842} WARNING - No viable dags retrieved from /opt/airflow/dags/custom_operator/collect_data_fruits_operator.py
[2024-04-21T21:14:56.213+0000] {processor.py:183} INFO - Processing /opt/airflow/dags/custom_operator/collect_data_fruits_operator.py took 0.034 seconds
[2024-04-21T21:15:26.868+0000] {processor.py:161} INFO - Started process (PID=286) to work on /opt/airflow/dags/custom_operator/collect_data_fruits_operator.py
[2024-04-21T21:15:26.869+0000] {processor.py:830} INFO - Processing file /opt/airflow/dags/custom_operator/collect_data_fruits_operator.py for tasks to queue
[2024-04-21T21:15:26.872+0000] {logging_mixin.py:188} INFO - [2024-04-21T21:15:26.872+0000] {dagbag.py:540} INFO - Filling up the DagBag from /opt/airflow/dags/custom_operator/collect_data_fruits_operator.py
[2024-04-21T21:15:26.889+0000] {processor.py:842} WARNING - No viable dags retrieved from /opt/airflow/dags/custom_operator/collect_data_fruits_operator.py
[2024-04-21T21:15:26.911+0000] {processor.py:183} INFO - Processing /opt/airflow/dags/custom_operator/collect_data_fruits_operator.py took 0.054 seconds
[2024-04-21T21:15:57.273+0000] {processor.py:161} INFO - Started process (PID=297) to work on /opt/airflow/dags/custom_operator/collect_data_fruits_operator.py
[2024-04-21T21:15:57.276+0000] {processor.py:830} INFO - Processing file /opt/airflow/dags/custom_operator/collect_data_fruits_operator.py for tasks to queue
[2024-04-21T21:15:57.288+0000] {logging_mixin.py:188} INFO - [2024-04-21T21:15:57.286+0000] {dagbag.py:540} INFO - Filling up the DagBag from /opt/airflow/dags/custom_operator/collect_data_fruits_operator.py
[2024-04-21T21:15:57.320+0000] {processor.py:842} WARNING - No viable dags retrieved from /opt/airflow/dags/custom_operator/collect_data_fruits_operator.py
[2024-04-21T21:15:57.359+0000] {processor.py:183} INFO - Processing /opt/airflow/dags/custom_operator/collect_data_fruits_operator.py took 0.118 seconds
[2024-04-21T21:16:27.641+0000] {processor.py:161} INFO - Started process (PID=309) to work on /opt/airflow/dags/custom_operator/collect_data_fruits_operator.py
[2024-04-21T21:16:27.643+0000] {processor.py:830} INFO - Processing file /opt/airflow/dags/custom_operator/collect_data_fruits_operator.py for tasks to queue
[2024-04-21T21:16:27.648+0000] {logging_mixin.py:188} INFO - [2024-04-21T21:16:27.647+0000] {dagbag.py:540} INFO - Filling up the DagBag from /opt/airflow/dags/custom_operator/collect_data_fruits_operator.py
[2024-04-21T21:16:27.682+0000] {processor.py:842} WARNING - No viable dags retrieved from /opt/airflow/dags/custom_operator/collect_data_fruits_operator.py
[2024-04-21T21:16:27.729+0000] {processor.py:183} INFO - Processing /opt/airflow/dags/custom_operator/collect_data_fruits_operator.py took 0.102 seconds
[2024-04-21T21:16:58.253+0000] {processor.py:161} INFO - Started process (PID=321) to work on /opt/airflow/dags/custom_operator/collect_data_fruits_operator.py
[2024-04-21T21:16:58.322+0000] {processor.py:830} INFO - Processing file /opt/airflow/dags/custom_operator/collect_data_fruits_operator.py for tasks to queue
[2024-04-21T21:16:58.635+0000] {logging_mixin.py:188} INFO - [2024-04-21T21:16:58.615+0000] {dagbag.py:540} INFO - Filling up the DagBag from /opt/airflow/dags/custom_operator/collect_data_fruits_operator.py
[2024-04-21T21:16:58.840+0000] {processor.py:842} WARNING - No viable dags retrieved from /opt/airflow/dags/custom_operator/collect_data_fruits_operator.py
[2024-04-21T21:16:59.190+0000] {processor.py:183} INFO - Processing /opt/airflow/dags/custom_operator/collect_data_fruits_operator.py took 1.107 seconds
[2024-04-21T21:17:29.338+0000] {processor.py:161} INFO - Started process (PID=339) to work on /opt/airflow/dags/custom_operator/collect_data_fruits_operator.py
[2024-04-21T21:17:29.340+0000] {processor.py:830} INFO - Processing file /opt/airflow/dags/custom_operator/collect_data_fruits_operator.py for tasks to queue
[2024-04-21T21:17:29.349+0000] {logging_mixin.py:188} INFO - [2024-04-21T21:17:29.348+0000] {dagbag.py:540} INFO - Filling up the DagBag from /opt/airflow/dags/custom_operator/collect_data_fruits_operator.py
[2024-04-21T21:17:29.370+0000] {processor.py:842} WARNING - No viable dags retrieved from /opt/airflow/dags/custom_operator/collect_data_fruits_operator.py
[2024-04-21T21:17:29.391+0000] {processor.py:183} INFO - Processing /opt/airflow/dags/custom_operator/collect_data_fruits_operator.py took 0.082 seconds
[2024-04-21T21:17:59.548+0000] {processor.py:161} INFO - Started process (PID=351) to work on /opt/airflow/dags/custom_operator/collect_data_fruits_operator.py
[2024-04-21T21:17:59.550+0000] {processor.py:830} INFO - Processing file /opt/airflow/dags/custom_operator/collect_data_fruits_operator.py for tasks to queue
[2024-04-21T21:17:59.554+0000] {logging_mixin.py:188} INFO - [2024-04-21T21:17:59.552+0000] {dagbag.py:540} INFO - Filling up the DagBag from /opt/airflow/dags/custom_operator/collect_data_fruits_operator.py
[2024-04-21T21:17:59.567+0000] {processor.py:842} WARNING - No viable dags retrieved from /opt/airflow/dags/custom_operator/collect_data_fruits_operator.py
[2024-04-21T21:17:59.588+0000] {processor.py:183} INFO - Processing /opt/airflow/dags/custom_operator/collect_data_fruits_operator.py took 0.046 seconds
[2024-04-21T21:18:29.911+0000] {processor.py:161} INFO - Started process (PID=363) to work on /opt/airflow/dags/custom_operator/collect_data_fruits_operator.py
[2024-04-21T21:18:29.913+0000] {processor.py:830} INFO - Processing file /opt/airflow/dags/custom_operator/collect_data_fruits_operator.py for tasks to queue
[2024-04-21T21:18:29.915+0000] {logging_mixin.py:188} INFO - [2024-04-21T21:18:29.915+0000] {dagbag.py:540} INFO - Filling up the DagBag from /opt/airflow/dags/custom_operator/collect_data_fruits_operator.py
[2024-04-21T21:18:29.927+0000] {processor.py:842} WARNING - No viable dags retrieved from /opt/airflow/dags/custom_operator/collect_data_fruits_operator.py
[2024-04-21T21:18:29.941+0000] {processor.py:183} INFO - Processing /opt/airflow/dags/custom_operator/collect_data_fruits_operator.py took 0.036 seconds
[2024-04-21T21:19:00.670+0000] {processor.py:161} INFO - Started process (PID=375) to work on /opt/airflow/dags/custom_operator/collect_data_fruits_operator.py
[2024-04-21T21:19:00.672+0000] {processor.py:830} INFO - Processing file /opt/airflow/dags/custom_operator/collect_data_fruits_operator.py for tasks to queue
[2024-04-21T21:19:00.674+0000] {logging_mixin.py:188} INFO - [2024-04-21T21:19:00.674+0000] {dagbag.py:540} INFO - Filling up the DagBag from /opt/airflow/dags/custom_operator/collect_data_fruits_operator.py
[2024-04-21T21:19:00.692+0000] {processor.py:842} WARNING - No viable dags retrieved from /opt/airflow/dags/custom_operator/collect_data_fruits_operator.py
[2024-04-21T21:19:00.711+0000] {processor.py:183} INFO - Processing /opt/airflow/dags/custom_operator/collect_data_fruits_operator.py took 0.049 seconds
[2024-04-21T21:19:31.358+0000] {processor.py:161} INFO - Started process (PID=387) to work on /opt/airflow/dags/custom_operator/collect_data_fruits_operator.py
[2024-04-21T21:19:31.362+0000] {processor.py:830} INFO - Processing file /opt/airflow/dags/custom_operator/collect_data_fruits_operator.py for tasks to queue
[2024-04-21T21:19:31.368+0000] {logging_mixin.py:188} INFO - [2024-04-21T21:19:31.368+0000] {dagbag.py:540} INFO - Filling up the DagBag from /opt/airflow/dags/custom_operator/collect_data_fruits_operator.py
[2024-04-21T21:19:31.403+0000] {processor.py:842} WARNING - No viable dags retrieved from /opt/airflow/dags/custom_operator/collect_data_fruits_operator.py
[2024-04-21T21:19:31.438+0000] {processor.py:183} INFO - Processing /opt/airflow/dags/custom_operator/collect_data_fruits_operator.py took 0.091 seconds
[2024-04-21T21:20:01.836+0000] {processor.py:161} INFO - Started process (PID=400) to work on /opt/airflow/dags/custom_operator/collect_data_fruits_operator.py
[2024-04-21T21:20:01.839+0000] {processor.py:830} INFO - Processing file /opt/airflow/dags/custom_operator/collect_data_fruits_operator.py for tasks to queue
[2024-04-21T21:20:01.842+0000] {logging_mixin.py:188} INFO - [2024-04-21T21:20:01.841+0000] {dagbag.py:540} INFO - Filling up the DagBag from /opt/airflow/dags/custom_operator/collect_data_fruits_operator.py
[2024-04-21T21:20:01.858+0000] {processor.py:842} WARNING - No viable dags retrieved from /opt/airflow/dags/custom_operator/collect_data_fruits_operator.py
[2024-04-21T21:20:01.879+0000] {processor.py:183} INFO - Processing /opt/airflow/dags/custom_operator/collect_data_fruits_operator.py took 0.050 seconds
[2024-04-21T21:20:32.406+0000] {processor.py:161} INFO - Started process (PID=412) to work on /opt/airflow/dags/custom_operator/collect_data_fruits_operator.py
[2024-04-21T21:20:32.408+0000] {processor.py:830} INFO - Processing file /opt/airflow/dags/custom_operator/collect_data_fruits_operator.py for tasks to queue
[2024-04-21T21:20:32.410+0000] {logging_mixin.py:188} INFO - [2024-04-21T21:20:32.410+0000] {dagbag.py:540} INFO - Filling up the DagBag from /opt/airflow/dags/custom_operator/collect_data_fruits_operator.py
[2024-04-21T21:20:32.423+0000] {processor.py:842} WARNING - No viable dags retrieved from /opt/airflow/dags/custom_operator/collect_data_fruits_operator.py
[2024-04-21T21:20:32.440+0000] {processor.py:183} INFO - Processing /opt/airflow/dags/custom_operator/collect_data_fruits_operator.py took 0.041 seconds
[2024-04-21T21:21:03.738+0000] {processor.py:161} INFO - Started process (PID=423) to work on /opt/airflow/dags/custom_operator/collect_data_fruits_operator.py
[2024-04-21T21:21:03.792+0000] {processor.py:830} INFO - Processing file /opt/airflow/dags/custom_operator/collect_data_fruits_operator.py for tasks to queue
[2024-04-21T21:21:03.881+0000] {logging_mixin.py:188} INFO - [2024-04-21T21:21:03.863+0000] {dagbag.py:540} INFO - Filling up the DagBag from /opt/airflow/dags/custom_operator/collect_data_fruits_operator.py
[2024-04-21T21:21:03.946+0000] {processor.py:842} WARNING - No viable dags retrieved from /opt/airflow/dags/custom_operator/collect_data_fruits_operator.py
[2024-04-21T21:21:04.133+0000] {processor.py:183} INFO - Processing /opt/airflow/dags/custom_operator/collect_data_fruits_operator.py took 0.653 seconds
[2024-04-21T21:21:34.829+0000] {processor.py:161} INFO - Started process (PID=434) to work on /opt/airflow/dags/custom_operator/collect_data_fruits_operator.py
[2024-04-21T21:21:34.832+0000] {processor.py:830} INFO - Processing file /opt/airflow/dags/custom_operator/collect_data_fruits_operator.py for tasks to queue
[2024-04-21T21:21:34.835+0000] {logging_mixin.py:188} INFO - [2024-04-21T21:21:34.834+0000] {dagbag.py:540} INFO - Filling up the DagBag from /opt/airflow/dags/custom_operator/collect_data_fruits_operator.py
[2024-04-21T21:21:34.848+0000] {processor.py:842} WARNING - No viable dags retrieved from /opt/airflow/dags/custom_operator/collect_data_fruits_operator.py
[2024-04-21T21:21:34.865+0000] {processor.py:183} INFO - Processing /opt/airflow/dags/custom_operator/collect_data_fruits_operator.py took 0.059 seconds
[2024-04-21T21:22:05.282+0000] {processor.py:161} INFO - Started process (PID=446) to work on /opt/airflow/dags/custom_operator/collect_data_fruits_operator.py
[2024-04-21T21:22:05.285+0000] {processor.py:830} INFO - Processing file /opt/airflow/dags/custom_operator/collect_data_fruits_operator.py for tasks to queue
[2024-04-21T21:22:05.294+0000] {logging_mixin.py:188} INFO - [2024-04-21T21:22:05.292+0000] {dagbag.py:540} INFO - Filling up the DagBag from /opt/airflow/dags/custom_operator/collect_data_fruits_operator.py
[2024-04-21T21:22:05.328+0000] {processor.py:842} WARNING - No viable dags retrieved from /opt/airflow/dags/custom_operator/collect_data_fruits_operator.py
[2024-04-21T21:22:05.390+0000] {processor.py:183} INFO - Processing /opt/airflow/dags/custom_operator/collect_data_fruits_operator.py took 0.121 seconds
[2024-04-21T21:22:36.198+0000] {processor.py:161} INFO - Started process (PID=459) to work on /opt/airflow/dags/custom_operator/collect_data_fruits_operator.py
[2024-04-21T21:22:36.409+0000] {processor.py:830} INFO - Processing file /opt/airflow/dags/custom_operator/collect_data_fruits_operator.py for tasks to queue
[2024-04-21T21:22:36.414+0000] {logging_mixin.py:188} INFO - [2024-04-21T21:22:36.414+0000] {dagbag.py:540} INFO - Filling up the DagBag from /opt/airflow/dags/custom_operator/collect_data_fruits_operator.py
[2024-04-21T21:22:49.343+0000] {processor.py:842} WARNING - No viable dags retrieved from /opt/airflow/dags/custom_operator/collect_data_fruits_operator.py
[2024-04-21T21:22:49.368+0000] {processor.py:183} INFO - Processing /opt/airflow/dags/custom_operator/collect_data_fruits_operator.py took 13.179 seconds
[2024-04-21T21:23:20.444+0000] {processor.py:161} INFO - Started process (PID=471) to work on /opt/airflow/dags/custom_operator/collect_data_fruits_operator.py
[2024-04-21T21:23:20.445+0000] {processor.py:830} INFO - Processing file /opt/airflow/dags/custom_operator/collect_data_fruits_operator.py for tasks to queue
[2024-04-21T21:23:20.447+0000] {logging_mixin.py:188} INFO - [2024-04-21T21:23:20.447+0000] {dagbag.py:540} INFO - Filling up the DagBag from /opt/airflow/dags/custom_operator/collect_data_fruits_operator.py
[2024-04-21T21:23:20.462+0000] {processor.py:842} WARNING - No viable dags retrieved from /opt/airflow/dags/custom_operator/collect_data_fruits_operator.py
[2024-04-21T21:23:20.485+0000] {processor.py:183} INFO - Processing /opt/airflow/dags/custom_operator/collect_data_fruits_operator.py took 0.050 seconds
[2024-04-21T21:23:51.405+0000] {processor.py:161} INFO - Started process (PID=483) to work on /opt/airflow/dags/custom_operator/collect_data_fruits_operator.py
[2024-04-21T21:23:51.408+0000] {processor.py:830} INFO - Processing file /opt/airflow/dags/custom_operator/collect_data_fruits_operator.py for tasks to queue
[2024-04-21T21:23:51.419+0000] {logging_mixin.py:188} INFO - [2024-04-21T21:23:51.419+0000] {dagbag.py:540} INFO - Filling up the DagBag from /opt/airflow/dags/custom_operator/collect_data_fruits_operator.py
[2024-04-21T21:23:51.444+0000] {processor.py:842} WARNING - No viable dags retrieved from /opt/airflow/dags/custom_operator/collect_data_fruits_operator.py
[2024-04-21T21:23:51.471+0000] {processor.py:183} INFO - Processing /opt/airflow/dags/custom_operator/collect_data_fruits_operator.py took 0.084 seconds
[2024-04-21T21:24:21.861+0000] {processor.py:161} INFO - Started process (PID=495) to work on /opt/airflow/dags/custom_operator/collect_data_fruits_operator.py
[2024-04-21T21:24:21.862+0000] {processor.py:830} INFO - Processing file /opt/airflow/dags/custom_operator/collect_data_fruits_operator.py for tasks to queue
[2024-04-21T21:24:21.865+0000] {logging_mixin.py:188} INFO - [2024-04-21T21:24:21.864+0000] {dagbag.py:540} INFO - Filling up the DagBag from /opt/airflow/dags/custom_operator/collect_data_fruits_operator.py
[2024-04-21T21:24:21.883+0000] {processor.py:842} WARNING - No viable dags retrieved from /opt/airflow/dags/custom_operator/collect_data_fruits_operator.py
[2024-04-21T21:24:21.898+0000] {processor.py:183} INFO - Processing /opt/airflow/dags/custom_operator/collect_data_fruits_operator.py took 0.045 seconds
[2024-04-21T21:24:52.519+0000] {processor.py:161} INFO - Started process (PID=507) to work on /opt/airflow/dags/custom_operator/collect_data_fruits_operator.py
[2024-04-21T21:24:52.528+0000] {processor.py:830} INFO - Processing file /opt/airflow/dags/custom_operator/collect_data_fruits_operator.py for tasks to queue
[2024-04-21T21:24:52.536+0000] {logging_mixin.py:188} INFO - [2024-04-21T21:24:52.535+0000] {dagbag.py:540} INFO - Filling up the DagBag from /opt/airflow/dags/custom_operator/collect_data_fruits_operator.py
[2024-04-21T21:24:52.599+0000] {processor.py:842} WARNING - No viable dags retrieved from /opt/airflow/dags/custom_operator/collect_data_fruits_operator.py
[2024-04-21T21:24:52.651+0000] {processor.py:183} INFO - Processing /opt/airflow/dags/custom_operator/collect_data_fruits_operator.py took 0.149 seconds
[2024-04-21T21:25:23.650+0000] {processor.py:161} INFO - Started process (PID=519) to work on /opt/airflow/dags/custom_operator/collect_data_fruits_operator.py
[2024-04-21T21:25:23.735+0000] {processor.py:830} INFO - Processing file /opt/airflow/dags/custom_operator/collect_data_fruits_operator.py for tasks to queue
[2024-04-21T21:25:23.869+0000] {logging_mixin.py:188} INFO - [2024-04-21T21:25:23.862+0000] {dagbag.py:540} INFO - Filling up the DagBag from /opt/airflow/dags/custom_operator/collect_data_fruits_operator.py
[2024-04-21T21:25:24.127+0000] {processor.py:842} WARNING - No viable dags retrieved from /opt/airflow/dags/custom_operator/collect_data_fruits_operator.py
[2024-04-21T21:25:24.409+0000] {processor.py:183} INFO - Processing /opt/airflow/dags/custom_operator/collect_data_fruits_operator.py took 0.987 seconds
[2024-04-21T21:25:59.176+0000] {processor.py:161} INFO - Started process (PID=532) to work on /opt/airflow/dags/custom_operator/collect_data_fruits_operator.py
[2024-04-21T21:25:59.250+0000] {processor.py:830} INFO - Processing file /opt/airflow/dags/custom_operator/collect_data_fruits_operator.py for tasks to queue
[2024-04-21T21:25:59.475+0000] {logging_mixin.py:188} INFO - [2024-04-21T21:25:59.464+0000] {dagbag.py:540} INFO - Filling up the DagBag from /opt/airflow/dags/custom_operator/collect_data_fruits_operator.py
[2024-04-21T21:25:59.816+0000] {processor.py:842} WARNING - No viable dags retrieved from /opt/airflow/dags/custom_operator/collect_data_fruits_operator.py
[2024-04-21T21:26:01.399+0000] {processor.py:183} INFO - Processing /opt/airflow/dags/custom_operator/collect_data_fruits_operator.py took 2.908 seconds
[2024-04-21T21:26:33.213+0000] {processor.py:161} INFO - Started process (PID=542) to work on /opt/airflow/dags/custom_operator/collect_data_fruits_operator.py
[2024-04-21T21:26:33.230+0000] {processor.py:830} INFO - Processing file /opt/airflow/dags/custom_operator/collect_data_fruits_operator.py for tasks to queue
[2024-04-21T21:26:33.489+0000] {logging_mixin.py:188} INFO - [2024-04-21T21:26:33.462+0000] {dagbag.py:540} INFO - Filling up the DagBag from /opt/airflow/dags/custom_operator/collect_data_fruits_operator.py
[2024-04-21T21:26:33.660+0000] {processor.py:842} WARNING - No viable dags retrieved from /opt/airflow/dags/custom_operator/collect_data_fruits_operator.py
[2024-04-21T21:26:44.058+0000] {processor.py:186} ERROR - Got an exception! Propagating...
Traceback (most recent call last):
  File "/home/airflow/.local/lib/python3.12/site-packages/sqlalchemy/engine/base.py", line 3371, in _wrap_pool_connect
    return fn()
           ^^^^
  File "/home/airflow/.local/lib/python3.12/site-packages/sqlalchemy/pool/base.py", line 327, in connect
    return _ConnectionFairy._checkout(self)
           ^^^^^^^^^^^^^^^^^^^^^^^^^^^^^^^^
  File "/home/airflow/.local/lib/python3.12/site-packages/sqlalchemy/pool/base.py", line 894, in _checkout
    fairy = _ConnectionRecord.checkout(pool)
            ^^^^^^^^^^^^^^^^^^^^^^^^^^^^^^^^
  File "/home/airflow/.local/lib/python3.12/site-packages/sqlalchemy/pool/base.py", line 493, in checkout
    rec = pool._do_get()
          ^^^^^^^^^^^^^^
  File "/home/airflow/.local/lib/python3.12/site-packages/sqlalchemy/pool/impl.py", line 145, in _do_get
    with util.safe_reraise():
  File "/home/airflow/.local/lib/python3.12/site-packages/sqlalchemy/util/langhelpers.py", line 70, in __exit__
    compat.raise_(
  File "/home/airflow/.local/lib/python3.12/site-packages/sqlalchemy/util/compat.py", line 211, in raise_
    raise exception
  File "/home/airflow/.local/lib/python3.12/site-packages/sqlalchemy/pool/impl.py", line 143, in _do_get
    return self._create_connection()
           ^^^^^^^^^^^^^^^^^^^^^^^^^
  File "/home/airflow/.local/lib/python3.12/site-packages/sqlalchemy/pool/base.py", line 273, in _create_connection
    return _ConnectionRecord(self)
           ^^^^^^^^^^^^^^^^^^^^^^^
  File "/home/airflow/.local/lib/python3.12/site-packages/sqlalchemy/pool/base.py", line 388, in __init__
    self.__connect()
  File "/home/airflow/.local/lib/python3.12/site-packages/sqlalchemy/pool/base.py", line 690, in __connect
    with util.safe_reraise():
  File "/home/airflow/.local/lib/python3.12/site-packages/sqlalchemy/util/langhelpers.py", line 70, in __exit__
    compat.raise_(
  File "/home/airflow/.local/lib/python3.12/site-packages/sqlalchemy/util/compat.py", line 211, in raise_
    raise exception
  File "/home/airflow/.local/lib/python3.12/site-packages/sqlalchemy/pool/base.py", line 686, in __connect
    self.dbapi_connection = connection = pool._invoke_creator(self)
                                         ^^^^^^^^^^^^^^^^^^^^^^^^^^
  File "/home/airflow/.local/lib/python3.12/site-packages/sqlalchemy/engine/create.py", line 574, in connect
    return dialect.connect(*cargs, **cparams)
           ^^^^^^^^^^^^^^^^^^^^^^^^^^^^^^^^^^
  File "/home/airflow/.local/lib/python3.12/site-packages/sqlalchemy/engine/default.py", line 598, in connect
    return self.dbapi.connect(*cargs, **cparams)
           ^^^^^^^^^^^^^^^^^^^^^^^^^^^^^^^^^^^^^
  File "/home/airflow/.local/lib/python3.12/site-packages/psycopg2/__init__.py", line 122, in connect
    conn = _connect(dsn, connection_factory=connection_factory, **kwasync)
           ^^^^^^^^^^^^^^^^^^^^^^^^^^^^^^^^^^^^^^^^^^^^^^^^^^^^^^^^^^^^^^^
psycopg2.OperationalError: could not translate host name "postgres" to address: Temporary failure in name resolution


The above exception was the direct cause of the following exception:

Traceback (most recent call last):
  File "/home/airflow/.local/lib/python3.12/site-packages/airflow/dag_processing/processor.py", line 182, in _run_file_processor
    _handle_dag_file_processing()
  File "/home/airflow/.local/lib/python3.12/site-packages/airflow/dag_processing/processor.py", line 163, in _handle_dag_file_processing
    result: tuple[int, int] = dag_file_processor.process_file(
                              ^^^^^^^^^^^^^^^^^^^^^^^^^^^^^^^^
  File "/home/airflow/.local/lib/python3.12/site-packages/airflow/utils/session.py", line 79, in wrapper
    return func(*args, session=session, **kwargs)
           ^^^^^^^^^^^^^^^^^^^^^^^^^^^^^^^^^^^^^^
  File "/home/airflow/.local/lib/python3.12/site-packages/airflow/dag_processing/processor.py", line 843, in process_file
    DagFileProcessor.update_import_errors(
  File "/home/airflow/.local/lib/python3.12/site-packages/airflow/api_internal/internal_api_call.py", line 115, in wrapper
    return func(*args, **kwargs)
           ^^^^^^^^^^^^^^^^^^^^^
  File "/home/airflow/.local/lib/python3.12/site-packages/airflow/utils/session.py", line 76, in wrapper
    return func(*args, **kwargs)
           ^^^^^^^^^^^^^^^^^^^^^
  File "/home/airflow/.local/lib/python3.12/site-packages/airflow/dag_processing/processor.py", line 615, in update_import_errors
    session.execute(
  File "/home/airflow/.local/lib/python3.12/site-packages/sqlalchemy/orm/session.py", line 1716, in execute
    conn = self._connection_for_bind(bind)
           ^^^^^^^^^^^^^^^^^^^^^^^^^^^^^^^
  File "/home/airflow/.local/lib/python3.12/site-packages/sqlalchemy/orm/session.py", line 1555, in _connection_for_bind
    return self._transaction._connection_for_bind(
           ^^^^^^^^^^^^^^^^^^^^^^^^^^^^^^^^^^^^^^^
  File "/home/airflow/.local/lib/python3.12/site-packages/sqlalchemy/orm/session.py", line 750, in _connection_for_bind
    conn = bind.connect()
           ^^^^^^^^^^^^^^
  File "/home/airflow/.local/lib/python3.12/site-packages/sqlalchemy/future/engine.py", line 412, in connect
    return super(Engine, self).connect()
           ^^^^^^^^^^^^^^^^^^^^^^^^^^^^^
  File "/home/airflow/.local/lib/python3.12/site-packages/sqlalchemy/engine/base.py", line 3325, in connect
    return self._connection_cls(self, close_with_result=close_with_result)
           ^^^^^^^^^^^^^^^^^^^^^^^^^^^^^^^^^^^^^^^^^^^^^^^^^^^^^^^^^^^^^^^
  File "/home/airflow/.local/lib/python3.12/site-packages/sqlalchemy/engine/base.py", line 96, in __init__
    else engine.raw_connection()
         ^^^^^^^^^^^^^^^^^^^^^^^
  File "/home/airflow/.local/lib/python3.12/site-packages/sqlalchemy/engine/base.py", line 3404, in raw_connection
    return self._wrap_pool_connect(self.pool.connect, _connection)
           ^^^^^^^^^^^^^^^^^^^^^^^^^^^^^^^^^^^^^^^^^^^^^^^^^^^^^^^
  File "/home/airflow/.local/lib/python3.12/site-packages/sqlalchemy/engine/base.py", line 3374, in _wrap_pool_connect
    Connection._handle_dbapi_exception_noconnection(
  File "/home/airflow/.local/lib/python3.12/site-packages/sqlalchemy/engine/base.py", line 2208, in _handle_dbapi_exception_noconnection
    util.raise_(
  File "/home/airflow/.local/lib/python3.12/site-packages/sqlalchemy/util/compat.py", line 211, in raise_
    raise exception
  File "/home/airflow/.local/lib/python3.12/site-packages/sqlalchemy/engine/base.py", line 3371, in _wrap_pool_connect
    return fn()
           ^^^^
  File "/home/airflow/.local/lib/python3.12/site-packages/sqlalchemy/pool/base.py", line 327, in connect
    return _ConnectionFairy._checkout(self)
           ^^^^^^^^^^^^^^^^^^^^^^^^^^^^^^^^
  File "/home/airflow/.local/lib/python3.12/site-packages/sqlalchemy/pool/base.py", line 894, in _checkout
    fairy = _ConnectionRecord.checkout(pool)
            ^^^^^^^^^^^^^^^^^^^^^^^^^^^^^^^^
  File "/home/airflow/.local/lib/python3.12/site-packages/sqlalchemy/pool/base.py", line 493, in checkout
    rec = pool._do_get()
          ^^^^^^^^^^^^^^
  File "/home/airflow/.local/lib/python3.12/site-packages/sqlalchemy/pool/impl.py", line 145, in _do_get
    with util.safe_reraise():
  File "/home/airflow/.local/lib/python3.12/site-packages/sqlalchemy/util/langhelpers.py", line 70, in __exit__
    compat.raise_(
  File "/home/airflow/.local/lib/python3.12/site-packages/sqlalchemy/util/compat.py", line 211, in raise_
    raise exception
  File "/home/airflow/.local/lib/python3.12/site-packages/sqlalchemy/pool/impl.py", line 143, in _do_get
    return self._create_connection()
           ^^^^^^^^^^^^^^^^^^^^^^^^^
  File "/home/airflow/.local/lib/python3.12/site-packages/sqlalchemy/pool/base.py", line 273, in _create_connection
    return _ConnectionRecord(self)
           ^^^^^^^^^^^^^^^^^^^^^^^
  File "/home/airflow/.local/lib/python3.12/site-packages/sqlalchemy/pool/base.py", line 388, in __init__
    self.__connect()
  File "/home/airflow/.local/lib/python3.12/site-packages/sqlalchemy/pool/base.py", line 690, in __connect
    with util.safe_reraise():
  File "/home/airflow/.local/lib/python3.12/site-packages/sqlalchemy/util/langhelpers.py", line 70, in __exit__
    compat.raise_(
  File "/home/airflow/.local/lib/python3.12/site-packages/sqlalchemy/util/compat.py", line 211, in raise_
    raise exception
  File "/home/airflow/.local/lib/python3.12/site-packages/sqlalchemy/pool/base.py", line 686, in __connect
    self.dbapi_connection = connection = pool._invoke_creator(self)
                                         ^^^^^^^^^^^^^^^^^^^^^^^^^^
  File "/home/airflow/.local/lib/python3.12/site-packages/sqlalchemy/engine/create.py", line 574, in connect
    return dialect.connect(*cargs, **cparams)
           ^^^^^^^^^^^^^^^^^^^^^^^^^^^^^^^^^^
  File "/home/airflow/.local/lib/python3.12/site-packages/sqlalchemy/engine/default.py", line 598, in connect
    return self.dbapi.connect(*cargs, **cparams)
           ^^^^^^^^^^^^^^^^^^^^^^^^^^^^^^^^^^^^^
  File "/home/airflow/.local/lib/python3.12/site-packages/psycopg2/__init__.py", line 122, in connect
    conn = _connect(dsn, connection_factory=connection_factory, **kwasync)
           ^^^^^^^^^^^^^^^^^^^^^^^^^^^^^^^^^^^^^^^^^^^^^^^^^^^^^^^^^^^^^^^
sqlalchemy.exc.OperationalError: (psycopg2.OperationalError) could not translate host name "postgres" to address: Temporary failure in name resolution

(Background on this error at: https://sqlalche.me/e/14/e3q8)
[2024-04-21T21:29:29.220+0000] {processor.py:161} INFO - Started process (PID=553) to work on /opt/airflow/dags/custom_operator/collect_data_fruits_operator.py
[2024-04-21T21:29:29.241+0000] {processor.py:830} INFO - Processing file /opt/airflow/dags/custom_operator/collect_data_fruits_operator.py for tasks to queue
[2024-04-21T21:29:29.258+0000] {logging_mixin.py:188} INFO - [2024-04-21T21:29:29.255+0000] {dagbag.py:540} INFO - Filling up the DagBag from /opt/airflow/dags/custom_operator/collect_data_fruits_operator.py
[2024-04-21T21:29:29.474+0000] {processor.py:842} WARNING - No viable dags retrieved from /opt/airflow/dags/custom_operator/collect_data_fruits_operator.py
[2024-04-21T21:29:29.665+0000] {processor.py:183} INFO - Processing /opt/airflow/dags/custom_operator/collect_data_fruits_operator.py took 0.562 seconds
[2024-04-21T21:30:00.130+0000] {processor.py:161} INFO - Started process (PID=563) to work on /opt/airflow/dags/custom_operator/collect_data_fruits_operator.py
[2024-04-21T21:30:00.132+0000] {processor.py:830} INFO - Processing file /opt/airflow/dags/custom_operator/collect_data_fruits_operator.py for tasks to queue
[2024-04-21T21:30:00.133+0000] {logging_mixin.py:188} INFO - [2024-04-21T21:30:00.132+0000] {dagbag.py:540} INFO - Filling up the DagBag from /opt/airflow/dags/custom_operator/collect_data_fruits_operator.py
[2024-04-21T21:30:00.149+0000] {processor.py:842} WARNING - No viable dags retrieved from /opt/airflow/dags/custom_operator/collect_data_fruits_operator.py
[2024-04-21T21:30:00.164+0000] {processor.py:183} INFO - Processing /opt/airflow/dags/custom_operator/collect_data_fruits_operator.py took 0.040 seconds
[2024-04-21T21:30:30.258+0000] {processor.py:161} INFO - Started process (PID=575) to work on /opt/airflow/dags/custom_operator/collect_data_fruits_operator.py
[2024-04-21T21:30:30.260+0000] {processor.py:830} INFO - Processing file /opt/airflow/dags/custom_operator/collect_data_fruits_operator.py for tasks to queue
[2024-04-21T21:30:30.262+0000] {logging_mixin.py:188} INFO - [2024-04-21T21:30:30.261+0000] {dagbag.py:540} INFO - Filling up the DagBag from /opt/airflow/dags/custom_operator/collect_data_fruits_operator.py
[2024-04-21T21:30:30.292+0000] {processor.py:842} WARNING - No viable dags retrieved from /opt/airflow/dags/custom_operator/collect_data_fruits_operator.py
[2024-04-21T21:30:30.317+0000] {processor.py:183} INFO - Processing /opt/airflow/dags/custom_operator/collect_data_fruits_operator.py took 0.073 seconds
[2024-04-21T21:31:00.399+0000] {processor.py:161} INFO - Started process (PID=591) to work on /opt/airflow/dags/custom_operator/collect_data_fruits_operator.py
[2024-04-21T21:31:00.400+0000] {processor.py:830} INFO - Processing file /opt/airflow/dags/custom_operator/collect_data_fruits_operator.py for tasks to queue
[2024-04-21T21:31:00.402+0000] {logging_mixin.py:188} INFO - [2024-04-21T21:31:00.402+0000] {dagbag.py:540} INFO - Filling up the DagBag from /opt/airflow/dags/custom_operator/collect_data_fruits_operator.py
[2024-04-21T21:31:00.415+0000] {processor.py:842} WARNING - No viable dags retrieved from /opt/airflow/dags/custom_operator/collect_data_fruits_operator.py
[2024-04-21T21:31:00.431+0000] {processor.py:183} INFO - Processing /opt/airflow/dags/custom_operator/collect_data_fruits_operator.py took 0.038 seconds
[2024-04-21T21:31:31.856+0000] {processor.py:161} INFO - Started process (PID=596) to work on /opt/airflow/dags/custom_operator/collect_data_fruits_operator.py
[2024-04-21T21:31:31.938+0000] {processor.py:830} INFO - Processing file /opt/airflow/dags/custom_operator/collect_data_fruits_operator.py for tasks to queue
[2024-04-21T21:31:31.968+0000] {logging_mixin.py:188} INFO - [2024-04-21T21:31:31.955+0000] {dagbag.py:540} INFO - Filling up the DagBag from /opt/airflow/dags/custom_operator/collect_data_fruits_operator.py
[2024-04-21T21:31:32.111+0000] {processor.py:842} WARNING - No viable dags retrieved from /opt/airflow/dags/custom_operator/collect_data_fruits_operator.py
[2024-04-21T21:31:32.792+0000] {processor.py:183} INFO - Processing /opt/airflow/dags/custom_operator/collect_data_fruits_operator.py took 1.250 seconds
[2024-04-21T21:32:04.133+0000] {processor.py:161} INFO - Started process (PID=613) to work on /opt/airflow/dags/custom_operator/collect_data_fruits_operator.py
[2024-04-21T21:32:04.188+0000] {processor.py:830} INFO - Processing file /opt/airflow/dags/custom_operator/collect_data_fruits_operator.py for tasks to queue
[2024-04-21T21:32:04.246+0000] {logging_mixin.py:188} INFO - [2024-04-21T21:32:04.220+0000] {dagbag.py:540} INFO - Filling up the DagBag from /opt/airflow/dags/custom_operator/collect_data_fruits_operator.py
[2024-04-21T21:32:05.684+0000] {processor.py:842} WARNING - No viable dags retrieved from /opt/airflow/dags/custom_operator/collect_data_fruits_operator.py
[2024-04-21T21:32:07.415+0000] {processor.py:183} INFO - Processing /opt/airflow/dags/custom_operator/collect_data_fruits_operator.py took 4.083 seconds
[2024-04-21T21:32:37.828+0000] {processor.py:161} INFO - Started process (PID=625) to work on /opt/airflow/dags/custom_operator/collect_data_fruits_operator.py
[2024-04-21T21:32:37.833+0000] {processor.py:830} INFO - Processing file /opt/airflow/dags/custom_operator/collect_data_fruits_operator.py for tasks to queue
[2024-04-21T21:32:37.839+0000] {logging_mixin.py:188} INFO - [2024-04-21T21:32:37.837+0000] {dagbag.py:540} INFO - Filling up the DagBag from /opt/airflow/dags/custom_operator/collect_data_fruits_operator.py
[2024-04-21T21:32:37.874+0000] {processor.py:842} WARNING - No viable dags retrieved from /opt/airflow/dags/custom_operator/collect_data_fruits_operator.py
[2024-04-21T21:32:37.927+0000] {processor.py:183} INFO - Processing /opt/airflow/dags/custom_operator/collect_data_fruits_operator.py took 0.119 seconds
[2024-04-21T21:33:08.155+0000] {processor.py:161} INFO - Started process (PID=637) to work on /opt/airflow/dags/custom_operator/collect_data_fruits_operator.py
[2024-04-21T21:33:08.157+0000] {processor.py:830} INFO - Processing file /opt/airflow/dags/custom_operator/collect_data_fruits_operator.py for tasks to queue
[2024-04-21T21:33:08.159+0000] {logging_mixin.py:188} INFO - [2024-04-21T21:33:08.158+0000] {dagbag.py:540} INFO - Filling up the DagBag from /opt/airflow/dags/custom_operator/collect_data_fruits_operator.py
[2024-04-21T21:33:08.181+0000] {processor.py:842} WARNING - No viable dags retrieved from /opt/airflow/dags/custom_operator/collect_data_fruits_operator.py
[2024-04-21T21:33:08.215+0000] {processor.py:183} INFO - Processing /opt/airflow/dags/custom_operator/collect_data_fruits_operator.py took 0.068 seconds
[2024-04-21T21:33:38.671+0000] {processor.py:161} INFO - Started process (PID=649) to work on /opt/airflow/dags/custom_operator/collect_data_fruits_operator.py
[2024-04-21T21:33:38.679+0000] {processor.py:830} INFO - Processing file /opt/airflow/dags/custom_operator/collect_data_fruits_operator.py for tasks to queue
[2024-04-21T21:33:38.682+0000] {logging_mixin.py:188} INFO - [2024-04-21T21:33:38.681+0000] {dagbag.py:540} INFO - Filling up the DagBag from /opt/airflow/dags/custom_operator/collect_data_fruits_operator.py
[2024-04-21T21:33:38.719+0000] {processor.py:842} WARNING - No viable dags retrieved from /opt/airflow/dags/custom_operator/collect_data_fruits_operator.py
[2024-04-21T21:33:38.824+0000] {processor.py:183} INFO - Processing /opt/airflow/dags/custom_operator/collect_data_fruits_operator.py took 0.173 seconds
[2024-04-21T21:34:09.922+0000] {processor.py:161} INFO - Started process (PID=659) to work on /opt/airflow/dags/custom_operator/collect_data_fruits_operator.py
[2024-04-21T21:34:09.939+0000] {processor.py:830} INFO - Processing file /opt/airflow/dags/custom_operator/collect_data_fruits_operator.py for tasks to queue
[2024-04-21T21:34:09.945+0000] {logging_mixin.py:188} INFO - [2024-04-21T21:34:09.943+0000] {dagbag.py:540} INFO - Filling up the DagBag from /opt/airflow/dags/custom_operator/collect_data_fruits_operator.py
[2024-04-21T21:34:10.781+0000] {processor.py:842} WARNING - No viable dags retrieved from /opt/airflow/dags/custom_operator/collect_data_fruits_operator.py
[2024-04-21T21:34:10.999+0000] {processor.py:183} INFO - Processing /opt/airflow/dags/custom_operator/collect_data_fruits_operator.py took 1.136 seconds
[2024-04-21T21:34:43.270+0000] {processor.py:161} INFO - Started process (PID=670) to work on /opt/airflow/dags/custom_operator/collect_data_fruits_operator.py
[2024-04-21T21:34:43.300+0000] {processor.py:830} INFO - Processing file /opt/airflow/dags/custom_operator/collect_data_fruits_operator.py for tasks to queue
[2024-04-21T21:34:43.306+0000] {logging_mixin.py:188} INFO - [2024-04-21T21:34:43.305+0000] {dagbag.py:540} INFO - Filling up the DagBag from /opt/airflow/dags/custom_operator/collect_data_fruits_operator.py
[2024-04-21T21:34:43.471+0000] {processor.py:842} WARNING - No viable dags retrieved from /opt/airflow/dags/custom_operator/collect_data_fruits_operator.py
[2024-04-21T21:34:43.780+0000] {processor.py:183} INFO - Processing /opt/airflow/dags/custom_operator/collect_data_fruits_operator.py took 1.027 seconds
[2024-04-21T21:35:14.302+0000] {processor.py:161} INFO - Started process (PID=680) to work on /opt/airflow/dags/custom_operator/collect_data_fruits_operator.py
[2024-04-21T21:35:14.304+0000] {processor.py:830} INFO - Processing file /opt/airflow/dags/custom_operator/collect_data_fruits_operator.py for tasks to queue
[2024-04-21T21:35:14.309+0000] {logging_mixin.py:188} INFO - [2024-04-21T21:35:14.308+0000] {dagbag.py:540} INFO - Filling up the DagBag from /opt/airflow/dags/custom_operator/collect_data_fruits_operator.py
[2024-04-21T21:35:14.329+0000] {processor.py:842} WARNING - No viable dags retrieved from /opt/airflow/dags/custom_operator/collect_data_fruits_operator.py
[2024-04-21T21:35:14.361+0000] {processor.py:183} INFO - Processing /opt/airflow/dags/custom_operator/collect_data_fruits_operator.py took 0.071 seconds
[2024-04-21T21:35:45.118+0000] {processor.py:161} INFO - Started process (PID=692) to work on /opt/airflow/dags/custom_operator/collect_data_fruits_operator.py
[2024-04-21T21:35:45.121+0000] {processor.py:830} INFO - Processing file /opt/airflow/dags/custom_operator/collect_data_fruits_operator.py for tasks to queue
[2024-04-21T21:35:45.125+0000] {logging_mixin.py:188} INFO - [2024-04-21T21:35:45.124+0000] {dagbag.py:540} INFO - Filling up the DagBag from /opt/airflow/dags/custom_operator/collect_data_fruits_operator.py
[2024-04-21T21:35:45.159+0000] {processor.py:842} WARNING - No viable dags retrieved from /opt/airflow/dags/custom_operator/collect_data_fruits_operator.py
[2024-04-21T21:35:45.184+0000] {processor.py:183} INFO - Processing /opt/airflow/dags/custom_operator/collect_data_fruits_operator.py took 0.083 seconds
[2024-04-21T21:36:15.807+0000] {processor.py:161} INFO - Started process (PID=705) to work on /opt/airflow/dags/custom_operator/collect_data_fruits_operator.py
[2024-04-21T21:36:15.811+0000] {processor.py:830} INFO - Processing file /opt/airflow/dags/custom_operator/collect_data_fruits_operator.py for tasks to queue
[2024-04-21T21:36:15.814+0000] {logging_mixin.py:188} INFO - [2024-04-21T21:36:15.813+0000] {dagbag.py:540} INFO - Filling up the DagBag from /opt/airflow/dags/custom_operator/collect_data_fruits_operator.py
[2024-04-21T21:36:15.852+0000] {processor.py:842} WARNING - No viable dags retrieved from /opt/airflow/dags/custom_operator/collect_data_fruits_operator.py
[2024-04-21T21:36:15.893+0000] {processor.py:183} INFO - Processing /opt/airflow/dags/custom_operator/collect_data_fruits_operator.py took 0.112 seconds
