[2024-04-16T10:36:49.994+0000] {local_task_job_runner.py:120} INFO - ::group::Pre task execution logs
[2024-04-16T10:36:50.074+0000] {taskinstance.py:2073} INFO - Dependencies all met for dep_context=non-requeueable deps ti=<TaskInstance: priority_one_number_two_dag_v1.sum_list_number scheduled__2024-02-29T00:00:00+00:00 [queued]>
[2024-04-16T10:36:50.099+0000] {taskinstance.py:2073} INFO - Dependencies all met for dep_context=requeueable deps ti=<TaskInstance: priority_one_number_two_dag_v1.sum_list_number scheduled__2024-02-29T00:00:00+00:00 [queued]>
[2024-04-16T10:36:50.100+0000] {taskinstance.py:2303} INFO - Starting attempt 1 of 6
[2024-04-16T10:36:50.127+0000] {taskinstance.py:2327} INFO - Executing <Task(PythonOperator): sum_list_number> on 2024-02-29 00:00:00+00:00
[2024-04-16T10:36:50.144+0000] {warnings.py:110} WARNING - /home/***/.local/lib/python3.12/site-packages/***/task/task_runner/standard_task_runner.py:61: DeprecationWarning: This process (pid=537) is multi-threaded, use of fork() may lead to deadlocks in the child.
  pid = os.fork()

[2024-04-16T10:36:50.149+0000] {standard_task_runner.py:63} INFO - Started process 541 to run task
[2024-04-16T10:36:50.149+0000] {standard_task_runner.py:90} INFO - Running: ['***', 'tasks', 'run', 'priority_one_number_two_dag_v1', 'sum_list_number', 'scheduled__2024-02-29T00:00:00+00:00', '--job-id', '310', '--raw', '--subdir', 'DAGS_FOLDER/priority_one_number_two_dag.py', '--cfg-path', '/tmp/tmpdctbomo_']
[2024-04-16T10:36:50.156+0000] {standard_task_runner.py:91} INFO - Job 310: Subtask sum_list_number
[2024-04-16T10:36:50.578+0000] {task_command.py:426} INFO - Running <TaskInstance: priority_one_number_two_dag_v1.sum_list_number scheduled__2024-02-29T00:00:00+00:00 [running]> on host eaff2d74d54d
[2024-04-16T10:36:51.511+0000] {taskinstance.py:2644} INFO - Exporting env vars: AIRFLOW_CTX_DAG_OWNER='ika' AIRFLOW_CTX_DAG_ID='priority_one_number_two_dag_v1' AIRFLOW_CTX_TASK_ID='sum_list_number' AIRFLOW_CTX_EXECUTION_DATE='2024-02-29T00:00:00+00:00' AIRFLOW_CTX_TRY_NUMBER='1' AIRFLOW_CTX_DAG_RUN_ID='scheduled__2024-02-29T00:00:00+00:00'
[2024-04-16T10:36:51.518+0000] {taskinstance.py:430} INFO - ::endgroup::
[2024-04-16T10:36:52.074+0000] {logging_mixin.py:188} INFO - List number random : [44, 36, 35, 47, 28, 2, 27, 36, 10, 2, 37, 29, 48, 12, 10, 7, 27, 13, 27, 41, 9, 2, 25, 42, 12]
[2024-04-16T10:36:52.136+0000] {python.py:237} INFO - Done. Returned value was: 608
[2024-04-16T10:36:52.139+0000] {taskinstance.py:441} INFO - ::group::Post task execution logs
[2024-04-16T10:36:52.349+0000] {taskinstance.py:1205} INFO - Marking task as SUCCESS. dag_id=priority_one_number_two_dag_v1, task_id=sum_list_number, execution_date=20240229T000000, start_date=20240416T103650, end_date=20240416T103652
[2024-04-16T10:36:52.584+0000] {local_task_job_runner.py:240} INFO - Task exited with return code 0
[2024-04-16T10:36:53.334+0000] {taskinstance.py:3482} INFO - 0 downstream tasks scheduled from follow-on schedule check
[2024-04-16T10:36:53.402+0000] {local_task_job_runner.py:222} INFO - ::endgroup::
