[2024-04-16T10:37:18.979+0000] {local_task_job_runner.py:120} INFO - ::group::Pre task execution logs
[2024-04-16T10:37:19.134+0000] {taskinstance.py:2073} INFO - Dependencies all met for dep_context=non-requeueable deps ti=<TaskInstance: priority_one_number_two_dag_v1.check_sum_number scheduled__2024-03-15T00:00:00+00:00 [queued]>
[2024-04-16T10:37:19.161+0000] {taskinstance.py:2073} INFO - Dependencies all met for dep_context=requeueable deps ti=<TaskInstance: priority_one_number_two_dag_v1.check_sum_number scheduled__2024-03-15T00:00:00+00:00 [queued]>
[2024-04-16T10:37:19.162+0000] {taskinstance.py:2303} INFO - Starting attempt 1 of 6
[2024-04-16T10:37:19.203+0000] {taskinstance.py:2327} INFO - Executing <Task(PythonOperator): check_sum_number> on 2024-03-15 00:00:00+00:00
[2024-04-16T10:37:19.251+0000] {warnings.py:110} WARNING - /home/***/.local/lib/python3.12/site-packages/***/task/task_runner/standard_task_runner.py:61: DeprecationWarning: This process (pid=592) is multi-threaded, use of fork() may lead to deadlocks in the child.
  pid = os.fork()

[2024-04-16T10:37:19.264+0000] {standard_task_runner.py:63} INFO - Started process 594 to run task
[2024-04-16T10:37:19.269+0000] {standard_task_runner.py:90} INFO - Running: ['***', 'tasks', 'run', 'priority_one_number_two_dag_v1', 'check_sum_number', 'scheduled__2024-03-15T00:00:00+00:00', '--job-id', '333', '--raw', '--subdir', 'DAGS_FOLDER/priority_one_number_two_dag.py', '--cfg-path', '/tmp/tmpoygv7h_d']
[2024-04-16T10:37:19.285+0000] {standard_task_runner.py:91} INFO - Job 333: Subtask check_sum_number
[2024-04-16T10:37:19.497+0000] {task_command.py:426} INFO - Running <TaskInstance: priority_one_number_two_dag_v1.check_sum_number scheduled__2024-03-15T00:00:00+00:00 [running]> on host eaff2d74d54d
[2024-04-16T10:37:19.829+0000] {taskinstance.py:2644} INFO - Exporting env vars: AIRFLOW_CTX_DAG_OWNER='ika' AIRFLOW_CTX_DAG_ID='priority_one_number_two_dag_v1' AIRFLOW_CTX_TASK_ID='check_sum_number' AIRFLOW_CTX_EXECUTION_DATE='2024-03-15T00:00:00+00:00' AIRFLOW_CTX_TRY_NUMBER='1' AIRFLOW_CTX_DAG_RUN_ID='scheduled__2024-03-15T00:00:00+00:00'
[2024-04-16T10:37:19.832+0000] {taskinstance.py:430} INFO - ::endgroup::
[2024-04-16T10:37:19.925+0000] {logging_mixin.py:188} INFO - Total dari list number random : 678
[2024-04-16T10:37:19.926+0000] {logging_mixin.py:188} INFO - Even Sum
[2024-04-16T10:37:19.927+0000] {python.py:237} INFO - Done. Returned value was: None
[2024-04-16T10:37:19.928+0000] {taskinstance.py:441} INFO - ::group::Post task execution logs
[2024-04-16T10:37:19.947+0000] {taskinstance.py:1205} INFO - Marking task as SUCCESS. dag_id=priority_one_number_two_dag_v1, task_id=check_sum_number, execution_date=20240315T000000, start_date=20240416T103719, end_date=20240416T103719
[2024-04-16T10:37:20.005+0000] {local_task_job_runner.py:240} INFO - Task exited with return code 0
[2024-04-16T10:37:20.048+0000] {taskinstance.py:3482} INFO - 0 downstream tasks scheduled from follow-on schedule check
[2024-04-16T10:37:20.051+0000] {local_task_job_runner.py:222} INFO - ::endgroup::
