[2024-04-16T10:22:26.945+0000] {local_task_job_runner.py:120} INFO - ::group::Pre task execution logs
[2024-04-16T10:22:28.687+0000] {taskinstance.py:2073} INFO - Dependencies all met for dep_context=non-requeueable deps ti=<TaskInstance: priority_one_number_one_dag_v1.task_1 scheduled__2024-04-15T00:00:00+00:00 [queued]>
[2024-04-16T10:22:29.376+0000] {taskinstance.py:2073} INFO - Dependencies all met for dep_context=requeueable deps ti=<TaskInstance: priority_one_number_one_dag_v1.task_1 scheduled__2024-04-15T00:00:00+00:00 [queued]>
[2024-04-16T10:22:29.383+0000] {taskinstance.py:2303} INFO - Starting attempt 1 of 6
[2024-04-16T10:22:29.794+0000] {taskinstance.py:2327} INFO - Executing <Task(BashOperator): task_1> on 2024-04-15 00:00:00+00:00
[2024-04-16T10:22:30.280+0000] {warnings.py:110} WARNING - /home/***/.local/lib/python3.12/site-packages/***/task/task_runner/standard_task_runner.py:61: DeprecationWarning: This process (pid=101) is multi-threaded, use of fork() may lead to deadlocks in the child.
  pid = os.fork()

[2024-04-16T10:22:30.241+0000] {standard_task_runner.py:90} INFO - Running: ['***', 'tasks', 'run', 'priority_one_number_one_dag_v1', 'task_1', 'scheduled__2024-04-15T00:00:00+00:00', '--job-id', '218', '--raw', '--subdir', 'DAGS_FOLDER/priority_one_number_one_dag.py', '--cfg-path', '/tmp/tmpaq923no3']
[2024-04-16T10:22:30.347+0000] {standard_task_runner.py:91} INFO - Job 218: Subtask task_1
[2024-04-16T10:22:30.343+0000] {standard_task_runner.py:63} INFO - Started process 129 to run task
[2024-04-16T10:22:32.479+0000] {task_command.py:426} INFO - Running <TaskInstance: priority_one_number_one_dag_v1.task_1 scheduled__2024-04-15T00:00:00+00:00 [running]> on host eaff2d74d54d
[2024-04-16T10:22:33.719+0000] {taskinstance.py:2644} INFO - Exporting env vars: AIRFLOW_CTX_DAG_OWNER='ika' AIRFLOW_CTX_DAG_ID='priority_one_number_one_dag_v1' AIRFLOW_CTX_TASK_ID='task_1' AIRFLOW_CTX_EXECUTION_DATE='2024-04-15T00:00:00+00:00' AIRFLOW_CTX_TRY_NUMBER='1' AIRFLOW_CTX_DAG_RUN_ID='scheduled__2024-04-15T00:00:00+00:00'
[2024-04-16T10:22:33.725+0000] {taskinstance.py:430} INFO - ::endgroup::
[2024-04-16T10:22:34.332+0000] {subprocess.py:63} INFO - Tmp dir root location: /tmp
[2024-04-16T10:22:34.404+0000] {subprocess.py:75} INFO - Running command: ['/usr/bin/bash', '-c', "echo 'hello ***'"]
[2024-04-16T10:22:34.875+0000] {subprocess.py:86} INFO - Output:
[2024-04-16T10:22:34.967+0000] {subprocess.py:93} INFO - hello ***
[2024-04-16T10:22:34.987+0000] {subprocess.py:97} INFO - Command exited with return code 0
[2024-04-16T10:22:35.108+0000] {taskinstance.py:441} INFO - ::group::Post task execution logs
[2024-04-16T10:22:35.571+0000] {taskinstance.py:1205} INFO - Marking task as SUCCESS. dag_id=priority_one_number_one_dag_v1, task_id=task_1, execution_date=20240415T000000, start_date=20240416T102228, end_date=20240416T102235
[2024-04-16T10:22:36.563+0000] {local_task_job_runner.py:240} INFO - Task exited with return code 0
[2024-04-16T10:22:37.613+0000] {taskinstance.py:3482} INFO - 0 downstream tasks scheduled from follow-on schedule check
[2024-04-16T10:22:37.622+0000] {local_task_job_runner.py:222} INFO - ::endgroup::
