[2024-04-16T10:27:54.946+0000] {local_task_job_runner.py:120} INFO - ::group::Pre task execution logs
[2024-04-16T10:27:55.104+0000] {taskinstance.py:2073} INFO - Dependencies all met for dep_context=non-requeueable deps ti=<TaskInstance: priority_one_number_one_dag_v1.task_2 scheduled__2024-04-12T00:00:00+00:00 [queued]>
[2024-04-16T10:27:55.228+0000] {taskinstance.py:2073} INFO - Dependencies all met for dep_context=requeueable deps ti=<TaskInstance: priority_one_number_one_dag_v1.task_2 scheduled__2024-04-12T00:00:00+00:00 [queued]>
[2024-04-16T10:27:55.242+0000] {taskinstance.py:2303} INFO - Starting attempt 3 of 6
[2024-04-16T10:27:55.358+0000] {taskinstance.py:2327} INFO - Executing <Task(BashOperator): task_2> on 2024-04-12 00:00:00+00:00
[2024-04-16T10:27:55.461+0000] {warnings.py:110} WARNING - /home/***/.local/lib/python3.12/site-packages/***/task/task_runner/standard_task_runner.py:61: DeprecationWarning: This process (pid=296) is multi-threaded, use of fork() may lead to deadlocks in the child.
  pid = os.fork()

[2024-04-16T10:27:55.480+0000] {standard_task_runner.py:63} INFO - Started process 303 to run task
[2024-04-16T10:27:55.580+0000] {standard_task_runner.py:90} INFO - Running: ['***', 'tasks', 'run', 'priority_one_number_one_dag_v1', 'task_2', 'scheduled__2024-04-12T00:00:00+00:00', '--job-id', '253', '--raw', '--subdir', 'DAGS_FOLDER/priority_one_number_one_dag.py', '--cfg-path', '/tmp/tmpy91qzs5_']
[2024-04-16T10:27:55.704+0000] {standard_task_runner.py:91} INFO - Job 253: Subtask task_2
[2024-04-16T10:27:56.107+0000] {task_command.py:426} INFO - Running <TaskInstance: priority_one_number_one_dag_v1.task_2 scheduled__2024-04-12T00:00:00+00:00 [running]> on host eaff2d74d54d
[2024-04-16T10:27:57.516+0000] {taskinstance.py:2644} INFO - Exporting env vars: AIRFLOW_CTX_DAG_OWNER='ika' AIRFLOW_CTX_DAG_ID='priority_one_number_one_dag_v1' AIRFLOW_CTX_TASK_ID='task_2' AIRFLOW_CTX_EXECUTION_DATE='2024-04-12T00:00:00+00:00' AIRFLOW_CTX_TRY_NUMBER='3' AIRFLOW_CTX_DAG_RUN_ID='scheduled__2024-04-12T00:00:00+00:00'
[2024-04-16T10:27:57.538+0000] {taskinstance.py:430} INFO - ::endgroup::
[2024-04-16T10:27:57.773+0000] {subprocess.py:63} INFO - Tmp dir root location: /tmp
[2024-04-16T10:27:57.794+0000] {subprocess.py:75} INFO - Running command: ['/usr/bin/bash', '-c', 'mkdir -p about_us']
[2024-04-16T10:27:57.982+0000] {subprocess.py:86} INFO - Output:
[2024-04-16T10:27:58.125+0000] {subprocess.py:97} INFO - Command exited with return code 0
[2024-04-16T10:27:58.144+0000] {taskinstance.py:441} INFO - ::group::Post task execution logs
[2024-04-16T10:27:58.417+0000] {taskinstance.py:1205} INFO - Marking task as SUCCESS. dag_id=priority_one_number_one_dag_v1, task_id=task_2, execution_date=20240412T000000, start_date=20240416T102755, end_date=20240416T102758
[2024-04-16T10:27:58.673+0000] {local_task_job_runner.py:240} INFO - Task exited with return code 0
[2024-04-16T10:27:59.038+0000] {taskinstance.py:3482} INFO - 1 downstream tasks scheduled from follow-on schedule check
[2024-04-16T10:27:59.047+0000] {local_task_job_runner.py:222} INFO - ::endgroup::
