[2024-04-19T07:18:59.023+0000] {processor.py:161} INFO - Started process (PID=41) to work on /opt/airflow/dags/priority_one_number_two_dag.py
[2024-04-19T07:18:59.076+0000] {processor.py:830} INFO - Processing file /opt/airflow/dags/priority_one_number_two_dag.py for tasks to queue
[2024-04-19T07:18:59.146+0000] {logging_mixin.py:188} INFO - [2024-04-19T07:18:59.134+0000] {dagbag.py:540} INFO - Filling up the DagBag from /opt/airflow/dags/priority_one_number_two_dag.py
[2024-04-19T07:18:59.492+0000] {processor.py:840} INFO - DAG(s) 'priority_one_number_two_dag_v1' retrieved from /opt/airflow/dags/priority_one_number_two_dag.py
[2024-04-19T07:18:59.785+0000] {logging_mixin.py:188} INFO - [2024-04-19T07:18:59.784+0000] {dag.py:3096} INFO - Sync 1 DAGs
[2024-04-19T07:18:59.999+0000] {processor.py:183} INFO - Processing /opt/airflow/dags/priority_one_number_two_dag.py took 1.641 seconds
[2024-04-19T07:19:34.069+0000] {processor.py:161} INFO - Started process (PID=52) to work on /opt/airflow/dags/priority_one_number_two_dag.py
[2024-04-19T07:19:34.077+0000] {processor.py:830} INFO - Processing file /opt/airflow/dags/priority_one_number_two_dag.py for tasks to queue
[2024-04-19T07:19:34.098+0000] {logging_mixin.py:188} INFO - [2024-04-19T07:19:34.097+0000] {dagbag.py:540} INFO - Filling up the DagBag from /opt/airflow/dags/priority_one_number_two_dag.py
[2024-04-19T07:19:34.788+0000] {processor.py:840} INFO - DAG(s) 'priority_one_number_two_dag_v1' retrieved from /opt/airflow/dags/priority_one_number_two_dag.py
[2024-04-19T07:19:34.960+0000] {logging_mixin.py:188} INFO - [2024-04-19T07:19:34.960+0000] {dag.py:3096} INFO - Sync 1 DAGs
[2024-04-19T07:19:35.044+0000] {processor.py:183} INFO - Processing /opt/airflow/dags/priority_one_number_two_dag.py took 1.166 seconds
[2024-04-19T07:21:55.473+0000] {processor.py:161} INFO - Started process (PID=35) to work on /opt/airflow/dags/priority_one_number_two_dag.py
[2024-04-19T07:21:55.476+0000] {processor.py:830} INFO - Processing file /opt/airflow/dags/priority_one_number_two_dag.py for tasks to queue
[2024-04-19T07:21:55.480+0000] {logging_mixin.py:188} INFO - [2024-04-19T07:21:55.480+0000] {dagbag.py:540} INFO - Filling up the DagBag from /opt/airflow/dags/priority_one_number_two_dag.py
[2024-04-19T07:21:55.536+0000] {processor.py:840} INFO - DAG(s) 'priority_one_number_two_dag_v1' retrieved from /opt/airflow/dags/priority_one_number_two_dag.py
[2024-04-19T07:21:55.825+0000] {logging_mixin.py:188} INFO - [2024-04-19T07:21:55.825+0000] {dag.py:3096} INFO - Sync 1 DAGs
[2024-04-19T07:21:55.934+0000] {processor.py:183} INFO - Processing /opt/airflow/dags/priority_one_number_two_dag.py took 0.473 seconds
[2024-04-19T07:22:26.558+0000] {processor.py:161} INFO - Started process (PID=44) to work on /opt/airflow/dags/priority_one_number_two_dag.py
[2024-04-19T07:22:26.560+0000] {processor.py:830} INFO - Processing file /opt/airflow/dags/priority_one_number_two_dag.py for tasks to queue
[2024-04-19T07:22:26.562+0000] {logging_mixin.py:188} INFO - [2024-04-19T07:22:26.562+0000] {dagbag.py:540} INFO - Filling up the DagBag from /opt/airflow/dags/priority_one_number_two_dag.py
[2024-04-19T07:22:26.582+0000] {processor.py:840} INFO - DAG(s) 'priority_one_number_two_dag_v1' retrieved from /opt/airflow/dags/priority_one_number_two_dag.py
[2024-04-19T07:22:26.611+0000] {logging_mixin.py:188} INFO - [2024-04-19T07:22:26.610+0000] {dag.py:3096} INFO - Sync 1 DAGs
[2024-04-19T07:22:26.656+0000] {processor.py:183} INFO - Processing /opt/airflow/dags/priority_one_number_two_dag.py took 0.103 seconds
[2024-04-19T07:22:57.433+0000] {processor.py:161} INFO - Started process (PID=61) to work on /opt/airflow/dags/priority_one_number_two_dag.py
[2024-04-19T07:22:57.436+0000] {processor.py:830} INFO - Processing file /opt/airflow/dags/priority_one_number_two_dag.py for tasks to queue
[2024-04-19T07:22:57.440+0000] {logging_mixin.py:188} INFO - [2024-04-19T07:22:57.439+0000] {dagbag.py:540} INFO - Filling up the DagBag from /opt/airflow/dags/priority_one_number_two_dag.py
[2024-04-19T07:22:57.496+0000] {processor.py:840} INFO - DAG(s) 'priority_one_number_two_dag_v1' retrieved from /opt/airflow/dags/priority_one_number_two_dag.py
[2024-04-19T07:22:57.598+0000] {logging_mixin.py:188} INFO - [2024-04-19T07:22:57.597+0000] {dag.py:3096} INFO - Sync 1 DAGs
[2024-04-19T07:22:57.718+0000] {processor.py:183} INFO - Processing /opt/airflow/dags/priority_one_number_two_dag.py took 0.298 seconds
[2024-04-19T07:23:27.975+0000] {processor.py:161} INFO - Started process (PID=79) to work on /opt/airflow/dags/priority_one_number_two_dag.py
[2024-04-19T07:23:27.986+0000] {processor.py:830} INFO - Processing file /opt/airflow/dags/priority_one_number_two_dag.py for tasks to queue
[2024-04-19T07:23:27.997+0000] {logging_mixin.py:188} INFO - [2024-04-19T07:23:27.996+0000] {dagbag.py:540} INFO - Filling up the DagBag from /opt/airflow/dags/priority_one_number_two_dag.py
[2024-04-19T07:23:28.127+0000] {processor.py:840} INFO - DAG(s) 'priority_one_number_two_dag_v1' retrieved from /opt/airflow/dags/priority_one_number_two_dag.py
[2024-04-19T07:23:28.189+0000] {logging_mixin.py:188} INFO - [2024-04-19T07:23:28.189+0000] {dag.py:3096} INFO - Sync 1 DAGs
[2024-04-19T07:23:28.260+0000] {processor.py:183} INFO - Processing /opt/airflow/dags/priority_one_number_two_dag.py took 0.302 seconds
[2024-04-19T07:23:59.341+0000] {processor.py:161} INFO - Started process (PID=91) to work on /opt/airflow/dags/priority_one_number_two_dag.py
[2024-04-19T07:23:59.402+0000] {processor.py:830} INFO - Processing file /opt/airflow/dags/priority_one_number_two_dag.py for tasks to queue
[2024-04-19T07:23:59.405+0000] {logging_mixin.py:188} INFO - [2024-04-19T07:23:59.405+0000] {dagbag.py:540} INFO - Filling up the DagBag from /opt/airflow/dags/priority_one_number_two_dag.py
[2024-04-19T07:23:59.578+0000] {processor.py:840} INFO - DAG(s) 'priority_one_number_two_dag_v1' retrieved from /opt/airflow/dags/priority_one_number_two_dag.py
[2024-04-19T07:23:59.716+0000] {logging_mixin.py:188} INFO - [2024-04-19T07:23:59.713+0000] {dag.py:3096} INFO - Sync 1 DAGs
[2024-04-19T07:24:00.452+0000] {processor.py:183} INFO - Processing /opt/airflow/dags/priority_one_number_two_dag.py took 1.124 seconds
[2024-04-19T07:24:30.867+0000] {processor.py:161} INFO - Started process (PID=103) to work on /opt/airflow/dags/priority_one_number_two_dag.py
[2024-04-19T07:24:30.869+0000] {processor.py:830} INFO - Processing file /opt/airflow/dags/priority_one_number_two_dag.py for tasks to queue
[2024-04-19T07:24:30.871+0000] {logging_mixin.py:188} INFO - [2024-04-19T07:24:30.871+0000] {dagbag.py:540} INFO - Filling up the DagBag from /opt/airflow/dags/priority_one_number_two_dag.py
[2024-04-19T07:24:30.895+0000] {processor.py:840} INFO - DAG(s) 'priority_one_number_two_dag_v1' retrieved from /opt/airflow/dags/priority_one_number_two_dag.py
[2024-04-19T07:24:30.923+0000] {logging_mixin.py:188} INFO - [2024-04-19T07:24:30.923+0000] {dag.py:3096} INFO - Sync 1 DAGs
[2024-04-19T07:24:30.965+0000] {processor.py:183} INFO - Processing /opt/airflow/dags/priority_one_number_two_dag.py took 0.104 seconds
[2024-04-19T07:25:01.550+0000] {processor.py:161} INFO - Started process (PID=115) to work on /opt/airflow/dags/priority_one_number_two_dag.py
[2024-04-19T07:25:01.552+0000] {processor.py:830} INFO - Processing file /opt/airflow/dags/priority_one_number_two_dag.py for tasks to queue
[2024-04-19T07:25:01.555+0000] {logging_mixin.py:188} INFO - [2024-04-19T07:25:01.554+0000] {dagbag.py:540} INFO - Filling up the DagBag from /opt/airflow/dags/priority_one_number_two_dag.py
[2024-04-19T07:25:01.589+0000] {processor.py:840} INFO - DAG(s) 'priority_one_number_two_dag_v1' retrieved from /opt/airflow/dags/priority_one_number_two_dag.py
[2024-04-19T07:25:01.628+0000] {logging_mixin.py:188} INFO - [2024-04-19T07:25:01.628+0000] {dag.py:3096} INFO - Sync 1 DAGs
[2024-04-19T07:25:01.673+0000] {processor.py:183} INFO - Processing /opt/airflow/dags/priority_one_number_two_dag.py took 0.135 seconds
[2024-04-19T07:25:38.178+0000] {processor.py:161} INFO - Started process (PID=133) to work on /opt/airflow/dags/priority_one_number_two_dag.py
[2024-04-19T07:25:38.180+0000] {processor.py:830} INFO - Processing file /opt/airflow/dags/priority_one_number_two_dag.py for tasks to queue
[2024-04-19T07:25:38.182+0000] {logging_mixin.py:188} INFO - [2024-04-19T07:25:38.182+0000] {dagbag.py:540} INFO - Filling up the DagBag from /opt/airflow/dags/priority_one_number_two_dag.py
[2024-04-19T07:25:38.204+0000] {processor.py:840} INFO - DAG(s) 'priority_one_number_two_dag_v1' retrieved from /opt/airflow/dags/priority_one_number_two_dag.py
[2024-04-19T07:25:38.498+0000] {logging_mixin.py:188} INFO - [2024-04-19T07:25:38.497+0000] {dag.py:3096} INFO - Sync 1 DAGs
[2024-04-19T07:25:40.463+0000] {processor.py:183} INFO - Processing /opt/airflow/dags/priority_one_number_two_dag.py took 2.293 seconds
[2024-04-19T07:26:11.345+0000] {processor.py:161} INFO - Started process (PID=147) to work on /opt/airflow/dags/priority_one_number_two_dag.py
[2024-04-19T07:26:11.346+0000] {processor.py:830} INFO - Processing file /opt/airflow/dags/priority_one_number_two_dag.py for tasks to queue
[2024-04-19T07:26:11.349+0000] {logging_mixin.py:188} INFO - [2024-04-19T07:26:11.349+0000] {dagbag.py:540} INFO - Filling up the DagBag from /opt/airflow/dags/priority_one_number_two_dag.py
[2024-04-19T07:26:11.376+0000] {processor.py:840} INFO - DAG(s) 'priority_one_number_two_dag_v1' retrieved from /opt/airflow/dags/priority_one_number_two_dag.py
[2024-04-19T07:26:11.409+0000] {logging_mixin.py:188} INFO - [2024-04-19T07:26:11.408+0000] {dag.py:3096} INFO - Sync 1 DAGs
[2024-04-19T07:26:11.480+0000] {processor.py:183} INFO - Processing /opt/airflow/dags/priority_one_number_two_dag.py took 0.143 seconds
[2024-04-19T07:26:41.652+0000] {processor.py:161} INFO - Started process (PID=159) to work on /opt/airflow/dags/priority_one_number_two_dag.py
[2024-04-19T07:26:41.654+0000] {processor.py:830} INFO - Processing file /opt/airflow/dags/priority_one_number_two_dag.py for tasks to queue
[2024-04-19T07:26:41.657+0000] {logging_mixin.py:188} INFO - [2024-04-19T07:26:41.657+0000] {dagbag.py:540} INFO - Filling up the DagBag from /opt/airflow/dags/priority_one_number_two_dag.py
[2024-04-19T07:26:41.688+0000] {processor.py:840} INFO - DAG(s) 'priority_one_number_two_dag_v1' retrieved from /opt/airflow/dags/priority_one_number_two_dag.py
[2024-04-19T07:26:41.747+0000] {logging_mixin.py:188} INFO - [2024-04-19T07:26:41.746+0000] {dag.py:3096} INFO - Sync 1 DAGs
[2024-04-19T07:26:41.840+0000] {processor.py:183} INFO - Processing /opt/airflow/dags/priority_one_number_two_dag.py took 0.193 seconds
[2024-04-19T07:27:12.303+0000] {processor.py:161} INFO - Started process (PID=171) to work on /opt/airflow/dags/priority_one_number_two_dag.py
[2024-04-19T07:27:12.416+0000] {processor.py:830} INFO - Processing file /opt/airflow/dags/priority_one_number_two_dag.py for tasks to queue
[2024-04-19T07:27:12.478+0000] {logging_mixin.py:188} INFO - [2024-04-19T07:27:12.475+0000] {dagbag.py:540} INFO - Filling up the DagBag from /opt/airflow/dags/priority_one_number_two_dag.py
[2024-04-19T07:27:12.850+0000] {processor.py:840} INFO - DAG(s) 'priority_one_number_two_dag_v1' retrieved from /opt/airflow/dags/priority_one_number_two_dag.py
[2024-04-19T07:27:13.303+0000] {logging_mixin.py:188} INFO - [2024-04-19T07:27:13.301+0000] {dag.py:3096} INFO - Sync 1 DAGs
[2024-04-19T07:27:13.773+0000] {processor.py:183} INFO - Processing /opt/airflow/dags/priority_one_number_two_dag.py took 1.546 seconds
[2024-04-19T07:27:43.961+0000] {processor.py:161} INFO - Started process (PID=181) to work on /opt/airflow/dags/priority_one_number_two_dag.py
[2024-04-19T07:27:43.962+0000] {processor.py:830} INFO - Processing file /opt/airflow/dags/priority_one_number_two_dag.py for tasks to queue
[2024-04-19T07:27:43.965+0000] {logging_mixin.py:188} INFO - [2024-04-19T07:27:43.964+0000] {dagbag.py:540} INFO - Filling up the DagBag from /opt/airflow/dags/priority_one_number_two_dag.py
[2024-04-19T07:27:43.983+0000] {processor.py:840} INFO - DAG(s) 'priority_one_number_two_dag_v1' retrieved from /opt/airflow/dags/priority_one_number_two_dag.py
[2024-04-19T07:27:44.013+0000] {logging_mixin.py:188} INFO - [2024-04-19T07:27:44.013+0000] {dag.py:3096} INFO - Sync 1 DAGs
[2024-04-19T07:27:44.056+0000] {processor.py:183} INFO - Processing /opt/airflow/dags/priority_one_number_two_dag.py took 0.101 seconds
[2024-04-19T07:28:14.964+0000] {processor.py:161} INFO - Started process (PID=193) to work on /opt/airflow/dags/priority_one_number_two_dag.py
[2024-04-19T07:28:14.977+0000] {processor.py:830} INFO - Processing file /opt/airflow/dags/priority_one_number_two_dag.py for tasks to queue
[2024-04-19T07:28:14.986+0000] {logging_mixin.py:188} INFO - [2024-04-19T07:28:14.981+0000] {dagbag.py:540} INFO - Filling up the DagBag from /opt/airflow/dags/priority_one_number_two_dag.py
[2024-04-19T07:28:15.070+0000] {processor.py:840} INFO - DAG(s) 'priority_one_number_two_dag_v1' retrieved from /opt/airflow/dags/priority_one_number_two_dag.py
[2024-04-19T07:28:15.179+0000] {logging_mixin.py:188} INFO - [2024-04-19T07:28:15.178+0000] {dag.py:3096} INFO - Sync 1 DAGs
[2024-04-19T07:28:15.359+0000] {processor.py:183} INFO - Processing /opt/airflow/dags/priority_one_number_two_dag.py took 0.429 seconds
[2024-04-19T07:28:45.816+0000] {processor.py:161} INFO - Started process (PID=205) to work on /opt/airflow/dags/priority_one_number_two_dag.py
[2024-04-19T07:28:45.817+0000] {processor.py:830} INFO - Processing file /opt/airflow/dags/priority_one_number_two_dag.py for tasks to queue
[2024-04-19T07:28:45.820+0000] {logging_mixin.py:188} INFO - [2024-04-19T07:28:45.820+0000] {dagbag.py:540} INFO - Filling up the DagBag from /opt/airflow/dags/priority_one_number_two_dag.py
[2024-04-19T07:28:45.844+0000] {processor.py:840} INFO - DAG(s) 'priority_one_number_two_dag_v1' retrieved from /opt/airflow/dags/priority_one_number_two_dag.py
[2024-04-19T07:28:45.872+0000] {logging_mixin.py:188} INFO - [2024-04-19T07:28:45.872+0000] {dag.py:3096} INFO - Sync 1 DAGs
[2024-04-19T07:28:45.917+0000] {processor.py:183} INFO - Processing /opt/airflow/dags/priority_one_number_two_dag.py took 0.122 seconds
[2024-04-19T07:29:16.015+0000] {processor.py:161} INFO - Started process (PID=219) to work on /opt/airflow/dags/priority_one_number_two_dag.py
[2024-04-19T07:29:16.017+0000] {processor.py:830} INFO - Processing file /opt/airflow/dags/priority_one_number_two_dag.py for tasks to queue
[2024-04-19T07:29:16.018+0000] {logging_mixin.py:188} INFO - [2024-04-19T07:29:16.018+0000] {dagbag.py:540} INFO - Filling up the DagBag from /opt/airflow/dags/priority_one_number_two_dag.py
[2024-04-19T07:29:16.038+0000] {processor.py:840} INFO - DAG(s) 'priority_one_number_two_dag_v1' retrieved from /opt/airflow/dags/priority_one_number_two_dag.py
[2024-04-19T07:29:16.065+0000] {logging_mixin.py:188} INFO - [2024-04-19T07:29:16.064+0000] {dag.py:3096} INFO - Sync 1 DAGs
[2024-04-19T07:29:16.105+0000] {processor.py:183} INFO - Processing /opt/airflow/dags/priority_one_number_two_dag.py took 0.096 seconds
[2024-04-19T07:29:46.324+0000] {processor.py:161} INFO - Started process (PID=233) to work on /opt/airflow/dags/priority_one_number_two_dag.py
[2024-04-19T07:29:46.325+0000] {processor.py:830} INFO - Processing file /opt/airflow/dags/priority_one_number_two_dag.py for tasks to queue
[2024-04-19T07:29:46.327+0000] {logging_mixin.py:188} INFO - [2024-04-19T07:29:46.327+0000] {dagbag.py:540} INFO - Filling up the DagBag from /opt/airflow/dags/priority_one_number_two_dag.py
[2024-04-19T07:29:46.346+0000] {processor.py:840} INFO - DAG(s) 'priority_one_number_two_dag_v1' retrieved from /opt/airflow/dags/priority_one_number_two_dag.py
[2024-04-19T07:29:46.377+0000] {logging_mixin.py:188} INFO - [2024-04-19T07:29:46.377+0000] {dag.py:3096} INFO - Sync 1 DAGs
[2024-04-19T07:29:46.427+0000] {processor.py:183} INFO - Processing /opt/airflow/dags/priority_one_number_two_dag.py took 0.108 seconds
[2024-04-19T07:38:30.028+0000] {processor.py:161} INFO - Started process (PID=35) to work on /opt/airflow/dags/priority_one_number_two_dag.py
[2024-04-19T07:38:30.030+0000] {processor.py:830} INFO - Processing file /opt/airflow/dags/priority_one_number_two_dag.py for tasks to queue
[2024-04-19T07:38:30.033+0000] {logging_mixin.py:188} INFO - [2024-04-19T07:38:30.032+0000] {dagbag.py:540} INFO - Filling up the DagBag from /opt/airflow/dags/priority_one_number_two_dag.py
[2024-04-19T07:38:30.063+0000] {processor.py:840} INFO - DAG(s) 'priority_one_number_two_dag_v1' retrieved from /opt/airflow/dags/priority_one_number_two_dag.py
[2024-04-19T07:38:30.233+0000] {logging_mixin.py:188} INFO - [2024-04-19T07:38:30.233+0000] {dag.py:3096} INFO - Sync 1 DAGs
[2024-04-19T07:38:30.416+0000] {processor.py:183} INFO - Processing /opt/airflow/dags/priority_one_number_two_dag.py took 0.393 seconds
[2024-04-19T07:41:19.339+0000] {processor.py:161} INFO - Started process (PID=35) to work on /opt/airflow/dags/priority_one_number_two_dag.py
[2024-04-19T07:41:19.342+0000] {processor.py:830} INFO - Processing file /opt/airflow/dags/priority_one_number_two_dag.py for tasks to queue
[2024-04-19T07:41:19.348+0000] {logging_mixin.py:188} INFO - [2024-04-19T07:41:19.347+0000] {dagbag.py:540} INFO - Filling up the DagBag from /opt/airflow/dags/priority_one_number_two_dag.py
[2024-04-19T07:41:19.487+0000] {processor.py:840} INFO - DAG(s) 'priority_one_number_two_dag_v1' retrieved from /opt/airflow/dags/priority_one_number_two_dag.py
[2024-04-19T07:41:20.364+0000] {logging_mixin.py:188} INFO - [2024-04-19T07:41:20.363+0000] {dag.py:3096} INFO - Sync 1 DAGs
[2024-04-19T07:41:20.706+0000] {processor.py:183} INFO - Processing /opt/airflow/dags/priority_one_number_two_dag.py took 1.384 seconds
[2024-04-19T07:41:52.397+0000] {processor.py:161} INFO - Started process (PID=51) to work on /opt/airflow/dags/priority_one_number_two_dag.py
[2024-04-19T07:41:52.407+0000] {processor.py:830} INFO - Processing file /opt/airflow/dags/priority_one_number_two_dag.py for tasks to queue
[2024-04-19T07:41:52.411+0000] {logging_mixin.py:188} INFO - [2024-04-19T07:41:52.410+0000] {dagbag.py:540} INFO - Filling up the DagBag from /opt/airflow/dags/priority_one_number_two_dag.py
[2024-04-19T07:41:52.479+0000] {processor.py:840} INFO - DAG(s) 'priority_one_number_two_dag_v1' retrieved from /opt/airflow/dags/priority_one_number_two_dag.py
[2024-04-19T07:41:52.568+0000] {logging_mixin.py:188} INFO - [2024-04-19T07:41:52.568+0000] {dag.py:3096} INFO - Sync 1 DAGs
[2024-04-19T07:41:52.735+0000] {processor.py:183} INFO - Processing /opt/airflow/dags/priority_one_number_two_dag.py took 0.354 seconds
[2024-04-19T07:42:26.796+0000] {processor.py:161} INFO - Started process (PID=64) to work on /opt/airflow/dags/priority_one_number_two_dag.py
[2024-04-19T07:42:26.797+0000] {processor.py:830} INFO - Processing file /opt/airflow/dags/priority_one_number_two_dag.py for tasks to queue
[2024-04-19T07:42:26.800+0000] {logging_mixin.py:188} INFO - [2024-04-19T07:42:26.799+0000] {dagbag.py:540} INFO - Filling up the DagBag from /opt/airflow/dags/priority_one_number_two_dag.py
[2024-04-19T07:42:26.818+0000] {processor.py:840} INFO - DAG(s) 'priority_one_number_two_dag_v1' retrieved from /opt/airflow/dags/priority_one_number_two_dag.py
[2024-04-19T07:42:27.100+0000] {logging_mixin.py:188} INFO - [2024-04-19T07:42:27.100+0000] {dag.py:3096} INFO - Sync 1 DAGs
[2024-04-19T07:42:28.800+0000] {processor.py:183} INFO - Processing /opt/airflow/dags/priority_one_number_two_dag.py took 2.012 seconds
[2024-04-19T07:43:01.455+0000] {processor.py:161} INFO - Started process (PID=74) to work on /opt/airflow/dags/priority_one_number_two_dag.py
[2024-04-19T07:43:01.471+0000] {processor.py:830} INFO - Processing file /opt/airflow/dags/priority_one_number_two_dag.py for tasks to queue
[2024-04-19T07:43:01.479+0000] {logging_mixin.py:188} INFO - [2024-04-19T07:43:01.478+0000] {dagbag.py:540} INFO - Filling up the DagBag from /opt/airflow/dags/priority_one_number_two_dag.py
[2024-04-19T07:43:01.676+0000] {processor.py:840} INFO - DAG(s) 'priority_one_number_two_dag_v1' retrieved from /opt/airflow/dags/priority_one_number_two_dag.py
[2024-04-19T07:43:03.082+0000] {logging_mixin.py:188} INFO - [2024-04-19T07:43:03.067+0000] {dag.py:3096} INFO - Sync 1 DAGs
[2024-04-19T07:43:03.411+0000] {processor.py:183} INFO - Processing /opt/airflow/dags/priority_one_number_two_dag.py took 1.991 seconds
[2024-04-19T07:43:33.733+0000] {processor.py:161} INFO - Started process (PID=85) to work on /opt/airflow/dags/priority_one_number_two_dag.py
[2024-04-19T07:43:33.734+0000] {processor.py:830} INFO - Processing file /opt/airflow/dags/priority_one_number_two_dag.py for tasks to queue
[2024-04-19T07:43:33.739+0000] {logging_mixin.py:188} INFO - [2024-04-19T07:43:33.738+0000] {dagbag.py:540} INFO - Filling up the DagBag from /opt/airflow/dags/priority_one_number_two_dag.py
[2024-04-19T07:43:33.766+0000] {processor.py:840} INFO - DAG(s) 'priority_one_number_two_dag_v1' retrieved from /opt/airflow/dags/priority_one_number_two_dag.py
[2024-04-19T07:43:33.810+0000] {logging_mixin.py:188} INFO - [2024-04-19T07:43:33.809+0000] {dag.py:3096} INFO - Sync 1 DAGs
[2024-04-19T07:43:33.892+0000] {processor.py:183} INFO - Processing /opt/airflow/dags/priority_one_number_two_dag.py took 0.168 seconds
[2024-04-19T07:44:04.050+0000] {processor.py:161} INFO - Started process (PID=97) to work on /opt/airflow/dags/priority_one_number_two_dag.py
[2024-04-19T07:44:04.052+0000] {processor.py:830} INFO - Processing file /opt/airflow/dags/priority_one_number_two_dag.py for tasks to queue
[2024-04-19T07:44:04.064+0000] {logging_mixin.py:188} INFO - [2024-04-19T07:44:04.064+0000] {dagbag.py:540} INFO - Filling up the DagBag from /opt/airflow/dags/priority_one_number_two_dag.py
[2024-04-19T07:44:04.223+0000] {processor.py:840} INFO - DAG(s) 'priority_one_number_two_dag_v1' retrieved from /opt/airflow/dags/priority_one_number_two_dag.py
[2024-04-19T07:44:04.476+0000] {logging_mixin.py:188} INFO - [2024-04-19T07:44:04.472+0000] {dag.py:3096} INFO - Sync 1 DAGs
[2024-04-19T07:44:04.687+0000] {processor.py:183} INFO - Processing /opt/airflow/dags/priority_one_number_two_dag.py took 0.698 seconds
[2024-04-19T07:44:35.241+0000] {processor.py:161} INFO - Started process (PID=110) to work on /opt/airflow/dags/priority_one_number_two_dag.py
[2024-04-19T07:44:35.242+0000] {processor.py:830} INFO - Processing file /opt/airflow/dags/priority_one_number_two_dag.py for tasks to queue
[2024-04-19T07:44:35.244+0000] {logging_mixin.py:188} INFO - [2024-04-19T07:44:35.244+0000] {dagbag.py:540} INFO - Filling up the DagBag from /opt/airflow/dags/priority_one_number_two_dag.py
[2024-04-19T07:44:35.263+0000] {processor.py:840} INFO - DAG(s) 'priority_one_number_two_dag_v1' retrieved from /opt/airflow/dags/priority_one_number_two_dag.py
[2024-04-19T07:44:35.288+0000] {logging_mixin.py:188} INFO - [2024-04-19T07:44:35.288+0000] {dag.py:3096} INFO - Sync 1 DAGs
[2024-04-19T07:44:35.330+0000] {processor.py:183} INFO - Processing /opt/airflow/dags/priority_one_number_two_dag.py took 0.094 seconds
[2024-04-19T07:45:05.846+0000] {processor.py:161} INFO - Started process (PID=122) to work on /opt/airflow/dags/priority_one_number_two_dag.py
[2024-04-19T07:45:05.847+0000] {processor.py:830} INFO - Processing file /opt/airflow/dags/priority_one_number_two_dag.py for tasks to queue
[2024-04-19T07:45:05.849+0000] {logging_mixin.py:188} INFO - [2024-04-19T07:45:05.849+0000] {dagbag.py:540} INFO - Filling up the DagBag from /opt/airflow/dags/priority_one_number_two_dag.py
[2024-04-19T07:45:05.871+0000] {processor.py:840} INFO - DAG(s) 'priority_one_number_two_dag_v1' retrieved from /opt/airflow/dags/priority_one_number_two_dag.py
[2024-04-19T07:45:05.898+0000] {logging_mixin.py:188} INFO - [2024-04-19T07:45:05.898+0000] {dag.py:3096} INFO - Sync 1 DAGs
[2024-04-19T07:45:05.940+0000] {processor.py:183} INFO - Processing /opt/airflow/dags/priority_one_number_two_dag.py took 0.101 seconds
[2024-04-19T07:45:36.049+0000] {processor.py:161} INFO - Started process (PID=134) to work on /opt/airflow/dags/priority_one_number_two_dag.py
[2024-04-19T07:45:36.051+0000] {processor.py:830} INFO - Processing file /opt/airflow/dags/priority_one_number_two_dag.py for tasks to queue
[2024-04-19T07:45:36.057+0000] {logging_mixin.py:188} INFO - [2024-04-19T07:45:36.056+0000] {dagbag.py:540} INFO - Filling up the DagBag from /opt/airflow/dags/priority_one_number_two_dag.py
[2024-04-19T07:45:36.098+0000] {processor.py:840} INFO - DAG(s) 'priority_one_number_two_dag_v1' retrieved from /opt/airflow/dags/priority_one_number_two_dag.py
[2024-04-19T07:45:36.144+0000] {logging_mixin.py:188} INFO - [2024-04-19T07:45:36.144+0000] {dag.py:3096} INFO - Sync 1 DAGs
[2024-04-19T07:45:36.257+0000] {processor.py:183} INFO - Processing /opt/airflow/dags/priority_one_number_two_dag.py took 0.225 seconds
[2024-04-19T07:46:06.999+0000] {processor.py:161} INFO - Started process (PID=146) to work on /opt/airflow/dags/priority_one_number_two_dag.py
[2024-04-19T07:46:07.000+0000] {processor.py:830} INFO - Processing file /opt/airflow/dags/priority_one_number_two_dag.py for tasks to queue
[2024-04-19T07:46:07.003+0000] {logging_mixin.py:188} INFO - [2024-04-19T07:46:07.003+0000] {dagbag.py:540} INFO - Filling up the DagBag from /opt/airflow/dags/priority_one_number_two_dag.py
[2024-04-19T07:46:07.024+0000] {processor.py:840} INFO - DAG(s) 'priority_one_number_two_dag_v1' retrieved from /opt/airflow/dags/priority_one_number_two_dag.py
[2024-04-19T07:46:07.057+0000] {logging_mixin.py:188} INFO - [2024-04-19T07:46:07.057+0000] {dag.py:3096} INFO - Sync 1 DAGs
[2024-04-19T07:46:07.105+0000] {processor.py:183} INFO - Processing /opt/airflow/dags/priority_one_number_two_dag.py took 0.113 seconds
[2024-04-19T07:46:37.253+0000] {processor.py:161} INFO - Started process (PID=156) to work on /opt/airflow/dags/priority_one_number_two_dag.py
[2024-04-19T07:46:37.254+0000] {processor.py:830} INFO - Processing file /opt/airflow/dags/priority_one_number_two_dag.py for tasks to queue
[2024-04-19T07:46:37.256+0000] {logging_mixin.py:188} INFO - [2024-04-19T07:46:37.256+0000] {dagbag.py:540} INFO - Filling up the DagBag from /opt/airflow/dags/priority_one_number_two_dag.py
[2024-04-19T07:46:37.275+0000] {processor.py:840} INFO - DAG(s) 'priority_one_number_two_dag_v1' retrieved from /opt/airflow/dags/priority_one_number_two_dag.py
[2024-04-19T07:46:37.302+0000] {logging_mixin.py:188} INFO - [2024-04-19T07:46:37.302+0000] {dag.py:3096} INFO - Sync 1 DAGs
[2024-04-19T07:46:37.345+0000] {processor.py:183} INFO - Processing /opt/airflow/dags/priority_one_number_two_dag.py took 0.098 seconds
[2024-04-19T07:47:07.896+0000] {processor.py:161} INFO - Started process (PID=168) to work on /opt/airflow/dags/priority_one_number_two_dag.py
[2024-04-19T07:47:07.897+0000] {processor.py:830} INFO - Processing file /opt/airflow/dags/priority_one_number_two_dag.py for tasks to queue
[2024-04-19T07:47:07.899+0000] {logging_mixin.py:188} INFO - [2024-04-19T07:47:07.899+0000] {dagbag.py:540} INFO - Filling up the DagBag from /opt/airflow/dags/priority_one_number_two_dag.py
[2024-04-19T07:47:07.918+0000] {processor.py:840} INFO - DAG(s) 'priority_one_number_two_dag_v1' retrieved from /opt/airflow/dags/priority_one_number_two_dag.py
[2024-04-19T07:47:07.945+0000] {logging_mixin.py:188} INFO - [2024-04-19T07:47:07.945+0000] {dag.py:3096} INFO - Sync 1 DAGs
[2024-04-19T07:47:07.992+0000] {processor.py:183} INFO - Processing /opt/airflow/dags/priority_one_number_two_dag.py took 0.103 seconds
[2024-04-19T07:47:38.461+0000] {processor.py:161} INFO - Started process (PID=180) to work on /opt/airflow/dags/priority_one_number_two_dag.py
[2024-04-19T07:47:38.462+0000] {processor.py:830} INFO - Processing file /opt/airflow/dags/priority_one_number_two_dag.py for tasks to queue
[2024-04-19T07:47:38.464+0000] {logging_mixin.py:188} INFO - [2024-04-19T07:47:38.464+0000] {dagbag.py:540} INFO - Filling up the DagBag from /opt/airflow/dags/priority_one_number_two_dag.py
[2024-04-19T07:47:38.484+0000] {processor.py:840} INFO - DAG(s) 'priority_one_number_two_dag_v1' retrieved from /opt/airflow/dags/priority_one_number_two_dag.py
[2024-04-19T07:47:38.510+0000] {logging_mixin.py:188} INFO - [2024-04-19T07:47:38.510+0000] {dag.py:3096} INFO - Sync 1 DAGs
[2024-04-19T07:47:38.551+0000] {processor.py:183} INFO - Processing /opt/airflow/dags/priority_one_number_two_dag.py took 0.096 seconds
[2024-04-19T07:48:09.229+0000] {processor.py:161} INFO - Started process (PID=192) to work on /opt/airflow/dags/priority_one_number_two_dag.py
[2024-04-19T07:48:09.230+0000] {processor.py:830} INFO - Processing file /opt/airflow/dags/priority_one_number_two_dag.py for tasks to queue
[2024-04-19T07:48:09.232+0000] {logging_mixin.py:188} INFO - [2024-04-19T07:48:09.232+0000] {dagbag.py:540} INFO - Filling up the DagBag from /opt/airflow/dags/priority_one_number_two_dag.py
[2024-04-19T07:48:09.250+0000] {processor.py:840} INFO - DAG(s) 'priority_one_number_two_dag_v1' retrieved from /opt/airflow/dags/priority_one_number_two_dag.py
[2024-04-19T07:48:09.277+0000] {logging_mixin.py:188} INFO - [2024-04-19T07:48:09.277+0000] {dag.py:3096} INFO - Sync 1 DAGs
[2024-04-19T07:48:09.328+0000] {processor.py:183} INFO - Processing /opt/airflow/dags/priority_one_number_two_dag.py took 0.104 seconds
[2024-04-19T07:48:42.138+0000] {processor.py:161} INFO - Started process (PID=204) to work on /opt/airflow/dags/priority_one_number_two_dag.py
[2024-04-19T07:48:42.140+0000] {processor.py:830} INFO - Processing file /opt/airflow/dags/priority_one_number_two_dag.py for tasks to queue
[2024-04-19T07:48:42.143+0000] {logging_mixin.py:188} INFO - [2024-04-19T07:48:42.142+0000] {dagbag.py:540} INFO - Filling up the DagBag from /opt/airflow/dags/priority_one_number_two_dag.py
[2024-04-19T07:48:42.182+0000] {processor.py:840} INFO - DAG(s) 'priority_one_number_two_dag_v1' retrieved from /opt/airflow/dags/priority_one_number_two_dag.py
[2024-04-19T07:48:42.233+0000] {logging_mixin.py:188} INFO - [2024-04-19T07:48:42.233+0000] {dag.py:3096} INFO - Sync 1 DAGs
[2024-04-19T07:48:42.317+0000] {processor.py:183} INFO - Processing /opt/airflow/dags/priority_one_number_two_dag.py took 0.189 seconds
[2024-04-19T07:49:35.680+0000] {processor.py:161} INFO - Started process (PID=215) to work on /opt/airflow/dags/priority_one_number_two_dag.py
[2024-04-19T07:49:35.683+0000] {processor.py:830} INFO - Processing file /opt/airflow/dags/priority_one_number_two_dag.py for tasks to queue
[2024-04-19T07:49:35.688+0000] {logging_mixin.py:188} INFO - [2024-04-19T07:49:35.687+0000] {dagbag.py:540} INFO - Filling up the DagBag from /opt/airflow/dags/priority_one_number_two_dag.py
[2024-04-19T07:49:35.740+0000] {processor.py:840} INFO - DAG(s) 'priority_one_number_two_dag_v1' retrieved from /opt/airflow/dags/priority_one_number_two_dag.py
[2024-04-19T07:49:35.874+0000] {logging_mixin.py:188} INFO - [2024-04-19T07:49:35.873+0000] {dag.py:3096} INFO - Sync 1 DAGs
[2024-04-19T07:49:36.057+0000] {processor.py:183} INFO - Processing /opt/airflow/dags/priority_one_number_two_dag.py took 0.423 seconds
[2024-04-19T07:50:38.770+0000] {processor.py:161} INFO - Started process (PID=227) to work on /opt/airflow/dags/priority_one_number_two_dag.py
[2024-04-19T07:50:38.790+0000] {processor.py:830} INFO - Processing file /opt/airflow/dags/priority_one_number_two_dag.py for tasks to queue
[2024-04-19T07:50:38.793+0000] {logging_mixin.py:188} INFO - [2024-04-19T07:50:38.792+0000] {dagbag.py:540} INFO - Filling up the DagBag from /opt/airflow/dags/priority_one_number_two_dag.py
[2024-04-19T07:50:38.855+0000] {processor.py:840} INFO - DAG(s) 'priority_one_number_two_dag_v1' retrieved from /opt/airflow/dags/priority_one_number_two_dag.py
[2024-04-19T07:50:38.922+0000] {logging_mixin.py:188} INFO - [2024-04-19T07:50:38.921+0000] {dag.py:3096} INFO - Sync 1 DAGs
[2024-04-19T07:50:39.017+0000] {processor.py:183} INFO - Processing /opt/airflow/dags/priority_one_number_two_dag.py took 0.287 seconds
[2024-04-19T07:51:10.024+0000] {processor.py:161} INFO - Started process (PID=237) to work on /opt/airflow/dags/priority_one_number_two_dag.py
[2024-04-19T07:51:10.028+0000] {processor.py:830} INFO - Processing file /opt/airflow/dags/priority_one_number_two_dag.py for tasks to queue
[2024-04-19T07:51:10.030+0000] {logging_mixin.py:188} INFO - [2024-04-19T07:51:10.029+0000] {dagbag.py:540} INFO - Filling up the DagBag from /opt/airflow/dags/priority_one_number_two_dag.py
[2024-04-19T07:51:10.064+0000] {processor.py:840} INFO - DAG(s) 'priority_one_number_two_dag_v1' retrieved from /opt/airflow/dags/priority_one_number_two_dag.py
[2024-04-19T07:51:10.107+0000] {logging_mixin.py:188} INFO - [2024-04-19T07:51:10.106+0000] {dag.py:3096} INFO - Sync 1 DAGs
[2024-04-19T07:51:10.163+0000] {processor.py:183} INFO - Processing /opt/airflow/dags/priority_one_number_two_dag.py took 0.146 seconds
[2024-04-19T07:51:40.726+0000] {processor.py:161} INFO - Started process (PID=249) to work on /opt/airflow/dags/priority_one_number_two_dag.py
[2024-04-19T07:51:40.729+0000] {processor.py:830} INFO - Processing file /opt/airflow/dags/priority_one_number_two_dag.py for tasks to queue
[2024-04-19T07:51:40.730+0000] {logging_mixin.py:188} INFO - [2024-04-19T07:51:40.730+0000] {dagbag.py:540} INFO - Filling up the DagBag from /opt/airflow/dags/priority_one_number_two_dag.py
[2024-04-19T07:51:40.772+0000] {processor.py:840} INFO - DAG(s) 'priority_one_number_two_dag_v1' retrieved from /opt/airflow/dags/priority_one_number_two_dag.py
[2024-04-19T07:51:40.816+0000] {logging_mixin.py:188} INFO - [2024-04-19T07:51:40.815+0000] {dag.py:3096} INFO - Sync 1 DAGs
[2024-04-19T07:51:40.891+0000] {processor.py:183} INFO - Processing /opt/airflow/dags/priority_one_number_two_dag.py took 0.176 seconds
[2024-04-19T07:52:11.426+0000] {processor.py:161} INFO - Started process (PID=261) to work on /opt/airflow/dags/priority_one_number_two_dag.py
[2024-04-19T07:52:11.428+0000] {processor.py:830} INFO - Processing file /opt/airflow/dags/priority_one_number_two_dag.py for tasks to queue
[2024-04-19T07:52:11.430+0000] {logging_mixin.py:188} INFO - [2024-04-19T07:52:11.430+0000] {dagbag.py:540} INFO - Filling up the DagBag from /opt/airflow/dags/priority_one_number_two_dag.py
[2024-04-19T07:52:11.472+0000] {processor.py:840} INFO - DAG(s) 'priority_one_number_two_dag_v1' retrieved from /opt/airflow/dags/priority_one_number_two_dag.py
[2024-04-19T07:52:11.506+0000] {logging_mixin.py:188} INFO - [2024-04-19T07:52:11.506+0000] {dag.py:3096} INFO - Sync 1 DAGs
[2024-04-19T07:52:11.560+0000] {processor.py:183} INFO - Processing /opt/airflow/dags/priority_one_number_two_dag.py took 0.142 seconds
[2024-04-19T07:52:41.919+0000] {processor.py:161} INFO - Started process (PID=273) to work on /opt/airflow/dags/priority_one_number_two_dag.py
[2024-04-19T07:52:41.920+0000] {processor.py:830} INFO - Processing file /opt/airflow/dags/priority_one_number_two_dag.py for tasks to queue
[2024-04-19T07:52:41.921+0000] {logging_mixin.py:188} INFO - [2024-04-19T07:52:41.921+0000] {dagbag.py:540} INFO - Filling up the DagBag from /opt/airflow/dags/priority_one_number_two_dag.py
[2024-04-19T07:52:41.946+0000] {processor.py:840} INFO - DAG(s) 'priority_one_number_two_dag_v1' retrieved from /opt/airflow/dags/priority_one_number_two_dag.py
[2024-04-19T07:52:41.984+0000] {logging_mixin.py:188} INFO - [2024-04-19T07:52:41.984+0000] {dag.py:3096} INFO - Sync 1 DAGs
[2024-04-19T07:52:42.052+0000] {processor.py:183} INFO - Processing /opt/airflow/dags/priority_one_number_two_dag.py took 0.140 seconds
[2024-04-19T07:53:12.639+0000] {processor.py:161} INFO - Started process (PID=285) to work on /opt/airflow/dags/priority_one_number_two_dag.py
[2024-04-19T07:53:12.641+0000] {processor.py:830} INFO - Processing file /opt/airflow/dags/priority_one_number_two_dag.py for tasks to queue
[2024-04-19T07:53:12.642+0000] {logging_mixin.py:188} INFO - [2024-04-19T07:53:12.641+0000] {dagbag.py:540} INFO - Filling up the DagBag from /opt/airflow/dags/priority_one_number_two_dag.py
[2024-04-19T07:53:12.663+0000] {processor.py:840} INFO - DAG(s) 'priority_one_number_two_dag_v1' retrieved from /opt/airflow/dags/priority_one_number_two_dag.py
[2024-04-19T07:53:12.692+0000] {logging_mixin.py:188} INFO - [2024-04-19T07:53:12.692+0000] {dag.py:3096} INFO - Sync 1 DAGs
[2024-04-19T07:53:12.732+0000] {processor.py:183} INFO - Processing /opt/airflow/dags/priority_one_number_two_dag.py took 0.098 seconds
[2024-04-19T07:53:43.183+0000] {processor.py:161} INFO - Started process (PID=297) to work on /opt/airflow/dags/priority_one_number_two_dag.py
[2024-04-19T07:53:43.184+0000] {processor.py:830} INFO - Processing file /opt/airflow/dags/priority_one_number_two_dag.py for tasks to queue
[2024-04-19T07:53:43.186+0000] {logging_mixin.py:188} INFO - [2024-04-19T07:53:43.186+0000] {dagbag.py:540} INFO - Filling up the DagBag from /opt/airflow/dags/priority_one_number_two_dag.py
[2024-04-19T07:53:43.234+0000] {processor.py:840} INFO - DAG(s) 'priority_one_number_two_dag_v1' retrieved from /opt/airflow/dags/priority_one_number_two_dag.py
[2024-04-19T07:53:43.281+0000] {logging_mixin.py:188} INFO - [2024-04-19T07:53:43.280+0000] {dag.py:3096} INFO - Sync 1 DAGs
[2024-04-19T07:53:43.327+0000] {processor.py:183} INFO - Processing /opt/airflow/dags/priority_one_number_two_dag.py took 0.150 seconds
[2024-04-19T07:54:14.308+0000] {processor.py:161} INFO - Started process (PID=309) to work on /opt/airflow/dags/priority_one_number_two_dag.py
[2024-04-19T07:54:14.319+0000] {processor.py:830} INFO - Processing file /opt/airflow/dags/priority_one_number_two_dag.py for tasks to queue
[2024-04-19T07:54:14.325+0000] {logging_mixin.py:188} INFO - [2024-04-19T07:54:14.322+0000] {dagbag.py:540} INFO - Filling up the DagBag from /opt/airflow/dags/priority_one_number_two_dag.py
[2024-04-19T07:54:14.378+0000] {processor.py:840} INFO - DAG(s) 'priority_one_number_two_dag_v1' retrieved from /opt/airflow/dags/priority_one_number_two_dag.py
[2024-04-19T07:54:14.463+0000] {logging_mixin.py:188} INFO - [2024-04-19T07:54:14.458+0000] {dag.py:3096} INFO - Sync 1 DAGs
[2024-04-19T07:54:14.559+0000] {processor.py:183} INFO - Processing /opt/airflow/dags/priority_one_number_two_dag.py took 0.272 seconds
[2024-04-19T07:54:46.832+0000] {processor.py:161} INFO - Started process (PID=321) to work on /opt/airflow/dags/priority_one_number_two_dag.py
[2024-04-19T07:54:46.835+0000] {processor.py:830} INFO - Processing file /opt/airflow/dags/priority_one_number_two_dag.py for tasks to queue
[2024-04-19T07:54:46.837+0000] {logging_mixin.py:188} INFO - [2024-04-19T07:54:46.837+0000] {dagbag.py:540} INFO - Filling up the DagBag from /opt/airflow/dags/priority_one_number_two_dag.py
[2024-04-19T07:54:46.895+0000] {processor.py:840} INFO - DAG(s) 'priority_one_number_two_dag_v1' retrieved from /opt/airflow/dags/priority_one_number_two_dag.py
[2024-04-19T07:54:46.977+0000] {logging_mixin.py:188} INFO - [2024-04-19T07:54:46.977+0000] {dag.py:3096} INFO - Sync 1 DAGs
[2024-04-19T07:54:47.062+0000] {processor.py:183} INFO - Processing /opt/airflow/dags/priority_one_number_two_dag.py took 0.306 seconds
[2024-04-19T07:55:17.835+0000] {processor.py:161} INFO - Started process (PID=335) to work on /opt/airflow/dags/priority_one_number_two_dag.py
[2024-04-19T07:55:17.902+0000] {processor.py:830} INFO - Processing file /opt/airflow/dags/priority_one_number_two_dag.py for tasks to queue
[2024-04-19T07:55:17.908+0000] {logging_mixin.py:188} INFO - [2024-04-19T07:55:17.907+0000] {dagbag.py:540} INFO - Filling up the DagBag from /opt/airflow/dags/priority_one_number_two_dag.py
[2024-04-19T07:55:17.973+0000] {processor.py:840} INFO - DAG(s) 'priority_one_number_two_dag_v1' retrieved from /opt/airflow/dags/priority_one_number_two_dag.py
[2024-04-19T07:55:18.033+0000] {logging_mixin.py:188} INFO - [2024-04-19T07:55:18.033+0000] {dag.py:3096} INFO - Sync 1 DAGs
[2024-04-19T07:55:18.180+0000] {processor.py:183} INFO - Processing /opt/airflow/dags/priority_one_number_two_dag.py took 0.355 seconds
[2024-04-19T07:55:48.301+0000] {processor.py:161} INFO - Started process (PID=347) to work on /opt/airflow/dags/priority_one_number_two_dag.py
[2024-04-19T07:55:48.302+0000] {processor.py:830} INFO - Processing file /opt/airflow/dags/priority_one_number_two_dag.py for tasks to queue
[2024-04-19T07:55:48.304+0000] {logging_mixin.py:188} INFO - [2024-04-19T07:55:48.303+0000] {dagbag.py:540} INFO - Filling up the DagBag from /opt/airflow/dags/priority_one_number_two_dag.py
[2024-04-19T07:55:48.328+0000] {processor.py:840} INFO - DAG(s) 'priority_one_number_two_dag_v1' retrieved from /opt/airflow/dags/priority_one_number_two_dag.py
[2024-04-19T07:55:48.358+0000] {logging_mixin.py:188} INFO - [2024-04-19T07:55:48.357+0000] {dag.py:3096} INFO - Sync 1 DAGs
[2024-04-19T07:55:48.432+0000] {processor.py:183} INFO - Processing /opt/airflow/dags/priority_one_number_two_dag.py took 0.138 seconds
[2024-04-19T07:56:19.174+0000] {processor.py:161} INFO - Started process (PID=359) to work on /opt/airflow/dags/priority_one_number_two_dag.py
[2024-04-19T07:56:19.175+0000] {processor.py:830} INFO - Processing file /opt/airflow/dags/priority_one_number_two_dag.py for tasks to queue
[2024-04-19T07:56:19.177+0000] {logging_mixin.py:188} INFO - [2024-04-19T07:56:19.176+0000] {dagbag.py:540} INFO - Filling up the DagBag from /opt/airflow/dags/priority_one_number_two_dag.py
[2024-04-19T07:56:19.196+0000] {processor.py:840} INFO - DAG(s) 'priority_one_number_two_dag_v1' retrieved from /opt/airflow/dags/priority_one_number_two_dag.py
[2024-04-19T07:56:19.223+0000] {logging_mixin.py:188} INFO - [2024-04-19T07:56:19.223+0000] {dag.py:3096} INFO - Sync 1 DAGs
[2024-04-19T07:56:19.286+0000] {processor.py:183} INFO - Processing /opt/airflow/dags/priority_one_number_two_dag.py took 0.118 seconds
[2024-04-19T07:56:49.581+0000] {processor.py:161} INFO - Started process (PID=370) to work on /opt/airflow/dags/priority_one_number_two_dag.py
[2024-04-19T07:56:49.583+0000] {processor.py:830} INFO - Processing file /opt/airflow/dags/priority_one_number_two_dag.py for tasks to queue
[2024-04-19T07:56:49.584+0000] {logging_mixin.py:188} INFO - [2024-04-19T07:56:49.584+0000] {dagbag.py:540} INFO - Filling up the DagBag from /opt/airflow/dags/priority_one_number_two_dag.py
[2024-04-19T07:56:49.604+0000] {processor.py:840} INFO - DAG(s) 'priority_one_number_two_dag_v1' retrieved from /opt/airflow/dags/priority_one_number_two_dag.py
[2024-04-19T07:56:49.631+0000] {logging_mixin.py:188} INFO - [2024-04-19T07:56:49.631+0000] {dag.py:3096} INFO - Sync 1 DAGs
[2024-04-19T07:56:49.677+0000] {processor.py:183} INFO - Processing /opt/airflow/dags/priority_one_number_two_dag.py took 0.102 seconds
[2024-04-19T07:57:20.449+0000] {processor.py:161} INFO - Started process (PID=384) to work on /opt/airflow/dags/priority_one_number_two_dag.py
[2024-04-19T07:57:20.454+0000] {processor.py:830} INFO - Processing file /opt/airflow/dags/priority_one_number_two_dag.py for tasks to queue
[2024-04-19T07:57:20.456+0000] {logging_mixin.py:188} INFO - [2024-04-19T07:57:20.456+0000] {dagbag.py:540} INFO - Filling up the DagBag from /opt/airflow/dags/priority_one_number_two_dag.py
[2024-04-19T07:57:20.534+0000] {processor.py:840} INFO - DAG(s) 'priority_one_number_two_dag_v1' retrieved from /opt/airflow/dags/priority_one_number_two_dag.py
[2024-04-19T07:57:20.626+0000] {logging_mixin.py:188} INFO - [2024-04-19T07:57:20.626+0000] {dag.py:3096} INFO - Sync 1 DAGs
[2024-04-19T07:57:20.715+0000] {processor.py:183} INFO - Processing /opt/airflow/dags/priority_one_number_two_dag.py took 0.288 seconds
[2024-04-19T07:57:51.109+0000] {processor.py:161} INFO - Started process (PID=396) to work on /opt/airflow/dags/priority_one_number_two_dag.py
[2024-04-19T07:57:51.110+0000] {processor.py:830} INFO - Processing file /opt/airflow/dags/priority_one_number_two_dag.py for tasks to queue
[2024-04-19T07:57:51.111+0000] {logging_mixin.py:188} INFO - [2024-04-19T07:57:51.111+0000] {dagbag.py:540} INFO - Filling up the DagBag from /opt/airflow/dags/priority_one_number_two_dag.py
[2024-04-19T07:57:51.136+0000] {processor.py:840} INFO - DAG(s) 'priority_one_number_two_dag_v1' retrieved from /opt/airflow/dags/priority_one_number_two_dag.py
[2024-04-19T07:57:51.165+0000] {logging_mixin.py:188} INFO - [2024-04-19T07:57:51.164+0000] {dag.py:3096} INFO - Sync 1 DAGs
[2024-04-19T07:57:51.210+0000] {processor.py:183} INFO - Processing /opt/airflow/dags/priority_one_number_two_dag.py took 0.108 seconds
[2024-04-19T07:58:21.660+0000] {processor.py:161} INFO - Started process (PID=408) to work on /opt/airflow/dags/priority_one_number_two_dag.py
[2024-04-19T07:58:21.661+0000] {processor.py:830} INFO - Processing file /opt/airflow/dags/priority_one_number_two_dag.py for tasks to queue
[2024-04-19T07:58:21.662+0000] {logging_mixin.py:188} INFO - [2024-04-19T07:58:21.661+0000] {dagbag.py:540} INFO - Filling up the DagBag from /opt/airflow/dags/priority_one_number_two_dag.py
[2024-04-19T07:58:21.681+0000] {processor.py:840} INFO - DAG(s) 'priority_one_number_two_dag_v1' retrieved from /opt/airflow/dags/priority_one_number_two_dag.py
[2024-04-19T07:58:21.710+0000] {logging_mixin.py:188} INFO - [2024-04-19T07:58:21.710+0000] {dag.py:3096} INFO - Sync 1 DAGs
[2024-04-19T07:58:21.753+0000] {processor.py:183} INFO - Processing /opt/airflow/dags/priority_one_number_two_dag.py took 0.099 seconds
[2024-04-19T07:58:52.750+0000] {processor.py:161} INFO - Started process (PID=420) to work on /opt/airflow/dags/priority_one_number_two_dag.py
[2024-04-19T07:58:52.752+0000] {processor.py:830} INFO - Processing file /opt/airflow/dags/priority_one_number_two_dag.py for tasks to queue
[2024-04-19T07:58:52.754+0000] {logging_mixin.py:188} INFO - [2024-04-19T07:58:52.753+0000] {dagbag.py:540} INFO - Filling up the DagBag from /opt/airflow/dags/priority_one_number_two_dag.py
[2024-04-19T07:58:52.776+0000] {processor.py:840} INFO - DAG(s) 'priority_one_number_two_dag_v1' retrieved from /opt/airflow/dags/priority_one_number_two_dag.py
[2024-04-19T07:58:52.801+0000] {logging_mixin.py:188} INFO - [2024-04-19T07:58:52.800+0000] {dag.py:3096} INFO - Sync 1 DAGs
[2024-04-19T07:58:52.844+0000] {processor.py:183} INFO - Processing /opt/airflow/dags/priority_one_number_two_dag.py took 0.100 seconds
[2024-04-19T07:59:23.372+0000] {processor.py:161} INFO - Started process (PID=432) to work on /opt/airflow/dags/priority_one_number_two_dag.py
[2024-04-19T07:59:23.373+0000] {processor.py:830} INFO - Processing file /opt/airflow/dags/priority_one_number_two_dag.py for tasks to queue
[2024-04-19T07:59:23.375+0000] {logging_mixin.py:188} INFO - [2024-04-19T07:59:23.374+0000] {dagbag.py:540} INFO - Filling up the DagBag from /opt/airflow/dags/priority_one_number_two_dag.py
[2024-04-19T07:59:23.407+0000] {processor.py:840} INFO - DAG(s) 'priority_one_number_two_dag_v1' retrieved from /opt/airflow/dags/priority_one_number_two_dag.py
[2024-04-19T07:59:23.444+0000] {logging_mixin.py:188} INFO - [2024-04-19T07:59:23.444+0000] {dag.py:3096} INFO - Sync 1 DAGs
[2024-04-19T07:59:23.486+0000] {processor.py:183} INFO - Processing /opt/airflow/dags/priority_one_number_two_dag.py took 0.126 seconds
[2024-04-19T07:59:54.176+0000] {processor.py:161} INFO - Started process (PID=444) to work on /opt/airflow/dags/priority_one_number_two_dag.py
[2024-04-19T07:59:54.177+0000] {processor.py:830} INFO - Processing file /opt/airflow/dags/priority_one_number_two_dag.py for tasks to queue
[2024-04-19T07:59:54.178+0000] {logging_mixin.py:188} INFO - [2024-04-19T07:59:54.178+0000] {dagbag.py:540} INFO - Filling up the DagBag from /opt/airflow/dags/priority_one_number_two_dag.py
[2024-04-19T07:59:54.197+0000] {processor.py:840} INFO - DAG(s) 'priority_one_number_two_dag_v1' retrieved from /opt/airflow/dags/priority_one_number_two_dag.py
[2024-04-19T07:59:54.224+0000] {logging_mixin.py:188} INFO - [2024-04-19T07:59:54.223+0000] {dag.py:3096} INFO - Sync 1 DAGs
[2024-04-19T07:59:54.265+0000] {processor.py:183} INFO - Processing /opt/airflow/dags/priority_one_number_two_dag.py took 0.095 seconds
[2024-04-19T08:00:24.382+0000] {processor.py:161} INFO - Started process (PID=456) to work on /opt/airflow/dags/priority_one_number_two_dag.py
[2024-04-19T08:00:24.384+0000] {processor.py:830} INFO - Processing file /opt/airflow/dags/priority_one_number_two_dag.py for tasks to queue
[2024-04-19T08:00:24.385+0000] {logging_mixin.py:188} INFO - [2024-04-19T08:00:24.385+0000] {dagbag.py:540} INFO - Filling up the DagBag from /opt/airflow/dags/priority_one_number_two_dag.py
[2024-04-19T08:00:24.407+0000] {processor.py:840} INFO - DAG(s) 'priority_one_number_two_dag_v1' retrieved from /opt/airflow/dags/priority_one_number_two_dag.py
[2024-04-19T08:00:24.436+0000] {logging_mixin.py:188} INFO - [2024-04-19T08:00:24.436+0000] {dag.py:3096} INFO - Sync 1 DAGs
[2024-04-19T08:00:24.486+0000] {processor.py:183} INFO - Processing /opt/airflow/dags/priority_one_number_two_dag.py took 0.110 seconds
[2024-04-19T08:00:55.172+0000] {processor.py:161} INFO - Started process (PID=468) to work on /opt/airflow/dags/priority_one_number_two_dag.py
[2024-04-19T08:00:55.173+0000] {processor.py:830} INFO - Processing file /opt/airflow/dags/priority_one_number_two_dag.py for tasks to queue
[2024-04-19T08:00:55.175+0000] {logging_mixin.py:188} INFO - [2024-04-19T08:00:55.174+0000] {dagbag.py:540} INFO - Filling up the DagBag from /opt/airflow/dags/priority_one_number_two_dag.py
[2024-04-19T08:00:55.213+0000] {processor.py:840} INFO - DAG(s) 'priority_one_number_two_dag_v1' retrieved from /opt/airflow/dags/priority_one_number_two_dag.py
[2024-04-19T08:00:55.292+0000] {logging_mixin.py:188} INFO - [2024-04-19T08:00:55.292+0000] {dag.py:3096} INFO - Sync 1 DAGs
[2024-04-19T08:00:55.394+0000] {processor.py:183} INFO - Processing /opt/airflow/dags/priority_one_number_two_dag.py took 0.237 seconds
[2024-04-19T08:01:25.921+0000] {processor.py:161} INFO - Started process (PID=481) to work on /opt/airflow/dags/priority_one_number_two_dag.py
[2024-04-19T08:01:25.922+0000] {processor.py:830} INFO - Processing file /opt/airflow/dags/priority_one_number_two_dag.py for tasks to queue
[2024-04-19T08:01:25.923+0000] {logging_mixin.py:188} INFO - [2024-04-19T08:01:25.923+0000] {dagbag.py:540} INFO - Filling up the DagBag from /opt/airflow/dags/priority_one_number_two_dag.py
[2024-04-19T08:01:25.945+0000] {processor.py:840} INFO - DAG(s) 'priority_one_number_two_dag_v1' retrieved from /opt/airflow/dags/priority_one_number_two_dag.py
[2024-04-19T08:01:25.971+0000] {logging_mixin.py:188} INFO - [2024-04-19T08:01:25.970+0000] {dag.py:3096} INFO - Sync 1 DAGs
[2024-04-19T08:01:26.016+0000] {processor.py:183} INFO - Processing /opt/airflow/dags/priority_one_number_two_dag.py took 0.101 seconds
[2024-04-19T08:01:56.632+0000] {processor.py:161} INFO - Started process (PID=493) to work on /opt/airflow/dags/priority_one_number_two_dag.py
[2024-04-19T08:01:56.633+0000] {processor.py:830} INFO - Processing file /opt/airflow/dags/priority_one_number_two_dag.py for tasks to queue
[2024-04-19T08:01:56.634+0000] {logging_mixin.py:188} INFO - [2024-04-19T08:01:56.634+0000] {dagbag.py:540} INFO - Filling up the DagBag from /opt/airflow/dags/priority_one_number_two_dag.py
[2024-04-19T08:01:56.657+0000] {processor.py:840} INFO - DAG(s) 'priority_one_number_two_dag_v1' retrieved from /opt/airflow/dags/priority_one_number_two_dag.py
[2024-04-19T08:01:56.685+0000] {logging_mixin.py:188} INFO - [2024-04-19T08:01:56.684+0000] {dag.py:3096} INFO - Sync 1 DAGs
[2024-04-19T08:01:56.733+0000] {processor.py:183} INFO - Processing /opt/airflow/dags/priority_one_number_two_dag.py took 0.108 seconds
[2024-04-19T08:02:27.313+0000] {processor.py:161} INFO - Started process (PID=506) to work on /opt/airflow/dags/priority_one_number_two_dag.py
[2024-04-19T08:02:27.315+0000] {processor.py:830} INFO - Processing file /opt/airflow/dags/priority_one_number_two_dag.py for tasks to queue
[2024-04-19T08:02:27.316+0000] {logging_mixin.py:188} INFO - [2024-04-19T08:02:27.315+0000] {dagbag.py:540} INFO - Filling up the DagBag from /opt/airflow/dags/priority_one_number_two_dag.py
[2024-04-19T08:02:27.336+0000] {processor.py:840} INFO - DAG(s) 'priority_one_number_two_dag_v1' retrieved from /opt/airflow/dags/priority_one_number_two_dag.py
[2024-04-19T08:02:27.365+0000] {logging_mixin.py:188} INFO - [2024-04-19T08:02:27.364+0000] {dag.py:3096} INFO - Sync 1 DAGs
[2024-04-19T08:02:27.416+0000] {processor.py:183} INFO - Processing /opt/airflow/dags/priority_one_number_two_dag.py took 0.109 seconds
[2024-04-19T08:02:58.264+0000] {processor.py:161} INFO - Started process (PID=518) to work on /opt/airflow/dags/priority_one_number_two_dag.py
[2024-04-19T08:02:58.267+0000] {processor.py:830} INFO - Processing file /opt/airflow/dags/priority_one_number_two_dag.py for tasks to queue
[2024-04-19T08:02:58.269+0000] {logging_mixin.py:188} INFO - [2024-04-19T08:02:58.268+0000] {dagbag.py:540} INFO - Filling up the DagBag from /opt/airflow/dags/priority_one_number_two_dag.py
[2024-04-19T08:02:58.322+0000] {processor.py:840} INFO - DAG(s) 'priority_one_number_two_dag_v1' retrieved from /opt/airflow/dags/priority_one_number_two_dag.py
[2024-04-19T08:02:58.466+0000] {logging_mixin.py:188} INFO - [2024-04-19T08:02:58.465+0000] {dag.py:3096} INFO - Sync 1 DAGs
[2024-04-19T08:02:58.646+0000] {processor.py:183} INFO - Processing /opt/airflow/dags/priority_one_number_two_dag.py took 0.409 seconds
[2024-04-19T08:03:28.851+0000] {processor.py:161} INFO - Started process (PID=528) to work on /opt/airflow/dags/priority_one_number_two_dag.py
[2024-04-19T08:03:28.852+0000] {processor.py:830} INFO - Processing file /opt/airflow/dags/priority_one_number_two_dag.py for tasks to queue
[2024-04-19T08:03:28.853+0000] {logging_mixin.py:188} INFO - [2024-04-19T08:03:28.853+0000] {dagbag.py:540} INFO - Filling up the DagBag from /opt/airflow/dags/priority_one_number_two_dag.py
[2024-04-19T08:03:28.873+0000] {processor.py:840} INFO - DAG(s) 'priority_one_number_two_dag_v1' retrieved from /opt/airflow/dags/priority_one_number_two_dag.py
[2024-04-19T08:03:28.899+0000] {logging_mixin.py:188} INFO - [2024-04-19T08:03:28.899+0000] {dag.py:3096} INFO - Sync 1 DAGs
[2024-04-19T08:03:28.954+0000] {processor.py:183} INFO - Processing /opt/airflow/dags/priority_one_number_two_dag.py took 0.109 seconds
[2024-04-19T08:03:59.780+0000] {processor.py:161} INFO - Started process (PID=540) to work on /opt/airflow/dags/priority_one_number_two_dag.py
[2024-04-19T08:03:59.784+0000] {processor.py:830} INFO - Processing file /opt/airflow/dags/priority_one_number_two_dag.py for tasks to queue
[2024-04-19T08:03:59.786+0000] {logging_mixin.py:188} INFO - [2024-04-19T08:03:59.785+0000] {dagbag.py:540} INFO - Filling up the DagBag from /opt/airflow/dags/priority_one_number_two_dag.py
[2024-04-19T08:03:59.822+0000] {processor.py:840} INFO - DAG(s) 'priority_one_number_two_dag_v1' retrieved from /opt/airflow/dags/priority_one_number_two_dag.py
[2024-04-19T08:03:59.868+0000] {logging_mixin.py:188} INFO - [2024-04-19T08:03:59.868+0000] {dag.py:3096} INFO - Sync 1 DAGs
[2024-04-19T08:03:59.926+0000] {processor.py:183} INFO - Processing /opt/airflow/dags/priority_one_number_two_dag.py took 0.155 seconds
[2024-04-19T08:04:30.241+0000] {processor.py:161} INFO - Started process (PID=552) to work on /opt/airflow/dags/priority_one_number_two_dag.py
[2024-04-19T08:04:30.243+0000] {processor.py:830} INFO - Processing file /opt/airflow/dags/priority_one_number_two_dag.py for tasks to queue
[2024-04-19T08:04:30.245+0000] {logging_mixin.py:188} INFO - [2024-04-19T08:04:30.244+0000] {dagbag.py:540} INFO - Filling up the DagBag from /opt/airflow/dags/priority_one_number_two_dag.py
[2024-04-19T08:04:30.285+0000] {processor.py:840} INFO - DAG(s) 'priority_one_number_two_dag_v1' retrieved from /opt/airflow/dags/priority_one_number_two_dag.py
[2024-04-19T08:04:30.348+0000] {logging_mixin.py:188} INFO - [2024-04-19T08:04:30.348+0000] {dag.py:3096} INFO - Sync 1 DAGs
[2024-04-19T08:04:30.487+0000] {processor.py:183} INFO - Processing /opt/airflow/dags/priority_one_number_two_dag.py took 0.256 seconds
[2024-04-19T08:06:03.798+0000] {processor.py:161} INFO - Started process (PID=565) to work on /opt/airflow/dags/priority_one_number_two_dag.py
[2024-04-19T08:06:04.287+0000] {processor.py:830} INFO - Processing file /opt/airflow/dags/priority_one_number_two_dag.py for tasks to queue
[2024-04-19T08:06:04.296+0000] {logging_mixin.py:188} INFO - [2024-04-19T08:06:04.293+0000] {dagbag.py:540} INFO - Filling up the DagBag from /opt/airflow/dags/priority_one_number_two_dag.py
[2024-04-19T08:06:04.674+0000] {processor.py:840} INFO - DAG(s) 'priority_one_number_two_dag_v1' retrieved from /opt/airflow/dags/priority_one_number_two_dag.py
[2024-04-19T08:06:04.929+0000] {logging_mixin.py:188} INFO - [2024-04-19T08:06:04.928+0000] {dag.py:3096} INFO - Sync 1 DAGs
[2024-04-19T08:06:05.126+0000] {processor.py:183} INFO - Processing /opt/airflow/dags/priority_one_number_two_dag.py took 1.376 seconds
[2024-04-19T08:06:35.421+0000] {processor.py:161} INFO - Started process (PID=577) to work on /opt/airflow/dags/priority_one_number_two_dag.py
[2024-04-19T08:06:35.424+0000] {processor.py:830} INFO - Processing file /opt/airflow/dags/priority_one_number_two_dag.py for tasks to queue
[2024-04-19T08:06:35.427+0000] {logging_mixin.py:188} INFO - [2024-04-19T08:06:35.426+0000] {dagbag.py:540} INFO - Filling up the DagBag from /opt/airflow/dags/priority_one_number_two_dag.py
[2024-04-19T08:06:35.473+0000] {processor.py:840} INFO - DAG(s) 'priority_one_number_two_dag_v1' retrieved from /opt/airflow/dags/priority_one_number_two_dag.py
[2024-04-19T08:06:35.532+0000] {logging_mixin.py:188} INFO - [2024-04-19T08:06:35.532+0000] {dag.py:3096} INFO - Sync 1 DAGs
[2024-04-19T08:06:35.606+0000] {processor.py:183} INFO - Processing /opt/airflow/dags/priority_one_number_two_dag.py took 0.202 seconds
[2024-04-19T08:07:06.319+0000] {processor.py:161} INFO - Started process (PID=589) to work on /opt/airflow/dags/priority_one_number_two_dag.py
[2024-04-19T08:07:06.321+0000] {processor.py:830} INFO - Processing file /opt/airflow/dags/priority_one_number_two_dag.py for tasks to queue
[2024-04-19T08:07:06.323+0000] {logging_mixin.py:188} INFO - [2024-04-19T08:07:06.322+0000] {dagbag.py:540} INFO - Filling up the DagBag from /opt/airflow/dags/priority_one_number_two_dag.py
[2024-04-19T08:07:06.351+0000] {processor.py:840} INFO - DAG(s) 'priority_one_number_two_dag_v1' retrieved from /opt/airflow/dags/priority_one_number_two_dag.py
[2024-04-19T08:07:06.383+0000] {logging_mixin.py:188} INFO - [2024-04-19T08:07:06.383+0000] {dag.py:3096} INFO - Sync 1 DAGs
[2024-04-19T08:07:06.871+0000] {processor.py:183} INFO - Processing /opt/airflow/dags/priority_one_number_two_dag.py took 0.559 seconds
[2024-04-19T08:47:20.328+0000] {processor.py:161} INFO - Started process (PID=35) to work on /opt/airflow/dags/priority_one_number_two_dag.py
[2024-04-19T08:47:20.330+0000] {processor.py:830} INFO - Processing file /opt/airflow/dags/priority_one_number_two_dag.py for tasks to queue
[2024-04-19T08:47:20.343+0000] {logging_mixin.py:188} INFO - [2024-04-19T08:47:20.342+0000] {dagbag.py:540} INFO - Filling up the DagBag from /opt/airflow/dags/priority_one_number_two_dag.py
[2024-04-19T08:47:20.402+0000] {processor.py:840} INFO - DAG(s) 'priority_one_number_two_dag_v1' retrieved from /opt/airflow/dags/priority_one_number_two_dag.py
[2024-04-19T08:47:20.711+0000] {logging_mixin.py:188} INFO - [2024-04-19T08:47:20.710+0000] {dag.py:3096} INFO - Sync 1 DAGs
[2024-04-19T08:47:21.025+0000] {processor.py:183} INFO - Processing /opt/airflow/dags/priority_one_number_two_dag.py took 0.722 seconds
[2024-04-19T08:47:51.684+0000] {processor.py:161} INFO - Started process (PID=46) to work on /opt/airflow/dags/priority_one_number_two_dag.py
[2024-04-19T08:47:51.694+0000] {processor.py:830} INFO - Processing file /opt/airflow/dags/priority_one_number_two_dag.py for tasks to queue
[2024-04-19T08:47:51.699+0000] {logging_mixin.py:188} INFO - [2024-04-19T08:47:51.697+0000] {dagbag.py:540} INFO - Filling up the DagBag from /opt/airflow/dags/priority_one_number_two_dag.py
[2024-04-19T08:47:51.863+0000] {processor.py:840} INFO - DAG(s) 'priority_one_number_two_dag_v1' retrieved from /opt/airflow/dags/priority_one_number_two_dag.py
[2024-04-19T08:47:51.948+0000] {logging_mixin.py:188} INFO - [2024-04-19T08:47:51.948+0000] {dag.py:3096} INFO - Sync 1 DAGs
[2024-04-19T08:47:52.057+0000] {processor.py:183} INFO - Processing /opt/airflow/dags/priority_one_number_two_dag.py took 0.397 seconds
[2024-04-19T08:48:22.408+0000] {processor.py:161} INFO - Started process (PID=57) to work on /opt/airflow/dags/priority_one_number_two_dag.py
[2024-04-19T08:48:22.410+0000] {processor.py:830} INFO - Processing file /opt/airflow/dags/priority_one_number_two_dag.py for tasks to queue
[2024-04-19T08:48:22.413+0000] {logging_mixin.py:188} INFO - [2024-04-19T08:48:22.412+0000] {dagbag.py:540} INFO - Filling up the DagBag from /opt/airflow/dags/priority_one_number_two_dag.py
[2024-04-19T08:48:22.439+0000] {processor.py:840} INFO - DAG(s) 'priority_one_number_two_dag_v1' retrieved from /opt/airflow/dags/priority_one_number_two_dag.py
[2024-04-19T08:48:22.467+0000] {logging_mixin.py:188} INFO - [2024-04-19T08:48:22.466+0000] {dag.py:3096} INFO - Sync 1 DAGs
[2024-04-19T08:48:22.512+0000] {processor.py:183} INFO - Processing /opt/airflow/dags/priority_one_number_two_dag.py took 0.110 seconds
[2024-04-19T08:48:54.685+0000] {processor.py:161} INFO - Started process (PID=69) to work on /opt/airflow/dags/priority_one_number_two_dag.py
[2024-04-19T08:48:54.687+0000] {processor.py:830} INFO - Processing file /opt/airflow/dags/priority_one_number_two_dag.py for tasks to queue
[2024-04-19T08:48:54.693+0000] {logging_mixin.py:188} INFO - [2024-04-19T08:48:54.692+0000] {dagbag.py:540} INFO - Filling up the DagBag from /opt/airflow/dags/priority_one_number_two_dag.py
[2024-04-19T08:48:54.739+0000] {processor.py:840} INFO - DAG(s) 'priority_one_number_two_dag_v1' retrieved from /opt/airflow/dags/priority_one_number_two_dag.py
[2024-04-19T08:48:54.835+0000] {logging_mixin.py:188} INFO - [2024-04-19T08:48:54.834+0000] {dag.py:3096} INFO - Sync 1 DAGs
[2024-04-19T08:48:54.972+0000] {processor.py:183} INFO - Processing /opt/airflow/dags/priority_one_number_two_dag.py took 0.308 seconds
[2024-04-19T08:49:25.418+0000] {processor.py:161} INFO - Started process (PID=81) to work on /opt/airflow/dags/priority_one_number_two_dag.py
[2024-04-19T08:49:25.420+0000] {processor.py:830} INFO - Processing file /opt/airflow/dags/priority_one_number_two_dag.py for tasks to queue
[2024-04-19T08:49:25.425+0000] {logging_mixin.py:188} INFO - [2024-04-19T08:49:25.424+0000] {dagbag.py:540} INFO - Filling up the DagBag from /opt/airflow/dags/priority_one_number_two_dag.py
[2024-04-19T08:49:25.448+0000] {processor.py:840} INFO - DAG(s) 'priority_one_number_two_dag_v1' retrieved from /opt/airflow/dags/priority_one_number_two_dag.py
[2024-04-19T08:49:25.481+0000] {logging_mixin.py:188} INFO - [2024-04-19T08:49:25.481+0000] {dag.py:3096} INFO - Sync 1 DAGs
[2024-04-19T08:49:25.538+0000] {processor.py:183} INFO - Processing /opt/airflow/dags/priority_one_number_two_dag.py took 0.126 seconds
[2024-04-19T08:50:06.187+0000] {processor.py:161} INFO - Started process (PID=94) to work on /opt/airflow/dags/priority_one_number_two_dag.py
[2024-04-19T08:50:06.229+0000] {processor.py:830} INFO - Processing file /opt/airflow/dags/priority_one_number_two_dag.py for tasks to queue
[2024-04-19T08:50:06.370+0000] {logging_mixin.py:188} INFO - [2024-04-19T08:50:06.308+0000] {dagbag.py:540} INFO - Filling up the DagBag from /opt/airflow/dags/priority_one_number_two_dag.py
[2024-04-19T08:50:06.884+0000] {processor.py:840} INFO - DAG(s) 'priority_one_number_two_dag_v1' retrieved from /opt/airflow/dags/priority_one_number_two_dag.py
[2024-04-19T08:50:16.782+0000] {logging_mixin.py:188} INFO - [2024-04-19T08:50:16.778+0000] {dag.py:3096} INFO - Sync 1 DAGs
[2024-04-19T08:50:17.311+0000] {processor.py:183} INFO - Processing /opt/airflow/dags/priority_one_number_two_dag.py took 11.406 seconds
[2024-04-19T08:51:07.748+0000] {processor.py:161} INFO - Started process (PID=118) to work on /opt/airflow/dags/priority_one_number_two_dag.py
[2024-04-19T08:51:07.764+0000] {processor.py:830} INFO - Processing file /opt/airflow/dags/priority_one_number_two_dag.py for tasks to queue
[2024-04-19T08:51:07.792+0000] {logging_mixin.py:188} INFO - [2024-04-19T08:51:07.789+0000] {dagbag.py:540} INFO - Filling up the DagBag from /opt/airflow/dags/priority_one_number_two_dag.py
[2024-04-19T08:51:07.959+0000] {processor.py:840} INFO - DAG(s) 'priority_one_number_two_dag_v1' retrieved from /opt/airflow/dags/priority_one_number_two_dag.py
[2024-04-19T08:51:08.168+0000] {logging_mixin.py:188} INFO - [2024-04-19T08:51:08.167+0000] {dag.py:3096} INFO - Sync 1 DAGs
[2024-04-19T08:51:08.606+0000] {processor.py:183} INFO - Processing /opt/airflow/dags/priority_one_number_two_dag.py took 1.015 seconds
[2024-04-19T08:52:08.177+0000] {processor.py:161} INFO - Started process (PID=129) to work on /opt/airflow/dags/priority_one_number_two_dag.py
[2024-04-19T08:52:08.184+0000] {processor.py:830} INFO - Processing file /opt/airflow/dags/priority_one_number_two_dag.py for tasks to queue
[2024-04-19T08:52:08.190+0000] {logging_mixin.py:188} INFO - [2024-04-19T08:52:08.189+0000] {dagbag.py:540} INFO - Filling up the DagBag from /opt/airflow/dags/priority_one_number_two_dag.py
[2024-04-19T08:52:08.238+0000] {processor.py:840} INFO - DAG(s) 'priority_one_number_two_dag_v1' retrieved from /opt/airflow/dags/priority_one_number_two_dag.py
[2024-04-19T08:52:08.315+0000] {logging_mixin.py:188} INFO - [2024-04-19T08:52:08.315+0000] {dag.py:3096} INFO - Sync 1 DAGs
[2024-04-19T08:52:08.440+0000] {processor.py:183} INFO - Processing /opt/airflow/dags/priority_one_number_two_dag.py took 0.288 seconds
[2024-04-19T08:52:38.536+0000] {processor.py:161} INFO - Started process (PID=139) to work on /opt/airflow/dags/priority_one_number_two_dag.py
[2024-04-19T08:52:38.538+0000] {processor.py:830} INFO - Processing file /opt/airflow/dags/priority_one_number_two_dag.py for tasks to queue
[2024-04-19T08:52:38.540+0000] {logging_mixin.py:188} INFO - [2024-04-19T08:52:38.540+0000] {dagbag.py:540} INFO - Filling up the DagBag from /opt/airflow/dags/priority_one_number_two_dag.py
[2024-04-19T08:52:38.569+0000] {processor.py:840} INFO - DAG(s) 'priority_one_number_two_dag_v1' retrieved from /opt/airflow/dags/priority_one_number_two_dag.py
[2024-04-19T08:52:38.637+0000] {logging_mixin.py:188} INFO - [2024-04-19T08:52:38.637+0000] {dag.py:3096} INFO - Sync 1 DAGs
[2024-04-19T08:52:38.690+0000] {processor.py:183} INFO - Processing /opt/airflow/dags/priority_one_number_two_dag.py took 0.160 seconds
[2024-04-19T08:53:08.900+0000] {processor.py:161} INFO - Started process (PID=151) to work on /opt/airflow/dags/priority_one_number_two_dag.py
[2024-04-19T08:53:08.901+0000] {processor.py:830} INFO - Processing file /opt/airflow/dags/priority_one_number_two_dag.py for tasks to queue
[2024-04-19T08:53:08.904+0000] {logging_mixin.py:188} INFO - [2024-04-19T08:53:08.904+0000] {dagbag.py:540} INFO - Filling up the DagBag from /opt/airflow/dags/priority_one_number_two_dag.py
[2024-04-19T08:53:08.930+0000] {processor.py:840} INFO - DAG(s) 'priority_one_number_two_dag_v1' retrieved from /opt/airflow/dags/priority_one_number_two_dag.py
[2024-04-19T08:53:08.963+0000] {logging_mixin.py:188} INFO - [2024-04-19T08:53:08.963+0000] {dag.py:3096} INFO - Sync 1 DAGs
[2024-04-19T08:53:09.016+0000] {processor.py:183} INFO - Processing /opt/airflow/dags/priority_one_number_two_dag.py took 0.125 seconds
[2024-04-19T08:54:45.989+0000] {processor.py:161} INFO - Started process (PID=41) to work on /opt/airflow/dags/priority_one_number_two_dag.py
[2024-04-19T08:54:46.024+0000] {processor.py:830} INFO - Processing file /opt/airflow/dags/priority_one_number_two_dag.py for tasks to queue
[2024-04-19T08:54:46.043+0000] {logging_mixin.py:188} INFO - [2024-04-19T08:54:46.036+0000] {dagbag.py:540} INFO - Filling up the DagBag from /opt/airflow/dags/priority_one_number_two_dag.py
[2024-04-19T08:54:46.151+0000] {processor.py:840} INFO - DAG(s) 'priority_one_number_two_dag_v1' retrieved from /opt/airflow/dags/priority_one_number_two_dag.py
[2024-04-19T08:54:46.569+0000] {logging_mixin.py:188} INFO - [2024-04-19T08:54:46.564+0000] {dag.py:3096} INFO - Sync 1 DAGs
[2024-04-19T08:54:46.702+0000] {processor.py:183} INFO - Processing /opt/airflow/dags/priority_one_number_two_dag.py took 0.785 seconds
[2024-04-19T08:55:17.027+0000] {processor.py:161} INFO - Started process (PID=51) to work on /opt/airflow/dags/priority_one_number_two_dag.py
[2024-04-19T08:55:17.029+0000] {processor.py:830} INFO - Processing file /opt/airflow/dags/priority_one_number_two_dag.py for tasks to queue
[2024-04-19T08:55:17.032+0000] {logging_mixin.py:188} INFO - [2024-04-19T08:55:17.032+0000] {dagbag.py:540} INFO - Filling up the DagBag from /opt/airflow/dags/priority_one_number_two_dag.py
[2024-04-19T08:55:17.151+0000] {processor.py:840} INFO - DAG(s) 'priority_one_number_two_dag_v1' retrieved from /opt/airflow/dags/priority_one_number_two_dag.py
[2024-04-19T08:55:17.336+0000] {logging_mixin.py:188} INFO - [2024-04-19T08:55:17.335+0000] {dag.py:3096} INFO - Sync 1 DAGs
[2024-04-19T08:55:17.428+0000] {processor.py:183} INFO - Processing /opt/airflow/dags/priority_one_number_two_dag.py took 0.412 seconds
[2024-04-19T08:55:48.855+0000] {processor.py:161} INFO - Started process (PID=62) to work on /opt/airflow/dags/priority_one_number_two_dag.py
[2024-04-19T08:55:48.856+0000] {processor.py:830} INFO - Processing file /opt/airflow/dags/priority_one_number_two_dag.py for tasks to queue
[2024-04-19T08:55:48.858+0000] {logging_mixin.py:188} INFO - [2024-04-19T08:55:48.858+0000] {dagbag.py:540} INFO - Filling up the DagBag from /opt/airflow/dags/priority_one_number_two_dag.py
[2024-04-19T08:55:48.879+0000] {processor.py:840} INFO - DAG(s) 'priority_one_number_two_dag_v1' retrieved from /opt/airflow/dags/priority_one_number_two_dag.py
[2024-04-19T08:55:48.906+0000] {logging_mixin.py:188} INFO - [2024-04-19T08:55:48.906+0000] {dag.py:3096} INFO - Sync 1 DAGs
[2024-04-19T08:55:48.967+0000] {processor.py:183} INFO - Processing /opt/airflow/dags/priority_one_number_two_dag.py took 0.119 seconds
[2024-04-19T08:56:28.707+0000] {processor.py:161} INFO - Started process (PID=83) to work on /opt/airflow/dags/priority_one_number_two_dag.py
[2024-04-19T08:56:28.718+0000] {processor.py:830} INFO - Processing file /opt/airflow/dags/priority_one_number_two_dag.py for tasks to queue
[2024-04-19T08:56:28.735+0000] {logging_mixin.py:188} INFO - [2024-04-19T08:56:28.734+0000] {dagbag.py:540} INFO - Filling up the DagBag from /opt/airflow/dags/priority_one_number_two_dag.py
[2024-04-19T08:56:28.962+0000] {processor.py:840} INFO - DAG(s) 'priority_one_number_two_dag_v1' retrieved from /opt/airflow/dags/priority_one_number_two_dag.py
[2024-04-19T08:56:29.338+0000] {logging_mixin.py:188} INFO - [2024-04-19T08:56:29.337+0000] {dag.py:3096} INFO - Sync 1 DAGs
[2024-04-19T08:56:29.731+0000] {processor.py:183} INFO - Processing /opt/airflow/dags/priority_one_number_two_dag.py took 1.082 seconds
[2024-04-19T08:58:02.827+0000] {processor.py:161} INFO - Started process (PID=93) to work on /opt/airflow/dags/priority_one_number_two_dag.py
[2024-04-19T08:58:02.848+0000] {processor.py:830} INFO - Processing file /opt/airflow/dags/priority_one_number_two_dag.py for tasks to queue
[2024-04-19T08:58:02.870+0000] {logging_mixin.py:188} INFO - [2024-04-19T08:58:02.868+0000] {dagbag.py:540} INFO - Filling up the DagBag from /opt/airflow/dags/priority_one_number_two_dag.py
[2024-04-19T08:58:03.182+0000] {processor.py:840} INFO - DAG(s) 'priority_one_number_two_dag_v1' retrieved from /opt/airflow/dags/priority_one_number_two_dag.py
[2024-04-19T08:58:03.377+0000] {logging_mixin.py:188} INFO - [2024-04-19T08:58:03.376+0000] {dag.py:3096} INFO - Sync 1 DAGs
[2024-04-19T08:58:03.565+0000] {processor.py:183} INFO - Processing /opt/airflow/dags/priority_one_number_two_dag.py took 1.046 seconds
[2024-04-19T08:58:34.245+0000] {processor.py:161} INFO - Started process (PID=113) to work on /opt/airflow/dags/priority_one_number_two_dag.py
[2024-04-19T08:58:34.247+0000] {processor.py:830} INFO - Processing file /opt/airflow/dags/priority_one_number_two_dag.py for tasks to queue
[2024-04-19T08:58:34.248+0000] {logging_mixin.py:188} INFO - [2024-04-19T08:58:34.248+0000] {dagbag.py:540} INFO - Filling up the DagBag from /opt/airflow/dags/priority_one_number_two_dag.py
[2024-04-19T08:58:34.271+0000] {processor.py:840} INFO - DAG(s) 'priority_one_number_two_dag_v1' retrieved from /opt/airflow/dags/priority_one_number_two_dag.py
[2024-04-19T08:58:34.297+0000] {logging_mixin.py:188} INFO - [2024-04-19T08:58:34.297+0000] {dag.py:3096} INFO - Sync 1 DAGs
[2024-04-19T08:58:34.339+0000] {processor.py:183} INFO - Processing /opt/airflow/dags/priority_one_number_two_dag.py took 0.101 seconds
[2024-04-19T09:03:39.713+0000] {processor.py:161} INFO - Started process (PID=35) to work on /opt/airflow/dags/priority_one_number_two_dag.py
[2024-04-19T09:03:39.722+0000] {processor.py:830} INFO - Processing file /opt/airflow/dags/priority_one_number_two_dag.py for tasks to queue
[2024-04-19T09:03:39.731+0000] {logging_mixin.py:188} INFO - [2024-04-19T09:03:39.730+0000] {dagbag.py:540} INFO - Filling up the DagBag from /opt/airflow/dags/priority_one_number_two_dag.py
[2024-04-19T09:03:39.802+0000] {processor.py:840} INFO - DAG(s) 'priority_one_number_two_dag_v1' retrieved from /opt/airflow/dags/priority_one_number_two_dag.py
[2024-04-19T09:03:40.117+0000] {logging_mixin.py:188} INFO - [2024-04-19T09:03:40.117+0000] {dag.py:3096} INFO - Sync 1 DAGs
[2024-04-19T09:03:40.253+0000] {processor.py:183} INFO - Processing /opt/airflow/dags/priority_one_number_two_dag.py took 0.557 seconds
[2024-04-19T09:04:10.542+0000] {processor.py:161} INFO - Started process (PID=45) to work on /opt/airflow/dags/priority_one_number_two_dag.py
[2024-04-19T09:04:10.545+0000] {processor.py:830} INFO - Processing file /opt/airflow/dags/priority_one_number_two_dag.py for tasks to queue
[2024-04-19T09:04:10.548+0000] {logging_mixin.py:188} INFO - [2024-04-19T09:04:10.547+0000] {dagbag.py:540} INFO - Filling up the DagBag from /opt/airflow/dags/priority_one_number_two_dag.py
[2024-04-19T09:04:10.582+0000] {processor.py:840} INFO - DAG(s) 'priority_one_number_two_dag_v1' retrieved from /opt/airflow/dags/priority_one_number_two_dag.py
[2024-04-19T09:04:10.636+0000] {logging_mixin.py:188} INFO - [2024-04-19T09:04:10.635+0000] {dag.py:3096} INFO - Sync 1 DAGs
[2024-04-19T09:04:10.710+0000] {processor.py:183} INFO - Processing /opt/airflow/dags/priority_one_number_two_dag.py took 0.178 seconds
[2024-04-19T09:04:41.553+0000] {processor.py:161} INFO - Started process (PID=58) to work on /opt/airflow/dags/priority_one_number_two_dag.py
[2024-04-19T09:04:41.555+0000] {processor.py:830} INFO - Processing file /opt/airflow/dags/priority_one_number_two_dag.py for tasks to queue
[2024-04-19T09:04:41.557+0000] {logging_mixin.py:188} INFO - [2024-04-19T09:04:41.557+0000] {dagbag.py:540} INFO - Filling up the DagBag from /opt/airflow/dags/priority_one_number_two_dag.py
[2024-04-19T09:04:41.579+0000] {processor.py:840} INFO - DAG(s) 'priority_one_number_two_dag_v1' retrieved from /opt/airflow/dags/priority_one_number_two_dag.py
[2024-04-19T09:04:41.613+0000] {logging_mixin.py:188} INFO - [2024-04-19T09:04:41.613+0000] {dag.py:3096} INFO - Sync 1 DAGs
[2024-04-19T09:04:41.655+0000] {processor.py:183} INFO - Processing /opt/airflow/dags/priority_one_number_two_dag.py took 0.107 seconds
[2024-04-19T09:05:12.452+0000] {processor.py:161} INFO - Started process (PID=70) to work on /opt/airflow/dags/priority_one_number_two_dag.py
[2024-04-19T09:05:12.453+0000] {processor.py:830} INFO - Processing file /opt/airflow/dags/priority_one_number_two_dag.py for tasks to queue
[2024-04-19T09:05:12.459+0000] {logging_mixin.py:188} INFO - [2024-04-19T09:05:12.458+0000] {dagbag.py:540} INFO - Filling up the DagBag from /opt/airflow/dags/priority_one_number_two_dag.py
[2024-04-19T09:05:12.484+0000] {processor.py:840} INFO - DAG(s) 'priority_one_number_two_dag_v1' retrieved from /opt/airflow/dags/priority_one_number_two_dag.py
[2024-04-19T09:05:12.519+0000] {logging_mixin.py:188} INFO - [2024-04-19T09:05:12.518+0000] {dag.py:3096} INFO - Sync 1 DAGs
[2024-04-19T09:05:12.571+0000] {processor.py:183} INFO - Processing /opt/airflow/dags/priority_one_number_two_dag.py took 0.124 seconds
[2024-04-19T09:05:42.843+0000] {processor.py:161} INFO - Started process (PID=82) to work on /opt/airflow/dags/priority_one_number_two_dag.py
[2024-04-19T09:05:42.845+0000] {processor.py:830} INFO - Processing file /opt/airflow/dags/priority_one_number_two_dag.py for tasks to queue
[2024-04-19T09:05:42.848+0000] {logging_mixin.py:188} INFO - [2024-04-19T09:05:42.848+0000] {dagbag.py:540} INFO - Filling up the DagBag from /opt/airflow/dags/priority_one_number_two_dag.py
[2024-04-19T09:05:42.883+0000] {processor.py:840} INFO - DAG(s) 'priority_one_number_two_dag_v1' retrieved from /opt/airflow/dags/priority_one_number_two_dag.py
[2024-04-19T09:05:42.926+0000] {logging_mixin.py:188} INFO - [2024-04-19T09:05:42.925+0000] {dag.py:3096} INFO - Sync 1 DAGs
[2024-04-19T09:05:42.991+0000] {processor.py:183} INFO - Processing /opt/airflow/dags/priority_one_number_two_dag.py took 0.161 seconds
[2024-04-19T09:07:06.193+0000] {processor.py:161} INFO - Started process (PID=102) to work on /opt/airflow/dags/priority_one_number_two_dag.py
[2024-04-19T09:07:06.197+0000] {processor.py:830} INFO - Processing file /opt/airflow/dags/priority_one_number_two_dag.py for tasks to queue
[2024-04-19T09:07:06.199+0000] {logging_mixin.py:188} INFO - [2024-04-19T09:07:06.198+0000] {dagbag.py:540} INFO - Filling up the DagBag from /opt/airflow/dags/priority_one_number_two_dag.py
[2024-04-19T09:07:06.257+0000] {processor.py:840} INFO - DAG(s) 'priority_one_number_two_dag_v1' retrieved from /opt/airflow/dags/priority_one_number_two_dag.py
[2024-04-19T09:07:06.329+0000] {logging_mixin.py:188} INFO - [2024-04-19T09:07:06.328+0000] {dag.py:3096} INFO - Sync 1 DAGs
[2024-04-19T09:07:06.481+0000] {processor.py:183} INFO - Processing /opt/airflow/dags/priority_one_number_two_dag.py took 0.303 seconds
[2024-04-19T09:07:53.591+0000] {processor.py:161} INFO - Started process (PID=122) to work on /opt/airflow/dags/priority_one_number_two_dag.py
[2024-04-19T09:07:53.597+0000] {processor.py:830} INFO - Processing file /opt/airflow/dags/priority_one_number_two_dag.py for tasks to queue
[2024-04-19T09:07:53.600+0000] {logging_mixin.py:188} INFO - [2024-04-19T09:07:53.599+0000] {dagbag.py:540} INFO - Filling up the DagBag from /opt/airflow/dags/priority_one_number_two_dag.py
[2024-04-19T09:07:53.713+0000] {processor.py:840} INFO - DAG(s) 'priority_one_number_two_dag_v1' retrieved from /opt/airflow/dags/priority_one_number_two_dag.py
[2024-04-19T09:07:53.787+0000] {logging_mixin.py:188} INFO - [2024-04-19T09:07:53.787+0000] {dag.py:3096} INFO - Sync 1 DAGs
[2024-04-19T09:07:53.924+0000] {processor.py:183} INFO - Processing /opt/airflow/dags/priority_one_number_two_dag.py took 0.364 seconds
[2024-04-19T09:08:24.360+0000] {processor.py:161} INFO - Started process (PID=134) to work on /opt/airflow/dags/priority_one_number_two_dag.py
[2024-04-19T09:08:24.362+0000] {processor.py:830} INFO - Processing file /opt/airflow/dags/priority_one_number_two_dag.py for tasks to queue
[2024-04-19T09:08:24.363+0000] {logging_mixin.py:188} INFO - [2024-04-19T09:08:24.362+0000] {dagbag.py:540} INFO - Filling up the DagBag from /opt/airflow/dags/priority_one_number_two_dag.py
[2024-04-19T09:08:24.415+0000] {processor.py:840} INFO - DAG(s) 'priority_one_number_two_dag_v1' retrieved from /opt/airflow/dags/priority_one_number_two_dag.py
[2024-04-19T09:08:24.473+0000] {logging_mixin.py:188} INFO - [2024-04-19T09:08:24.472+0000] {dag.py:3096} INFO - Sync 1 DAGs
[2024-04-19T09:08:24.638+0000] {processor.py:183} INFO - Processing /opt/airflow/dags/priority_one_number_two_dag.py took 0.295 seconds
[2024-04-19T09:08:57.873+0000] {processor.py:161} INFO - Started process (PID=143) to work on /opt/airflow/dags/priority_one_number_two_dag.py
[2024-04-19T09:08:57.875+0000] {processor.py:830} INFO - Processing file /opt/airflow/dags/priority_one_number_two_dag.py for tasks to queue
[2024-04-19T09:08:57.885+0000] {logging_mixin.py:188} INFO - [2024-04-19T09:08:57.884+0000] {dagbag.py:540} INFO - Filling up the DagBag from /opt/airflow/dags/priority_one_number_two_dag.py
[2024-04-19T09:08:57.936+0000] {processor.py:840} INFO - DAG(s) 'priority_one_number_two_dag_v1' retrieved from /opt/airflow/dags/priority_one_number_two_dag.py
[2024-04-19T09:08:57.986+0000] {logging_mixin.py:188} INFO - [2024-04-19T09:08:57.985+0000] {dag.py:3096} INFO - Sync 1 DAGs
[2024-04-19T09:08:58.086+0000] {processor.py:183} INFO - Processing /opt/airflow/dags/priority_one_number_two_dag.py took 0.229 seconds
[2024-04-19T09:09:32.752+0000] {processor.py:161} INFO - Started process (PID=154) to work on /opt/airflow/dags/priority_one_number_two_dag.py
[2024-04-19T09:09:32.754+0000] {processor.py:830} INFO - Processing file /opt/airflow/dags/priority_one_number_two_dag.py for tasks to queue
[2024-04-19T09:09:32.755+0000] {logging_mixin.py:188} INFO - [2024-04-19T09:09:32.755+0000] {dagbag.py:540} INFO - Filling up the DagBag from /opt/airflow/dags/priority_one_number_two_dag.py
[2024-04-19T09:09:32.779+0000] {processor.py:840} INFO - DAG(s) 'priority_one_number_two_dag_v1' retrieved from /opt/airflow/dags/priority_one_number_two_dag.py
[2024-04-19T09:09:32.830+0000] {logging_mixin.py:188} INFO - [2024-04-19T09:09:32.829+0000] {dag.py:3096} INFO - Sync 1 DAGs
[2024-04-19T09:09:32.887+0000] {processor.py:183} INFO - Processing /opt/airflow/dags/priority_one_number_two_dag.py took 0.140 seconds
[2024-04-19T09:10:03.235+0000] {processor.py:161} INFO - Started process (PID=166) to work on /opt/airflow/dags/priority_one_number_two_dag.py
[2024-04-19T09:10:03.237+0000] {processor.py:830} INFO - Processing file /opt/airflow/dags/priority_one_number_two_dag.py for tasks to queue
[2024-04-19T09:10:03.239+0000] {logging_mixin.py:188} INFO - [2024-04-19T09:10:03.239+0000] {dagbag.py:540} INFO - Filling up the DagBag from /opt/airflow/dags/priority_one_number_two_dag.py
[2024-04-19T09:10:03.266+0000] {processor.py:840} INFO - DAG(s) 'priority_one_number_two_dag_v1' retrieved from /opt/airflow/dags/priority_one_number_two_dag.py
[2024-04-19T09:10:03.303+0000] {logging_mixin.py:188} INFO - [2024-04-19T09:10:03.302+0000] {dag.py:3096} INFO - Sync 1 DAGs
[2024-04-19T09:10:03.356+0000] {processor.py:183} INFO - Processing /opt/airflow/dags/priority_one_number_two_dag.py took 0.127 seconds
[2024-04-19T09:10:46.238+0000] {processor.py:161} INFO - Started process (PID=172) to work on /opt/airflow/dags/priority_one_number_two_dag.py
[2024-04-19T09:10:46.243+0000] {processor.py:830} INFO - Processing file /opt/airflow/dags/priority_one_number_two_dag.py for tasks to queue
[2024-04-19T09:10:46.307+0000] {logging_mixin.py:188} INFO - [2024-04-19T09:10:46.258+0000] {dagbag.py:540} INFO - Filling up the DagBag from /opt/airflow/dags/priority_one_number_two_dag.py
[2024-04-19T09:10:46.725+0000] {processor.py:840} INFO - DAG(s) 'priority_one_number_two_dag_v1' retrieved from /opt/airflow/dags/priority_one_number_two_dag.py
[2024-04-19T09:11:11.454+0000] {logging_mixin.py:188} INFO - [2024-04-19T09:11:11.453+0000] {dag.py:3096} INFO - Sync 1 DAGs
[2024-04-19T09:11:12.917+0000] {processor.py:183} INFO - Processing /opt/airflow/dags/priority_one_number_two_dag.py took 27.208 seconds
[2024-04-19T09:11:43.889+0000] {processor.py:161} INFO - Started process (PID=188) to work on /opt/airflow/dags/priority_one_number_two_dag.py
[2024-04-19T09:11:43.892+0000] {processor.py:830} INFO - Processing file /opt/airflow/dags/priority_one_number_two_dag.py for tasks to queue
[2024-04-19T09:11:43.904+0000] {logging_mixin.py:188} INFO - [2024-04-19T09:11:43.898+0000] {dagbag.py:540} INFO - Filling up the DagBag from /opt/airflow/dags/priority_one_number_two_dag.py
[2024-04-19T09:11:44.119+0000] {processor.py:840} INFO - DAG(s) 'priority_one_number_two_dag_v1' retrieved from /opt/airflow/dags/priority_one_number_two_dag.py
[2024-04-19T09:11:44.311+0000] {logging_mixin.py:188} INFO - [2024-04-19T09:11:44.310+0000] {dag.py:3096} INFO - Sync 1 DAGs
[2024-04-19T09:11:44.775+0000] {processor.py:183} INFO - Processing /opt/airflow/dags/priority_one_number_two_dag.py took 0.963 seconds
[2024-04-19T09:12:15.283+0000] {processor.py:161} INFO - Started process (PID=202) to work on /opt/airflow/dags/priority_one_number_two_dag.py
[2024-04-19T09:12:15.284+0000] {processor.py:830} INFO - Processing file /opt/airflow/dags/priority_one_number_two_dag.py for tasks to queue
[2024-04-19T09:12:15.286+0000] {logging_mixin.py:188} INFO - [2024-04-19T09:12:15.285+0000] {dagbag.py:540} INFO - Filling up the DagBag from /opt/airflow/dags/priority_one_number_two_dag.py
[2024-04-19T09:12:15.307+0000] {processor.py:840} INFO - DAG(s) 'priority_one_number_two_dag_v1' retrieved from /opt/airflow/dags/priority_one_number_two_dag.py
[2024-04-19T09:12:15.335+0000] {logging_mixin.py:188} INFO - [2024-04-19T09:12:15.335+0000] {dag.py:3096} INFO - Sync 1 DAGs
[2024-04-19T09:12:15.380+0000] {processor.py:183} INFO - Processing /opt/airflow/dags/priority_one_number_two_dag.py took 0.103 seconds
[2024-04-19T09:12:45.979+0000] {processor.py:161} INFO - Started process (PID=224) to work on /opt/airflow/dags/priority_one_number_two_dag.py
[2024-04-19T09:12:45.981+0000] {processor.py:830} INFO - Processing file /opt/airflow/dags/priority_one_number_two_dag.py for tasks to queue
[2024-04-19T09:12:45.984+0000] {logging_mixin.py:188} INFO - [2024-04-19T09:12:45.982+0000] {dagbag.py:540} INFO - Filling up the DagBag from /opt/airflow/dags/priority_one_number_two_dag.py
[2024-04-19T09:12:46.040+0000] {processor.py:840} INFO - DAG(s) 'priority_one_number_two_dag_v1' retrieved from /opt/airflow/dags/priority_one_number_two_dag.py
[2024-04-19T09:12:46.093+0000] {logging_mixin.py:188} INFO - [2024-04-19T09:12:46.093+0000] {dag.py:3096} INFO - Sync 1 DAGs
[2024-04-19T09:12:46.166+0000] {processor.py:183} INFO - Processing /opt/airflow/dags/priority_one_number_two_dag.py took 0.194 seconds
[2024-04-19T09:13:16.481+0000] {processor.py:161} INFO - Started process (PID=236) to work on /opt/airflow/dags/priority_one_number_two_dag.py
[2024-04-19T09:13:16.491+0000] {processor.py:830} INFO - Processing file /opt/airflow/dags/priority_one_number_two_dag.py for tasks to queue
[2024-04-19T09:13:16.495+0000] {logging_mixin.py:188} INFO - [2024-04-19T09:13:16.493+0000] {dagbag.py:540} INFO - Filling up the DagBag from /opt/airflow/dags/priority_one_number_two_dag.py
[2024-04-19T09:13:16.626+0000] {processor.py:840} INFO - DAG(s) 'priority_one_number_two_dag_v1' retrieved from /opt/airflow/dags/priority_one_number_two_dag.py
[2024-04-19T09:13:16.743+0000] {logging_mixin.py:188} INFO - [2024-04-19T09:13:16.743+0000] {dag.py:3096} INFO - Sync 1 DAGs
[2024-04-19T09:13:17.074+0000] {processor.py:183} INFO - Processing /opt/airflow/dags/priority_one_number_two_dag.py took 0.604 seconds
[2024-04-19T09:14:21.813+0000] {processor.py:161} INFO - Started process (PID=242) to work on /opt/airflow/dags/priority_one_number_two_dag.py
[2024-04-19T09:14:21.920+0000] {processor.py:830} INFO - Processing file /opt/airflow/dags/priority_one_number_two_dag.py for tasks to queue
[2024-04-19T09:14:22.342+0000] {logging_mixin.py:188} INFO - [2024-04-19T09:14:22.198+0000] {dagbag.py:540} INFO - Filling up the DagBag from /opt/airflow/dags/priority_one_number_two_dag.py
[2024-04-19T09:14:27.671+0000] {processor.py:840} INFO - DAG(s) 'priority_one_number_two_dag_v1' retrieved from /opt/airflow/dags/priority_one_number_two_dag.py
[2024-04-19T09:14:30.787+0000] {logging_mixin.py:188} INFO - [2024-04-19T09:14:30.763+0000] {dag.py:3096} INFO - Sync 1 DAGs
[2024-04-19T09:14:31.201+0000] {processor.py:183} INFO - Processing /opt/airflow/dags/priority_one_number_two_dag.py took 9.993 seconds
[2024-04-19T09:16:45.771+0000] {processor.py:161} INFO - Started process (PID=254) to work on /opt/airflow/dags/priority_one_number_two_dag.py
[2024-04-19T09:16:45.778+0000] {processor.py:830} INFO - Processing file /opt/airflow/dags/priority_one_number_two_dag.py for tasks to queue
[2024-04-19T09:16:45.782+0000] {logging_mixin.py:188} INFO - [2024-04-19T09:16:45.780+0000] {dagbag.py:540} INFO - Filling up the DagBag from /opt/airflow/dags/priority_one_number_two_dag.py
[2024-04-19T09:16:45.988+0000] {processor.py:840} INFO - DAG(s) 'priority_one_number_two_dag_v1' retrieved from /opt/airflow/dags/priority_one_number_two_dag.py
[2024-04-19T09:16:46.204+0000] {logging_mixin.py:188} INFO - [2024-04-19T09:16:46.203+0000] {dag.py:3096} INFO - Sync 1 DAGs
[2024-04-19T09:16:46.378+0000] {processor.py:183} INFO - Processing /opt/airflow/dags/priority_one_number_two_dag.py took 0.677 seconds
[2024-04-19T09:17:17.161+0000] {processor.py:161} INFO - Started process (PID=265) to work on /opt/airflow/dags/priority_one_number_two_dag.py
[2024-04-19T09:17:17.162+0000] {processor.py:830} INFO - Processing file /opt/airflow/dags/priority_one_number_two_dag.py for tasks to queue
[2024-04-19T09:17:17.164+0000] {logging_mixin.py:188} INFO - [2024-04-19T09:17:17.163+0000] {dagbag.py:540} INFO - Filling up the DagBag from /opt/airflow/dags/priority_one_number_two_dag.py
[2024-04-19T09:17:17.194+0000] {processor.py:840} INFO - DAG(s) 'priority_one_number_two_dag_v1' retrieved from /opt/airflow/dags/priority_one_number_two_dag.py
[2024-04-19T09:17:17.257+0000] {logging_mixin.py:188} INFO - [2024-04-19T09:17:17.256+0000] {dag.py:3096} INFO - Sync 1 DAGs
[2024-04-19T09:17:17.357+0000] {processor.py:183} INFO - Processing /opt/airflow/dags/priority_one_number_two_dag.py took 0.204 seconds
