[2024-04-21T21:04:33.913+0000] {processor.py:161} INFO - Started process (PID=38) to work on /opt/airflow/dags/exploration_dag.py
[2024-04-21T21:04:33.930+0000] {processor.py:830} INFO - Processing file /opt/airflow/dags/exploration_dag.py for tasks to queue
[2024-04-21T21:04:33.948+0000] {logging_mixin.py:188} INFO - [2024-04-21T21:04:33.944+0000] {dagbag.py:540} INFO - Filling up the DagBag from /opt/airflow/dags/exploration_dag.py
[2024-04-21T21:04:34.267+0000] {processor.py:840} INFO - DAG(s) 'exploration_dag_v1' retrieved from /opt/airflow/dags/exploration_dag.py
[2024-04-21T21:04:35.825+0000] {logging_mixin.py:188} INFO - [2024-04-21T21:04:35.820+0000] {dag.py:3096} INFO - Sync 1 DAGs
[2024-04-21T21:04:35.936+0000] {logging_mixin.py:188} INFO - [2024-04-21T21:04:35.935+0000] {dag.py:3954} INFO - Setting next_dagrun for exploration_dag_v1 to 2024-04-16 00:00:00+00:00, run_after=2024-04-17 00:00:00+00:00
[2024-04-21T21:04:36.061+0000] {processor.py:183} INFO - Processing /opt/airflow/dags/exploration_dag.py took 2.222 seconds
[2024-04-21T21:05:07.775+0000] {processor.py:161} INFO - Started process (PID=53) to work on /opt/airflow/dags/exploration_dag.py
[2024-04-21T21:05:07.785+0000] {processor.py:830} INFO - Processing file /opt/airflow/dags/exploration_dag.py for tasks to queue
[2024-04-21T21:05:07.801+0000] {logging_mixin.py:188} INFO - [2024-04-21T21:05:07.799+0000] {dagbag.py:540} INFO - Filling up the DagBag from /opt/airflow/dags/exploration_dag.py
[2024-04-21T21:05:15.056+0000] {processor.py:840} INFO - DAG(s) 'exploration_dag_v1' retrieved from /opt/airflow/dags/exploration_dag.py
[2024-04-21T21:05:15.690+0000] {logging_mixin.py:188} INFO - [2024-04-21T21:05:15.689+0000] {dag.py:3096} INFO - Sync 1 DAGs
[2024-04-21T21:05:17.250+0000] {logging_mixin.py:188} INFO - [2024-04-21T21:05:17.248+0000] {dag.py:3954} INFO - Setting next_dagrun for exploration_dag_v1 to 2024-04-16 00:00:00+00:00, run_after=2024-04-17 00:00:00+00:00
[2024-04-21T21:05:18.011+0000] {processor.py:183} INFO - Processing /opt/airflow/dags/exploration_dag.py took 10.312 seconds
[2024-04-21T21:05:49.243+0000] {processor.py:161} INFO - Started process (PID=64) to work on /opt/airflow/dags/exploration_dag.py
[2024-04-21T21:05:49.255+0000] {processor.py:830} INFO - Processing file /opt/airflow/dags/exploration_dag.py for tasks to queue
[2024-04-21T21:05:49.261+0000] {logging_mixin.py:188} INFO - [2024-04-21T21:05:49.260+0000] {dagbag.py:540} INFO - Filling up the DagBag from /opt/airflow/dags/exploration_dag.py
[2024-04-21T21:05:49.603+0000] {processor.py:840} INFO - DAG(s) 'exploration_dag_v1' retrieved from /opt/airflow/dags/exploration_dag.py
[2024-04-21T21:05:49.749+0000] {logging_mixin.py:188} INFO - [2024-04-21T21:05:49.748+0000] {dag.py:3096} INFO - Sync 1 DAGs
[2024-04-21T21:05:49.917+0000] {logging_mixin.py:188} INFO - [2024-04-21T21:05:49.916+0000] {dag.py:3954} INFO - Setting next_dagrun for exploration_dag_v1 to 2024-04-16 00:00:00+00:00, run_after=2024-04-17 00:00:00+00:00
[2024-04-21T21:05:50.186+0000] {processor.py:183} INFO - Processing /opt/airflow/dags/exploration_dag.py took 0.960 seconds
[2024-04-21T21:06:20.557+0000] {processor.py:161} INFO - Started process (PID=75) to work on /opt/airflow/dags/exploration_dag.py
[2024-04-21T21:06:20.558+0000] {processor.py:830} INFO - Processing file /opt/airflow/dags/exploration_dag.py for tasks to queue
[2024-04-21T21:06:20.560+0000] {logging_mixin.py:188} INFO - [2024-04-21T21:06:20.560+0000] {dagbag.py:540} INFO - Filling up the DagBag from /opt/airflow/dags/exploration_dag.py
[2024-04-21T21:06:20.617+0000] {processor.py:840} INFO - DAG(s) 'exploration_dag_v1' retrieved from /opt/airflow/dags/exploration_dag.py
[2024-04-21T21:06:20.646+0000] {logging_mixin.py:188} INFO - [2024-04-21T21:06:20.646+0000] {dag.py:3096} INFO - Sync 1 DAGs
[2024-04-21T21:06:20.676+0000] {logging_mixin.py:188} INFO - [2024-04-21T21:06:20.676+0000] {dag.py:3954} INFO - Setting next_dagrun for exploration_dag_v1 to 2024-04-16 00:00:00+00:00, run_after=2024-04-17 00:00:00+00:00
[2024-04-21T21:06:20.706+0000] {processor.py:183} INFO - Processing /opt/airflow/dags/exploration_dag.py took 0.156 seconds
[2024-04-21T21:06:50.885+0000] {processor.py:161} INFO - Started process (PID=87) to work on /opt/airflow/dags/exploration_dag.py
[2024-04-21T21:06:50.889+0000] {processor.py:830} INFO - Processing file /opt/airflow/dags/exploration_dag.py for tasks to queue
[2024-04-21T21:06:50.897+0000] {logging_mixin.py:188} INFO - [2024-04-21T21:06:50.896+0000] {dagbag.py:540} INFO - Filling up the DagBag from /opt/airflow/dags/exploration_dag.py
[2024-04-21T21:06:51.007+0000] {processor.py:840} INFO - DAG(s) 'exploration_dag_v1' retrieved from /opt/airflow/dags/exploration_dag.py
[2024-04-21T21:06:51.113+0000] {logging_mixin.py:188} INFO - [2024-04-21T21:06:51.105+0000] {dag.py:3096} INFO - Sync 1 DAGs
[2024-04-21T21:06:51.171+0000] {logging_mixin.py:188} INFO - [2024-04-21T21:06:51.170+0000] {dag.py:3954} INFO - Setting next_dagrun for exploration_dag_v1 to 2024-04-16 00:00:00+00:00, run_after=2024-04-17 00:00:00+00:00
[2024-04-21T21:06:51.219+0000] {processor.py:183} INFO - Processing /opt/airflow/dags/exploration_dag.py took 0.345 seconds
[2024-04-21T21:07:21.877+0000] {processor.py:161} INFO - Started process (PID=99) to work on /opt/airflow/dags/exploration_dag.py
[2024-04-21T21:07:21.879+0000] {processor.py:830} INFO - Processing file /opt/airflow/dags/exploration_dag.py for tasks to queue
[2024-04-21T21:07:21.881+0000] {logging_mixin.py:188} INFO - [2024-04-21T21:07:21.880+0000] {dagbag.py:540} INFO - Filling up the DagBag from /opt/airflow/dags/exploration_dag.py
[2024-04-21T21:07:21.937+0000] {processor.py:840} INFO - DAG(s) 'exploration_dag_v1' retrieved from /opt/airflow/dags/exploration_dag.py
[2024-04-21T21:07:21.967+0000] {logging_mixin.py:188} INFO - [2024-04-21T21:07:21.967+0000] {dag.py:3096} INFO - Sync 1 DAGs
[2024-04-21T21:07:21.998+0000] {logging_mixin.py:188} INFO - [2024-04-21T21:07:21.998+0000] {dag.py:3954} INFO - Setting next_dagrun for exploration_dag_v1 to 2024-04-16 00:00:00+00:00, run_after=2024-04-17 00:00:00+00:00
[2024-04-21T21:07:22.027+0000] {processor.py:183} INFO - Processing /opt/airflow/dags/exploration_dag.py took 0.158 seconds
[2024-04-21T21:07:52.536+0000] {processor.py:161} INFO - Started process (PID=111) to work on /opt/airflow/dags/exploration_dag.py
[2024-04-21T21:07:52.538+0000] {processor.py:830} INFO - Processing file /opt/airflow/dags/exploration_dag.py for tasks to queue
[2024-04-21T21:07:52.541+0000] {logging_mixin.py:188} INFO - [2024-04-21T21:07:52.540+0000] {dagbag.py:540} INFO - Filling up the DagBag from /opt/airflow/dags/exploration_dag.py
[2024-04-21T21:07:52.582+0000] {processor.py:840} INFO - DAG(s) 'exploration_dag_v1' retrieved from /opt/airflow/dags/exploration_dag.py
[2024-04-21T21:07:52.611+0000] {logging_mixin.py:188} INFO - [2024-04-21T21:07:52.611+0000] {dag.py:3096} INFO - Sync 1 DAGs
[2024-04-21T21:07:52.633+0000] {logging_mixin.py:188} INFO - [2024-04-21T21:07:52.633+0000] {dag.py:3954} INFO - Setting next_dagrun for exploration_dag_v1 to 2024-04-16 00:00:00+00:00, run_after=2024-04-17 00:00:00+00:00
[2024-04-21T21:07:52.670+0000] {processor.py:183} INFO - Processing /opt/airflow/dags/exploration_dag.py took 0.139 seconds
[2024-04-21T21:08:24.028+0000] {processor.py:161} INFO - Started process (PID=123) to work on /opt/airflow/dags/exploration_dag.py
[2024-04-21T21:08:24.049+0000] {processor.py:830} INFO - Processing file /opt/airflow/dags/exploration_dag.py for tasks to queue
[2024-04-21T21:08:24.122+0000] {logging_mixin.py:188} INFO - [2024-04-21T21:08:24.113+0000] {dagbag.py:540} INFO - Filling up the DagBag from /opt/airflow/dags/exploration_dag.py
[2024-04-21T21:08:25.052+0000] {processor.py:840} INFO - DAG(s) 'exploration_dag_v1' retrieved from /opt/airflow/dags/exploration_dag.py
[2024-04-21T21:08:25.468+0000] {logging_mixin.py:188} INFO - [2024-04-21T21:08:25.467+0000] {dag.py:3096} INFO - Sync 1 DAGs
[2024-04-21T21:08:25.908+0000] {logging_mixin.py:188} INFO - [2024-04-21T21:08:25.908+0000] {dag.py:3954} INFO - Setting next_dagrun for exploration_dag_v1 to 2024-04-16 00:00:00+00:00, run_after=2024-04-17 00:00:00+00:00
[2024-04-21T21:08:26.089+0000] {processor.py:183} INFO - Processing /opt/airflow/dags/exploration_dag.py took 2.118 seconds
[2024-04-21T21:08:56.847+0000] {processor.py:161} INFO - Started process (PID=139) to work on /opt/airflow/dags/exploration_dag.py
[2024-04-21T21:08:56.848+0000] {processor.py:830} INFO - Processing file /opt/airflow/dags/exploration_dag.py for tasks to queue
[2024-04-21T21:08:56.851+0000] {logging_mixin.py:188} INFO - [2024-04-21T21:08:56.850+0000] {dagbag.py:540} INFO - Filling up the DagBag from /opt/airflow/dags/exploration_dag.py
[2024-04-21T21:08:56.903+0000] {processor.py:840} INFO - DAG(s) 'exploration_dag_v1' retrieved from /opt/airflow/dags/exploration_dag.py
[2024-04-21T21:08:56.941+0000] {logging_mixin.py:188} INFO - [2024-04-21T21:08:56.940+0000] {dag.py:3096} INFO - Sync 1 DAGs
[2024-04-21T21:08:56.975+0000] {logging_mixin.py:188} INFO - [2024-04-21T21:08:56.974+0000] {dag.py:3954} INFO - Setting next_dagrun for exploration_dag_v1 to 2024-04-16 00:00:00+00:00, run_after=2024-04-17 00:00:00+00:00
[2024-04-21T21:08:57.003+0000] {processor.py:183} INFO - Processing /opt/airflow/dags/exploration_dag.py took 0.165 seconds
[2024-04-21T21:09:27.146+0000] {processor.py:161} INFO - Started process (PID=150) to work on /opt/airflow/dags/exploration_dag.py
[2024-04-21T21:09:27.147+0000] {processor.py:830} INFO - Processing file /opt/airflow/dags/exploration_dag.py for tasks to queue
[2024-04-21T21:09:27.149+0000] {logging_mixin.py:188} INFO - [2024-04-21T21:09:27.149+0000] {dagbag.py:540} INFO - Filling up the DagBag from /opt/airflow/dags/exploration_dag.py
[2024-04-21T21:09:27.202+0000] {processor.py:840} INFO - DAG(s) 'exploration_dag_v1' retrieved from /opt/airflow/dags/exploration_dag.py
[2024-04-21T21:09:27.233+0000] {logging_mixin.py:188} INFO - [2024-04-21T21:09:27.233+0000] {dag.py:3096} INFO - Sync 1 DAGs
[2024-04-21T21:09:27.262+0000] {logging_mixin.py:188} INFO - [2024-04-21T21:09:27.262+0000] {dag.py:3954} INFO - Setting next_dagrun for exploration_dag_v1 to 2024-04-16 00:00:00+00:00, run_after=2024-04-17 00:00:00+00:00
[2024-04-21T21:09:27.291+0000] {processor.py:183} INFO - Processing /opt/airflow/dags/exploration_dag.py took 0.156 seconds
[2024-04-21T21:09:57.509+0000] {processor.py:161} INFO - Started process (PID=162) to work on /opt/airflow/dags/exploration_dag.py
[2024-04-21T21:09:57.520+0000] {processor.py:830} INFO - Processing file /opt/airflow/dags/exploration_dag.py for tasks to queue
[2024-04-21T21:09:57.537+0000] {logging_mixin.py:188} INFO - [2024-04-21T21:09:57.533+0000] {dagbag.py:540} INFO - Filling up the DagBag from /opt/airflow/dags/exploration_dag.py
[2024-04-21T21:09:57.613+0000] {processor.py:840} INFO - DAG(s) 'exploration_dag_v1' retrieved from /opt/airflow/dags/exploration_dag.py
[2024-04-21T21:09:57.649+0000] {logging_mixin.py:188} INFO - [2024-04-21T21:09:57.648+0000] {dag.py:3096} INFO - Sync 1 DAGs
[2024-04-21T21:09:57.678+0000] {logging_mixin.py:188} INFO - [2024-04-21T21:09:57.678+0000] {dag.py:3954} INFO - Setting next_dagrun for exploration_dag_v1 to 2024-04-16 00:00:00+00:00, run_after=2024-04-17 00:00:00+00:00
[2024-04-21T21:09:57.704+0000] {processor.py:183} INFO - Processing /opt/airflow/dags/exploration_dag.py took 0.204 seconds
[2024-04-21T21:10:27.860+0000] {processor.py:161} INFO - Started process (PID=174) to work on /opt/airflow/dags/exploration_dag.py
[2024-04-21T21:10:27.864+0000] {processor.py:830} INFO - Processing file /opt/airflow/dags/exploration_dag.py for tasks to queue
[2024-04-21T21:10:27.866+0000] {logging_mixin.py:188} INFO - [2024-04-21T21:10:27.866+0000] {dagbag.py:540} INFO - Filling up the DagBag from /opt/airflow/dags/exploration_dag.py
[2024-04-21T21:10:27.924+0000] {processor.py:840} INFO - DAG(s) 'exploration_dag_v1' retrieved from /opt/airflow/dags/exploration_dag.py
[2024-04-21T21:10:27.967+0000] {logging_mixin.py:188} INFO - [2024-04-21T21:10:27.967+0000] {dag.py:3096} INFO - Sync 1 DAGs
[2024-04-21T21:10:28.013+0000] {logging_mixin.py:188} INFO - [2024-04-21T21:10:28.012+0000] {dag.py:3954} INFO - Setting next_dagrun for exploration_dag_v1 to 2024-04-16 00:00:00+00:00, run_after=2024-04-17 00:00:00+00:00
[2024-04-21T21:10:28.042+0000] {processor.py:183} INFO - Processing /opt/airflow/dags/exploration_dag.py took 0.193 seconds
[2024-04-21T21:10:58.962+0000] {processor.py:161} INFO - Started process (PID=186) to work on /opt/airflow/dags/exploration_dag.py
[2024-04-21T21:10:58.964+0000] {processor.py:830} INFO - Processing file /opt/airflow/dags/exploration_dag.py for tasks to queue
[2024-04-21T21:10:58.966+0000] {logging_mixin.py:188} INFO - [2024-04-21T21:10:58.966+0000] {dagbag.py:540} INFO - Filling up the DagBag from /opt/airflow/dags/exploration_dag.py
[2024-04-21T21:10:59.008+0000] {processor.py:840} INFO - DAG(s) 'exploration_dag_v1' retrieved from /opt/airflow/dags/exploration_dag.py
[2024-04-21T21:10:59.040+0000] {logging_mixin.py:188} INFO - [2024-04-21T21:10:59.038+0000] {dag.py:3096} INFO - Sync 1 DAGs
[2024-04-21T21:10:59.074+0000] {logging_mixin.py:188} INFO - [2024-04-21T21:10:59.074+0000] {dag.py:3954} INFO - Setting next_dagrun for exploration_dag_v1 to 2024-04-16 00:00:00+00:00, run_after=2024-04-17 00:00:00+00:00
[2024-04-21T21:10:59.100+0000] {processor.py:183} INFO - Processing /opt/airflow/dags/exploration_dag.py took 0.150 seconds
[2024-04-21T21:11:29.637+0000] {processor.py:161} INFO - Started process (PID=198) to work on /opt/airflow/dags/exploration_dag.py
[2024-04-21T21:11:29.638+0000] {processor.py:830} INFO - Processing file /opt/airflow/dags/exploration_dag.py for tasks to queue
[2024-04-21T21:11:29.640+0000] {logging_mixin.py:188} INFO - [2024-04-21T21:11:29.640+0000] {dagbag.py:540} INFO - Filling up the DagBag from /opt/airflow/dags/exploration_dag.py
[2024-04-21T21:11:29.688+0000] {processor.py:840} INFO - DAG(s) 'exploration_dag_v1' retrieved from /opt/airflow/dags/exploration_dag.py
[2024-04-21T21:11:29.717+0000] {logging_mixin.py:188} INFO - [2024-04-21T21:11:29.717+0000] {dag.py:3096} INFO - Sync 1 DAGs
[2024-04-21T21:11:29.743+0000] {logging_mixin.py:188} INFO - [2024-04-21T21:11:29.743+0000] {dag.py:3954} INFO - Setting next_dagrun for exploration_dag_v1 to 2024-04-16 00:00:00+00:00, run_after=2024-04-17 00:00:00+00:00
[2024-04-21T21:11:29.768+0000] {processor.py:183} INFO - Processing /opt/airflow/dags/exploration_dag.py took 0.137 seconds
[2024-04-21T21:12:00.246+0000] {processor.py:161} INFO - Started process (PID=210) to work on /opt/airflow/dags/exploration_dag.py
[2024-04-21T21:12:00.248+0000] {processor.py:830} INFO - Processing file /opt/airflow/dags/exploration_dag.py for tasks to queue
[2024-04-21T21:12:00.253+0000] {logging_mixin.py:188} INFO - [2024-04-21T21:12:00.252+0000] {dagbag.py:540} INFO - Filling up the DagBag from /opt/airflow/dags/exploration_dag.py
[2024-04-21T21:12:00.290+0000] {processor.py:840} INFO - DAG(s) 'exploration_dag_v1' retrieved from /opt/airflow/dags/exploration_dag.py
[2024-04-21T21:12:00.318+0000] {logging_mixin.py:188} INFO - [2024-04-21T21:12:00.318+0000] {dag.py:3096} INFO - Sync 1 DAGs
[2024-04-21T21:12:00.343+0000] {logging_mixin.py:188} INFO - [2024-04-21T21:12:00.342+0000] {dag.py:3954} INFO - Setting next_dagrun for exploration_dag_v1 to 2024-04-16 00:00:00+00:00, run_after=2024-04-17 00:00:00+00:00
[2024-04-21T21:12:00.366+0000] {processor.py:183} INFO - Processing /opt/airflow/dags/exploration_dag.py took 0.126 seconds
[2024-04-21T21:12:30.463+0000] {processor.py:161} INFO - Started process (PID=222) to work on /opt/airflow/dags/exploration_dag.py
[2024-04-21T21:12:30.465+0000] {processor.py:830} INFO - Processing file /opt/airflow/dags/exploration_dag.py for tasks to queue
[2024-04-21T21:12:30.469+0000] {logging_mixin.py:188} INFO - [2024-04-21T21:12:30.468+0000] {dagbag.py:540} INFO - Filling up the DagBag from /opt/airflow/dags/exploration_dag.py
[2024-04-21T21:12:30.534+0000] {processor.py:840} INFO - DAG(s) 'exploration_dag_v1' retrieved from /opt/airflow/dags/exploration_dag.py
[2024-04-21T21:12:30.566+0000] {logging_mixin.py:188} INFO - [2024-04-21T21:12:30.565+0000] {dag.py:3096} INFO - Sync 1 DAGs
[2024-04-21T21:12:30.595+0000] {logging_mixin.py:188} INFO - [2024-04-21T21:12:30.594+0000] {dag.py:3954} INFO - Setting next_dagrun for exploration_dag_v1 to 2024-04-16 00:00:00+00:00, run_after=2024-04-17 00:00:00+00:00
[2024-04-21T21:12:30.626+0000] {processor.py:183} INFO - Processing /opt/airflow/dags/exploration_dag.py took 0.173 seconds
[2024-04-21T21:13:01.369+0000] {processor.py:161} INFO - Started process (PID=235) to work on /opt/airflow/dags/exploration_dag.py
[2024-04-21T21:13:01.394+0000] {processor.py:830} INFO - Processing file /opt/airflow/dags/exploration_dag.py for tasks to queue
[2024-04-21T21:13:01.470+0000] {logging_mixin.py:188} INFO - [2024-04-21T21:13:01.460+0000] {dagbag.py:540} INFO - Filling up the DagBag from /opt/airflow/dags/exploration_dag.py
[2024-04-21T21:13:02.035+0000] {processor.py:840} INFO - DAG(s) 'exploration_dag_v1' retrieved from /opt/airflow/dags/exploration_dag.py
[2024-04-21T21:13:02.121+0000] {logging_mixin.py:188} INFO - [2024-04-21T21:13:02.120+0000] {dag.py:3096} INFO - Sync 1 DAGs
[2024-04-21T21:13:02.190+0000] {logging_mixin.py:188} INFO - [2024-04-21T21:13:02.189+0000] {dag.py:3954} INFO - Setting next_dagrun for exploration_dag_v1 to 2024-04-16 00:00:00+00:00, run_after=2024-04-17 00:00:00+00:00
[2024-04-21T21:13:02.279+0000] {processor.py:183} INFO - Processing /opt/airflow/dags/exploration_dag.py took 1.175 seconds
[2024-04-21T21:13:32.710+0000] {processor.py:161} INFO - Started process (PID=247) to work on /opt/airflow/dags/exploration_dag.py
[2024-04-21T21:13:32.711+0000] {processor.py:830} INFO - Processing file /opt/airflow/dags/exploration_dag.py for tasks to queue
[2024-04-21T21:13:32.714+0000] {logging_mixin.py:188} INFO - [2024-04-21T21:13:32.713+0000] {dagbag.py:540} INFO - Filling up the DagBag from /opt/airflow/dags/exploration_dag.py
[2024-04-21T21:13:32.762+0000] {processor.py:840} INFO - DAG(s) 'exploration_dag_v1' retrieved from /opt/airflow/dags/exploration_dag.py
[2024-04-21T21:13:32.792+0000] {logging_mixin.py:188} INFO - [2024-04-21T21:13:32.791+0000] {dag.py:3096} INFO - Sync 1 DAGs
[2024-04-21T21:13:32.819+0000] {logging_mixin.py:188} INFO - [2024-04-21T21:13:32.818+0000] {dag.py:3954} INFO - Setting next_dagrun for exploration_dag_v1 to 2024-04-16 00:00:00+00:00, run_after=2024-04-17 00:00:00+00:00
[2024-04-21T21:13:32.847+0000] {processor.py:183} INFO - Processing /opt/airflow/dags/exploration_dag.py took 0.145 seconds
[2024-04-21T21:14:02.908+0000] {processor.py:161} INFO - Started process (PID=259) to work on /opt/airflow/dags/exploration_dag.py
[2024-04-21T21:14:02.909+0000] {processor.py:830} INFO - Processing file /opt/airflow/dags/exploration_dag.py for tasks to queue
[2024-04-21T21:14:02.911+0000] {logging_mixin.py:188} INFO - [2024-04-21T21:14:02.911+0000] {dagbag.py:540} INFO - Filling up the DagBag from /opt/airflow/dags/exploration_dag.py
[2024-04-21T21:14:02.953+0000] {processor.py:840} INFO - DAG(s) 'exploration_dag_v1' retrieved from /opt/airflow/dags/exploration_dag.py
[2024-04-21T21:14:02.979+0000] {logging_mixin.py:188} INFO - [2024-04-21T21:14:02.978+0000] {dag.py:3096} INFO - Sync 1 DAGs
[2024-04-21T21:14:03.004+0000] {logging_mixin.py:188} INFO - [2024-04-21T21:14:03.004+0000] {dag.py:3954} INFO - Setting next_dagrun for exploration_dag_v1 to 2024-04-16 00:00:00+00:00, run_after=2024-04-17 00:00:00+00:00
[2024-04-21T21:14:03.030+0000] {processor.py:183} INFO - Processing /opt/airflow/dags/exploration_dag.py took 0.128 seconds
[2024-04-21T21:14:33.658+0000] {processor.py:161} INFO - Started process (PID=271) to work on /opt/airflow/dags/exploration_dag.py
[2024-04-21T21:14:33.659+0000] {processor.py:830} INFO - Processing file /opt/airflow/dags/exploration_dag.py for tasks to queue
[2024-04-21T21:14:33.661+0000] {logging_mixin.py:188} INFO - [2024-04-21T21:14:33.660+0000] {dagbag.py:540} INFO - Filling up the DagBag from /opt/airflow/dags/exploration_dag.py
[2024-04-21T21:14:33.713+0000] {processor.py:840} INFO - DAG(s) 'exploration_dag_v1' retrieved from /opt/airflow/dags/exploration_dag.py
[2024-04-21T21:14:33.769+0000] {logging_mixin.py:188} INFO - [2024-04-21T21:14:33.769+0000] {dag.py:3096} INFO - Sync 1 DAGs
[2024-04-21T21:14:33.819+0000] {logging_mixin.py:188} INFO - [2024-04-21T21:14:33.818+0000] {dag.py:3954} INFO - Setting next_dagrun for exploration_dag_v1 to 2024-04-16 00:00:00+00:00, run_after=2024-04-17 00:00:00+00:00
[2024-04-21T21:14:33.862+0000] {processor.py:183} INFO - Processing /opt/airflow/dags/exploration_dag.py took 0.211 seconds
[2024-04-21T21:15:04.360+0000] {processor.py:161} INFO - Started process (PID=283) to work on /opt/airflow/dags/exploration_dag.py
[2024-04-21T21:15:04.361+0000] {processor.py:830} INFO - Processing file /opt/airflow/dags/exploration_dag.py for tasks to queue
[2024-04-21T21:15:04.363+0000] {logging_mixin.py:188} INFO - [2024-04-21T21:15:04.363+0000] {dagbag.py:540} INFO - Filling up the DagBag from /opt/airflow/dags/exploration_dag.py
[2024-04-21T21:15:04.408+0000] {processor.py:840} INFO - DAG(s) 'exploration_dag_v1' retrieved from /opt/airflow/dags/exploration_dag.py
[2024-04-21T21:15:04.444+0000] {logging_mixin.py:188} INFO - [2024-04-21T21:15:04.444+0000] {dag.py:3096} INFO - Sync 1 DAGs
[2024-04-21T21:15:04.472+0000] {logging_mixin.py:188} INFO - [2024-04-21T21:15:04.471+0000] {dag.py:3954} INFO - Setting next_dagrun for exploration_dag_v1 to 2024-04-16 00:00:00+00:00, run_after=2024-04-17 00:00:00+00:00
[2024-04-21T21:15:04.494+0000] {processor.py:183} INFO - Processing /opt/airflow/dags/exploration_dag.py took 0.140 seconds
[2024-04-21T21:15:35.063+0000] {processor.py:161} INFO - Started process (PID=294) to work on /opt/airflow/dags/exploration_dag.py
[2024-04-21T21:15:35.070+0000] {processor.py:830} INFO - Processing file /opt/airflow/dags/exploration_dag.py for tasks to queue
[2024-04-21T21:15:35.085+0000] {logging_mixin.py:188} INFO - [2024-04-21T21:15:35.081+0000] {dagbag.py:540} INFO - Filling up the DagBag from /opt/airflow/dags/exploration_dag.py
[2024-04-21T21:15:35.190+0000] {processor.py:840} INFO - DAG(s) 'exploration_dag_v1' retrieved from /opt/airflow/dags/exploration_dag.py
[2024-04-21T21:15:35.285+0000] {logging_mixin.py:188} INFO - [2024-04-21T21:15:35.285+0000] {dag.py:3096} INFO - Sync 1 DAGs
[2024-04-21T21:15:35.369+0000] {logging_mixin.py:188} INFO - [2024-04-21T21:15:35.369+0000] {dag.py:3954} INFO - Setting next_dagrun for exploration_dag_v1 to 2024-04-16 00:00:00+00:00, run_after=2024-04-17 00:00:00+00:00
[2024-04-21T21:15:35.436+0000] {processor.py:183} INFO - Processing /opt/airflow/dags/exploration_dag.py took 0.408 seconds
[2024-04-21T21:16:05.559+0000] {processor.py:161} INFO - Started process (PID=304) to work on /opt/airflow/dags/exploration_dag.py
[2024-04-21T21:16:05.561+0000] {processor.py:830} INFO - Processing file /opt/airflow/dags/exploration_dag.py for tasks to queue
[2024-04-21T21:16:05.565+0000] {logging_mixin.py:188} INFO - [2024-04-21T21:16:05.565+0000] {dagbag.py:540} INFO - Filling up the DagBag from /opt/airflow/dags/exploration_dag.py
[2024-04-21T21:16:05.898+0000] {processor.py:840} INFO - DAG(s) 'exploration_dag_v1' retrieved from /opt/airflow/dags/exploration_dag.py
[2024-04-21T21:16:06.023+0000] {logging_mixin.py:188} INFO - [2024-04-21T21:16:06.023+0000] {dag.py:3096} INFO - Sync 1 DAGs
[2024-04-21T21:16:06.123+0000] {logging_mixin.py:188} INFO - [2024-04-21T21:16:06.122+0000] {dag.py:3954} INFO - Setting next_dagrun for exploration_dag_v1 to 2024-04-16 00:00:00+00:00, run_after=2024-04-17 00:00:00+00:00
[2024-04-21T21:16:06.184+0000] {processor.py:183} INFO - Processing /opt/airflow/dags/exploration_dag.py took 0.635 seconds
[2024-04-21T21:16:36.751+0000] {processor.py:161} INFO - Started process (PID=316) to work on /opt/airflow/dags/exploration_dag.py
[2024-04-21T21:16:36.753+0000] {processor.py:830} INFO - Processing file /opt/airflow/dags/exploration_dag.py for tasks to queue
[2024-04-21T21:16:36.755+0000] {logging_mixin.py:188} INFO - [2024-04-21T21:16:36.754+0000] {dagbag.py:540} INFO - Filling up the DagBag from /opt/airflow/dags/exploration_dag.py
[2024-04-21T21:16:36.798+0000] {processor.py:840} INFO - DAG(s) 'exploration_dag_v1' retrieved from /opt/airflow/dags/exploration_dag.py
[2024-04-21T21:16:36.826+0000] {logging_mixin.py:188} INFO - [2024-04-21T21:16:36.825+0000] {dag.py:3096} INFO - Sync 1 DAGs
[2024-04-21T21:16:36.851+0000] {logging_mixin.py:188} INFO - [2024-04-21T21:16:36.851+0000] {dag.py:3954} INFO - Setting next_dagrun for exploration_dag_v1 to 2024-04-16 00:00:00+00:00, run_after=2024-04-17 00:00:00+00:00
[2024-04-21T21:16:36.876+0000] {processor.py:183} INFO - Processing /opt/airflow/dags/exploration_dag.py took 0.131 seconds
[2024-04-21T21:17:08.192+0000] {processor.py:161} INFO - Started process (PID=328) to work on /opt/airflow/dags/exploration_dag.py
[2024-04-21T21:17:08.208+0000] {processor.py:830} INFO - Processing file /opt/airflow/dags/exploration_dag.py for tasks to queue
[2024-04-21T21:17:08.257+0000] {logging_mixin.py:188} INFO - [2024-04-21T21:17:08.253+0000] {dagbag.py:540} INFO - Filling up the DagBag from /opt/airflow/dags/exploration_dag.py
[2024-04-21T21:17:08.671+0000] {processor.py:840} INFO - DAG(s) 'exploration_dag_v1' retrieved from /opt/airflow/dags/exploration_dag.py
[2024-04-21T21:17:09.983+0000] {logging_mixin.py:188} INFO - [2024-04-21T21:17:09.982+0000] {dag.py:3096} INFO - Sync 1 DAGs
[2024-04-21T21:17:11.052+0000] {logging_mixin.py:188} INFO - [2024-04-21T21:17:11.041+0000] {dag.py:3954} INFO - Setting next_dagrun for exploration_dag_v1 to 2024-04-16 00:00:00+00:00, run_after=2024-04-17 00:00:00+00:00
[2024-04-21T21:17:11.256+0000] {processor.py:183} INFO - Processing /opt/airflow/dags/exploration_dag.py took 3.273 seconds
[2024-04-21T21:17:41.506+0000] {processor.py:161} INFO - Started process (PID=340) to work on /opt/airflow/dags/exploration_dag.py
[2024-04-21T21:17:41.509+0000] {processor.py:830} INFO - Processing file /opt/airflow/dags/exploration_dag.py for tasks to queue
[2024-04-21T21:17:41.514+0000] {logging_mixin.py:188} INFO - [2024-04-21T21:17:41.513+0000] {dagbag.py:540} INFO - Filling up the DagBag from /opt/airflow/dags/exploration_dag.py
[2024-04-21T21:17:41.653+0000] {processor.py:840} INFO - DAG(s) 'exploration_dag_v1' retrieved from /opt/airflow/dags/exploration_dag.py
[2024-04-21T21:17:41.726+0000] {logging_mixin.py:188} INFO - [2024-04-21T21:17:41.725+0000] {dag.py:3096} INFO - Sync 1 DAGs
[2024-04-21T21:17:41.793+0000] {logging_mixin.py:188} INFO - [2024-04-21T21:17:41.791+0000] {dag.py:3954} INFO - Setting next_dagrun for exploration_dag_v1 to 2024-04-16 00:00:00+00:00, run_after=2024-04-17 00:00:00+00:00
[2024-04-21T21:17:41.845+0000] {processor.py:183} INFO - Processing /opt/airflow/dags/exploration_dag.py took 0.351 seconds
[2024-04-21T21:18:12.725+0000] {processor.py:161} INFO - Started process (PID=352) to work on /opt/airflow/dags/exploration_dag.py
[2024-04-21T21:18:12.729+0000] {processor.py:830} INFO - Processing file /opt/airflow/dags/exploration_dag.py for tasks to queue
[2024-04-21T21:18:12.737+0000] {logging_mixin.py:188} INFO - [2024-04-21T21:18:12.736+0000] {dagbag.py:540} INFO - Filling up the DagBag from /opt/airflow/dags/exploration_dag.py
[2024-04-21T21:18:12.842+0000] {processor.py:840} INFO - DAG(s) 'exploration_dag_v1' retrieved from /opt/airflow/dags/exploration_dag.py
[2024-04-21T21:18:12.914+0000] {logging_mixin.py:188} INFO - [2024-04-21T21:18:12.914+0000] {dag.py:3096} INFO - Sync 1 DAGs
[2024-04-21T21:18:12.976+0000] {logging_mixin.py:188} INFO - [2024-04-21T21:18:12.976+0000] {dag.py:3954} INFO - Setting next_dagrun for exploration_dag_v1 to 2024-04-16 00:00:00+00:00, run_after=2024-04-17 00:00:00+00:00
[2024-04-21T21:18:13.016+0000] {processor.py:183} INFO - Processing /opt/airflow/dags/exploration_dag.py took 0.308 seconds
[2024-04-21T21:18:43.205+0000] {processor.py:161} INFO - Started process (PID=364) to work on /opt/airflow/dags/exploration_dag.py
[2024-04-21T21:18:43.209+0000] {processor.py:830} INFO - Processing file /opt/airflow/dags/exploration_dag.py for tasks to queue
[2024-04-21T21:18:43.216+0000] {logging_mixin.py:188} INFO - [2024-04-21T21:18:43.215+0000] {dagbag.py:540} INFO - Filling up the DagBag from /opt/airflow/dags/exploration_dag.py
[2024-04-21T21:18:43.295+0000] {processor.py:840} INFO - DAG(s) 'exploration_dag_v1' retrieved from /opt/airflow/dags/exploration_dag.py
[2024-04-21T21:18:43.342+0000] {logging_mixin.py:188} INFO - [2024-04-21T21:18:43.342+0000] {dag.py:3096} INFO - Sync 1 DAGs
[2024-04-21T21:18:43.387+0000] {logging_mixin.py:188} INFO - [2024-04-21T21:18:43.387+0000] {dag.py:3954} INFO - Setting next_dagrun for exploration_dag_v1 to 2024-04-16 00:00:00+00:00, run_after=2024-04-17 00:00:00+00:00
[2024-04-21T21:18:43.420+0000] {processor.py:183} INFO - Processing /opt/airflow/dags/exploration_dag.py took 0.237 seconds
[2024-04-21T21:19:13.818+0000] {processor.py:161} INFO - Started process (PID=376) to work on /opt/airflow/dags/exploration_dag.py
[2024-04-21T21:19:13.819+0000] {processor.py:830} INFO - Processing file /opt/airflow/dags/exploration_dag.py for tasks to queue
[2024-04-21T21:19:13.821+0000] {logging_mixin.py:188} INFO - [2024-04-21T21:19:13.821+0000] {dagbag.py:540} INFO - Filling up the DagBag from /opt/airflow/dags/exploration_dag.py
[2024-04-21T21:19:13.864+0000] {processor.py:840} INFO - DAG(s) 'exploration_dag_v1' retrieved from /opt/airflow/dags/exploration_dag.py
[2024-04-21T21:19:13.892+0000] {logging_mixin.py:188} INFO - [2024-04-21T21:19:13.892+0000] {dag.py:3096} INFO - Sync 1 DAGs
[2024-04-21T21:19:13.917+0000] {logging_mixin.py:188} INFO - [2024-04-21T21:19:13.917+0000] {dag.py:3954} INFO - Setting next_dagrun for exploration_dag_v1 to 2024-04-16 00:00:00+00:00, run_after=2024-04-17 00:00:00+00:00
[2024-04-21T21:19:13.940+0000] {processor.py:183} INFO - Processing /opt/airflow/dags/exploration_dag.py took 0.128 seconds
[2024-04-21T21:19:44.840+0000] {processor.py:161} INFO - Started process (PID=388) to work on /opt/airflow/dags/exploration_dag.py
[2024-04-21T21:19:44.849+0000] {processor.py:830} INFO - Processing file /opt/airflow/dags/exploration_dag.py for tasks to queue
[2024-04-21T21:19:44.873+0000] {logging_mixin.py:188} INFO - [2024-04-21T21:19:44.870+0000] {dagbag.py:540} INFO - Filling up the DagBag from /opt/airflow/dags/exploration_dag.py
[2024-04-21T21:19:45.097+0000] {processor.py:840} INFO - DAG(s) 'exploration_dag_v1' retrieved from /opt/airflow/dags/exploration_dag.py
[2024-04-21T21:19:45.276+0000] {logging_mixin.py:188} INFO - [2024-04-21T21:19:45.275+0000] {dag.py:3096} INFO - Sync 1 DAGs
[2024-04-21T21:19:45.362+0000] {logging_mixin.py:188} INFO - [2024-04-21T21:19:45.362+0000] {dag.py:3954} INFO - Setting next_dagrun for exploration_dag_v1 to 2024-04-16 00:00:00+00:00, run_after=2024-04-17 00:00:00+00:00
[2024-04-21T21:19:45.406+0000] {processor.py:183} INFO - Processing /opt/airflow/dags/exploration_dag.py took 0.619 seconds
[2024-04-21T21:20:16.019+0000] {processor.py:161} INFO - Started process (PID=401) to work on /opt/airflow/dags/exploration_dag.py
[2024-04-21T21:20:16.020+0000] {processor.py:830} INFO - Processing file /opt/airflow/dags/exploration_dag.py for tasks to queue
[2024-04-21T21:20:16.023+0000] {logging_mixin.py:188} INFO - [2024-04-21T21:20:16.023+0000] {dagbag.py:540} INFO - Filling up the DagBag from /opt/airflow/dags/exploration_dag.py
[2024-04-21T21:20:16.073+0000] {processor.py:840} INFO - DAG(s) 'exploration_dag_v1' retrieved from /opt/airflow/dags/exploration_dag.py
[2024-04-21T21:20:16.102+0000] {logging_mixin.py:188} INFO - [2024-04-21T21:20:16.102+0000] {dag.py:3096} INFO - Sync 1 DAGs
[2024-04-21T21:20:16.129+0000] {logging_mixin.py:188} INFO - [2024-04-21T21:20:16.129+0000] {dag.py:3954} INFO - Setting next_dagrun for exploration_dag_v1 to 2024-04-16 00:00:00+00:00, run_after=2024-04-17 00:00:00+00:00
[2024-04-21T21:20:16.154+0000] {processor.py:183} INFO - Processing /opt/airflow/dags/exploration_dag.py took 0.143 seconds
[2024-04-21T21:20:46.648+0000] {processor.py:161} INFO - Started process (PID=413) to work on /opt/airflow/dags/exploration_dag.py
[2024-04-21T21:20:46.650+0000] {processor.py:830} INFO - Processing file /opt/airflow/dags/exploration_dag.py for tasks to queue
[2024-04-21T21:20:46.655+0000] {logging_mixin.py:188} INFO - [2024-04-21T21:20:46.654+0000] {dagbag.py:540} INFO - Filling up the DagBag from /opt/airflow/dags/exploration_dag.py
[2024-04-21T21:20:46.832+0000] {processor.py:840} INFO - DAG(s) 'exploration_dag_v1' retrieved from /opt/airflow/dags/exploration_dag.py
[2024-04-21T21:20:46.895+0000] {logging_mixin.py:188} INFO - [2024-04-21T21:20:46.894+0000] {dag.py:3096} INFO - Sync 1 DAGs
[2024-04-21T21:20:46.947+0000] {logging_mixin.py:188} INFO - [2024-04-21T21:20:46.946+0000] {dag.py:3954} INFO - Setting next_dagrun for exploration_dag_v1 to 2024-04-16 00:00:00+00:00, run_after=2024-04-17 00:00:00+00:00
[2024-04-21T21:20:46.977+0000] {processor.py:183} INFO - Processing /opt/airflow/dags/exploration_dag.py took 0.345 seconds
[2024-04-21T21:21:17.377+0000] {processor.py:161} INFO - Started process (PID=425) to work on /opt/airflow/dags/exploration_dag.py
[2024-04-21T21:21:17.379+0000] {processor.py:830} INFO - Processing file /opt/airflow/dags/exploration_dag.py for tasks to queue
[2024-04-21T21:21:17.384+0000] {logging_mixin.py:188} INFO - [2024-04-21T21:21:17.383+0000] {dagbag.py:540} INFO - Filling up the DagBag from /opt/airflow/dags/exploration_dag.py
[2024-04-21T21:21:17.434+0000] {processor.py:840} INFO - DAG(s) 'exploration_dag_v1' retrieved from /opt/airflow/dags/exploration_dag.py
[2024-04-21T21:21:17.469+0000] {logging_mixin.py:188} INFO - [2024-04-21T21:21:17.469+0000] {dag.py:3096} INFO - Sync 1 DAGs
[2024-04-21T21:21:17.507+0000] {logging_mixin.py:188} INFO - [2024-04-21T21:21:17.507+0000] {dag.py:3954} INFO - Setting next_dagrun for exploration_dag_v1 to 2024-04-16 00:00:00+00:00, run_after=2024-04-17 00:00:00+00:00
[2024-04-21T21:21:17.534+0000] {processor.py:183} INFO - Processing /opt/airflow/dags/exploration_dag.py took 0.171 seconds
[2024-04-21T21:21:47.827+0000] {processor.py:161} INFO - Started process (PID=437) to work on /opt/airflow/dags/exploration_dag.py
[2024-04-21T21:21:47.828+0000] {processor.py:830} INFO - Processing file /opt/airflow/dags/exploration_dag.py for tasks to queue
[2024-04-21T21:21:47.831+0000] {logging_mixin.py:188} INFO - [2024-04-21T21:21:47.830+0000] {dagbag.py:540} INFO - Filling up the DagBag from /opt/airflow/dags/exploration_dag.py
[2024-04-21T21:21:47.873+0000] {processor.py:840} INFO - DAG(s) 'exploration_dag_v1' retrieved from /opt/airflow/dags/exploration_dag.py
[2024-04-21T21:21:47.904+0000] {logging_mixin.py:188} INFO - [2024-04-21T21:21:47.904+0000] {dag.py:3096} INFO - Sync 1 DAGs
[2024-04-21T21:21:47.929+0000] {logging_mixin.py:188} INFO - [2024-04-21T21:21:47.929+0000] {dag.py:3954} INFO - Setting next_dagrun for exploration_dag_v1 to 2024-04-16 00:00:00+00:00, run_after=2024-04-17 00:00:00+00:00
[2024-04-21T21:21:47.956+0000] {processor.py:183} INFO - Processing /opt/airflow/dags/exploration_dag.py took 0.137 seconds
[2024-04-21T21:22:19.072+0000] {processor.py:161} INFO - Started process (PID=449) to work on /opt/airflow/dags/exploration_dag.py
[2024-04-21T21:22:19.077+0000] {processor.py:830} INFO - Processing file /opt/airflow/dags/exploration_dag.py for tasks to queue
[2024-04-21T21:22:19.125+0000] {logging_mixin.py:188} INFO - [2024-04-21T21:22:19.110+0000] {dagbag.py:540} INFO - Filling up the DagBag from /opt/airflow/dags/exploration_dag.py
[2024-04-21T21:22:20.018+0000] {processor.py:840} INFO - DAG(s) 'exploration_dag_v1' retrieved from /opt/airflow/dags/exploration_dag.py
[2024-04-21T21:22:20.690+0000] {logging_mixin.py:188} INFO - [2024-04-21T21:22:20.689+0000] {dag.py:3096} INFO - Sync 1 DAGs
[2024-04-21T21:22:20.907+0000] {logging_mixin.py:188} INFO - [2024-04-21T21:22:20.905+0000] {dag.py:3954} INFO - Setting next_dagrun for exploration_dag_v1 to 2024-04-16 00:00:00+00:00, run_after=2024-04-17 00:00:00+00:00
[2024-04-21T21:22:20.991+0000] {processor.py:183} INFO - Processing /opt/airflow/dags/exploration_dag.py took 2.066 seconds
[2024-04-21T21:22:53.356+0000] {processor.py:161} INFO - Started process (PID=460) to work on /opt/airflow/dags/exploration_dag.py
[2024-04-21T21:22:53.358+0000] {processor.py:830} INFO - Processing file /opt/airflow/dags/exploration_dag.py for tasks to queue
[2024-04-21T21:22:53.361+0000] {logging_mixin.py:188} INFO - [2024-04-21T21:22:53.360+0000] {dagbag.py:540} INFO - Filling up the DagBag from /opt/airflow/dags/exploration_dag.py
[2024-04-21T21:22:53.461+0000] {processor.py:840} INFO - DAG(s) 'exploration_dag_v1' retrieved from /opt/airflow/dags/exploration_dag.py
[2024-04-21T21:22:53.510+0000] {logging_mixin.py:188} INFO - [2024-04-21T21:22:53.509+0000] {dag.py:3096} INFO - Sync 1 DAGs
[2024-04-21T21:22:53.537+0000] {logging_mixin.py:188} INFO - [2024-04-21T21:22:53.537+0000] {dag.py:3954} INFO - Setting next_dagrun for exploration_dag_v1 to 2024-04-16 00:00:00+00:00, run_after=2024-04-17 00:00:00+00:00
[2024-04-21T21:22:53.576+0000] {processor.py:183} INFO - Processing /opt/airflow/dags/exploration_dag.py took 0.227 seconds
[2024-04-21T21:23:24.528+0000] {processor.py:161} INFO - Started process (PID=472) to work on /opt/airflow/dags/exploration_dag.py
[2024-04-21T21:23:24.530+0000] {processor.py:830} INFO - Processing file /opt/airflow/dags/exploration_dag.py for tasks to queue
[2024-04-21T21:23:24.533+0000] {logging_mixin.py:188} INFO - [2024-04-21T21:23:24.533+0000] {dagbag.py:540} INFO - Filling up the DagBag from /opt/airflow/dags/exploration_dag.py
[2024-04-21T21:23:24.609+0000] {processor.py:840} INFO - DAG(s) 'exploration_dag_v1' retrieved from /opt/airflow/dags/exploration_dag.py
[2024-04-21T21:23:24.716+0000] {logging_mixin.py:188} INFO - [2024-04-21T21:23:24.716+0000] {dag.py:3096} INFO - Sync 1 DAGs
[2024-04-21T21:23:24.763+0000] {logging_mixin.py:188} INFO - [2024-04-21T21:23:24.762+0000] {dag.py:3954} INFO - Setting next_dagrun for exploration_dag_v1 to 2024-04-16 00:00:00+00:00, run_after=2024-04-17 00:00:00+00:00
[2024-04-21T21:23:24.813+0000] {processor.py:183} INFO - Processing /opt/airflow/dags/exploration_dag.py took 0.300 seconds
[2024-04-21T21:23:55.456+0000] {processor.py:161} INFO - Started process (PID=484) to work on /opt/airflow/dags/exploration_dag.py
[2024-04-21T21:23:55.459+0000] {processor.py:830} INFO - Processing file /opt/airflow/dags/exploration_dag.py for tasks to queue
[2024-04-21T21:23:55.462+0000] {logging_mixin.py:188} INFO - [2024-04-21T21:23:55.462+0000] {dagbag.py:540} INFO - Filling up the DagBag from /opt/airflow/dags/exploration_dag.py
[2024-04-21T21:23:55.545+0000] {processor.py:840} INFO - DAG(s) 'exploration_dag_v1' retrieved from /opt/airflow/dags/exploration_dag.py
[2024-04-21T21:23:55.602+0000] {logging_mixin.py:188} INFO - [2024-04-21T21:23:55.601+0000] {dag.py:3096} INFO - Sync 1 DAGs
[2024-04-21T21:23:55.644+0000] {logging_mixin.py:188} INFO - [2024-04-21T21:23:55.643+0000] {dag.py:3954} INFO - Setting next_dagrun for exploration_dag_v1 to 2024-04-16 00:00:00+00:00, run_after=2024-04-17 00:00:00+00:00
[2024-04-21T21:23:55.695+0000] {processor.py:183} INFO - Processing /opt/airflow/dags/exploration_dag.py took 0.250 seconds
[2024-04-21T21:24:25.914+0000] {processor.py:161} INFO - Started process (PID=496) to work on /opt/airflow/dags/exploration_dag.py
[2024-04-21T21:24:25.918+0000] {processor.py:830} INFO - Processing file /opt/airflow/dags/exploration_dag.py for tasks to queue
[2024-04-21T21:24:25.920+0000] {logging_mixin.py:188} INFO - [2024-04-21T21:24:25.920+0000] {dagbag.py:540} INFO - Filling up the DagBag from /opt/airflow/dags/exploration_dag.py
[2024-04-21T21:24:26.016+0000] {processor.py:840} INFO - DAG(s) 'exploration_dag_v1' retrieved from /opt/airflow/dags/exploration_dag.py
[2024-04-21T21:24:26.070+0000] {logging_mixin.py:188} INFO - [2024-04-21T21:24:26.070+0000] {dag.py:3096} INFO - Sync 1 DAGs
[2024-04-21T21:24:26.107+0000] {logging_mixin.py:188} INFO - [2024-04-21T21:24:26.107+0000] {dag.py:3954} INFO - Setting next_dagrun for exploration_dag_v1 to 2024-04-16 00:00:00+00:00, run_after=2024-04-17 00:00:00+00:00
[2024-04-21T21:24:26.132+0000] {processor.py:183} INFO - Processing /opt/airflow/dags/exploration_dag.py took 0.229 seconds
[2024-04-21T21:24:56.862+0000] {processor.py:161} INFO - Started process (PID=508) to work on /opt/airflow/dags/exploration_dag.py
[2024-04-21T21:24:56.986+0000] {processor.py:830} INFO - Processing file /opt/airflow/dags/exploration_dag.py for tasks to queue
[2024-04-21T21:24:57.029+0000] {logging_mixin.py:188} INFO - [2024-04-21T21:24:57.026+0000] {dagbag.py:540} INFO - Filling up the DagBag from /opt/airflow/dags/exploration_dag.py
[2024-04-21T21:24:58.421+0000] {processor.py:840} INFO - DAG(s) 'exploration_dag_v1' retrieved from /opt/airflow/dags/exploration_dag.py
[2024-04-21T21:24:59.706+0000] {logging_mixin.py:188} INFO - [2024-04-21T21:24:59.705+0000] {dag.py:3096} INFO - Sync 1 DAGs
[2024-04-21T21:25:00.737+0000] {logging_mixin.py:188} INFO - [2024-04-21T21:25:00.737+0000] {dag.py:3954} INFO - Setting next_dagrun for exploration_dag_v1 to 2024-04-16 00:00:00+00:00, run_after=2024-04-17 00:00:00+00:00
[2024-04-21T21:25:01.214+0000] {processor.py:183} INFO - Processing /opt/airflow/dags/exploration_dag.py took 4.389 seconds
[2024-04-21T21:25:31.613+0000] {processor.py:161} INFO - Started process (PID=520) to work on /opt/airflow/dags/exploration_dag.py
[2024-04-21T21:25:31.619+0000] {processor.py:830} INFO - Processing file /opt/airflow/dags/exploration_dag.py for tasks to queue
[2024-04-21T21:25:31.622+0000] {logging_mixin.py:188} INFO - [2024-04-21T21:25:31.622+0000] {dagbag.py:540} INFO - Filling up the DagBag from /opt/airflow/dags/exploration_dag.py
[2024-04-21T21:25:32.002+0000] {processor.py:840} INFO - DAG(s) 'exploration_dag_v1' retrieved from /opt/airflow/dags/exploration_dag.py
[2024-04-21T21:25:32.196+0000] {logging_mixin.py:188} INFO - [2024-04-21T21:25:32.196+0000] {dag.py:3096} INFO - Sync 1 DAGs
[2024-04-21T21:25:32.347+0000] {logging_mixin.py:188} INFO - [2024-04-21T21:25:32.346+0000] {dag.py:3954} INFO - Setting next_dagrun for exploration_dag_v1 to 2024-04-16 00:00:00+00:00, run_after=2024-04-17 00:00:00+00:00
[2024-04-21T21:25:32.415+0000] {processor.py:183} INFO - Processing /opt/airflow/dags/exploration_dag.py took 0.823 seconds
[2024-04-21T21:26:02.903+0000] {processor.py:161} INFO - Started process (PID=533) to work on /opt/airflow/dags/exploration_dag.py
[2024-04-21T21:26:02.906+0000] {processor.py:830} INFO - Processing file /opt/airflow/dags/exploration_dag.py for tasks to queue
[2024-04-21T21:26:02.940+0000] {logging_mixin.py:188} INFO - [2024-04-21T21:26:02.920+0000] {dagbag.py:540} INFO - Filling up the DagBag from /opt/airflow/dags/exploration_dag.py
[2024-04-21T21:26:05.669+0000] {processor.py:840} INFO - DAG(s) 'exploration_dag_v1' retrieved from /opt/airflow/dags/exploration_dag.py
[2024-04-21T21:26:07.471+0000] {logging_mixin.py:188} INFO - [2024-04-21T21:26:07.457+0000] {dag.py:3096} INFO - Sync 1 DAGs
[2024-04-21T21:26:07.789+0000] {logging_mixin.py:188} INFO - [2024-04-21T21:26:07.787+0000] {dag.py:3954} INFO - Setting next_dagrun for exploration_dag_v1 to 2024-04-16 00:00:00+00:00, run_after=2024-04-17 00:00:00+00:00
[2024-04-21T21:26:07.976+0000] {processor.py:183} INFO - Processing /opt/airflow/dags/exploration_dag.py took 5.128 seconds
[2024-04-21T21:26:38.869+0000] {processor.py:161} INFO - Started process (PID=543) to work on /opt/airflow/dags/exploration_dag.py
[2024-04-21T21:26:38.895+0000] {processor.py:830} INFO - Processing file /opt/airflow/dags/exploration_dag.py for tasks to queue
[2024-04-21T21:26:38.924+0000] {logging_mixin.py:188} INFO - [2024-04-21T21:26:38.911+0000] {dagbag.py:540} INFO - Filling up the DagBag from /opt/airflow/dags/exploration_dag.py
[2024-04-21T21:26:40.000+0000] {processor.py:840} INFO - DAG(s) 'exploration_dag_v1' retrieved from /opt/airflow/dags/exploration_dag.py
[2024-04-21T21:29:30.604+0000] {processor.py:161} INFO - Started process (PID=554) to work on /opt/airflow/dags/exploration_dag.py
[2024-04-21T21:29:30.655+0000] {processor.py:830} INFO - Processing file /opt/airflow/dags/exploration_dag.py for tasks to queue
[2024-04-21T21:29:30.727+0000] {logging_mixin.py:188} INFO - [2024-04-21T21:29:30.706+0000] {dagbag.py:540} INFO - Filling up the DagBag from /opt/airflow/dags/exploration_dag.py
[2024-04-21T21:29:34.696+0000] {processor.py:840} INFO - DAG(s) 'exploration_dag_v1' retrieved from /opt/airflow/dags/exploration_dag.py
[2024-04-21T21:29:39.707+0000] {logging_mixin.py:188} INFO - [2024-04-21T21:29:39.706+0000] {dag.py:3096} INFO - Sync 1 DAGs
[2024-04-21T21:29:39.847+0000] {logging_mixin.py:188} INFO - [2024-04-21T21:29:39.846+0000] {dag.py:3954} INFO - Setting next_dagrun for exploration_dag_v1 to 2024-04-16 00:00:00+00:00, run_after=2024-04-17 00:00:00+00:00
[2024-04-21T21:29:40.024+0000] {processor.py:183} INFO - Processing /opt/airflow/dags/exploration_dag.py took 9.799 seconds
[2024-04-21T21:30:10.267+0000] {processor.py:161} INFO - Started process (PID=564) to work on /opt/airflow/dags/exploration_dag.py
[2024-04-21T21:30:10.269+0000] {processor.py:830} INFO - Processing file /opt/airflow/dags/exploration_dag.py for tasks to queue
[2024-04-21T21:30:10.270+0000] {logging_mixin.py:188} INFO - [2024-04-21T21:30:10.270+0000] {dagbag.py:540} INFO - Filling up the DagBag from /opt/airflow/dags/exploration_dag.py
[2024-04-21T21:30:10.338+0000] {processor.py:840} INFO - DAG(s) 'exploration_dag_v1' retrieved from /opt/airflow/dags/exploration_dag.py
[2024-04-21T21:30:10.372+0000] {logging_mixin.py:188} INFO - [2024-04-21T21:30:10.371+0000] {dag.py:3096} INFO - Sync 1 DAGs
[2024-04-21T21:30:10.404+0000] {logging_mixin.py:188} INFO - [2024-04-21T21:30:10.403+0000] {dag.py:3954} INFO - Setting next_dagrun for exploration_dag_v1 to 2024-04-16 00:00:00+00:00, run_after=2024-04-17 00:00:00+00:00
[2024-04-21T21:30:10.428+0000] {processor.py:183} INFO - Processing /opt/airflow/dags/exploration_dag.py took 0.169 seconds
[2024-04-21T21:30:40.518+0000] {processor.py:161} INFO - Started process (PID=576) to work on /opt/airflow/dags/exploration_dag.py
[2024-04-21T21:30:40.520+0000] {processor.py:830} INFO - Processing file /opt/airflow/dags/exploration_dag.py for tasks to queue
[2024-04-21T21:30:40.521+0000] {logging_mixin.py:188} INFO - [2024-04-21T21:30:40.521+0000] {dagbag.py:540} INFO - Filling up the DagBag from /opt/airflow/dags/exploration_dag.py
[2024-04-21T21:30:40.562+0000] {processor.py:840} INFO - DAG(s) 'exploration_dag_v1' retrieved from /opt/airflow/dags/exploration_dag.py
[2024-04-21T21:30:40.593+0000] {logging_mixin.py:188} INFO - [2024-04-21T21:30:40.593+0000] {dag.py:3096} INFO - Sync 1 DAGs
[2024-04-21T21:30:40.620+0000] {logging_mixin.py:188} INFO - [2024-04-21T21:30:40.620+0000] {dag.py:3954} INFO - Setting next_dagrun for exploration_dag_v1 to 2024-04-16 00:00:00+00:00, run_after=2024-04-17 00:00:00+00:00
[2024-04-21T21:30:40.650+0000] {processor.py:183} INFO - Processing /opt/airflow/dags/exploration_dag.py took 0.138 seconds
[2024-04-21T21:31:10.972+0000] {processor.py:161} INFO - Started process (PID=592) to work on /opt/airflow/dags/exploration_dag.py
[2024-04-21T21:31:10.978+0000] {processor.py:830} INFO - Processing file /opt/airflow/dags/exploration_dag.py for tasks to queue
[2024-04-21T21:31:10.985+0000] {logging_mixin.py:188} INFO - [2024-04-21T21:31:10.981+0000] {dagbag.py:540} INFO - Filling up the DagBag from /opt/airflow/dags/exploration_dag.py
[2024-04-21T21:31:11.228+0000] {processor.py:840} INFO - DAG(s) 'exploration_dag_v1' retrieved from /opt/airflow/dags/exploration_dag.py
[2024-04-21T21:31:11.429+0000] {logging_mixin.py:188} INFO - [2024-04-21T21:31:11.428+0000] {dag.py:3096} INFO - Sync 1 DAGs
[2024-04-21T21:31:11.545+0000] {logging_mixin.py:188} INFO - [2024-04-21T21:31:11.545+0000] {dag.py:3954} INFO - Setting next_dagrun for exploration_dag_v1 to 2024-04-16 00:00:00+00:00, run_after=2024-04-17 00:00:00+00:00
[2024-04-21T21:31:11.609+0000] {processor.py:183} INFO - Processing /opt/airflow/dags/exploration_dag.py took 0.690 seconds
[2024-04-21T21:31:42.271+0000] {processor.py:161} INFO - Started process (PID=604) to work on /opt/airflow/dags/exploration_dag.py
[2024-04-21T21:31:42.473+0000] {processor.py:830} INFO - Processing file /opt/airflow/dags/exploration_dag.py for tasks to queue
[2024-04-21T21:31:42.487+0000] {logging_mixin.py:188} INFO - [2024-04-21T21:31:42.486+0000] {dagbag.py:540} INFO - Filling up the DagBag from /opt/airflow/dags/exploration_dag.py
[2024-04-21T21:31:42.883+0000] {processor.py:840} INFO - DAG(s) 'exploration_dag_v1' retrieved from /opt/airflow/dags/exploration_dag.py
[2024-04-21T21:31:42.986+0000] {logging_mixin.py:188} INFO - [2024-04-21T21:31:42.986+0000] {dag.py:3096} INFO - Sync 1 DAGs
[2024-04-21T21:31:43.067+0000] {logging_mixin.py:188} INFO - [2024-04-21T21:31:43.067+0000] {dag.py:3954} INFO - Setting next_dagrun for exploration_dag_v1 to 2024-04-16 00:00:00+00:00, run_after=2024-04-17 00:00:00+00:00
[2024-04-21T21:31:43.137+0000] {processor.py:183} INFO - Processing /opt/airflow/dags/exploration_dag.py took 1.001 seconds
[2024-04-21T21:32:13.653+0000] {processor.py:161} INFO - Started process (PID=615) to work on /opt/airflow/dags/exploration_dag.py
[2024-04-21T21:32:14.205+0000] {processor.py:830} INFO - Processing file /opt/airflow/dags/exploration_dag.py for tasks to queue
[2024-04-21T21:32:14.589+0000] {logging_mixin.py:188} INFO - [2024-04-21T21:32:14.585+0000] {dagbag.py:540} INFO - Filling up the DagBag from /opt/airflow/dags/exploration_dag.py
[2024-04-21T21:32:14.929+0000] {processor.py:840} INFO - DAG(s) 'exploration_dag_v1' retrieved from /opt/airflow/dags/exploration_dag.py
[2024-04-21T21:32:15.460+0000] {logging_mixin.py:188} INFO - [2024-04-21T21:32:15.459+0000] {dag.py:3096} INFO - Sync 1 DAGs
[2024-04-21T21:32:15.549+0000] {logging_mixin.py:188} INFO - [2024-04-21T21:32:15.549+0000] {dag.py:3954} INFO - Setting next_dagrun for exploration_dag_v1 to 2024-04-16 00:00:00+00:00, run_after=2024-04-17 00:00:00+00:00
[2024-04-21T21:32:15.604+0000] {processor.py:183} INFO - Processing /opt/airflow/dags/exploration_dag.py took 2.092 seconds
[2024-04-21T21:32:45.812+0000] {processor.py:161} INFO - Started process (PID=627) to work on /opt/airflow/dags/exploration_dag.py
[2024-04-21T21:32:45.821+0000] {processor.py:830} INFO - Processing file /opt/airflow/dags/exploration_dag.py for tasks to queue
[2024-04-21T21:32:45.840+0000] {logging_mixin.py:188} INFO - [2024-04-21T21:32:45.839+0000] {dagbag.py:540} INFO - Filling up the DagBag from /opt/airflow/dags/exploration_dag.py
[2024-04-21T21:32:46.119+0000] {processor.py:840} INFO - DAG(s) 'exploration_dag_v1' retrieved from /opt/airflow/dags/exploration_dag.py
[2024-04-21T21:32:46.215+0000] {logging_mixin.py:188} INFO - [2024-04-21T21:32:46.214+0000] {dag.py:3096} INFO - Sync 1 DAGs
[2024-04-21T21:32:46.268+0000] {logging_mixin.py:188} INFO - [2024-04-21T21:32:46.267+0000] {dag.py:3954} INFO - Setting next_dagrun for exploration_dag_v1 to 2024-04-16 00:00:00+00:00, run_after=2024-04-17 00:00:00+00:00
[2024-04-21T21:32:46.306+0000] {processor.py:183} INFO - Processing /opt/airflow/dags/exploration_dag.py took 0.532 seconds
[2024-04-21T21:33:16.774+0000] {processor.py:161} INFO - Started process (PID=639) to work on /opt/airflow/dags/exploration_dag.py
[2024-04-21T21:33:16.778+0000] {processor.py:830} INFO - Processing file /opt/airflow/dags/exploration_dag.py for tasks to queue
[2024-04-21T21:33:16.782+0000] {logging_mixin.py:188} INFO - [2024-04-21T21:33:16.781+0000] {dagbag.py:540} INFO - Filling up the DagBag from /opt/airflow/dags/exploration_dag.py
[2024-04-21T21:33:16.931+0000] {processor.py:840} INFO - DAG(s) 'exploration_dag_v1' retrieved from /opt/airflow/dags/exploration_dag.py
[2024-04-21T21:33:16.988+0000] {logging_mixin.py:188} INFO - [2024-04-21T21:33:16.988+0000] {dag.py:3096} INFO - Sync 1 DAGs
[2024-04-21T21:33:17.049+0000] {logging_mixin.py:188} INFO - [2024-04-21T21:33:17.049+0000] {dag.py:3954} INFO - Setting next_dagrun for exploration_dag_v1 to 2024-04-16 00:00:00+00:00, run_after=2024-04-17 00:00:00+00:00
[2024-04-21T21:33:17.099+0000] {processor.py:183} INFO - Processing /opt/airflow/dags/exploration_dag.py took 0.368 seconds
[2024-04-21T21:33:47.470+0000] {processor.py:161} INFO - Started process (PID=651) to work on /opt/airflow/dags/exploration_dag.py
[2024-04-21T21:33:47.472+0000] {processor.py:830} INFO - Processing file /opt/airflow/dags/exploration_dag.py for tasks to queue
[2024-04-21T21:33:47.473+0000] {logging_mixin.py:188} INFO - [2024-04-21T21:33:47.473+0000] {dagbag.py:540} INFO - Filling up the DagBag from /opt/airflow/dags/exploration_dag.py
[2024-04-21T21:33:47.611+0000] {processor.py:840} INFO - DAG(s) 'exploration_dag_v1' retrieved from /opt/airflow/dags/exploration_dag.py
[2024-04-21T21:33:47.657+0000] {logging_mixin.py:188} INFO - [2024-04-21T21:33:47.657+0000] {dag.py:3096} INFO - Sync 1 DAGs
[2024-04-21T21:33:47.696+0000] {logging_mixin.py:188} INFO - [2024-04-21T21:33:47.694+0000] {dag.py:3954} INFO - Setting next_dagrun for exploration_dag_v1 to 2024-04-16 00:00:00+00:00, run_after=2024-04-17 00:00:00+00:00
[2024-04-21T21:33:47.736+0000] {processor.py:183} INFO - Processing /opt/airflow/dags/exploration_dag.py took 0.273 seconds
[2024-04-21T21:34:19.106+0000] {processor.py:161} INFO - Started process (PID=663) to work on /opt/airflow/dags/exploration_dag.py
[2024-04-21T21:34:19.109+0000] {processor.py:830} INFO - Processing file /opt/airflow/dags/exploration_dag.py for tasks to queue
[2024-04-21T21:34:19.112+0000] {logging_mixin.py:188} INFO - [2024-04-21T21:34:19.111+0000] {dagbag.py:540} INFO - Filling up the DagBag from /opt/airflow/dags/exploration_dag.py
[2024-04-21T21:34:20.398+0000] {processor.py:840} INFO - DAG(s) 'exploration_dag_v1' retrieved from /opt/airflow/dags/exploration_dag.py
[2024-04-21T21:34:21.252+0000] {logging_mixin.py:188} INFO - [2024-04-21T21:34:21.247+0000] {dag.py:3096} INFO - Sync 1 DAGs
[2024-04-21T21:34:22.058+0000] {logging_mixin.py:188} INFO - [2024-04-21T21:34:22.058+0000] {dag.py:3954} INFO - Setting next_dagrun for exploration_dag_v1 to 2024-04-16 00:00:00+00:00, run_after=2024-04-17 00:00:00+00:00
[2024-04-21T21:34:23.894+0000] {processor.py:183} INFO - Processing /opt/airflow/dags/exploration_dag.py took 4.815 seconds
[2024-04-21T21:34:54.621+0000] {processor.py:161} INFO - Started process (PID=672) to work on /opt/airflow/dags/exploration_dag.py
[2024-04-21T21:34:54.634+0000] {processor.py:830} INFO - Processing file /opt/airflow/dags/exploration_dag.py for tasks to queue
[2024-04-21T21:34:54.660+0000] {logging_mixin.py:188} INFO - [2024-04-21T21:34:54.641+0000] {dagbag.py:540} INFO - Filling up the DagBag from /opt/airflow/dags/exploration_dag.py
[2024-04-21T21:34:54.904+0000] {processor.py:840} INFO - DAG(s) 'exploration_dag_v1' retrieved from /opt/airflow/dags/exploration_dag.py
[2024-04-21T21:34:55.001+0000] {logging_mixin.py:188} INFO - [2024-04-21T21:34:55.000+0000] {dag.py:3096} INFO - Sync 1 DAGs
[2024-04-21T21:34:55.068+0000] {logging_mixin.py:188} INFO - [2024-04-21T21:34:55.067+0000] {dag.py:3954} INFO - Setting next_dagrun for exploration_dag_v1 to 2024-04-16 00:00:00+00:00, run_after=2024-04-17 00:00:00+00:00
[2024-04-21T21:34:55.175+0000] {processor.py:183} INFO - Processing /opt/airflow/dags/exploration_dag.py took 0.635 seconds
[2024-04-21T21:35:25.899+0000] {processor.py:161} INFO - Started process (PID=684) to work on /opt/airflow/dags/exploration_dag.py
[2024-04-21T21:35:25.902+0000] {processor.py:830} INFO - Processing file /opt/airflow/dags/exploration_dag.py for tasks to queue
[2024-04-21T21:35:25.904+0000] {logging_mixin.py:188} INFO - [2024-04-21T21:35:25.903+0000] {dagbag.py:540} INFO - Filling up the DagBag from /opt/airflow/dags/exploration_dag.py
[2024-04-21T21:35:26.040+0000] {processor.py:840} INFO - DAG(s) 'exploration_dag_v1' retrieved from /opt/airflow/dags/exploration_dag.py
[2024-04-21T21:35:26.154+0000] {logging_mixin.py:188} INFO - [2024-04-21T21:35:26.153+0000] {dag.py:3096} INFO - Sync 1 DAGs
[2024-04-21T21:35:26.252+0000] {logging_mixin.py:188} INFO - [2024-04-21T21:35:26.252+0000] {dag.py:3954} INFO - Setting next_dagrun for exploration_dag_v1 to 2024-04-16 00:00:00+00:00, run_after=2024-04-17 00:00:00+00:00
[2024-04-21T21:35:26.322+0000] {processor.py:183} INFO - Processing /opt/airflow/dags/exploration_dag.py took 0.453 seconds
[2024-04-21T21:35:56.766+0000] {processor.py:161} INFO - Started process (PID=694) to work on /opt/airflow/dags/exploration_dag.py
[2024-04-21T21:35:56.769+0000] {processor.py:830} INFO - Processing file /opt/airflow/dags/exploration_dag.py for tasks to queue
[2024-04-21T21:35:56.770+0000] {logging_mixin.py:188} INFO - [2024-04-21T21:35:56.770+0000] {dagbag.py:540} INFO - Filling up the DagBag from /opt/airflow/dags/exploration_dag.py
[2024-04-21T21:35:56.841+0000] {processor.py:840} INFO - DAG(s) 'exploration_dag_v1' retrieved from /opt/airflow/dags/exploration_dag.py
[2024-04-21T21:35:56.879+0000] {logging_mixin.py:188} INFO - [2024-04-21T21:35:56.878+0000] {dag.py:3096} INFO - Sync 1 DAGs
[2024-04-21T21:35:56.903+0000] {logging_mixin.py:188} INFO - [2024-04-21T21:35:56.903+0000] {dag.py:3954} INFO - Setting next_dagrun for exploration_dag_v1 to 2024-04-16 00:00:00+00:00, run_after=2024-04-17 00:00:00+00:00
[2024-04-21T21:35:56.926+0000] {processor.py:183} INFO - Processing /opt/airflow/dags/exploration_dag.py took 0.166 seconds
[2024-04-21T21:36:28.955+0000] {processor.py:161} INFO - Started process (PID=707) to work on /opt/airflow/dags/exploration_dag.py
[2024-04-21T21:36:29.046+0000] {processor.py:830} INFO - Processing file /opt/airflow/dags/exploration_dag.py for tasks to queue
[2024-04-21T21:36:29.068+0000] {logging_mixin.py:188} INFO - [2024-04-21T21:36:29.057+0000] {dagbag.py:540} INFO - Filling up the DagBag from /opt/airflow/dags/exploration_dag.py
[2024-04-21T21:36:30.299+0000] {processor.py:840} INFO - DAG(s) 'exploration_dag_v1' retrieved from /opt/airflow/dags/exploration_dag.py
[2024-04-21T21:36:30.952+0000] {logging_mixin.py:188} INFO - [2024-04-21T21:36:30.951+0000] {dag.py:3096} INFO - Sync 1 DAGs
[2024-04-21T21:36:32.069+0000] {logging_mixin.py:188} INFO - [2024-04-21T21:36:32.067+0000] {dag.py:3954} INFO - Setting next_dagrun for exploration_dag_v1 to 2024-04-16 00:00:00+00:00, run_after=2024-04-17 00:00:00+00:00
[2024-04-21T21:36:32.456+0000] {processor.py:183} INFO - Processing /opt/airflow/dags/exploration_dag.py took 4.396 seconds
