[2024-04-21T21:04:36.156+0000] {processor.py:161} INFO - Started process (PID=40) to work on /opt/airflow/dags/priority_one_number_one_dag.py
[2024-04-21T21:04:36.158+0000] {processor.py:830} INFO - Processing file /opt/airflow/dags/priority_one_number_one_dag.py for tasks to queue
[2024-04-21T21:04:36.163+0000] {logging_mixin.py:188} INFO - [2024-04-21T21:04:36.162+0000] {dagbag.py:540} INFO - Filling up the DagBag from /opt/airflow/dags/priority_one_number_one_dag.py
[2024-04-21T21:04:36.211+0000] {processor.py:840} INFO - DAG(s) 'priority_one_number_one_dag_v1' retrieved from /opt/airflow/dags/priority_one_number_one_dag.py
[2024-04-21T21:04:37.301+0000] {logging_mixin.py:188} INFO - [2024-04-21T21:04:37.301+0000] {dag.py:3096} INFO - Sync 1 DAGs
[2024-04-21T21:04:37.436+0000] {logging_mixin.py:188} INFO - [2024-04-21T21:04:37.435+0000] {dag.py:3954} INFO - Setting next_dagrun for priority_one_number_one_dag_v1 to 2024-04-16 00:00:00+00:00, run_after=2024-04-17 00:00:00+00:00
[2024-04-21T21:04:37.527+0000] {processor.py:183} INFO - Processing /opt/airflow/dags/priority_one_number_one_dag.py took 1.384 seconds
[2024-04-21T21:05:11.691+0000] {processor.py:161} INFO - Started process (PID=54) to work on /opt/airflow/dags/priority_one_number_one_dag.py
[2024-04-21T21:05:11.737+0000] {processor.py:830} INFO - Processing file /opt/airflow/dags/priority_one_number_one_dag.py for tasks to queue
[2024-04-21T21:05:11.873+0000] {logging_mixin.py:188} INFO - [2024-04-21T21:05:11.870+0000] {dagbag.py:540} INFO - Filling up the DagBag from /opt/airflow/dags/priority_one_number_one_dag.py
[2024-04-21T21:05:14.496+0000] {processor.py:840} INFO - DAG(s) 'priority_one_number_one_dag_v1' retrieved from /opt/airflow/dags/priority_one_number_one_dag.py
[2024-04-21T21:05:15.689+0000] {logging_mixin.py:188} INFO - [2024-04-21T21:05:15.689+0000] {dag.py:3096} INFO - Sync 1 DAGs
[2024-04-21T21:05:17.255+0000] {logging_mixin.py:188} INFO - [2024-04-21T21:05:17.248+0000] {dag.py:3954} INFO - Setting next_dagrun for priority_one_number_one_dag_v1 to 2024-04-16 00:00:00+00:00, run_after=2024-04-17 00:00:00+00:00
[2024-04-21T21:05:18.025+0000] {processor.py:183} INFO - Processing /opt/airflow/dags/priority_one_number_one_dag.py took 6.469 seconds
[2024-04-21T21:05:49.294+0000] {processor.py:161} INFO - Started process (PID=65) to work on /opt/airflow/dags/priority_one_number_one_dag.py
[2024-04-21T21:05:49.301+0000] {processor.py:830} INFO - Processing file /opt/airflow/dags/priority_one_number_one_dag.py for tasks to queue
[2024-04-21T21:05:49.319+0000] {logging_mixin.py:188} INFO - [2024-04-21T21:05:49.318+0000] {dagbag.py:540} INFO - Filling up the DagBag from /opt/airflow/dags/priority_one_number_one_dag.py
[2024-04-21T21:05:49.568+0000] {processor.py:840} INFO - DAG(s) 'priority_one_number_one_dag_v1' retrieved from /opt/airflow/dags/priority_one_number_one_dag.py
[2024-04-21T21:05:49.750+0000] {logging_mixin.py:188} INFO - [2024-04-21T21:05:49.750+0000] {dag.py:3096} INFO - Sync 1 DAGs
[2024-04-21T21:05:49.917+0000] {logging_mixin.py:188} INFO - [2024-04-21T21:05:49.916+0000] {dag.py:3954} INFO - Setting next_dagrun for priority_one_number_one_dag_v1 to 2024-04-16 00:00:00+00:00, run_after=2024-04-17 00:00:00+00:00
[2024-04-21T21:05:50.095+0000] {processor.py:183} INFO - Processing /opt/airflow/dags/priority_one_number_one_dag.py took 0.802 seconds
[2024-04-21T21:06:20.566+0000] {processor.py:161} INFO - Started process (PID=76) to work on /opt/airflow/dags/priority_one_number_one_dag.py
[2024-04-21T21:06:20.567+0000] {processor.py:830} INFO - Processing file /opt/airflow/dags/priority_one_number_one_dag.py for tasks to queue
[2024-04-21T21:06:20.570+0000] {logging_mixin.py:188} INFO - [2024-04-21T21:06:20.569+0000] {dagbag.py:540} INFO - Filling up the DagBag from /opt/airflow/dags/priority_one_number_one_dag.py
[2024-04-21T21:06:20.602+0000] {processor.py:840} INFO - DAG(s) 'priority_one_number_one_dag_v1' retrieved from /opt/airflow/dags/priority_one_number_one_dag.py
[2024-04-21T21:06:20.632+0000] {logging_mixin.py:188} INFO - [2024-04-21T21:06:20.632+0000] {dag.py:3096} INFO - Sync 1 DAGs
[2024-04-21T21:06:20.656+0000] {logging_mixin.py:188} INFO - [2024-04-21T21:06:20.656+0000] {dag.py:3954} INFO - Setting next_dagrun for priority_one_number_one_dag_v1 to 2024-04-16 00:00:00+00:00, run_after=2024-04-17 00:00:00+00:00
[2024-04-21T21:06:20.684+0000] {processor.py:183} INFO - Processing /opt/airflow/dags/priority_one_number_one_dag.py took 0.126 seconds
[2024-04-21T21:06:50.906+0000] {processor.py:161} INFO - Started process (PID=88) to work on /opt/airflow/dags/priority_one_number_one_dag.py
[2024-04-21T21:06:50.907+0000] {processor.py:830} INFO - Processing file /opt/airflow/dags/priority_one_number_one_dag.py for tasks to queue
[2024-04-21T21:06:50.917+0000] {logging_mixin.py:188} INFO - [2024-04-21T21:06:50.912+0000] {dagbag.py:540} INFO - Filling up the DagBag from /opt/airflow/dags/priority_one_number_one_dag.py
[2024-04-21T21:06:50.969+0000] {processor.py:840} INFO - DAG(s) 'priority_one_number_one_dag_v1' retrieved from /opt/airflow/dags/priority_one_number_one_dag.py
[2024-04-21T21:06:51.067+0000] {logging_mixin.py:188} INFO - [2024-04-21T21:06:51.066+0000] {dag.py:3096} INFO - Sync 1 DAGs
[2024-04-21T21:06:51.152+0000] {logging_mixin.py:188} INFO - [2024-04-21T21:06:51.152+0000] {dag.py:3954} INFO - Setting next_dagrun for priority_one_number_one_dag_v1 to 2024-04-16 00:00:00+00:00, run_after=2024-04-17 00:00:00+00:00
[2024-04-21T21:06:51.190+0000] {processor.py:183} INFO - Processing /opt/airflow/dags/priority_one_number_one_dag.py took 0.306 seconds
[2024-04-21T21:07:21.887+0000] {processor.py:161} INFO - Started process (PID=100) to work on /opt/airflow/dags/priority_one_number_one_dag.py
[2024-04-21T21:07:21.888+0000] {processor.py:830} INFO - Processing file /opt/airflow/dags/priority_one_number_one_dag.py for tasks to queue
[2024-04-21T21:07:21.893+0000] {logging_mixin.py:188} INFO - [2024-04-21T21:07:21.892+0000] {dagbag.py:540} INFO - Filling up the DagBag from /opt/airflow/dags/priority_one_number_one_dag.py
[2024-04-21T21:07:21.921+0000] {processor.py:840} INFO - DAG(s) 'priority_one_number_one_dag_v1' retrieved from /opt/airflow/dags/priority_one_number_one_dag.py
[2024-04-21T21:07:21.955+0000] {logging_mixin.py:188} INFO - [2024-04-21T21:07:21.954+0000] {dag.py:3096} INFO - Sync 1 DAGs
[2024-04-21T21:07:21.983+0000] {logging_mixin.py:188} INFO - [2024-04-21T21:07:21.983+0000] {dag.py:3954} INFO - Setting next_dagrun for priority_one_number_one_dag_v1 to 2024-04-16 00:00:00+00:00, run_after=2024-04-17 00:00:00+00:00
[2024-04-21T21:07:22.011+0000] {processor.py:183} INFO - Processing /opt/airflow/dags/priority_one_number_one_dag.py took 0.130 seconds
[2024-04-21T21:07:52.550+0000] {processor.py:161} INFO - Started process (PID=112) to work on /opt/airflow/dags/priority_one_number_one_dag.py
[2024-04-21T21:07:52.551+0000] {processor.py:830} INFO - Processing file /opt/airflow/dags/priority_one_number_one_dag.py for tasks to queue
[2024-04-21T21:07:52.553+0000] {logging_mixin.py:188} INFO - [2024-04-21T21:07:52.553+0000] {dagbag.py:540} INFO - Filling up the DagBag from /opt/airflow/dags/priority_one_number_one_dag.py
[2024-04-21T21:07:52.575+0000] {processor.py:840} INFO - DAG(s) 'priority_one_number_one_dag_v1' retrieved from /opt/airflow/dags/priority_one_number_one_dag.py
[2024-04-21T21:07:52.609+0000] {logging_mixin.py:188} INFO - [2024-04-21T21:07:52.609+0000] {dag.py:3096} INFO - Sync 1 DAGs
[2024-04-21T21:07:52.633+0000] {logging_mixin.py:188} INFO - [2024-04-21T21:07:52.632+0000] {dag.py:3954} INFO - Setting next_dagrun for priority_one_number_one_dag_v1 to 2024-04-16 00:00:00+00:00, run_after=2024-04-17 00:00:00+00:00
[2024-04-21T21:07:52.667+0000] {processor.py:183} INFO - Processing /opt/airflow/dags/priority_one_number_one_dag.py took 0.123 seconds
[2024-04-21T21:08:26.471+0000] {processor.py:161} INFO - Started process (PID=124) to work on /opt/airflow/dags/priority_one_number_one_dag.py
[2024-04-21T21:08:26.479+0000] {processor.py:830} INFO - Processing file /opt/airflow/dags/priority_one_number_one_dag.py for tasks to queue
[2024-04-21T21:08:26.511+0000] {logging_mixin.py:188} INFO - [2024-04-21T21:08:26.492+0000] {dagbag.py:540} INFO - Filling up the DagBag from /opt/airflow/dags/priority_one_number_one_dag.py
[2024-04-21T21:08:26.594+0000] {processor.py:840} INFO - DAG(s) 'priority_one_number_one_dag_v1' retrieved from /opt/airflow/dags/priority_one_number_one_dag.py
[2024-04-21T21:08:26.694+0000] {logging_mixin.py:188} INFO - [2024-04-21T21:08:26.693+0000] {dag.py:3096} INFO - Sync 1 DAGs
[2024-04-21T21:08:26.788+0000] {logging_mixin.py:188} INFO - [2024-04-21T21:08:26.787+0000] {dag.py:3954} INFO - Setting next_dagrun for priority_one_number_one_dag_v1 to 2024-04-16 00:00:00+00:00, run_after=2024-04-17 00:00:00+00:00
[2024-04-21T21:08:26.853+0000] {processor.py:183} INFO - Processing /opt/airflow/dags/priority_one_number_one_dag.py took 0.400 seconds
[2024-04-21T21:08:57.052+0000] {processor.py:161} INFO - Started process (PID=141) to work on /opt/airflow/dags/priority_one_number_one_dag.py
[2024-04-21T21:08:57.053+0000] {processor.py:830} INFO - Processing file /opt/airflow/dags/priority_one_number_one_dag.py for tasks to queue
[2024-04-21T21:08:57.055+0000] {logging_mixin.py:188} INFO - [2024-04-21T21:08:57.055+0000] {dagbag.py:540} INFO - Filling up the DagBag from /opt/airflow/dags/priority_one_number_one_dag.py
[2024-04-21T21:08:57.085+0000] {processor.py:840} INFO - DAG(s) 'priority_one_number_one_dag_v1' retrieved from /opt/airflow/dags/priority_one_number_one_dag.py
[2024-04-21T21:08:57.125+0000] {logging_mixin.py:188} INFO - [2024-04-21T21:08:57.125+0000] {dag.py:3096} INFO - Sync 1 DAGs
[2024-04-21T21:08:57.157+0000] {logging_mixin.py:188} INFO - [2024-04-21T21:08:57.157+0000] {dag.py:3954} INFO - Setting next_dagrun for priority_one_number_one_dag_v1 to 2024-04-16 00:00:00+00:00, run_after=2024-04-17 00:00:00+00:00
[2024-04-21T21:08:57.199+0000] {processor.py:183} INFO - Processing /opt/airflow/dags/priority_one_number_one_dag.py took 0.152 seconds
[2024-04-21T21:09:27.344+0000] {processor.py:161} INFO - Started process (PID=151) to work on /opt/airflow/dags/priority_one_number_one_dag.py
[2024-04-21T21:09:27.345+0000] {processor.py:830} INFO - Processing file /opt/airflow/dags/priority_one_number_one_dag.py for tasks to queue
[2024-04-21T21:09:27.348+0000] {logging_mixin.py:188} INFO - [2024-04-21T21:09:27.347+0000] {dagbag.py:540} INFO - Filling up the DagBag from /opt/airflow/dags/priority_one_number_one_dag.py
[2024-04-21T21:09:27.375+0000] {processor.py:840} INFO - DAG(s) 'priority_one_number_one_dag_v1' retrieved from /opt/airflow/dags/priority_one_number_one_dag.py
[2024-04-21T21:09:27.405+0000] {logging_mixin.py:188} INFO - [2024-04-21T21:09:27.404+0000] {dag.py:3096} INFO - Sync 1 DAGs
[2024-04-21T21:09:27.432+0000] {logging_mixin.py:188} INFO - [2024-04-21T21:09:27.432+0000] {dag.py:3954} INFO - Setting next_dagrun for priority_one_number_one_dag_v1 to 2024-04-16 00:00:00+00:00, run_after=2024-04-17 00:00:00+00:00
[2024-04-21T21:09:27.455+0000] {processor.py:183} INFO - Processing /opt/airflow/dags/priority_one_number_one_dag.py took 0.119 seconds
[2024-04-21T21:09:57.571+0000] {processor.py:161} INFO - Started process (PID=163) to work on /opt/airflow/dags/priority_one_number_one_dag.py
[2024-04-21T21:09:57.578+0000] {processor.py:830} INFO - Processing file /opt/airflow/dags/priority_one_number_one_dag.py for tasks to queue
[2024-04-21T21:09:57.586+0000] {logging_mixin.py:188} INFO - [2024-04-21T21:09:57.584+0000] {dagbag.py:540} INFO - Filling up the DagBag from /opt/airflow/dags/priority_one_number_one_dag.py
[2024-04-21T21:09:57.614+0000] {processor.py:840} INFO - DAG(s) 'priority_one_number_one_dag_v1' retrieved from /opt/airflow/dags/priority_one_number_one_dag.py
[2024-04-21T21:09:57.666+0000] {logging_mixin.py:188} INFO - [2024-04-21T21:09:57.666+0000] {dag.py:3096} INFO - Sync 1 DAGs
[2024-04-21T21:09:57.702+0000] {logging_mixin.py:188} INFO - [2024-04-21T21:09:57.701+0000] {dag.py:3954} INFO - Setting next_dagrun for priority_one_number_one_dag_v1 to 2024-04-16 00:00:00+00:00, run_after=2024-04-17 00:00:00+00:00
[2024-04-21T21:09:57.732+0000] {processor.py:183} INFO - Processing /opt/airflow/dags/priority_one_number_one_dag.py took 0.217 seconds
[2024-04-21T21:10:27.867+0000] {processor.py:161} INFO - Started process (PID=175) to work on /opt/airflow/dags/priority_one_number_one_dag.py
[2024-04-21T21:10:27.869+0000] {processor.py:830} INFO - Processing file /opt/airflow/dags/priority_one_number_one_dag.py for tasks to queue
[2024-04-21T21:10:27.873+0000] {logging_mixin.py:188} INFO - [2024-04-21T21:10:27.872+0000] {dagbag.py:540} INFO - Filling up the DagBag from /opt/airflow/dags/priority_one_number_one_dag.py
[2024-04-21T21:10:27.897+0000] {processor.py:840} INFO - DAG(s) 'priority_one_number_one_dag_v1' retrieved from /opt/airflow/dags/priority_one_number_one_dag.py
[2024-04-21T21:10:27.933+0000] {logging_mixin.py:188} INFO - [2024-04-21T21:10:27.933+0000] {dag.py:3096} INFO - Sync 1 DAGs
[2024-04-21T21:10:27.978+0000] {logging_mixin.py:188} INFO - [2024-04-21T21:10:27.978+0000] {dag.py:3954} INFO - Setting next_dagrun for priority_one_number_one_dag_v1 to 2024-04-16 00:00:00+00:00, run_after=2024-04-17 00:00:00+00:00
[2024-04-21T21:10:28.016+0000] {processor.py:183} INFO - Processing /opt/airflow/dags/priority_one_number_one_dag.py took 0.158 seconds
[2024-04-21T21:10:58.975+0000] {processor.py:161} INFO - Started process (PID=187) to work on /opt/airflow/dags/priority_one_number_one_dag.py
[2024-04-21T21:10:58.976+0000] {processor.py:830} INFO - Processing file /opt/airflow/dags/priority_one_number_one_dag.py for tasks to queue
[2024-04-21T21:10:58.979+0000] {logging_mixin.py:188} INFO - [2024-04-21T21:10:58.979+0000] {dagbag.py:540} INFO - Filling up the DagBag from /opt/airflow/dags/priority_one_number_one_dag.py
[2024-04-21T21:10:59.008+0000] {processor.py:840} INFO - DAG(s) 'priority_one_number_one_dag_v1' retrieved from /opt/airflow/dags/priority_one_number_one_dag.py
[2024-04-21T21:10:59.040+0000] {logging_mixin.py:188} INFO - [2024-04-21T21:10:59.040+0000] {dag.py:3096} INFO - Sync 1 DAGs
[2024-04-21T21:10:59.074+0000] {logging_mixin.py:188} INFO - [2024-04-21T21:10:59.073+0000] {dag.py:3954} INFO - Setting next_dagrun for priority_one_number_one_dag_v1 to 2024-04-16 00:00:00+00:00, run_after=2024-04-17 00:00:00+00:00
[2024-04-21T21:10:59.100+0000] {processor.py:183} INFO - Processing /opt/airflow/dags/priority_one_number_one_dag.py took 0.134 seconds
[2024-04-21T21:11:29.646+0000] {processor.py:161} INFO - Started process (PID=199) to work on /opt/airflow/dags/priority_one_number_one_dag.py
[2024-04-21T21:11:29.648+0000] {processor.py:830} INFO - Processing file /opt/airflow/dags/priority_one_number_one_dag.py for tasks to queue
[2024-04-21T21:11:29.650+0000] {logging_mixin.py:188} INFO - [2024-04-21T21:11:29.650+0000] {dagbag.py:540} INFO - Filling up the DagBag from /opt/airflow/dags/priority_one_number_one_dag.py
[2024-04-21T21:11:29.671+0000] {processor.py:840} INFO - DAG(s) 'priority_one_number_one_dag_v1' retrieved from /opt/airflow/dags/priority_one_number_one_dag.py
[2024-04-21T21:11:29.702+0000] {logging_mixin.py:188} INFO - [2024-04-21T21:11:29.702+0000] {dag.py:3096} INFO - Sync 1 DAGs
[2024-04-21T21:11:29.731+0000] {logging_mixin.py:188} INFO - [2024-04-21T21:11:29.730+0000] {dag.py:3954} INFO - Setting next_dagrun for priority_one_number_one_dag_v1 to 2024-04-16 00:00:00+00:00, run_after=2024-04-17 00:00:00+00:00
[2024-04-21T21:11:29.756+0000] {processor.py:183} INFO - Processing /opt/airflow/dags/priority_one_number_one_dag.py took 0.117 seconds
[2024-04-21T21:12:00.265+0000] {processor.py:161} INFO - Started process (PID=211) to work on /opt/airflow/dags/priority_one_number_one_dag.py
[2024-04-21T21:12:00.267+0000] {processor.py:830} INFO - Processing file /opt/airflow/dags/priority_one_number_one_dag.py for tasks to queue
[2024-04-21T21:12:00.270+0000] {logging_mixin.py:188} INFO - [2024-04-21T21:12:00.269+0000] {dagbag.py:540} INFO - Filling up the DagBag from /opt/airflow/dags/priority_one_number_one_dag.py
[2024-04-21T21:12:00.289+0000] {processor.py:840} INFO - DAG(s) 'priority_one_number_one_dag_v1' retrieved from /opt/airflow/dags/priority_one_number_one_dag.py
[2024-04-21T21:12:00.318+0000] {logging_mixin.py:188} INFO - [2024-04-21T21:12:00.318+0000] {dag.py:3096} INFO - Sync 1 DAGs
[2024-04-21T21:12:00.342+0000] {logging_mixin.py:188} INFO - [2024-04-21T21:12:00.342+0000] {dag.py:3954} INFO - Setting next_dagrun for priority_one_number_one_dag_v1 to 2024-04-16 00:00:00+00:00, run_after=2024-04-17 00:00:00+00:00
[2024-04-21T21:12:00.366+0000] {processor.py:183} INFO - Processing /opt/airflow/dags/priority_one_number_one_dag.py took 0.109 seconds
[2024-04-21T21:12:30.474+0000] {processor.py:161} INFO - Started process (PID=223) to work on /opt/airflow/dags/priority_one_number_one_dag.py
[2024-04-21T21:12:30.475+0000] {processor.py:830} INFO - Processing file /opt/airflow/dags/priority_one_number_one_dag.py for tasks to queue
[2024-04-21T21:12:30.478+0000] {logging_mixin.py:188} INFO - [2024-04-21T21:12:30.478+0000] {dagbag.py:540} INFO - Filling up the DagBag from /opt/airflow/dags/priority_one_number_one_dag.py
[2024-04-21T21:12:30.515+0000] {processor.py:840} INFO - DAG(s) 'priority_one_number_one_dag_v1' retrieved from /opt/airflow/dags/priority_one_number_one_dag.py
[2024-04-21T21:12:30.551+0000] {logging_mixin.py:188} INFO - [2024-04-21T21:12:30.551+0000] {dag.py:3096} INFO - Sync 1 DAGs
[2024-04-21T21:12:30.583+0000] {logging_mixin.py:188} INFO - [2024-04-21T21:12:30.583+0000] {dag.py:3954} INFO - Setting next_dagrun for priority_one_number_one_dag_v1 to 2024-04-16 00:00:00+00:00, run_after=2024-04-17 00:00:00+00:00
[2024-04-21T21:12:30.613+0000] {processor.py:183} INFO - Processing /opt/airflow/dags/priority_one_number_one_dag.py took 0.148 seconds
[2024-04-21T21:13:01.423+0000] {processor.py:161} INFO - Started process (PID=236) to work on /opt/airflow/dags/priority_one_number_one_dag.py
[2024-04-21T21:13:01.462+0000] {processor.py:830} INFO - Processing file /opt/airflow/dags/priority_one_number_one_dag.py for tasks to queue
[2024-04-21T21:13:01.552+0000] {logging_mixin.py:188} INFO - [2024-04-21T21:13:01.536+0000] {dagbag.py:540} INFO - Filling up the DagBag from /opt/airflow/dags/priority_one_number_one_dag.py
[2024-04-21T21:13:01.965+0000] {processor.py:840} INFO - DAG(s) 'priority_one_number_one_dag_v1' retrieved from /opt/airflow/dags/priority_one_number_one_dag.py
[2024-04-21T21:13:02.112+0000] {logging_mixin.py:188} INFO - [2024-04-21T21:13:02.111+0000] {dag.py:3096} INFO - Sync 1 DAGs
[2024-04-21T21:13:02.190+0000] {logging_mixin.py:188} INFO - [2024-04-21T21:13:02.190+0000] {dag.py:3954} INFO - Setting next_dagrun for priority_one_number_one_dag_v1 to 2024-04-16 00:00:00+00:00, run_after=2024-04-17 00:00:00+00:00
[2024-04-21T21:13:02.274+0000] {processor.py:183} INFO - Processing /opt/airflow/dags/priority_one_number_one_dag.py took 1.093 seconds
[2024-04-21T21:13:32.722+0000] {processor.py:161} INFO - Started process (PID=248) to work on /opt/airflow/dags/priority_one_number_one_dag.py
[2024-04-21T21:13:32.723+0000] {processor.py:830} INFO - Processing file /opt/airflow/dags/priority_one_number_one_dag.py for tasks to queue
[2024-04-21T21:13:32.726+0000] {logging_mixin.py:188} INFO - [2024-04-21T21:13:32.726+0000] {dagbag.py:540} INFO - Filling up the DagBag from /opt/airflow/dags/priority_one_number_one_dag.py
[2024-04-21T21:13:32.749+0000] {processor.py:840} INFO - DAG(s) 'priority_one_number_one_dag_v1' retrieved from /opt/airflow/dags/priority_one_number_one_dag.py
[2024-04-21T21:13:32.781+0000] {logging_mixin.py:188} INFO - [2024-04-21T21:13:32.781+0000] {dag.py:3096} INFO - Sync 1 DAGs
[2024-04-21T21:13:32.810+0000] {logging_mixin.py:188} INFO - [2024-04-21T21:13:32.810+0000] {dag.py:3954} INFO - Setting next_dagrun for priority_one_number_one_dag_v1 to 2024-04-16 00:00:00+00:00, run_after=2024-04-17 00:00:00+00:00
[2024-04-21T21:13:32.833+0000] {processor.py:183} INFO - Processing /opt/airflow/dags/priority_one_number_one_dag.py took 0.118 seconds
[2024-04-21T21:14:02.914+0000] {processor.py:161} INFO - Started process (PID=260) to work on /opt/airflow/dags/priority_one_number_one_dag.py
[2024-04-21T21:14:02.915+0000] {processor.py:830} INFO - Processing file /opt/airflow/dags/priority_one_number_one_dag.py for tasks to queue
[2024-04-21T21:14:02.917+0000] {logging_mixin.py:188} INFO - [2024-04-21T21:14:02.917+0000] {dagbag.py:540} INFO - Filling up the DagBag from /opt/airflow/dags/priority_one_number_one_dag.py
[2024-04-21T21:14:02.938+0000] {processor.py:840} INFO - DAG(s) 'priority_one_number_one_dag_v1' retrieved from /opt/airflow/dags/priority_one_number_one_dag.py
[2024-04-21T21:14:02.965+0000] {logging_mixin.py:188} INFO - [2024-04-21T21:14:02.965+0000] {dag.py:3096} INFO - Sync 1 DAGs
[2024-04-21T21:14:02.988+0000] {logging_mixin.py:188} INFO - [2024-04-21T21:14:02.988+0000] {dag.py:3954} INFO - Setting next_dagrun for priority_one_number_one_dag_v1 to 2024-04-16 00:00:00+00:00, run_after=2024-04-17 00:00:00+00:00
[2024-04-21T21:14:03.009+0000] {processor.py:183} INFO - Processing /opt/airflow/dags/priority_one_number_one_dag.py took 0.101 seconds
[2024-04-21T21:14:33.667+0000] {processor.py:161} INFO - Started process (PID=272) to work on /opt/airflow/dags/priority_one_number_one_dag.py
[2024-04-21T21:14:33.668+0000] {processor.py:830} INFO - Processing file /opt/airflow/dags/priority_one_number_one_dag.py for tasks to queue
[2024-04-21T21:14:33.670+0000] {logging_mixin.py:188} INFO - [2024-04-21T21:14:33.669+0000] {dagbag.py:540} INFO - Filling up the DagBag from /opt/airflow/dags/priority_one_number_one_dag.py
[2024-04-21T21:14:33.697+0000] {processor.py:840} INFO - DAG(s) 'priority_one_number_one_dag_v1' retrieved from /opt/airflow/dags/priority_one_number_one_dag.py
[2024-04-21T21:14:33.758+0000] {logging_mixin.py:188} INFO - [2024-04-21T21:14:33.757+0000] {dag.py:3096} INFO - Sync 1 DAGs
[2024-04-21T21:14:33.809+0000] {logging_mixin.py:188} INFO - [2024-04-21T21:14:33.808+0000] {dag.py:3954} INFO - Setting next_dagrun for priority_one_number_one_dag_v1 to 2024-04-16 00:00:00+00:00, run_after=2024-04-17 00:00:00+00:00
[2024-04-21T21:14:33.841+0000] {processor.py:183} INFO - Processing /opt/airflow/dags/priority_one_number_one_dag.py took 0.180 seconds
[2024-04-21T21:15:04.368+0000] {processor.py:161} INFO - Started process (PID=284) to work on /opt/airflow/dags/priority_one_number_one_dag.py
[2024-04-21T21:15:04.369+0000] {processor.py:830} INFO - Processing file /opt/airflow/dags/priority_one_number_one_dag.py for tasks to queue
[2024-04-21T21:15:04.372+0000] {logging_mixin.py:188} INFO - [2024-04-21T21:15:04.372+0000] {dagbag.py:540} INFO - Filling up the DagBag from /opt/airflow/dags/priority_one_number_one_dag.py
[2024-04-21T21:15:04.392+0000] {processor.py:840} INFO - DAG(s) 'priority_one_number_one_dag_v1' retrieved from /opt/airflow/dags/priority_one_number_one_dag.py
[2024-04-21T21:15:04.433+0000] {logging_mixin.py:188} INFO - [2024-04-21T21:15:04.433+0000] {dag.py:3096} INFO - Sync 1 DAGs
[2024-04-21T21:15:04.462+0000] {logging_mixin.py:188} INFO - [2024-04-21T21:15:04.461+0000] {dag.py:3954} INFO - Setting next_dagrun for priority_one_number_one_dag_v1 to 2024-04-16 00:00:00+00:00, run_after=2024-04-17 00:00:00+00:00
[2024-04-21T21:15:04.485+0000] {processor.py:183} INFO - Processing /opt/airflow/dags/priority_one_number_one_dag.py took 0.125 seconds
[2024-04-21T21:15:35.532+0000] {processor.py:161} INFO - Started process (PID=295) to work on /opt/airflow/dags/priority_one_number_one_dag.py
[2024-04-21T21:15:35.538+0000] {processor.py:830} INFO - Processing file /opt/airflow/dags/priority_one_number_one_dag.py for tasks to queue
[2024-04-21T21:15:35.543+0000] {logging_mixin.py:188} INFO - [2024-04-21T21:15:35.543+0000] {dagbag.py:540} INFO - Filling up the DagBag from /opt/airflow/dags/priority_one_number_one_dag.py
[2024-04-21T21:15:35.597+0000] {processor.py:840} INFO - DAG(s) 'priority_one_number_one_dag_v1' retrieved from /opt/airflow/dags/priority_one_number_one_dag.py
[2024-04-21T21:15:35.696+0000] {logging_mixin.py:188} INFO - [2024-04-21T21:15:35.694+0000] {dag.py:3096} INFO - Sync 1 DAGs
[2024-04-21T21:15:35.758+0000] {logging_mixin.py:188} INFO - [2024-04-21T21:15:35.758+0000] {dag.py:3954} INFO - Setting next_dagrun for priority_one_number_one_dag_v1 to 2024-04-16 00:00:00+00:00, run_after=2024-04-17 00:00:00+00:00
[2024-04-21T21:15:35.844+0000] {processor.py:183} INFO - Processing /opt/airflow/dags/priority_one_number_one_dag.py took 0.327 seconds
[2024-04-21T21:16:06.351+0000] {processor.py:161} INFO - Started process (PID=306) to work on /opt/airflow/dags/priority_one_number_one_dag.py
[2024-04-21T21:16:06.353+0000] {processor.py:830} INFO - Processing file /opt/airflow/dags/priority_one_number_one_dag.py for tasks to queue
[2024-04-21T21:16:06.357+0000] {logging_mixin.py:188} INFO - [2024-04-21T21:16:06.357+0000] {dagbag.py:540} INFO - Filling up the DagBag from /opt/airflow/dags/priority_one_number_one_dag.py
[2024-04-21T21:16:06.399+0000] {processor.py:840} INFO - DAG(s) 'priority_one_number_one_dag_v1' retrieved from /opt/airflow/dags/priority_one_number_one_dag.py
[2024-04-21T21:16:06.439+0000] {logging_mixin.py:188} INFO - [2024-04-21T21:16:06.439+0000] {dag.py:3096} INFO - Sync 1 DAGs
[2024-04-21T21:16:06.471+0000] {logging_mixin.py:188} INFO - [2024-04-21T21:16:06.471+0000] {dag.py:3954} INFO - Setting next_dagrun for priority_one_number_one_dag_v1 to 2024-04-16 00:00:00+00:00, run_after=2024-04-17 00:00:00+00:00
[2024-04-21T21:16:06.498+0000] {processor.py:183} INFO - Processing /opt/airflow/dags/priority_one_number_one_dag.py took 0.159 seconds
[2024-04-21T21:16:36.763+0000] {processor.py:161} INFO - Started process (PID=317) to work on /opt/airflow/dags/priority_one_number_one_dag.py
[2024-04-21T21:16:36.764+0000] {processor.py:830} INFO - Processing file /opt/airflow/dags/priority_one_number_one_dag.py for tasks to queue
[2024-04-21T21:16:36.766+0000] {logging_mixin.py:188} INFO - [2024-04-21T21:16:36.765+0000] {dagbag.py:540} INFO - Filling up the DagBag from /opt/airflow/dags/priority_one_number_one_dag.py
[2024-04-21T21:16:36.787+0000] {processor.py:840} INFO - DAG(s) 'priority_one_number_one_dag_v1' retrieved from /opt/airflow/dags/priority_one_number_one_dag.py
[2024-04-21T21:16:36.816+0000] {logging_mixin.py:188} INFO - [2024-04-21T21:16:36.816+0000] {dag.py:3096} INFO - Sync 1 DAGs
[2024-04-21T21:16:36.841+0000] {logging_mixin.py:188} INFO - [2024-04-21T21:16:36.841+0000] {dag.py:3954} INFO - Setting next_dagrun for priority_one_number_one_dag_v1 to 2024-04-16 00:00:00+00:00, run_after=2024-04-17 00:00:00+00:00
[2024-04-21T21:16:36.866+0000] {processor.py:183} INFO - Processing /opt/airflow/dags/priority_one_number_one_dag.py took 0.109 seconds
[2024-04-21T21:17:08.193+0000] {processor.py:161} INFO - Started process (PID=329) to work on /opt/airflow/dags/priority_one_number_one_dag.py
[2024-04-21T21:17:08.208+0000] {processor.py:830} INFO - Processing file /opt/airflow/dags/priority_one_number_one_dag.py for tasks to queue
[2024-04-21T21:17:08.257+0000] {logging_mixin.py:188} INFO - [2024-04-21T21:17:08.253+0000] {dagbag.py:540} INFO - Filling up the DagBag from /opt/airflow/dags/priority_one_number_one_dag.py
[2024-04-21T21:17:08.584+0000] {processor.py:840} INFO - DAG(s) 'priority_one_number_one_dag_v1' retrieved from /opt/airflow/dags/priority_one_number_one_dag.py
[2024-04-21T21:17:09.983+0000] {logging_mixin.py:188} INFO - [2024-04-21T21:17:09.982+0000] {dag.py:3096} INFO - Sync 1 DAGs
[2024-04-21T21:17:11.050+0000] {logging_mixin.py:188} INFO - [2024-04-21T21:17:11.036+0000] {dag.py:3954} INFO - Setting next_dagrun for priority_one_number_one_dag_v1 to 2024-04-16 00:00:00+00:00, run_after=2024-04-17 00:00:00+00:00
[2024-04-21T21:17:11.256+0000] {processor.py:183} INFO - Processing /opt/airflow/dags/priority_one_number_one_dag.py took 3.252 seconds
[2024-04-21T21:17:41.534+0000] {processor.py:161} INFO - Started process (PID=341) to work on /opt/airflow/dags/priority_one_number_one_dag.py
[2024-04-21T21:17:41.536+0000] {processor.py:830} INFO - Processing file /opt/airflow/dags/priority_one_number_one_dag.py for tasks to queue
[2024-04-21T21:17:41.543+0000] {logging_mixin.py:188} INFO - [2024-04-21T21:17:41.542+0000] {dagbag.py:540} INFO - Filling up the DagBag from /opt/airflow/dags/priority_one_number_one_dag.py
[2024-04-21T21:17:41.619+0000] {processor.py:840} INFO - DAG(s) 'priority_one_number_one_dag_v1' retrieved from /opt/airflow/dags/priority_one_number_one_dag.py
[2024-04-21T21:17:41.713+0000] {logging_mixin.py:188} INFO - [2024-04-21T21:17:41.712+0000] {dag.py:3096} INFO - Sync 1 DAGs
[2024-04-21T21:17:41.788+0000] {logging_mixin.py:188} INFO - [2024-04-21T21:17:41.788+0000] {dag.py:3954} INFO - Setting next_dagrun for priority_one_number_one_dag_v1 to 2024-04-16 00:00:00+00:00, run_after=2024-04-17 00:00:00+00:00
[2024-04-21T21:17:41.843+0000] {processor.py:183} INFO - Processing /opt/airflow/dags/priority_one_number_one_dag.py took 0.324 seconds
[2024-04-21T21:18:12.746+0000] {processor.py:161} INFO - Started process (PID=353) to work on /opt/airflow/dags/priority_one_number_one_dag.py
[2024-04-21T21:18:12.754+0000] {processor.py:830} INFO - Processing file /opt/airflow/dags/priority_one_number_one_dag.py for tasks to queue
[2024-04-21T21:18:12.760+0000] {logging_mixin.py:188} INFO - [2024-04-21T21:18:12.759+0000] {dagbag.py:540} INFO - Filling up the DagBag from /opt/airflow/dags/priority_one_number_one_dag.py
[2024-04-21T21:18:12.815+0000] {processor.py:840} INFO - DAG(s) 'priority_one_number_one_dag_v1' retrieved from /opt/airflow/dags/priority_one_number_one_dag.py
[2024-04-21T21:18:12.893+0000] {logging_mixin.py:188} INFO - [2024-04-21T21:18:12.893+0000] {dag.py:3096} INFO - Sync 1 DAGs
[2024-04-21T21:18:12.950+0000] {logging_mixin.py:188} INFO - [2024-04-21T21:18:12.950+0000] {dag.py:3954} INFO - Setting next_dagrun for priority_one_number_one_dag_v1 to 2024-04-16 00:00:00+00:00, run_after=2024-04-17 00:00:00+00:00
[2024-04-21T21:18:12.989+0000] {processor.py:183} INFO - Processing /opt/airflow/dags/priority_one_number_one_dag.py took 0.265 seconds
[2024-04-21T21:18:43.208+0000] {processor.py:161} INFO - Started process (PID=365) to work on /opt/airflow/dags/priority_one_number_one_dag.py
[2024-04-21T21:18:43.211+0000] {processor.py:830} INFO - Processing file /opt/airflow/dags/priority_one_number_one_dag.py for tasks to queue
[2024-04-21T21:18:43.216+0000] {logging_mixin.py:188} INFO - [2024-04-21T21:18:43.216+0000] {dagbag.py:540} INFO - Filling up the DagBag from /opt/airflow/dags/priority_one_number_one_dag.py
[2024-04-21T21:18:43.272+0000] {processor.py:840} INFO - DAG(s) 'priority_one_number_one_dag_v1' retrieved from /opt/airflow/dags/priority_one_number_one_dag.py
[2024-04-21T21:18:43.342+0000] {logging_mixin.py:188} INFO - [2024-04-21T21:18:43.342+0000] {dag.py:3096} INFO - Sync 1 DAGs
[2024-04-21T21:18:43.387+0000] {logging_mixin.py:188} INFO - [2024-04-21T21:18:43.387+0000] {dag.py:3954} INFO - Setting next_dagrun for priority_one_number_one_dag_v1 to 2024-04-16 00:00:00+00:00, run_after=2024-04-17 00:00:00+00:00
[2024-04-21T21:18:43.420+0000] {processor.py:183} INFO - Processing /opt/airflow/dags/priority_one_number_one_dag.py took 0.225 seconds
[2024-04-21T21:19:13.831+0000] {processor.py:161} INFO - Started process (PID=377) to work on /opt/airflow/dags/priority_one_number_one_dag.py
[2024-04-21T21:19:13.832+0000] {processor.py:830} INFO - Processing file /opt/airflow/dags/priority_one_number_one_dag.py for tasks to queue
[2024-04-21T21:19:13.835+0000] {logging_mixin.py:188} INFO - [2024-04-21T21:19:13.834+0000] {dagbag.py:540} INFO - Filling up the DagBag from /opt/airflow/dags/priority_one_number_one_dag.py
[2024-04-21T21:19:13.857+0000] {processor.py:840} INFO - DAG(s) 'priority_one_number_one_dag_v1' retrieved from /opt/airflow/dags/priority_one_number_one_dag.py
[2024-04-21T21:19:13.889+0000] {logging_mixin.py:188} INFO - [2024-04-21T21:19:13.888+0000] {dag.py:3096} INFO - Sync 1 DAGs
[2024-04-21T21:19:13.913+0000] {logging_mixin.py:188} INFO - [2024-04-21T21:19:13.912+0000] {dag.py:3954} INFO - Setting next_dagrun for priority_one_number_one_dag_v1 to 2024-04-16 00:00:00+00:00, run_after=2024-04-17 00:00:00+00:00
[2024-04-21T21:19:13.939+0000] {processor.py:183} INFO - Processing /opt/airflow/dags/priority_one_number_one_dag.py took 0.116 seconds
[2024-04-21T21:19:44.874+0000] {processor.py:161} INFO - Started process (PID=389) to work on /opt/airflow/dags/priority_one_number_one_dag.py
[2024-04-21T21:19:44.882+0000] {processor.py:830} INFO - Processing file /opt/airflow/dags/priority_one_number_one_dag.py for tasks to queue
[2024-04-21T21:19:44.903+0000] {logging_mixin.py:188} INFO - [2024-04-21T21:19:44.900+0000] {dagbag.py:540} INFO - Filling up the DagBag from /opt/airflow/dags/priority_one_number_one_dag.py
[2024-04-21T21:19:45.059+0000] {processor.py:840} INFO - DAG(s) 'priority_one_number_one_dag_v1' retrieved from /opt/airflow/dags/priority_one_number_one_dag.py
[2024-04-21T21:19:45.277+0000] {logging_mixin.py:188} INFO - [2024-04-21T21:19:45.277+0000] {dag.py:3096} INFO - Sync 1 DAGs
[2024-04-21T21:19:45.363+0000] {logging_mixin.py:188} INFO - [2024-04-21T21:19:45.362+0000] {dag.py:3954} INFO - Setting next_dagrun for priority_one_number_one_dag_v1 to 2024-04-16 00:00:00+00:00, run_after=2024-04-17 00:00:00+00:00
[2024-04-21T21:19:45.405+0000] {processor.py:183} INFO - Processing /opt/airflow/dags/priority_one_number_one_dag.py took 0.598 seconds
[2024-04-21T21:20:16.039+0000] {processor.py:161} INFO - Started process (PID=402) to work on /opt/airflow/dags/priority_one_number_one_dag.py
[2024-04-21T21:20:16.042+0000] {processor.py:830} INFO - Processing file /opt/airflow/dags/priority_one_number_one_dag.py for tasks to queue
[2024-04-21T21:20:16.044+0000] {logging_mixin.py:188} INFO - [2024-04-21T21:20:16.044+0000] {dagbag.py:540} INFO - Filling up the DagBag from /opt/airflow/dags/priority_one_number_one_dag.py
[2024-04-21T21:20:16.068+0000] {processor.py:840} INFO - DAG(s) 'priority_one_number_one_dag_v1' retrieved from /opt/airflow/dags/priority_one_number_one_dag.py
[2024-04-21T21:20:16.102+0000] {logging_mixin.py:188} INFO - [2024-04-21T21:20:16.102+0000] {dag.py:3096} INFO - Sync 1 DAGs
[2024-04-21T21:20:16.129+0000] {logging_mixin.py:188} INFO - [2024-04-21T21:20:16.129+0000] {dag.py:3954} INFO - Setting next_dagrun for priority_one_number_one_dag_v1 to 2024-04-16 00:00:00+00:00, run_after=2024-04-17 00:00:00+00:00
[2024-04-21T21:20:16.154+0000] {processor.py:183} INFO - Processing /opt/airflow/dags/priority_one_number_one_dag.py took 0.125 seconds
[2024-04-21T21:20:46.657+0000] {processor.py:161} INFO - Started process (PID=414) to work on /opt/airflow/dags/priority_one_number_one_dag.py
[2024-04-21T21:20:46.659+0000] {processor.py:830} INFO - Processing file /opt/airflow/dags/priority_one_number_one_dag.py for tasks to queue
[2024-04-21T21:20:46.663+0000] {logging_mixin.py:188} INFO - [2024-04-21T21:20:46.662+0000] {dagbag.py:540} INFO - Filling up the DagBag from /opt/airflow/dags/priority_one_number_one_dag.py
[2024-04-21T21:20:46.805+0000] {processor.py:840} INFO - DAG(s) 'priority_one_number_one_dag_v1' retrieved from /opt/airflow/dags/priority_one_number_one_dag.py
[2024-04-21T21:20:46.901+0000] {logging_mixin.py:188} INFO - [2024-04-21T21:20:46.900+0000] {dag.py:3096} INFO - Sync 1 DAGs
[2024-04-21T21:20:46.947+0000] {logging_mixin.py:188} INFO - [2024-04-21T21:20:46.947+0000] {dag.py:3954} INFO - Setting next_dagrun for priority_one_number_one_dag_v1 to 2024-04-16 00:00:00+00:00, run_after=2024-04-17 00:00:00+00:00
[2024-04-21T21:20:46.983+0000] {processor.py:183} INFO - Processing /opt/airflow/dags/priority_one_number_one_dag.py took 0.338 seconds
[2024-04-21T21:21:17.380+0000] {processor.py:161} INFO - Started process (PID=426) to work on /opt/airflow/dags/priority_one_number_one_dag.py
[2024-04-21T21:21:17.382+0000] {processor.py:830} INFO - Processing file /opt/airflow/dags/priority_one_number_one_dag.py for tasks to queue
[2024-04-21T21:21:17.384+0000] {logging_mixin.py:188} INFO - [2024-04-21T21:21:17.384+0000] {dagbag.py:540} INFO - Filling up the DagBag from /opt/airflow/dags/priority_one_number_one_dag.py
[2024-04-21T21:21:17.413+0000] {processor.py:840} INFO - DAG(s) 'priority_one_number_one_dag_v1' retrieved from /opt/airflow/dags/priority_one_number_one_dag.py
[2024-04-21T21:21:17.445+0000] {logging_mixin.py:188} INFO - [2024-04-21T21:21:17.445+0000] {dag.py:3096} INFO - Sync 1 DAGs
[2024-04-21T21:21:17.472+0000] {logging_mixin.py:188} INFO - [2024-04-21T21:21:17.472+0000] {dag.py:3954} INFO - Setting next_dagrun for priority_one_number_one_dag_v1 to 2024-04-16 00:00:00+00:00, run_after=2024-04-17 00:00:00+00:00
[2024-04-21T21:21:17.495+0000] {processor.py:183} INFO - Processing /opt/airflow/dags/priority_one_number_one_dag.py took 0.121 seconds
[2024-04-21T21:21:47.833+0000] {processor.py:161} INFO - Started process (PID=438) to work on /opt/airflow/dags/priority_one_number_one_dag.py
[2024-04-21T21:21:47.834+0000] {processor.py:830} INFO - Processing file /opt/airflow/dags/priority_one_number_one_dag.py for tasks to queue
[2024-04-21T21:21:47.836+0000] {logging_mixin.py:188} INFO - [2024-04-21T21:21:47.836+0000] {dagbag.py:540} INFO - Filling up the DagBag from /opt/airflow/dags/priority_one_number_one_dag.py
[2024-04-21T21:21:47.858+0000] {processor.py:840} INFO - DAG(s) 'priority_one_number_one_dag_v1' retrieved from /opt/airflow/dags/priority_one_number_one_dag.py
[2024-04-21T21:21:47.888+0000] {logging_mixin.py:188} INFO - [2024-04-21T21:21:47.888+0000] {dag.py:3096} INFO - Sync 1 DAGs
[2024-04-21T21:21:47.913+0000] {logging_mixin.py:188} INFO - [2024-04-21T21:21:47.913+0000] {dag.py:3954} INFO - Setting next_dagrun for priority_one_number_one_dag_v1 to 2024-04-16 00:00:00+00:00, run_after=2024-04-17 00:00:00+00:00
[2024-04-21T21:21:47.939+0000] {processor.py:183} INFO - Processing /opt/airflow/dags/priority_one_number_one_dag.py took 0.113 seconds
[2024-04-21T21:22:21.080+0000] {processor.py:161} INFO - Started process (PID=450) to work on /opt/airflow/dags/priority_one_number_one_dag.py
[2024-04-21T21:22:21.083+0000] {processor.py:830} INFO - Processing file /opt/airflow/dags/priority_one_number_one_dag.py for tasks to queue
[2024-04-21T21:22:21.087+0000] {logging_mixin.py:188} INFO - [2024-04-21T21:22:21.086+0000] {dagbag.py:540} INFO - Filling up the DagBag from /opt/airflow/dags/priority_one_number_one_dag.py
[2024-04-21T21:22:21.141+0000] {processor.py:840} INFO - DAG(s) 'priority_one_number_one_dag_v1' retrieved from /opt/airflow/dags/priority_one_number_one_dag.py
[2024-04-21T21:22:21.311+0000] {logging_mixin.py:188} INFO - [2024-04-21T21:22:21.310+0000] {dag.py:3096} INFO - Sync 1 DAGs
[2024-04-21T21:22:21.492+0000] {logging_mixin.py:188} INFO - [2024-04-21T21:22:21.491+0000] {dag.py:3954} INFO - Setting next_dagrun for priority_one_number_one_dag_v1 to 2024-04-16 00:00:00+00:00, run_after=2024-04-17 00:00:00+00:00
[2024-04-21T21:22:21.593+0000] {processor.py:183} INFO - Processing /opt/airflow/dags/priority_one_number_one_dag.py took 0.524 seconds
[2024-04-21T21:22:53.681+0000] {processor.py:161} INFO - Started process (PID=462) to work on /opt/airflow/dags/priority_one_number_one_dag.py
[2024-04-21T21:22:53.683+0000] {processor.py:830} INFO - Processing file /opt/airflow/dags/priority_one_number_one_dag.py for tasks to queue
[2024-04-21T21:22:53.685+0000] {logging_mixin.py:188} INFO - [2024-04-21T21:22:53.685+0000] {dagbag.py:540} INFO - Filling up the DagBag from /opt/airflow/dags/priority_one_number_one_dag.py
[2024-04-21T21:22:53.716+0000] {processor.py:840} INFO - DAG(s) 'priority_one_number_one_dag_v1' retrieved from /opt/airflow/dags/priority_one_number_one_dag.py
[2024-04-21T21:22:53.744+0000] {logging_mixin.py:188} INFO - [2024-04-21T21:22:53.744+0000] {dag.py:3096} INFO - Sync 1 DAGs
[2024-04-21T21:22:53.769+0000] {logging_mixin.py:188} INFO - [2024-04-21T21:22:53.768+0000] {dag.py:3954} INFO - Setting next_dagrun for priority_one_number_one_dag_v1 to 2024-04-16 00:00:00+00:00, run_after=2024-04-17 00:00:00+00:00
[2024-04-21T21:22:53.843+0000] {processor.py:183} INFO - Processing /opt/airflow/dags/priority_one_number_one_dag.py took 0.170 seconds
[2024-04-21T21:23:24.546+0000] {processor.py:161} INFO - Started process (PID=473) to work on /opt/airflow/dags/priority_one_number_one_dag.py
[2024-04-21T21:23:24.548+0000] {processor.py:830} INFO - Processing file /opt/airflow/dags/priority_one_number_one_dag.py for tasks to queue
[2024-04-21T21:23:24.551+0000] {logging_mixin.py:188} INFO - [2024-04-21T21:23:24.550+0000] {dagbag.py:540} INFO - Filling up the DagBag from /opt/airflow/dags/priority_one_number_one_dag.py
[2024-04-21T21:23:24.598+0000] {processor.py:840} INFO - DAG(s) 'priority_one_number_one_dag_v1' retrieved from /opt/airflow/dags/priority_one_number_one_dag.py
[2024-04-21T21:23:24.717+0000] {logging_mixin.py:188} INFO - [2024-04-21T21:23:24.717+0000] {dag.py:3096} INFO - Sync 1 DAGs
[2024-04-21T21:23:24.763+0000] {logging_mixin.py:188} INFO - [2024-04-21T21:23:24.762+0000] {dag.py:3954} INFO - Setting next_dagrun for priority_one_number_one_dag_v1 to 2024-04-16 00:00:00+00:00, run_after=2024-04-17 00:00:00+00:00
[2024-04-21T21:23:24.810+0000] {processor.py:183} INFO - Processing /opt/airflow/dags/priority_one_number_one_dag.py took 0.276 seconds
[2024-04-21T21:23:55.476+0000] {processor.py:161} INFO - Started process (PID=485) to work on /opt/airflow/dags/priority_one_number_one_dag.py
[2024-04-21T21:23:55.478+0000] {processor.py:830} INFO - Processing file /opt/airflow/dags/priority_one_number_one_dag.py for tasks to queue
[2024-04-21T21:23:55.482+0000] {logging_mixin.py:188} INFO - [2024-04-21T21:23:55.481+0000] {dagbag.py:540} INFO - Filling up the DagBag from /opt/airflow/dags/priority_one_number_one_dag.py
[2024-04-21T21:23:55.528+0000] {processor.py:840} INFO - DAG(s) 'priority_one_number_one_dag_v1' retrieved from /opt/airflow/dags/priority_one_number_one_dag.py
[2024-04-21T21:23:55.582+0000] {logging_mixin.py:188} INFO - [2024-04-21T21:23:55.581+0000] {dag.py:3096} INFO - Sync 1 DAGs
[2024-04-21T21:23:55.643+0000] {logging_mixin.py:188} INFO - [2024-04-21T21:23:55.643+0000] {dag.py:3954} INFO - Setting next_dagrun for priority_one_number_one_dag_v1 to 2024-04-16 00:00:00+00:00, run_after=2024-04-17 00:00:00+00:00
[2024-04-21T21:23:55.706+0000] {processor.py:183} INFO - Processing /opt/airflow/dags/priority_one_number_one_dag.py took 0.238 seconds
[2024-04-21T21:24:25.934+0000] {processor.py:161} INFO - Started process (PID=497) to work on /opt/airflow/dags/priority_one_number_one_dag.py
[2024-04-21T21:24:25.937+0000] {processor.py:830} INFO - Processing file /opt/airflow/dags/priority_one_number_one_dag.py for tasks to queue
[2024-04-21T21:24:25.939+0000] {logging_mixin.py:188} INFO - [2024-04-21T21:24:25.939+0000] {dagbag.py:540} INFO - Filling up the DagBag from /opt/airflow/dags/priority_one_number_one_dag.py
[2024-04-21T21:24:25.983+0000] {processor.py:840} INFO - DAG(s) 'priority_one_number_one_dag_v1' retrieved from /opt/airflow/dags/priority_one_number_one_dag.py
[2024-04-21T21:24:26.048+0000] {logging_mixin.py:188} INFO - [2024-04-21T21:24:26.046+0000] {dag.py:3096} INFO - Sync 1 DAGs
[2024-04-21T21:24:26.087+0000] {logging_mixin.py:188} INFO - [2024-04-21T21:24:26.087+0000] {dag.py:3954} INFO - Setting next_dagrun for priority_one_number_one_dag_v1 to 2024-04-16 00:00:00+00:00, run_after=2024-04-17 00:00:00+00:00
[2024-04-21T21:24:26.116+0000] {processor.py:183} INFO - Processing /opt/airflow/dags/priority_one_number_one_dag.py took 0.195 seconds
[2024-04-21T21:24:57.084+0000] {processor.py:161} INFO - Started process (PID=509) to work on /opt/airflow/dags/priority_one_number_one_dag.py
[2024-04-21T21:24:57.087+0000] {processor.py:830} INFO - Processing file /opt/airflow/dags/priority_one_number_one_dag.py for tasks to queue
[2024-04-21T21:24:57.106+0000] {logging_mixin.py:188} INFO - [2024-04-21T21:24:57.105+0000] {dagbag.py:540} INFO - Filling up the DagBag from /opt/airflow/dags/priority_one_number_one_dag.py
[2024-04-21T21:24:57.417+0000] {processor.py:840} INFO - DAG(s) 'priority_one_number_one_dag_v1' retrieved from /opt/airflow/dags/priority_one_number_one_dag.py
[2024-04-21T21:24:58.868+0000] {logging_mixin.py:188} INFO - [2024-04-21T21:24:58.867+0000] {dag.py:3096} INFO - Sync 1 DAGs
[2024-04-21T21:25:00.743+0000] {logging_mixin.py:188} INFO - [2024-04-21T21:25:00.732+0000] {dag.py:3954} INFO - Setting next_dagrun for priority_one_number_one_dag_v1 to 2024-04-16 00:00:00+00:00, run_after=2024-04-17 00:00:00+00:00
[2024-04-21T21:25:01.213+0000] {processor.py:183} INFO - Processing /opt/airflow/dags/priority_one_number_one_dag.py took 4.164 seconds
[2024-04-21T21:25:32.351+0000] {processor.py:161} INFO - Started process (PID=521) to work on /opt/airflow/dags/priority_one_number_one_dag.py
[2024-04-21T21:25:32.353+0000] {processor.py:830} INFO - Processing file /opt/airflow/dags/priority_one_number_one_dag.py for tasks to queue
[2024-04-21T21:25:32.357+0000] {logging_mixin.py:188} INFO - [2024-04-21T21:25:32.357+0000] {dagbag.py:540} INFO - Filling up the DagBag from /opt/airflow/dags/priority_one_number_one_dag.py
[2024-04-21T21:25:32.404+0000] {processor.py:840} INFO - DAG(s) 'priority_one_number_one_dag_v1' retrieved from /opt/airflow/dags/priority_one_number_one_dag.py
[2024-04-21T21:25:32.471+0000] {logging_mixin.py:188} INFO - [2024-04-21T21:25:32.471+0000] {dag.py:3096} INFO - Sync 1 DAGs
[2024-04-21T21:25:32.519+0000] {logging_mixin.py:188} INFO - [2024-04-21T21:25:32.519+0000] {dag.py:3954} INFO - Setting next_dagrun for priority_one_number_one_dag_v1 to 2024-04-16 00:00:00+00:00, run_after=2024-04-17 00:00:00+00:00
[2024-04-21T21:25:32.556+0000] {processor.py:183} INFO - Processing /opt/airflow/dags/priority_one_number_one_dag.py took 0.219 seconds
[2024-04-21T21:26:08.259+0000] {processor.py:161} INFO - Started process (PID=534) to work on /opt/airflow/dags/priority_one_number_one_dag.py
[2024-04-21T21:26:08.274+0000] {processor.py:830} INFO - Processing file /opt/airflow/dags/priority_one_number_one_dag.py for tasks to queue
[2024-04-21T21:26:08.291+0000] {logging_mixin.py:188} INFO - [2024-04-21T21:26:08.289+0000] {dagbag.py:540} INFO - Filling up the DagBag from /opt/airflow/dags/priority_one_number_one_dag.py
[2024-04-21T21:26:08.517+0000] {processor.py:840} INFO - DAG(s) 'priority_one_number_one_dag_v1' retrieved from /opt/airflow/dags/priority_one_number_one_dag.py
[2024-04-21T21:26:09.967+0000] {logging_mixin.py:188} INFO - [2024-04-21T21:26:09.902+0000] {dag.py:3096} INFO - Sync 1 DAGs
[2024-04-21T21:26:10.282+0000] {logging_mixin.py:188} INFO - [2024-04-21T21:26:10.281+0000] {dag.py:3954} INFO - Setting next_dagrun for priority_one_number_one_dag_v1 to 2024-04-16 00:00:00+00:00, run_after=2024-04-17 00:00:00+00:00
[2024-04-21T21:26:10.507+0000] {processor.py:183} INFO - Processing /opt/airflow/dags/priority_one_number_one_dag.py took 2.341 seconds
[2024-04-21T21:29:17.395+0000] {processor.py:161} INFO - Started process (PID=545) to work on /opt/airflow/dags/priority_one_number_one_dag.py
[2024-04-21T21:29:17.418+0000] {processor.py:830} INFO - Processing file /opt/airflow/dags/priority_one_number_one_dag.py for tasks to queue
[2024-04-21T21:29:17.516+0000] {logging_mixin.py:188} INFO - [2024-04-21T21:29:17.514+0000] {dagbag.py:540} INFO - Filling up the DagBag from /opt/airflow/dags/priority_one_number_one_dag.py
[2024-04-21T21:29:19.000+0000] {processor.py:840} INFO - DAG(s) 'priority_one_number_one_dag_v1' retrieved from /opt/airflow/dags/priority_one_number_one_dag.py
[2024-04-21T21:29:25.395+0000] {logging_mixin.py:188} INFO - [2024-04-21T21:29:25.383+0000] {dag.py:3096} INFO - Sync 1 DAGs
[2024-04-21T21:29:27.233+0000] {logging_mixin.py:188} INFO - [2024-04-21T21:29:27.231+0000] {dag.py:3954} INFO - Setting next_dagrun for priority_one_number_one_dag_v1 to 2024-04-16 00:00:00+00:00, run_after=2024-04-17 00:00:00+00:00
[2024-04-21T21:29:28.562+0000] {processor.py:183} INFO - Processing /opt/airflow/dags/priority_one_number_one_dag.py took 11.522 seconds
[2024-04-21T21:29:59.110+0000] {processor.py:161} INFO - Started process (PID=556) to work on /opt/airflow/dags/priority_one_number_one_dag.py
[2024-04-21T21:29:59.112+0000] {processor.py:830} INFO - Processing file /opt/airflow/dags/priority_one_number_one_dag.py for tasks to queue
[2024-04-21T21:29:59.113+0000] {logging_mixin.py:188} INFO - [2024-04-21T21:29:59.113+0000] {dagbag.py:540} INFO - Filling up the DagBag from /opt/airflow/dags/priority_one_number_one_dag.py
[2024-04-21T21:29:59.141+0000] {processor.py:840} INFO - DAG(s) 'priority_one_number_one_dag_v1' retrieved from /opt/airflow/dags/priority_one_number_one_dag.py
[2024-04-21T21:29:59.177+0000] {logging_mixin.py:188} INFO - [2024-04-21T21:29:59.177+0000] {dag.py:3096} INFO - Sync 1 DAGs
[2024-04-21T21:29:59.203+0000] {logging_mixin.py:188} INFO - [2024-04-21T21:29:59.203+0000] {dag.py:3954} INFO - Setting next_dagrun for priority_one_number_one_dag_v1 to 2024-04-16 00:00:00+00:00, run_after=2024-04-17 00:00:00+00:00
[2024-04-21T21:29:59.232+0000] {processor.py:183} INFO - Processing /opt/airflow/dags/priority_one_number_one_dag.py took 0.129 seconds
[2024-04-21T21:30:29.929+0000] {processor.py:161} INFO - Started process (PID=568) to work on /opt/airflow/dags/priority_one_number_one_dag.py
[2024-04-21T21:30:29.931+0000] {processor.py:830} INFO - Processing file /opt/airflow/dags/priority_one_number_one_dag.py for tasks to queue
[2024-04-21T21:30:29.932+0000] {logging_mixin.py:188} INFO - [2024-04-21T21:30:29.932+0000] {dagbag.py:540} INFO - Filling up the DagBag from /opt/airflow/dags/priority_one_number_one_dag.py
[2024-04-21T21:30:29.992+0000] {processor.py:840} INFO - DAG(s) 'priority_one_number_one_dag_v1' retrieved from /opt/airflow/dags/priority_one_number_one_dag.py
[2024-04-21T21:30:30.080+0000] {logging_mixin.py:188} INFO - [2024-04-21T21:30:30.079+0000] {dag.py:3096} INFO - Sync 1 DAGs
[2024-04-21T21:30:30.133+0000] {logging_mixin.py:188} INFO - [2024-04-21T21:30:30.132+0000] {dag.py:3954} INFO - Setting next_dagrun for priority_one_number_one_dag_v1 to 2024-04-16 00:00:00+00:00, run_after=2024-04-17 00:00:00+00:00
[2024-04-21T21:30:30.181+0000] {processor.py:183} INFO - Processing /opt/airflow/dags/priority_one_number_one_dag.py took 0.282 seconds
[2024-04-21T21:31:00.240+0000] {processor.py:161} INFO - Started process (PID=590) to work on /opt/airflow/dags/priority_one_number_one_dag.py
[2024-04-21T21:31:00.241+0000] {processor.py:830} INFO - Processing file /opt/airflow/dags/priority_one_number_one_dag.py for tasks to queue
[2024-04-21T21:31:00.242+0000] {logging_mixin.py:188} INFO - [2024-04-21T21:31:00.242+0000] {dagbag.py:540} INFO - Filling up the DagBag from /opt/airflow/dags/priority_one_number_one_dag.py
[2024-04-21T21:31:00.265+0000] {processor.py:840} INFO - DAG(s) 'priority_one_number_one_dag_v1' retrieved from /opt/airflow/dags/priority_one_number_one_dag.py
[2024-04-21T21:31:00.296+0000] {logging_mixin.py:188} INFO - [2024-04-21T21:31:00.296+0000] {dag.py:3096} INFO - Sync 1 DAGs
[2024-04-21T21:31:00.327+0000] {logging_mixin.py:188} INFO - [2024-04-21T21:31:00.327+0000] {dag.py:3954} INFO - Setting next_dagrun for priority_one_number_one_dag_v1 to 2024-04-16 00:00:00+00:00, run_after=2024-04-17 00:00:00+00:00
[2024-04-21T21:31:00.353+0000] {processor.py:183} INFO - Processing /opt/airflow/dags/priority_one_number_one_dag.py took 0.118 seconds
[2024-04-21T21:31:33.084+0000] {processor.py:161} INFO - Started process (PID=603) to work on /opt/airflow/dags/priority_one_number_one_dag.py
[2024-04-21T21:31:33.117+0000] {processor.py:830} INFO - Processing file /opt/airflow/dags/priority_one_number_one_dag.py for tasks to queue
[2024-04-21T21:31:33.135+0000] {logging_mixin.py:188} INFO - [2024-04-21T21:31:33.123+0000] {dagbag.py:540} INFO - Filling up the DagBag from /opt/airflow/dags/priority_one_number_one_dag.py
[2024-04-21T21:31:33.383+0000] {processor.py:840} INFO - DAG(s) 'priority_one_number_one_dag_v1' retrieved from /opt/airflow/dags/priority_one_number_one_dag.py
[2024-04-21T21:31:33.701+0000] {logging_mixin.py:188} INFO - [2024-04-21T21:31:33.700+0000] {dag.py:3096} INFO - Sync 1 DAGs
[2024-04-21T21:31:34.267+0000] {logging_mixin.py:188} INFO - [2024-04-21T21:31:34.266+0000] {dag.py:3954} INFO - Setting next_dagrun for priority_one_number_one_dag_v1 to 2024-04-16 00:00:00+00:00, run_after=2024-04-17 00:00:00+00:00
[2024-04-21T21:31:34.489+0000] {processor.py:183} INFO - Processing /opt/airflow/dags/priority_one_number_one_dag.py took 1.523 seconds
[2024-04-21T21:32:07.502+0000] {processor.py:161} INFO - Started process (PID=614) to work on /opt/airflow/dags/priority_one_number_one_dag.py
[2024-04-21T21:32:07.511+0000] {processor.py:830} INFO - Processing file /opt/airflow/dags/priority_one_number_one_dag.py for tasks to queue
[2024-04-21T21:32:07.518+0000] {logging_mixin.py:188} INFO - [2024-04-21T21:32:07.516+0000] {dagbag.py:540} INFO - Filling up the DagBag from /opt/airflow/dags/priority_one_number_one_dag.py
[2024-04-21T21:32:07.678+0000] {processor.py:840} INFO - DAG(s) 'priority_one_number_one_dag_v1' retrieved from /opt/airflow/dags/priority_one_number_one_dag.py
[2024-04-21T21:32:09.300+0000] {logging_mixin.py:188} INFO - [2024-04-21T21:32:09.299+0000] {dag.py:3096} INFO - Sync 1 DAGs
[2024-04-21T21:32:10.287+0000] {logging_mixin.py:188} INFO - [2024-04-21T21:32:10.287+0000] {dag.py:3954} INFO - Setting next_dagrun for priority_one_number_one_dag_v1 to 2024-04-16 00:00:00+00:00, run_after=2024-04-17 00:00:00+00:00
[2024-04-21T21:32:10.409+0000] {processor.py:183} INFO - Processing /opt/airflow/dags/priority_one_number_one_dag.py took 3.187 seconds
[2024-04-21T21:32:40.893+0000] {processor.py:161} INFO - Started process (PID=626) to work on /opt/airflow/dags/priority_one_number_one_dag.py
[2024-04-21T21:32:40.895+0000] {processor.py:830} INFO - Processing file /opt/airflow/dags/priority_one_number_one_dag.py for tasks to queue
[2024-04-21T21:32:40.897+0000] {logging_mixin.py:188} INFO - [2024-04-21T21:32:40.896+0000] {dagbag.py:540} INFO - Filling up the DagBag from /opt/airflow/dags/priority_one_number_one_dag.py
[2024-04-21T21:32:41.126+0000] {processor.py:840} INFO - DAG(s) 'priority_one_number_one_dag_v1' retrieved from /opt/airflow/dags/priority_one_number_one_dag.py
[2024-04-21T21:32:41.320+0000] {logging_mixin.py:188} INFO - [2024-04-21T21:32:41.312+0000] {dag.py:3096} INFO - Sync 1 DAGs
[2024-04-21T21:32:41.422+0000] {logging_mixin.py:188} INFO - [2024-04-21T21:32:41.421+0000] {dag.py:3954} INFO - Setting next_dagrun for priority_one_number_one_dag_v1 to 2024-04-16 00:00:00+00:00, run_after=2024-04-17 00:00:00+00:00
[2024-04-21T21:32:41.486+0000] {processor.py:183} INFO - Processing /opt/airflow/dags/priority_one_number_one_dag.py took 0.603 seconds
[2024-04-21T21:33:12.239+0000] {processor.py:161} INFO - Started process (PID=638) to work on /opt/airflow/dags/priority_one_number_one_dag.py
[2024-04-21T21:33:12.242+0000] {processor.py:830} INFO - Processing file /opt/airflow/dags/priority_one_number_one_dag.py for tasks to queue
[2024-04-21T21:33:12.243+0000] {logging_mixin.py:188} INFO - [2024-04-21T21:33:12.243+0000] {dagbag.py:540} INFO - Filling up the DagBag from /opt/airflow/dags/priority_one_number_one_dag.py
[2024-04-21T21:33:12.289+0000] {processor.py:840} INFO - DAG(s) 'priority_one_number_one_dag_v1' retrieved from /opt/airflow/dags/priority_one_number_one_dag.py
[2024-04-21T21:33:12.346+0000] {logging_mixin.py:188} INFO - [2024-04-21T21:33:12.346+0000] {dag.py:3096} INFO - Sync 1 DAGs
[2024-04-21T21:33:12.433+0000] {logging_mixin.py:188} INFO - [2024-04-21T21:33:12.432+0000] {dag.py:3954} INFO - Setting next_dagrun for priority_one_number_one_dag_v1 to 2024-04-16 00:00:00+00:00, run_after=2024-04-17 00:00:00+00:00
[2024-04-21T21:33:12.478+0000] {processor.py:183} INFO - Processing /opt/airflow/dags/priority_one_number_one_dag.py took 0.261 seconds
[2024-04-21T21:33:43.014+0000] {processor.py:161} INFO - Started process (PID=650) to work on /opt/airflow/dags/priority_one_number_one_dag.py
[2024-04-21T21:33:43.017+0000] {processor.py:830} INFO - Processing file /opt/airflow/dags/priority_one_number_one_dag.py for tasks to queue
[2024-04-21T21:33:43.019+0000] {logging_mixin.py:188} INFO - [2024-04-21T21:33:43.018+0000] {dagbag.py:540} INFO - Filling up the DagBag from /opt/airflow/dags/priority_one_number_one_dag.py
[2024-04-21T21:33:43.089+0000] {processor.py:840} INFO - DAG(s) 'priority_one_number_one_dag_v1' retrieved from /opt/airflow/dags/priority_one_number_one_dag.py
[2024-04-21T21:33:43.156+0000] {logging_mixin.py:188} INFO - [2024-04-21T21:33:43.155+0000] {dag.py:3096} INFO - Sync 1 DAGs
[2024-04-21T21:33:43.236+0000] {logging_mixin.py:188} INFO - [2024-04-21T21:33:43.235+0000] {dag.py:3954} INFO - Setting next_dagrun for priority_one_number_one_dag_v1 to 2024-04-16 00:00:00+00:00, run_after=2024-04-17 00:00:00+00:00
[2024-04-21T21:33:43.310+0000] {processor.py:183} INFO - Processing /opt/airflow/dags/priority_one_number_one_dag.py took 0.311 seconds
[2024-04-21T21:34:13.888+0000] {processor.py:161} INFO - Started process (PID=661) to work on /opt/airflow/dags/priority_one_number_one_dag.py
[2024-04-21T21:34:14.007+0000] {processor.py:830} INFO - Processing file /opt/airflow/dags/priority_one_number_one_dag.py for tasks to queue
[2024-04-21T21:34:14.028+0000] {logging_mixin.py:188} INFO - [2024-04-21T21:34:14.019+0000] {dagbag.py:540} INFO - Filling up the DagBag from /opt/airflow/dags/priority_one_number_one_dag.py
[2024-04-21T21:34:14.896+0000] {processor.py:840} INFO - DAG(s) 'priority_one_number_one_dag_v1' retrieved from /opt/airflow/dags/priority_one_number_one_dag.py
[2024-04-21T21:34:15.858+0000] {logging_mixin.py:188} INFO - [2024-04-21T21:34:15.857+0000] {dag.py:3096} INFO - Sync 1 DAGs
[2024-04-21T21:34:16.970+0000] {logging_mixin.py:188} INFO - [2024-04-21T21:34:16.962+0000] {dag.py:3954} INFO - Setting next_dagrun for priority_one_number_one_dag_v1 to 2024-04-16 00:00:00+00:00, run_after=2024-04-17 00:00:00+00:00
[2024-04-21T21:34:17.796+0000] {processor.py:183} INFO - Processing /opt/airflow/dags/priority_one_number_one_dag.py took 3.725 seconds
[2024-04-21T21:34:50.199+0000] {processor.py:161} INFO - Started process (PID=671) to work on /opt/airflow/dags/priority_one_number_one_dag.py
[2024-04-21T21:34:50.334+0000] {processor.py:830} INFO - Processing file /opt/airflow/dags/priority_one_number_one_dag.py for tasks to queue
[2024-04-21T21:34:50.470+0000] {logging_mixin.py:188} INFO - [2024-04-21T21:34:50.403+0000] {dagbag.py:540} INFO - Filling up the DagBag from /opt/airflow/dags/priority_one_number_one_dag.py
[2024-04-21T21:34:51.633+0000] {processor.py:840} INFO - DAG(s) 'priority_one_number_one_dag_v1' retrieved from /opt/airflow/dags/priority_one_number_one_dag.py
[2024-04-21T21:34:52.236+0000] {logging_mixin.py:188} INFO - [2024-04-21T21:34:52.235+0000] {dag.py:3096} INFO - Sync 1 DAGs
[2024-04-21T21:34:52.536+0000] {logging_mixin.py:188} INFO - [2024-04-21T21:34:52.535+0000] {dag.py:3954} INFO - Setting next_dagrun for priority_one_number_one_dag_v1 to 2024-04-16 00:00:00+00:00, run_after=2024-04-17 00:00:00+00:00
[2024-04-21T21:34:52.686+0000] {processor.py:183} INFO - Processing /opt/airflow/dags/priority_one_number_one_dag.py took 2.716 seconds
[2024-04-21T21:35:23.784+0000] {processor.py:161} INFO - Started process (PID=683) to work on /opt/airflow/dags/priority_one_number_one_dag.py
[2024-04-21T21:35:23.788+0000] {processor.py:830} INFO - Processing file /opt/airflow/dags/priority_one_number_one_dag.py for tasks to queue
[2024-04-21T21:35:23.793+0000] {logging_mixin.py:188} INFO - [2024-04-21T21:35:23.791+0000] {dagbag.py:540} INFO - Filling up the DagBag from /opt/airflow/dags/priority_one_number_one_dag.py
[2024-04-21T21:35:23.895+0000] {processor.py:840} INFO - DAG(s) 'priority_one_number_one_dag_v1' retrieved from /opt/airflow/dags/priority_one_number_one_dag.py
[2024-04-21T21:35:24.004+0000] {logging_mixin.py:188} INFO - [2024-04-21T21:35:24.004+0000] {dag.py:3096} INFO - Sync 1 DAGs
[2024-04-21T21:35:24.070+0000] {logging_mixin.py:188} INFO - [2024-04-21T21:35:24.070+0000] {dag.py:3954} INFO - Setting next_dagrun for priority_one_number_one_dag_v1 to 2024-04-16 00:00:00+00:00, run_after=2024-04-17 00:00:00+00:00
[2024-04-21T21:35:24.141+0000] {processor.py:183} INFO - Processing /opt/airflow/dags/priority_one_number_one_dag.py took 0.402 seconds
[2024-04-21T21:35:54.360+0000] {processor.py:161} INFO - Started process (PID=693) to work on /opt/airflow/dags/priority_one_number_one_dag.py
[2024-04-21T21:35:54.362+0000] {processor.py:830} INFO - Processing file /opt/airflow/dags/priority_one_number_one_dag.py for tasks to queue
[2024-04-21T21:35:54.363+0000] {logging_mixin.py:188} INFO - [2024-04-21T21:35:54.363+0000] {dagbag.py:540} INFO - Filling up the DagBag from /opt/airflow/dags/priority_one_number_one_dag.py
[2024-04-21T21:35:54.475+0000] {processor.py:840} INFO - DAG(s) 'priority_one_number_one_dag_v1' retrieved from /opt/airflow/dags/priority_one_number_one_dag.py
[2024-04-21T21:35:54.748+0000] {logging_mixin.py:188} INFO - [2024-04-21T21:35:54.747+0000] {dag.py:3096} INFO - Sync 1 DAGs
[2024-04-21T21:35:54.794+0000] {logging_mixin.py:188} INFO - [2024-04-21T21:35:54.793+0000] {dag.py:3954} INFO - Setting next_dagrun for priority_one_number_one_dag_v1 to 2024-04-16 00:00:00+00:00, run_after=2024-04-17 00:00:00+00:00
[2024-04-21T21:35:54.825+0000] {processor.py:183} INFO - Processing /opt/airflow/dags/priority_one_number_one_dag.py took 0.473 seconds
[2024-04-21T21:36:25.869+0000] {processor.py:161} INFO - Started process (PID=706) to work on /opt/airflow/dags/priority_one_number_one_dag.py
[2024-04-21T21:36:25.956+0000] {processor.py:830} INFO - Processing file /opt/airflow/dags/priority_one_number_one_dag.py for tasks to queue
[2024-04-21T21:36:25.994+0000] {logging_mixin.py:188} INFO - [2024-04-21T21:36:25.976+0000] {dagbag.py:540} INFO - Filling up the DagBag from /opt/airflow/dags/priority_one_number_one_dag.py
[2024-04-21T21:36:29.004+0000] {processor.py:840} INFO - DAG(s) 'priority_one_number_one_dag_v1' retrieved from /opt/airflow/dags/priority_one_number_one_dag.py
[2024-04-21T21:36:30.295+0000] {logging_mixin.py:188} INFO - [2024-04-21T21:36:30.294+0000] {dag.py:3096} INFO - Sync 1 DAGs
[2024-04-21T21:36:31.160+0000] {logging_mixin.py:188} INFO - [2024-04-21T21:36:31.158+0000] {dag.py:3954} INFO - Setting next_dagrun for priority_one_number_one_dag_v1 to 2024-04-16 00:00:00+00:00, run_after=2024-04-17 00:00:00+00:00
[2024-04-21T21:36:32.180+0000] {processor.py:183} INFO - Processing /opt/airflow/dags/priority_one_number_one_dag.py took 6.838 seconds
