[2024-04-16T10:37:11.663+0000] {local_task_job_runner.py:120} INFO - ::group::Pre task execution logs
[2024-04-16T10:37:11.768+0000] {taskinstance.py:2073} INFO - Dependencies all met for dep_context=non-requeueable deps ti=<TaskInstance: priority_one_number_two_dag_v1.sum_list_number scheduled__2024-03-14T00:00:00+00:00 [queued]>
[2024-04-16T10:37:11.920+0000] {taskinstance.py:2073} INFO - Dependencies all met for dep_context=requeueable deps ti=<TaskInstance: priority_one_number_two_dag_v1.sum_list_number scheduled__2024-03-14T00:00:00+00:00 [queued]>
[2024-04-16T10:37:11.922+0000] {taskinstance.py:2303} INFO - Starting attempt 1 of 6
[2024-04-16T10:37:11.972+0000] {taskinstance.py:2327} INFO - Executing <Task(PythonOperator): sum_list_number> on 2024-03-14 00:00:00+00:00
[2024-04-16T10:37:12.003+0000] {warnings.py:110} WARNING - /home/***/.local/lib/python3.12/site-packages/***/task/task_runner/standard_task_runner.py:61: DeprecationWarning: This process (pid=572) is multi-threaded, use of fork() may lead to deadlocks in the child.
  pid = os.fork()

[2024-04-16T10:37:12.009+0000] {standard_task_runner.py:63} INFO - Started process 586 to run task
[2024-04-16T10:37:12.062+0000] {standard_task_runner.py:90} INFO - Running: ['***', 'tasks', 'run', 'priority_one_number_two_dag_v1', 'sum_list_number', 'scheduled__2024-03-14T00:00:00+00:00', '--job-id', '328', '--raw', '--subdir', 'DAGS_FOLDER/priority_one_number_two_dag.py', '--cfg-path', '/tmp/tmpa88yyanr']
[2024-04-16T10:37:12.109+0000] {standard_task_runner.py:91} INFO - Job 328: Subtask sum_list_number
[2024-04-16T10:37:12.992+0000] {task_command.py:426} INFO - Running <TaskInstance: priority_one_number_two_dag_v1.sum_list_number scheduled__2024-03-14T00:00:00+00:00 [running]> on host eaff2d74d54d
[2024-04-16T10:37:14.070+0000] {taskinstance.py:2644} INFO - Exporting env vars: AIRFLOW_CTX_DAG_OWNER='ika' AIRFLOW_CTX_DAG_ID='priority_one_number_two_dag_v1' AIRFLOW_CTX_TASK_ID='sum_list_number' AIRFLOW_CTX_EXECUTION_DATE='2024-03-14T00:00:00+00:00' AIRFLOW_CTX_TRY_NUMBER='1' AIRFLOW_CTX_DAG_RUN_ID='scheduled__2024-03-14T00:00:00+00:00'
[2024-04-16T10:37:14.165+0000] {taskinstance.py:430} INFO - ::endgroup::
[2024-04-16T10:37:14.383+0000] {logging_mixin.py:188} INFO - List number random : [18, 5, 28, 37, 5, 7, 14, 29, 3, 3, 49, 38, 20, 38, 48, 26, 46, 41, 16, 15, 30, 34, 24, 34, 40]
[2024-04-16T10:37:14.506+0000] {python.py:237} INFO - Done. Returned value was: 648
[2024-04-16T10:37:14.526+0000] {taskinstance.py:441} INFO - ::group::Post task execution logs
[2024-04-16T10:37:14.659+0000] {taskinstance.py:1205} INFO - Marking task as SUCCESS. dag_id=priority_one_number_two_dag_v1, task_id=sum_list_number, execution_date=20240314T000000, start_date=20240416T103711, end_date=20240416T103714
[2024-04-16T10:37:14.855+0000] {local_task_job_runner.py:240} INFO - Task exited with return code 0
[2024-04-16T10:37:15.353+0000] {taskinstance.py:3482} INFO - 1 downstream tasks scheduled from follow-on schedule check
[2024-04-16T10:37:15.370+0000] {local_task_job_runner.py:222} INFO - ::endgroup::
