[2024-04-24T10:12:59.949+0000] {processor.py:161} INFO - Started process (PID=36) to work on /opt/airflow/dags/exploration_dag.py
[2024-04-24T10:12:59.974+0000] {processor.py:830} INFO - Processing file /opt/airflow/dags/exploration_dag.py for tasks to queue
[2024-04-24T10:13:00.030+0000] {logging_mixin.py:188} INFO - [2024-04-24T10:13:00.022+0000] {dagbag.py:540} INFO - Filling up the DagBag from /opt/airflow/dags/exploration_dag.py
[2024-04-24T10:13:09.358+0000] {processor.py:840} INFO - DAG(s) 'data_quality_exploration_dag_v1' retrieved from /opt/airflow/dags/exploration_dag.py
[2024-04-24T10:13:10.014+0000] {logging_mixin.py:188} INFO - [2024-04-24T10:13:10.013+0000] {dag.py:3096} INFO - Sync 1 DAGs
[2024-04-24T10:13:10.086+0000] {logging_mixin.py:188} INFO - [2024-04-24T10:13:10.085+0000] {dag.py:3954} INFO - Setting next_dagrun for data_quality_exploration_dag_v1 to 2024-04-23 00:00:00+00:00, run_after=2024-04-24 00:00:00+00:00
[2024-04-24T10:13:10.150+0000] {processor.py:183} INFO - Processing /opt/airflow/dags/exploration_dag.py took 10.455 seconds
[2024-04-24T10:13:41.680+0000] {processor.py:161} INFO - Started process (PID=44) to work on /opt/airflow/dags/exploration_dag.py
[2024-04-24T10:13:41.713+0000] {processor.py:830} INFO - Processing file /opt/airflow/dags/exploration_dag.py for tasks to queue
[2024-04-24T10:13:41.870+0000] {logging_mixin.py:188} INFO - [2024-04-24T10:13:41.824+0000] {dagbag.py:540} INFO - Filling up the DagBag from /opt/airflow/dags/exploration_dag.py
[2024-04-24T10:13:50.120+0000] {processor.py:840} INFO - DAG(s) 'data_quality_exploration_dag_v1' retrieved from /opt/airflow/dags/exploration_dag.py
[2024-04-24T10:13:50.181+0000] {logging_mixin.py:188} INFO - [2024-04-24T10:13:50.180+0000] {dag.py:3096} INFO - Sync 1 DAGs
[2024-04-24T10:13:50.247+0000] {logging_mixin.py:188} INFO - [2024-04-24T10:13:50.247+0000] {dag.py:3954} INFO - Setting next_dagrun for data_quality_exploration_dag_v1 to 2024-04-24 00:00:00+00:00, run_after=2024-04-25 00:00:00+00:00
[2024-04-24T10:13:50.279+0000] {processor.py:183} INFO - Processing /opt/airflow/dags/exploration_dag.py took 8.992 seconds
[2024-04-24T10:14:20.826+0000] {processor.py:161} INFO - Started process (PID=57) to work on /opt/airflow/dags/exploration_dag.py
[2024-04-24T10:14:20.829+0000] {processor.py:830} INFO - Processing file /opt/airflow/dags/exploration_dag.py for tasks to queue
[2024-04-24T10:14:20.839+0000] {logging_mixin.py:188} INFO - [2024-04-24T10:14:20.837+0000] {dagbag.py:540} INFO - Filling up the DagBag from /opt/airflow/dags/exploration_dag.py
[2024-04-24T10:14:21.682+0000] {processor.py:840} INFO - DAG(s) 'data_quality_exploration_dag_v1' retrieved from /opt/airflow/dags/exploration_dag.py
[2024-04-24T10:14:21.715+0000] {logging_mixin.py:188} INFO - [2024-04-24T10:14:21.714+0000] {dag.py:3096} INFO - Sync 1 DAGs
[2024-04-24T10:14:21.741+0000] {logging_mixin.py:188} INFO - [2024-04-24T10:14:21.741+0000] {dag.py:3954} INFO - Setting next_dagrun for data_quality_exploration_dag_v1 to 2024-04-24 00:00:00+00:00, run_after=2024-04-25 00:00:00+00:00
[2024-04-24T10:14:21.768+0000] {processor.py:183} INFO - Processing /opt/airflow/dags/exploration_dag.py took 0.981 seconds
[2024-04-24T10:14:53.204+0000] {processor.py:161} INFO - Started process (PID=65) to work on /opt/airflow/dags/exploration_dag.py
[2024-04-24T10:14:53.220+0000] {processor.py:830} INFO - Processing file /opt/airflow/dags/exploration_dag.py for tasks to queue
[2024-04-24T10:14:53.304+0000] {logging_mixin.py:188} INFO - [2024-04-24T10:14:53.293+0000] {dagbag.py:540} INFO - Filling up the DagBag from /opt/airflow/dags/exploration_dag.py
[2024-04-24T10:15:22.113+0000] {processor.py:840} INFO - DAG(s) 'data_quality_exploration_dag_v1' retrieved from /opt/airflow/dags/exploration_dag.py
[2024-04-24T10:15:22.168+0000] {logging_mixin.py:188} INFO - [2024-04-24T10:15:22.167+0000] {dag.py:3096} INFO - Sync 1 DAGs
[2024-04-24T10:15:22.200+0000] {logging_mixin.py:188} INFO - [2024-04-24T10:15:22.200+0000] {dag.py:3954} INFO - Setting next_dagrun for data_quality_exploration_dag_v1 to 2024-04-24 00:00:00+00:00, run_after=2024-04-25 00:00:00+00:00
[2024-04-24T10:15:22.234+0000] {processor.py:183} INFO - Processing /opt/airflow/dags/exploration_dag.py took 29.374 seconds
[2024-04-24T10:15:52.759+0000] {processor.py:161} INFO - Started process (PID=80) to work on /opt/airflow/dags/exploration_dag.py
[2024-04-24T10:15:52.761+0000] {processor.py:830} INFO - Processing file /opt/airflow/dags/exploration_dag.py for tasks to queue
[2024-04-24T10:15:52.781+0000] {logging_mixin.py:188} INFO - [2024-04-24T10:15:52.776+0000] {dagbag.py:540} INFO - Filling up the DagBag from /opt/airflow/dags/exploration_dag.py
[2024-04-24T10:15:55.029+0000] {processor.py:840} INFO - DAG(s) 'data_quality_exploration_dag_v1' retrieved from /opt/airflow/dags/exploration_dag.py
[2024-04-24T10:15:55.074+0000] {logging_mixin.py:188} INFO - [2024-04-24T10:15:55.074+0000] {dag.py:3096} INFO - Sync 1 DAGs
[2024-04-24T10:15:55.114+0000] {logging_mixin.py:188} INFO - [2024-04-24T10:15:55.114+0000] {dag.py:3954} INFO - Setting next_dagrun for data_quality_exploration_dag_v1 to 2024-04-24 00:00:00+00:00, run_after=2024-04-25 00:00:00+00:00
[2024-04-24T10:15:55.144+0000] {processor.py:183} INFO - Processing /opt/airflow/dags/exploration_dag.py took 2.418 seconds
[2024-04-24T10:16:25.409+0000] {processor.py:161} INFO - Started process (PID=88) to work on /opt/airflow/dags/exploration_dag.py
[2024-04-24T10:16:25.410+0000] {processor.py:830} INFO - Processing file /opt/airflow/dags/exploration_dag.py for tasks to queue
[2024-04-24T10:16:25.413+0000] {logging_mixin.py:188} INFO - [2024-04-24T10:16:25.413+0000] {dagbag.py:540} INFO - Filling up the DagBag from /opt/airflow/dags/exploration_dag.py
[2024-04-24T10:16:26.089+0000] {processor.py:840} INFO - DAG(s) 'data_quality_exploration_dag_v1' retrieved from /opt/airflow/dags/exploration_dag.py
[2024-04-24T10:16:26.121+0000] {logging_mixin.py:188} INFO - [2024-04-24T10:16:26.121+0000] {dag.py:3096} INFO - Sync 1 DAGs
[2024-04-24T10:16:26.148+0000] {logging_mixin.py:188} INFO - [2024-04-24T10:16:26.147+0000] {dag.py:3954} INFO - Setting next_dagrun for data_quality_exploration_dag_v1 to 2024-04-24 00:00:00+00:00, run_after=2024-04-25 00:00:00+00:00
[2024-04-24T10:16:26.178+0000] {processor.py:183} INFO - Processing /opt/airflow/dags/exploration_dag.py took 0.776 seconds
[2024-04-24T10:16:56.510+0000] {processor.py:161} INFO - Started process (PID=96) to work on /opt/airflow/dags/exploration_dag.py
[2024-04-24T10:16:56.520+0000] {processor.py:830} INFO - Processing file /opt/airflow/dags/exploration_dag.py for tasks to queue
[2024-04-24T10:16:56.548+0000] {logging_mixin.py:188} INFO - [2024-04-24T10:16:56.544+0000] {dagbag.py:540} INFO - Filling up the DagBag from /opt/airflow/dags/exploration_dag.py
[2024-04-24T10:17:01.245+0000] {processor.py:840} INFO - DAG(s) 'data_quality_exploration_dag_v1' retrieved from /opt/airflow/dags/exploration_dag.py
[2024-04-24T10:17:02.132+0000] {logging_mixin.py:188} INFO - [2024-04-24T10:17:02.131+0000] {dag.py:3096} INFO - Sync 1 DAGs
[2024-04-24T10:17:02.159+0000] {logging_mixin.py:188} INFO - [2024-04-24T10:17:02.158+0000] {dag.py:3118} INFO - Creating ORM DAG for data_quality_exploration_dag_v1
[2024-04-24T10:17:02.187+0000] {logging_mixin.py:188} INFO - [2024-04-24T10:17:02.186+0000] {dag.py:3954} INFO - Setting next_dagrun for data_quality_exploration_dag_v1 to 2024-04-20 00:00:00+00:00, run_after=2024-04-21 00:00:00+00:00
[2024-04-24T10:17:02.229+0000] {processor.py:183} INFO - Processing /opt/airflow/dags/exploration_dag.py took 5.785 seconds
[2024-04-24T10:17:33.479+0000] {processor.py:161} INFO - Started process (PID=104) to work on /opt/airflow/dags/exploration_dag.py
[2024-04-24T10:17:33.537+0000] {processor.py:830} INFO - Processing file /opt/airflow/dags/exploration_dag.py for tasks to queue
[2024-04-24T10:17:33.665+0000] {logging_mixin.py:188} INFO - [2024-04-24T10:17:33.655+0000] {dagbag.py:540} INFO - Filling up the DagBag from /opt/airflow/dags/exploration_dag.py
[2024-04-24T10:17:50.950+0000] {processor.py:840} INFO - DAG(s) 'data_quality_exploration_dag_v1' retrieved from /opt/airflow/dags/exploration_dag.py
[2024-04-24T10:17:51.433+0000] {logging_mixin.py:188} INFO - [2024-04-24T10:17:51.394+0000] {dag.py:3096} INFO - Sync 1 DAGs
[2024-04-24T10:17:51.630+0000] {logging_mixin.py:188} INFO - [2024-04-24T10:17:51.630+0000] {dag.py:3954} INFO - Setting next_dagrun for data_quality_exploration_dag_v1 to 2024-04-24 00:00:00+00:00, run_after=2024-04-25 00:00:00+00:00
[2024-04-24T10:17:51.822+0000] {processor.py:183} INFO - Processing /opt/airflow/dags/exploration_dag.py took 18.981 seconds
[2024-04-24T10:18:33.939+0000] {processor.py:161} INFO - Started process (PID=112) to work on /opt/airflow/dags/exploration_dag.py
[2024-04-24T10:18:33.948+0000] {processor.py:830} INFO - Processing file /opt/airflow/dags/exploration_dag.py for tasks to queue
[2024-04-24T10:18:34.029+0000] {logging_mixin.py:188} INFO - [2024-04-24T10:18:34.018+0000] {dagbag.py:540} INFO - Filling up the DagBag from /opt/airflow/dags/exploration_dag.py
[2024-04-24T10:18:43.472+0000] {processor.py:840} INFO - DAG(s) 'data_quality_exploration_dag_v1' retrieved from /opt/airflow/dags/exploration_dag.py
[2024-04-24T10:18:43.559+0000] {logging_mixin.py:188} INFO - [2024-04-24T10:18:43.558+0000] {dag.py:3096} INFO - Sync 1 DAGs
[2024-04-24T10:18:43.594+0000] {logging_mixin.py:188} INFO - [2024-04-24T10:18:43.594+0000] {dag.py:3954} INFO - Setting next_dagrun for data_quality_exploration_dag_v1 to 2024-04-24 00:00:00+00:00, run_after=2024-04-25 00:00:00+00:00
[2024-04-24T10:18:43.625+0000] {processor.py:183} INFO - Processing /opt/airflow/dags/exploration_dag.py took 9.731 seconds
[2024-04-24T10:19:13.965+0000] {processor.py:161} INFO - Started process (PID=130) to work on /opt/airflow/dags/exploration_dag.py
[2024-04-24T10:19:13.968+0000] {processor.py:830} INFO - Processing file /opt/airflow/dags/exploration_dag.py for tasks to queue
[2024-04-24T10:19:13.979+0000] {logging_mixin.py:188} INFO - [2024-04-24T10:19:13.977+0000] {dagbag.py:540} INFO - Filling up the DagBag from /opt/airflow/dags/exploration_dag.py
[2024-04-24T10:19:14.764+0000] {processor.py:840} INFO - DAG(s) 'data_quality_exploration_dag_v1' retrieved from /opt/airflow/dags/exploration_dag.py
[2024-04-24T10:19:14.794+0000] {logging_mixin.py:188} INFO - [2024-04-24T10:19:14.794+0000] {dag.py:3096} INFO - Sync 1 DAGs
[2024-04-24T10:19:14.820+0000] {logging_mixin.py:188} INFO - [2024-04-24T10:19:14.820+0000] {dag.py:3954} INFO - Setting next_dagrun for data_quality_exploration_dag_v1 to 2024-04-24 00:00:00+00:00, run_after=2024-04-25 00:00:00+00:00
[2024-04-24T10:19:14.842+0000] {processor.py:183} INFO - Processing /opt/airflow/dags/exploration_dag.py took 0.901 seconds
[2024-04-24T10:19:45.145+0000] {processor.py:161} INFO - Started process (PID=138) to work on /opt/airflow/dags/exploration_dag.py
[2024-04-24T10:19:45.159+0000] {processor.py:830} INFO - Processing file /opt/airflow/dags/exploration_dag.py for tasks to queue
[2024-04-24T10:19:45.169+0000] {logging_mixin.py:188} INFO - [2024-04-24T10:19:45.167+0000] {dagbag.py:540} INFO - Filling up the DagBag from /opt/airflow/dags/exploration_dag.py
[2024-04-24T10:19:45.923+0000] {processor.py:840} INFO - DAG(s) 'data_quality_exploration_dag_v1' retrieved from /opt/airflow/dags/exploration_dag.py
[2024-04-24T10:19:45.955+0000] {logging_mixin.py:188} INFO - [2024-04-24T10:19:45.954+0000] {dag.py:3096} INFO - Sync 1 DAGs
[2024-04-24T10:19:45.979+0000] {logging_mixin.py:188} INFO - [2024-04-24T10:19:45.978+0000] {dag.py:3954} INFO - Setting next_dagrun for data_quality_exploration_dag_v1 to 2024-04-24 00:00:00+00:00, run_after=2024-04-25 00:00:00+00:00
[2024-04-24T10:19:46.005+0000] {processor.py:183} INFO - Processing /opt/airflow/dags/exploration_dag.py took 0.880 seconds
[2024-04-24T10:20:16.341+0000] {processor.py:161} INFO - Started process (PID=146) to work on /opt/airflow/dags/exploration_dag.py
[2024-04-24T10:20:16.344+0000] {processor.py:830} INFO - Processing file /opt/airflow/dags/exploration_dag.py for tasks to queue
[2024-04-24T10:20:16.353+0000] {logging_mixin.py:188} INFO - [2024-04-24T10:20:16.350+0000] {dagbag.py:540} INFO - Filling up the DagBag from /opt/airflow/dags/exploration_dag.py
[2024-04-24T10:20:17.598+0000] {processor.py:840} INFO - DAG(s) 'data_quality_exploration_dag_v1' retrieved from /opt/airflow/dags/exploration_dag.py
[2024-04-24T10:20:17.712+0000] {logging_mixin.py:188} INFO - [2024-04-24T10:20:17.710+0000] {dag.py:3096} INFO - Sync 1 DAGs
[2024-04-24T10:20:17.802+0000] {logging_mixin.py:188} INFO - [2024-04-24T10:20:17.799+0000] {dag.py:3954} INFO - Setting next_dagrun for data_quality_exploration_dag_v1 to 2024-04-24 00:00:00+00:00, run_after=2024-04-25 00:00:00+00:00
[2024-04-24T10:20:17.856+0000] {processor.py:183} INFO - Processing /opt/airflow/dags/exploration_dag.py took 1.532 seconds
[2024-04-24T10:20:48.111+0000] {processor.py:161} INFO - Started process (PID=162) to work on /opt/airflow/dags/exploration_dag.py
[2024-04-24T10:20:48.113+0000] {processor.py:830} INFO - Processing file /opt/airflow/dags/exploration_dag.py for tasks to queue
[2024-04-24T10:20:48.120+0000] {logging_mixin.py:188} INFO - [2024-04-24T10:20:48.119+0000] {dagbag.py:540} INFO - Filling up the DagBag from /opt/airflow/dags/exploration_dag.py
[2024-04-24T10:20:49.205+0000] {processor.py:840} INFO - DAG(s) 'data_quality_exploration_dag_v1' retrieved from /opt/airflow/dags/exploration_dag.py
[2024-04-24T10:20:49.255+0000] {logging_mixin.py:188} INFO - [2024-04-24T10:20:49.254+0000] {dag.py:3096} INFO - Sync 1 DAGs
[2024-04-24T10:20:49.296+0000] {logging_mixin.py:188} INFO - [2024-04-24T10:20:49.296+0000] {dag.py:3954} INFO - Setting next_dagrun for data_quality_exploration_dag_v1 to 2024-04-24 00:00:00+00:00, run_after=2024-04-25 00:00:00+00:00
[2024-04-24T10:20:49.329+0000] {processor.py:183} INFO - Processing /opt/airflow/dags/exploration_dag.py took 1.231 seconds
[2024-04-24T10:21:19.604+0000] {processor.py:161} INFO - Started process (PID=170) to work on /opt/airflow/dags/exploration_dag.py
[2024-04-24T10:21:19.605+0000] {processor.py:830} INFO - Processing file /opt/airflow/dags/exploration_dag.py for tasks to queue
[2024-04-24T10:21:19.609+0000] {logging_mixin.py:188} INFO - [2024-04-24T10:21:19.608+0000] {dagbag.py:540} INFO - Filling up the DagBag from /opt/airflow/dags/exploration_dag.py
[2024-04-24T10:21:20.328+0000] {processor.py:840} INFO - DAG(s) 'data_quality_exploration_dag_v1' retrieved from /opt/airflow/dags/exploration_dag.py
[2024-04-24T10:21:20.357+0000] {logging_mixin.py:188} INFO - [2024-04-24T10:21:20.357+0000] {dag.py:3096} INFO - Sync 1 DAGs
[2024-04-24T10:21:20.381+0000] {logging_mixin.py:188} INFO - [2024-04-24T10:21:20.381+0000] {dag.py:3954} INFO - Setting next_dagrun for data_quality_exploration_dag_v1 to 2024-04-24 00:00:00+00:00, run_after=2024-04-25 00:00:00+00:00
[2024-04-24T10:21:20.407+0000] {processor.py:183} INFO - Processing /opt/airflow/dags/exploration_dag.py took 0.813 seconds
[2024-04-24T10:21:50.564+0000] {processor.py:161} INFO - Started process (PID=178) to work on /opt/airflow/dags/exploration_dag.py
[2024-04-24T10:21:50.566+0000] {processor.py:830} INFO - Processing file /opt/airflow/dags/exploration_dag.py for tasks to queue
[2024-04-24T10:21:50.570+0000] {logging_mixin.py:188} INFO - [2024-04-24T10:21:50.569+0000] {dagbag.py:540} INFO - Filling up the DagBag from /opt/airflow/dags/exploration_dag.py
[2024-04-24T10:21:51.218+0000] {processor.py:840} INFO - DAG(s) 'data_quality_exploration_dag_v1' retrieved from /opt/airflow/dags/exploration_dag.py
[2024-04-24T10:21:51.246+0000] {logging_mixin.py:188} INFO - [2024-04-24T10:21:51.245+0000] {dag.py:3096} INFO - Sync 1 DAGs
[2024-04-24T10:21:51.272+0000] {logging_mixin.py:188} INFO - [2024-04-24T10:21:51.272+0000] {dag.py:3954} INFO - Setting next_dagrun for data_quality_exploration_dag_v1 to 2024-04-24 00:00:00+00:00, run_after=2024-04-25 00:00:00+00:00
[2024-04-24T10:21:51.300+0000] {processor.py:183} INFO - Processing /opt/airflow/dags/exploration_dag.py took 0.745 seconds
[2024-04-24T10:22:21.556+0000] {processor.py:161} INFO - Started process (PID=187) to work on /opt/airflow/dags/exploration_dag.py
[2024-04-24T10:22:21.558+0000] {processor.py:830} INFO - Processing file /opt/airflow/dags/exploration_dag.py for tasks to queue
[2024-04-24T10:22:21.561+0000] {logging_mixin.py:188} INFO - [2024-04-24T10:22:21.561+0000] {dagbag.py:540} INFO - Filling up the DagBag from /opt/airflow/dags/exploration_dag.py
[2024-04-24T10:22:22.133+0000] {processor.py:840} INFO - DAG(s) 'data_quality_exploration_dag_v1' retrieved from /opt/airflow/dags/exploration_dag.py
[2024-04-24T10:22:22.161+0000] {logging_mixin.py:188} INFO - [2024-04-24T10:22:22.160+0000] {dag.py:3096} INFO - Sync 1 DAGs
[2024-04-24T10:22:22.182+0000] {logging_mixin.py:188} INFO - [2024-04-24T10:22:22.182+0000] {dag.py:3954} INFO - Setting next_dagrun for data_quality_exploration_dag_v1 to 2024-04-24 00:00:00+00:00, run_after=2024-04-25 00:00:00+00:00
[2024-04-24T10:22:22.209+0000] {processor.py:183} INFO - Processing /opt/airflow/dags/exploration_dag.py took 0.660 seconds
[2024-04-24T10:22:52.608+0000] {processor.py:161} INFO - Started process (PID=199) to work on /opt/airflow/dags/exploration_dag.py
[2024-04-24T10:22:52.627+0000] {processor.py:830} INFO - Processing file /opt/airflow/dags/exploration_dag.py for tasks to queue
[2024-04-24T10:22:52.649+0000] {logging_mixin.py:188} INFO - [2024-04-24T10:22:52.648+0000] {dagbag.py:540} INFO - Filling up the DagBag from /opt/airflow/dags/exploration_dag.py
[2024-04-24T10:22:54.688+0000] {processor.py:840} INFO - DAG(s) 'data_quality_exploration_dag_v1' retrieved from /opt/airflow/dags/exploration_dag.py
[2024-04-24T10:22:54.731+0000] {logging_mixin.py:188} INFO - [2024-04-24T10:22:54.730+0000] {dag.py:3096} INFO - Sync 1 DAGs
[2024-04-24T10:22:54.776+0000] {logging_mixin.py:188} INFO - [2024-04-24T10:22:54.776+0000] {dag.py:3954} INFO - Setting next_dagrun for data_quality_exploration_dag_v1 to 2024-04-24 00:00:00+00:00, run_after=2024-04-25 00:00:00+00:00
[2024-04-24T10:22:54.822+0000] {processor.py:183} INFO - Processing /opt/airflow/dags/exploration_dag.py took 2.282 seconds
[2024-04-24T10:23:25.188+0000] {processor.py:161} INFO - Started process (PID=211) to work on /opt/airflow/dags/exploration_dag.py
[2024-04-24T10:23:25.189+0000] {processor.py:830} INFO - Processing file /opt/airflow/dags/exploration_dag.py for tasks to queue
[2024-04-24T10:23:25.192+0000] {logging_mixin.py:188} INFO - [2024-04-24T10:23:25.192+0000] {dagbag.py:540} INFO - Filling up the DagBag from /opt/airflow/dags/exploration_dag.py
[2024-04-24T10:23:25.867+0000] {processor.py:840} INFO - DAG(s) 'data_quality_exploration_dag_v1' retrieved from /opt/airflow/dags/exploration_dag.py
[2024-04-24T10:23:25.899+0000] {logging_mixin.py:188} INFO - [2024-04-24T10:23:25.899+0000] {dag.py:3096} INFO - Sync 1 DAGs
[2024-04-24T10:23:25.927+0000] {logging_mixin.py:188} INFO - [2024-04-24T10:23:25.927+0000] {dag.py:3954} INFO - Setting next_dagrun for data_quality_exploration_dag_v1 to 2024-04-24 00:00:00+00:00, run_after=2024-04-25 00:00:00+00:00
[2024-04-24T10:23:25.958+0000] {processor.py:183} INFO - Processing /opt/airflow/dags/exploration_dag.py took 0.780 seconds
[2024-04-24T10:23:56.203+0000] {processor.py:161} INFO - Started process (PID=219) to work on /opt/airflow/dags/exploration_dag.py
[2024-04-24T10:23:56.204+0000] {processor.py:830} INFO - Processing file /opt/airflow/dags/exploration_dag.py for tasks to queue
[2024-04-24T10:23:56.207+0000] {logging_mixin.py:188} INFO - [2024-04-24T10:23:56.207+0000] {dagbag.py:540} INFO - Filling up the DagBag from /opt/airflow/dags/exploration_dag.py
[2024-04-24T10:23:56.925+0000] {processor.py:840} INFO - DAG(s) 'data_quality_exploration_dag_v1' retrieved from /opt/airflow/dags/exploration_dag.py
[2024-04-24T10:23:56.963+0000] {logging_mixin.py:188} INFO - [2024-04-24T10:23:56.963+0000] {dag.py:3096} INFO - Sync 1 DAGs
[2024-04-24T10:23:57.008+0000] {logging_mixin.py:188} INFO - [2024-04-24T10:23:57.007+0000] {dag.py:3954} INFO - Setting next_dagrun for data_quality_exploration_dag_v1 to 2024-04-24 00:00:00+00:00, run_after=2024-04-25 00:00:00+00:00
[2024-04-24T10:23:57.039+0000] {processor.py:183} INFO - Processing /opt/airflow/dags/exploration_dag.py took 0.844 seconds
[2024-04-24T10:24:27.129+0000] {processor.py:161} INFO - Started process (PID=227) to work on /opt/airflow/dags/exploration_dag.py
[2024-04-24T10:24:27.130+0000] {processor.py:830} INFO - Processing file /opt/airflow/dags/exploration_dag.py for tasks to queue
[2024-04-24T10:24:27.133+0000] {logging_mixin.py:188} INFO - [2024-04-24T10:24:27.132+0000] {dagbag.py:540} INFO - Filling up the DagBag from /opt/airflow/dags/exploration_dag.py
[2024-04-24T10:24:27.750+0000] {processor.py:840} INFO - DAG(s) 'data_quality_exploration_dag_v1' retrieved from /opt/airflow/dags/exploration_dag.py
[2024-04-24T10:24:27.777+0000] {logging_mixin.py:188} INFO - [2024-04-24T10:24:27.777+0000] {dag.py:3096} INFO - Sync 1 DAGs
[2024-04-24T10:24:27.799+0000] {logging_mixin.py:188} INFO - [2024-04-24T10:24:27.799+0000] {dag.py:3954} INFO - Setting next_dagrun for data_quality_exploration_dag_v1 to 2024-04-24 00:00:00+00:00, run_after=2024-04-25 00:00:00+00:00
[2024-04-24T10:24:27.823+0000] {processor.py:183} INFO - Processing /opt/airflow/dags/exploration_dag.py took 0.702 seconds
[2024-04-24T10:24:58.483+0000] {processor.py:161} INFO - Started process (PID=239) to work on /opt/airflow/dags/exploration_dag.py
[2024-04-24T10:24:58.506+0000] {processor.py:830} INFO - Processing file /opt/airflow/dags/exploration_dag.py for tasks to queue
[2024-04-24T10:24:58.562+0000] {logging_mixin.py:188} INFO - [2024-04-24T10:24:58.557+0000] {dagbag.py:540} INFO - Filling up the DagBag from /opt/airflow/dags/exploration_dag.py
[2024-04-24T10:25:06.842+0000] {processor.py:840} INFO - DAG(s) 'data_quality_exploration_dag_v1' retrieved from /opt/airflow/dags/exploration_dag.py
[2024-04-24T10:25:06.937+0000] {logging_mixin.py:188} INFO - [2024-04-24T10:25:06.935+0000] {dag.py:3096} INFO - Sync 1 DAGs
[2024-04-24T10:25:07.043+0000] {logging_mixin.py:188} INFO - [2024-04-24T10:25:07.037+0000] {dag.py:3954} INFO - Setting next_dagrun for data_quality_exploration_dag_v1 to 2024-04-24 00:00:00+00:00, run_after=2024-04-25 00:00:00+00:00
[2024-04-24T10:25:07.125+0000] {processor.py:183} INFO - Processing /opt/airflow/dags/exploration_dag.py took 8.781 seconds
[2024-04-24T10:25:38.240+0000] {processor.py:161} INFO - Started process (PID=247) to work on /opt/airflow/dags/exploration_dag.py
[2024-04-24T10:25:38.250+0000] {processor.py:830} INFO - Processing file /opt/airflow/dags/exploration_dag.py for tasks to queue
[2024-04-24T10:25:38.354+0000] {logging_mixin.py:188} INFO - [2024-04-24T10:25:38.332+0000] {dagbag.py:540} INFO - Filling up the DagBag from /opt/airflow/dags/exploration_dag.py
[2024-04-24T10:25:50.626+0000] {processor.py:840} INFO - DAG(s) 'data_quality_exploration_dag_v1' retrieved from /opt/airflow/dags/exploration_dag.py
[2024-04-24T10:25:51.102+0000] {logging_mixin.py:188} INFO - [2024-04-24T10:25:51.099+0000] {dag.py:3096} INFO - Sync 1 DAGs
[2024-04-24T10:25:51.220+0000] {logging_mixin.py:188} INFO - [2024-04-24T10:25:51.218+0000] {dag.py:3954} INFO - Setting next_dagrun for data_quality_exploration_dag_v1 to 2024-04-24 00:00:00+00:00, run_after=2024-04-25 00:00:00+00:00
[2024-04-24T10:25:51.341+0000] {processor.py:183} INFO - Processing /opt/airflow/dags/exploration_dag.py took 13.475 seconds
[2024-04-24T10:26:21.552+0000] {processor.py:161} INFO - Started process (PID=261) to work on /opt/airflow/dags/exploration_dag.py
[2024-04-24T10:26:21.554+0000] {processor.py:830} INFO - Processing file /opt/airflow/dags/exploration_dag.py for tasks to queue
[2024-04-24T10:26:21.571+0000] {logging_mixin.py:188} INFO - [2024-04-24T10:26:21.569+0000] {dagbag.py:540} INFO - Filling up the DagBag from /opt/airflow/dags/exploration_dag.py
[2024-04-24T10:26:23.578+0000] {processor.py:840} INFO - DAG(s) 'data_quality_exploration_dag_v1' retrieved from /opt/airflow/dags/exploration_dag.py
[2024-04-24T10:26:23.635+0000] {logging_mixin.py:188} INFO - [2024-04-24T10:26:23.634+0000] {dag.py:3096} INFO - Sync 1 DAGs
[2024-04-24T10:26:23.668+0000] {logging_mixin.py:188} INFO - [2024-04-24T10:26:23.668+0000] {dag.py:3954} INFO - Setting next_dagrun for data_quality_exploration_dag_v1 to 2024-04-24 00:00:00+00:00, run_after=2024-04-25 00:00:00+00:00
[2024-04-24T10:26:23.696+0000] {processor.py:183} INFO - Processing /opt/airflow/dags/exploration_dag.py took 2.182 seconds
[2024-04-24T10:26:54.022+0000] {processor.py:161} INFO - Started process (PID=269) to work on /opt/airflow/dags/exploration_dag.py
[2024-04-24T10:26:54.024+0000] {processor.py:830} INFO - Processing file /opt/airflow/dags/exploration_dag.py for tasks to queue
[2024-04-24T10:26:54.035+0000] {logging_mixin.py:188} INFO - [2024-04-24T10:26:54.033+0000] {dagbag.py:540} INFO - Filling up the DagBag from /opt/airflow/dags/exploration_dag.py
[2024-04-24T10:26:55.044+0000] {processor.py:840} INFO - DAG(s) 'data_quality_exploration_dag_v1' retrieved from /opt/airflow/dags/exploration_dag.py
[2024-04-24T10:26:55.068+0000] {logging_mixin.py:188} INFO - [2024-04-24T10:26:55.067+0000] {dag.py:3096} INFO - Sync 1 DAGs
[2024-04-24T10:26:55.094+0000] {logging_mixin.py:188} INFO - [2024-04-24T10:26:55.094+0000] {dag.py:3954} INFO - Setting next_dagrun for data_quality_exploration_dag_v1 to 2024-04-24 00:00:00+00:00, run_after=2024-04-25 00:00:00+00:00
[2024-04-24T10:26:55.123+0000] {processor.py:183} INFO - Processing /opt/airflow/dags/exploration_dag.py took 1.121 seconds
[2024-04-24T10:27:25.236+0000] {processor.py:161} INFO - Started process (PID=277) to work on /opt/airflow/dags/exploration_dag.py
[2024-04-24T10:27:25.253+0000] {processor.py:830} INFO - Processing file /opt/airflow/dags/exploration_dag.py for tasks to queue
[2024-04-24T10:27:25.256+0000] {logging_mixin.py:188} INFO - [2024-04-24T10:27:25.255+0000] {dagbag.py:540} INFO - Filling up the DagBag from /opt/airflow/dags/exploration_dag.py
[2024-04-24T10:27:26.327+0000] {processor.py:840} INFO - DAG(s) 'data_quality_exploration_dag_v1' retrieved from /opt/airflow/dags/exploration_dag.py
[2024-04-24T10:27:26.354+0000] {logging_mixin.py:188} INFO - [2024-04-24T10:27:26.354+0000] {dag.py:3096} INFO - Sync 1 DAGs
[2024-04-24T10:27:26.373+0000] {logging_mixin.py:188} INFO - [2024-04-24T10:27:26.373+0000] {dag.py:3954} INFO - Setting next_dagrun for data_quality_exploration_dag_v1 to 2024-04-24 00:00:00+00:00, run_after=2024-04-25 00:00:00+00:00
[2024-04-24T10:27:26.392+0000] {processor.py:183} INFO - Processing /opt/airflow/dags/exploration_dag.py took 1.176 seconds
[2024-04-24T10:27:56.494+0000] {processor.py:161} INFO - Started process (PID=285) to work on /opt/airflow/dags/exploration_dag.py
[2024-04-24T10:27:56.496+0000] {processor.py:830} INFO - Processing file /opt/airflow/dags/exploration_dag.py for tasks to queue
[2024-04-24T10:27:56.499+0000] {logging_mixin.py:188} INFO - [2024-04-24T10:27:56.499+0000] {dagbag.py:540} INFO - Filling up the DagBag from /opt/airflow/dags/exploration_dag.py
[2024-04-24T10:27:58.232+0000] {processor.py:840} INFO - DAG(s) 'data_quality_exploration_dag_v1' retrieved from /opt/airflow/dags/exploration_dag.py
[2024-04-24T10:27:58.272+0000] {logging_mixin.py:188} INFO - [2024-04-24T10:27:58.271+0000] {dag.py:3096} INFO - Sync 1 DAGs
[2024-04-24T10:27:58.296+0000] {logging_mixin.py:188} INFO - [2024-04-24T10:27:58.295+0000] {dag.py:3954} INFO - Setting next_dagrun for data_quality_exploration_dag_v1 to 2024-04-24 00:00:00+00:00, run_after=2024-04-25 00:00:00+00:00
[2024-04-24T10:27:58.320+0000] {processor.py:183} INFO - Processing /opt/airflow/dags/exploration_dag.py took 1.833 seconds
[2024-04-24T10:28:28.624+0000] {processor.py:161} INFO - Started process (PID=293) to work on /opt/airflow/dags/exploration_dag.py
[2024-04-24T10:28:28.626+0000] {processor.py:830} INFO - Processing file /opt/airflow/dags/exploration_dag.py for tasks to queue
[2024-04-24T10:28:28.629+0000] {logging_mixin.py:188} INFO - [2024-04-24T10:28:28.629+0000] {dagbag.py:540} INFO - Filling up the DagBag from /opt/airflow/dags/exploration_dag.py
[2024-04-24T10:28:29.125+0000] {processor.py:840} INFO - DAG(s) 'data_quality_exploration_dag_v1' retrieved from /opt/airflow/dags/exploration_dag.py
[2024-04-24T10:28:29.148+0000] {logging_mixin.py:188} INFO - [2024-04-24T10:28:29.147+0000] {dag.py:3096} INFO - Sync 1 DAGs
[2024-04-24T10:28:29.168+0000] {logging_mixin.py:188} INFO - [2024-04-24T10:28:29.168+0000] {dag.py:3954} INFO - Setting next_dagrun for data_quality_exploration_dag_v1 to 2024-04-24 00:00:00+00:00, run_after=2024-04-25 00:00:00+00:00
[2024-04-24T10:28:29.189+0000] {processor.py:183} INFO - Processing /opt/airflow/dags/exploration_dag.py took 0.579 seconds
[2024-04-24T10:28:59.414+0000] {processor.py:161} INFO - Started process (PID=301) to work on /opt/airflow/dags/exploration_dag.py
[2024-04-24T10:28:59.416+0000] {processor.py:830} INFO - Processing file /opt/airflow/dags/exploration_dag.py for tasks to queue
[2024-04-24T10:28:59.419+0000] {logging_mixin.py:188} INFO - [2024-04-24T10:28:59.418+0000] {dagbag.py:540} INFO - Filling up the DagBag from /opt/airflow/dags/exploration_dag.py
[2024-04-24T10:28:59.864+0000] {processor.py:840} INFO - DAG(s) 'data_quality_exploration_dag_v1' retrieved from /opt/airflow/dags/exploration_dag.py
[2024-04-24T10:28:59.887+0000] {logging_mixin.py:188} INFO - [2024-04-24T10:28:59.887+0000] {dag.py:3096} INFO - Sync 1 DAGs
[2024-04-24T10:28:59.905+0000] {logging_mixin.py:188} INFO - [2024-04-24T10:28:59.905+0000] {dag.py:3954} INFO - Setting next_dagrun for data_quality_exploration_dag_v1 to 2024-04-24 00:00:00+00:00, run_after=2024-04-25 00:00:00+00:00
[2024-04-24T10:28:59.924+0000] {processor.py:183} INFO - Processing /opt/airflow/dags/exploration_dag.py took 0.516 seconds
[2024-04-24T10:29:30.096+0000] {processor.py:161} INFO - Started process (PID=309) to work on /opt/airflow/dags/exploration_dag.py
[2024-04-24T10:29:30.097+0000] {processor.py:830} INFO - Processing file /opt/airflow/dags/exploration_dag.py for tasks to queue
[2024-04-24T10:29:30.100+0000] {logging_mixin.py:188} INFO - [2024-04-24T10:29:30.100+0000] {dagbag.py:540} INFO - Filling up the DagBag from /opt/airflow/dags/exploration_dag.py
[2024-04-24T10:29:30.531+0000] {processor.py:840} INFO - DAG(s) 'data_quality_exploration_dag_v1' retrieved from /opt/airflow/dags/exploration_dag.py
[2024-04-24T10:29:30.554+0000] {logging_mixin.py:188} INFO - [2024-04-24T10:29:30.553+0000] {dag.py:3096} INFO - Sync 1 DAGs
[2024-04-24T10:29:30.573+0000] {logging_mixin.py:188} INFO - [2024-04-24T10:29:30.573+0000] {dag.py:3954} INFO - Setting next_dagrun for data_quality_exploration_dag_v1 to 2024-04-24 00:00:00+00:00, run_after=2024-04-25 00:00:00+00:00
[2024-04-24T10:29:30.593+0000] {processor.py:183} INFO - Processing /opt/airflow/dags/exploration_dag.py took 0.503 seconds
[2024-04-24T10:30:00.808+0000] {processor.py:161} INFO - Started process (PID=317) to work on /opt/airflow/dags/exploration_dag.py
[2024-04-24T10:30:00.809+0000] {processor.py:830} INFO - Processing file /opt/airflow/dags/exploration_dag.py for tasks to queue
[2024-04-24T10:30:00.811+0000] {logging_mixin.py:188} INFO - [2024-04-24T10:30:00.811+0000] {dagbag.py:540} INFO - Filling up the DagBag from /opt/airflow/dags/exploration_dag.py
[2024-04-24T10:30:01.255+0000] {processor.py:840} INFO - DAG(s) 'data_quality_exploration_dag_v1' retrieved from /opt/airflow/dags/exploration_dag.py
[2024-04-24T10:30:01.276+0000] {logging_mixin.py:188} INFO - [2024-04-24T10:30:01.276+0000] {dag.py:3096} INFO - Sync 1 DAGs
[2024-04-24T10:30:01.294+0000] {logging_mixin.py:188} INFO - [2024-04-24T10:30:01.293+0000] {dag.py:3954} INFO - Setting next_dagrun for data_quality_exploration_dag_v1 to 2024-04-24 00:00:00+00:00, run_after=2024-04-25 00:00:00+00:00
[2024-04-24T10:30:01.313+0000] {processor.py:183} INFO - Processing /opt/airflow/dags/exploration_dag.py took 0.511 seconds
[2024-04-24T10:30:31.462+0000] {processor.py:161} INFO - Started process (PID=325) to work on /opt/airflow/dags/exploration_dag.py
[2024-04-24T10:30:31.464+0000] {processor.py:830} INFO - Processing file /opt/airflow/dags/exploration_dag.py for tasks to queue
[2024-04-24T10:30:31.467+0000] {logging_mixin.py:188} INFO - [2024-04-24T10:30:31.467+0000] {dagbag.py:540} INFO - Filling up the DagBag from /opt/airflow/dags/exploration_dag.py
[2024-04-24T10:30:31.984+0000] {processor.py:840} INFO - DAG(s) 'data_quality_exploration_dag_v1' retrieved from /opt/airflow/dags/exploration_dag.py
[2024-04-24T10:30:32.007+0000] {logging_mixin.py:188} INFO - [2024-04-24T10:30:32.007+0000] {dag.py:3096} INFO - Sync 1 DAGs
[2024-04-24T10:30:32.026+0000] {logging_mixin.py:188} INFO - [2024-04-24T10:30:32.026+0000] {dag.py:3954} INFO - Setting next_dagrun for data_quality_exploration_dag_v1 to 2024-04-24 00:00:00+00:00, run_after=2024-04-25 00:00:00+00:00
[2024-04-24T10:30:32.046+0000] {processor.py:183} INFO - Processing /opt/airflow/dags/exploration_dag.py took 0.591 seconds
[2024-04-24T10:31:02.258+0000] {processor.py:161} INFO - Started process (PID=333) to work on /opt/airflow/dags/exploration_dag.py
[2024-04-24T10:31:02.260+0000] {processor.py:830} INFO - Processing file /opt/airflow/dags/exploration_dag.py for tasks to queue
[2024-04-24T10:31:02.263+0000] {logging_mixin.py:188} INFO - [2024-04-24T10:31:02.262+0000] {dagbag.py:540} INFO - Filling up the DagBag from /opt/airflow/dags/exploration_dag.py
[2024-04-24T10:31:02.879+0000] {processor.py:840} INFO - DAG(s) 'data_quality_exploration_dag_v1' retrieved from /opt/airflow/dags/exploration_dag.py
[2024-04-24T10:31:02.909+0000] {logging_mixin.py:188} INFO - [2024-04-24T10:31:02.908+0000] {dag.py:3096} INFO - Sync 1 DAGs
[2024-04-24T10:31:02.928+0000] {logging_mixin.py:188} INFO - [2024-04-24T10:31:02.928+0000] {dag.py:3954} INFO - Setting next_dagrun for data_quality_exploration_dag_v1 to 2024-04-24 00:00:00+00:00, run_after=2024-04-25 00:00:00+00:00
[2024-04-24T10:31:02.950+0000] {processor.py:183} INFO - Processing /opt/airflow/dags/exploration_dag.py took 0.698 seconds
[2024-04-24T10:31:33.191+0000] {processor.py:161} INFO - Started process (PID=341) to work on /opt/airflow/dags/exploration_dag.py
[2024-04-24T10:31:33.193+0000] {processor.py:830} INFO - Processing file /opt/airflow/dags/exploration_dag.py for tasks to queue
[2024-04-24T10:31:33.196+0000] {logging_mixin.py:188} INFO - [2024-04-24T10:31:33.196+0000] {dagbag.py:540} INFO - Filling up the DagBag from /opt/airflow/dags/exploration_dag.py
[2024-04-24T10:31:33.754+0000] {processor.py:840} INFO - DAG(s) 'data_quality_exploration_dag_v1' retrieved from /opt/airflow/dags/exploration_dag.py
[2024-04-24T10:31:33.782+0000] {logging_mixin.py:188} INFO - [2024-04-24T10:31:33.781+0000] {dag.py:3096} INFO - Sync 1 DAGs
[2024-04-24T10:31:33.804+0000] {logging_mixin.py:188} INFO - [2024-04-24T10:31:33.803+0000] {dag.py:3954} INFO - Setting next_dagrun for data_quality_exploration_dag_v1 to 2024-04-24 00:00:00+00:00, run_after=2024-04-25 00:00:00+00:00
[2024-04-24T10:31:33.829+0000] {processor.py:183} INFO - Processing /opt/airflow/dags/exploration_dag.py took 0.645 seconds
[2024-04-24T10:32:04.056+0000] {processor.py:161} INFO - Started process (PID=349) to work on /opt/airflow/dags/exploration_dag.py
[2024-04-24T10:32:04.058+0000] {processor.py:830} INFO - Processing file /opt/airflow/dags/exploration_dag.py for tasks to queue
[2024-04-24T10:32:04.060+0000] {logging_mixin.py:188} INFO - [2024-04-24T10:32:04.060+0000] {dagbag.py:540} INFO - Filling up the DagBag from /opt/airflow/dags/exploration_dag.py
[2024-04-24T10:32:04.524+0000] {processor.py:840} INFO - DAG(s) 'data_quality_exploration_dag_v1' retrieved from /opt/airflow/dags/exploration_dag.py
[2024-04-24T10:32:04.546+0000] {logging_mixin.py:188} INFO - [2024-04-24T10:32:04.546+0000] {dag.py:3096} INFO - Sync 1 DAGs
[2024-04-24T10:32:04.565+0000] {logging_mixin.py:188} INFO - [2024-04-24T10:32:04.564+0000] {dag.py:3954} INFO - Setting next_dagrun for data_quality_exploration_dag_v1 to 2024-04-24 00:00:00+00:00, run_after=2024-04-25 00:00:00+00:00
[2024-04-24T10:32:04.585+0000] {processor.py:183} INFO - Processing /opt/airflow/dags/exploration_dag.py took 0.535 seconds
[2024-04-24T10:32:34.802+0000] {processor.py:161} INFO - Started process (PID=357) to work on /opt/airflow/dags/exploration_dag.py
[2024-04-24T10:32:34.803+0000] {processor.py:830} INFO - Processing file /opt/airflow/dags/exploration_dag.py for tasks to queue
[2024-04-24T10:32:34.805+0000] {logging_mixin.py:188} INFO - [2024-04-24T10:32:34.805+0000] {dagbag.py:540} INFO - Filling up the DagBag from /opt/airflow/dags/exploration_dag.py
[2024-04-24T10:32:35.262+0000] {processor.py:840} INFO - DAG(s) 'data_quality_exploration_dag_v1' retrieved from /opt/airflow/dags/exploration_dag.py
[2024-04-24T10:32:35.293+0000] {logging_mixin.py:188} INFO - [2024-04-24T10:32:35.292+0000] {dag.py:3096} INFO - Sync 1 DAGs
[2024-04-24T10:32:35.313+0000] {logging_mixin.py:188} INFO - [2024-04-24T10:32:35.312+0000] {dag.py:3954} INFO - Setting next_dagrun for data_quality_exploration_dag_v1 to 2024-04-24 00:00:00+00:00, run_after=2024-04-25 00:00:00+00:00
[2024-04-24T10:32:35.334+0000] {processor.py:183} INFO - Processing /opt/airflow/dags/exploration_dag.py took 0.538 seconds
[2024-04-24T10:33:05.503+0000] {processor.py:161} INFO - Started process (PID=365) to work on /opt/airflow/dags/exploration_dag.py
[2024-04-24T10:33:05.504+0000] {processor.py:830} INFO - Processing file /opt/airflow/dags/exploration_dag.py for tasks to queue
[2024-04-24T10:33:05.508+0000] {logging_mixin.py:188} INFO - [2024-04-24T10:33:05.507+0000] {dagbag.py:540} INFO - Filling up the DagBag from /opt/airflow/dags/exploration_dag.py
[2024-04-24T10:33:06.252+0000] {processor.py:840} INFO - DAG(s) 'data_quality_exploration_dag_v1' retrieved from /opt/airflow/dags/exploration_dag.py
[2024-04-24T10:33:06.283+0000] {logging_mixin.py:188} INFO - [2024-04-24T10:33:06.283+0000] {dag.py:3096} INFO - Sync 1 DAGs
[2024-04-24T10:33:06.313+0000] {logging_mixin.py:188} INFO - [2024-04-24T10:33:06.313+0000] {dag.py:3954} INFO - Setting next_dagrun for data_quality_exploration_dag_v1 to 2024-04-24 00:00:00+00:00, run_after=2024-04-25 00:00:00+00:00
[2024-04-24T10:33:06.343+0000] {processor.py:183} INFO - Processing /opt/airflow/dags/exploration_dag.py took 0.850 seconds
[2024-04-24T10:33:36.647+0000] {processor.py:161} INFO - Started process (PID=373) to work on /opt/airflow/dags/exploration_dag.py
[2024-04-24T10:33:36.649+0000] {processor.py:830} INFO - Processing file /opt/airflow/dags/exploration_dag.py for tasks to queue
[2024-04-24T10:33:36.653+0000] {logging_mixin.py:188} INFO - [2024-04-24T10:33:36.652+0000] {dagbag.py:540} INFO - Filling up the DagBag from /opt/airflow/dags/exploration_dag.py
[2024-04-24T10:33:37.476+0000] {processor.py:840} INFO - DAG(s) 'data_quality_exploration_dag_v1' retrieved from /opt/airflow/dags/exploration_dag.py
[2024-04-24T10:33:37.511+0000] {logging_mixin.py:188} INFO - [2024-04-24T10:33:37.511+0000] {dag.py:3096} INFO - Sync 1 DAGs
[2024-04-24T10:33:37.538+0000] {logging_mixin.py:188} INFO - [2024-04-24T10:33:37.538+0000] {dag.py:3954} INFO - Setting next_dagrun for data_quality_exploration_dag_v1 to 2024-04-24 00:00:00+00:00, run_after=2024-04-25 00:00:00+00:00
[2024-04-24T10:33:37.568+0000] {processor.py:183} INFO - Processing /opt/airflow/dags/exploration_dag.py took 0.930 seconds
[2024-04-24T10:34:07.860+0000] {processor.py:161} INFO - Started process (PID=382) to work on /opt/airflow/dags/exploration_dag.py
[2024-04-24T10:34:07.862+0000] {processor.py:830} INFO - Processing file /opt/airflow/dags/exploration_dag.py for tasks to queue
[2024-04-24T10:34:07.865+0000] {logging_mixin.py:188} INFO - [2024-04-24T10:34:07.865+0000] {dagbag.py:540} INFO - Filling up the DagBag from /opt/airflow/dags/exploration_dag.py
[2024-04-24T10:34:08.607+0000] {processor.py:840} INFO - DAG(s) 'data_quality_exploration_dag_v1' retrieved from /opt/airflow/dags/exploration_dag.py
[2024-04-24T10:34:08.641+0000] {logging_mixin.py:188} INFO - [2024-04-24T10:34:08.640+0000] {dag.py:3096} INFO - Sync 1 DAGs
[2024-04-24T10:34:08.667+0000] {logging_mixin.py:188} INFO - [2024-04-24T10:34:08.667+0000] {dag.py:3954} INFO - Setting next_dagrun for data_quality_exploration_dag_v1 to 2024-04-24 00:00:00+00:00, run_after=2024-04-25 00:00:00+00:00
[2024-04-24T10:34:08.696+0000] {processor.py:183} INFO - Processing /opt/airflow/dags/exploration_dag.py took 0.844 seconds
[2024-04-24T10:34:39.022+0000] {processor.py:161} INFO - Started process (PID=390) to work on /opt/airflow/dags/exploration_dag.py
[2024-04-24T10:34:39.028+0000] {processor.py:830} INFO - Processing file /opt/airflow/dags/exploration_dag.py for tasks to queue
[2024-04-24T10:34:39.043+0000] {logging_mixin.py:188} INFO - [2024-04-24T10:34:39.040+0000] {dagbag.py:540} INFO - Filling up the DagBag from /opt/airflow/dags/exploration_dag.py
[2024-04-24T10:34:40.459+0000] {processor.py:840} INFO - DAG(s) 'data_quality_exploration_dag_v1' retrieved from /opt/airflow/dags/exploration_dag.py
[2024-04-24T10:34:40.504+0000] {logging_mixin.py:188} INFO - [2024-04-24T10:34:40.503+0000] {dag.py:3096} INFO - Sync 1 DAGs
[2024-04-24T10:34:40.538+0000] {logging_mixin.py:188} INFO - [2024-04-24T10:34:40.538+0000] {dag.py:3954} INFO - Setting next_dagrun for data_quality_exploration_dag_v1 to 2024-04-24 00:00:00+00:00, run_after=2024-04-25 00:00:00+00:00
[2024-04-24T10:34:40.576+0000] {processor.py:183} INFO - Processing /opt/airflow/dags/exploration_dag.py took 1.593 seconds
[2024-04-24T10:35:10.853+0000] {processor.py:161} INFO - Started process (PID=404) to work on /opt/airflow/dags/exploration_dag.py
[2024-04-24T10:35:10.854+0000] {processor.py:830} INFO - Processing file /opt/airflow/dags/exploration_dag.py for tasks to queue
[2024-04-24T10:35:10.858+0000] {logging_mixin.py:188} INFO - [2024-04-24T10:35:10.857+0000] {dagbag.py:540} INFO - Filling up the DagBag from /opt/airflow/dags/exploration_dag.py
[2024-04-24T10:35:12.523+0000] {processor.py:840} INFO - DAG(s) 'data_quality_exploration_dag_v1' retrieved from /opt/airflow/dags/exploration_dag.py
[2024-04-24T10:35:12.704+0000] {logging_mixin.py:188} INFO - [2024-04-24T10:35:12.702+0000] {dag.py:3096} INFO - Sync 1 DAGs
[2024-04-24T10:35:12.822+0000] {logging_mixin.py:188} INFO - [2024-04-24T10:35:12.821+0000] {dag.py:3954} INFO - Setting next_dagrun for data_quality_exploration_dag_v1 to 2024-04-24 00:00:00+00:00, run_after=2024-04-25 00:00:00+00:00
[2024-04-24T10:35:12.874+0000] {processor.py:183} INFO - Processing /opt/airflow/dags/exploration_dag.py took 2.030 seconds
[2024-04-24T10:35:43.096+0000] {processor.py:161} INFO - Started process (PID=412) to work on /opt/airflow/dags/exploration_dag.py
[2024-04-24T10:35:43.098+0000] {processor.py:830} INFO - Processing file /opt/airflow/dags/exploration_dag.py for tasks to queue
[2024-04-24T10:35:43.102+0000] {logging_mixin.py:188} INFO - [2024-04-24T10:35:43.101+0000] {dagbag.py:540} INFO - Filling up the DagBag from /opt/airflow/dags/exploration_dag.py
[2024-04-24T10:35:43.712+0000] {processor.py:840} INFO - DAG(s) 'data_quality_exploration_dag_v1' retrieved from /opt/airflow/dags/exploration_dag.py
[2024-04-24T10:35:43.740+0000] {logging_mixin.py:188} INFO - [2024-04-24T10:35:43.739+0000] {dag.py:3096} INFO - Sync 1 DAGs
[2024-04-24T10:35:43.764+0000] {logging_mixin.py:188} INFO - [2024-04-24T10:35:43.764+0000] {dag.py:3954} INFO - Setting next_dagrun for data_quality_exploration_dag_v1 to 2024-04-24 00:00:00+00:00, run_after=2024-04-25 00:00:00+00:00
[2024-04-24T10:35:43.789+0000] {processor.py:183} INFO - Processing /opt/airflow/dags/exploration_dag.py took 0.703 seconds
[2024-04-24T10:36:14.044+0000] {processor.py:161} INFO - Started process (PID=420) to work on /opt/airflow/dags/exploration_dag.py
[2024-04-24T10:36:14.045+0000] {processor.py:830} INFO - Processing file /opt/airflow/dags/exploration_dag.py for tasks to queue
[2024-04-24T10:36:14.048+0000] {logging_mixin.py:188} INFO - [2024-04-24T10:36:14.048+0000] {dagbag.py:540} INFO - Filling up the DagBag from /opt/airflow/dags/exploration_dag.py
[2024-04-24T10:36:14.656+0000] {processor.py:840} INFO - DAG(s) 'data_quality_exploration_dag_v1' retrieved from /opt/airflow/dags/exploration_dag.py
[2024-04-24T10:36:14.683+0000] {logging_mixin.py:188} INFO - [2024-04-24T10:36:14.683+0000] {dag.py:3096} INFO - Sync 1 DAGs
[2024-04-24T10:36:14.708+0000] {logging_mixin.py:188} INFO - [2024-04-24T10:36:14.708+0000] {dag.py:3954} INFO - Setting next_dagrun for data_quality_exploration_dag_v1 to 2024-04-24 00:00:00+00:00, run_after=2024-04-25 00:00:00+00:00
[2024-04-24T10:36:14.731+0000] {processor.py:183} INFO - Processing /opt/airflow/dags/exploration_dag.py took 0.695 seconds
[2024-04-24T10:36:44.982+0000] {processor.py:161} INFO - Started process (PID=428) to work on /opt/airflow/dags/exploration_dag.py
[2024-04-24T10:36:44.984+0000] {processor.py:830} INFO - Processing file /opt/airflow/dags/exploration_dag.py for tasks to queue
[2024-04-24T10:36:44.986+0000] {logging_mixin.py:188} INFO - [2024-04-24T10:36:44.986+0000] {dagbag.py:540} INFO - Filling up the DagBag from /opt/airflow/dags/exploration_dag.py
[2024-04-24T10:36:45.673+0000] {processor.py:840} INFO - DAG(s) 'data_quality_exploration_dag_v1' retrieved from /opt/airflow/dags/exploration_dag.py
[2024-04-24T10:36:45.710+0000] {logging_mixin.py:188} INFO - [2024-04-24T10:36:45.709+0000] {dag.py:3096} INFO - Sync 1 DAGs
[2024-04-24T10:36:45.742+0000] {logging_mixin.py:188} INFO - [2024-04-24T10:36:45.742+0000] {dag.py:3954} INFO - Setting next_dagrun for data_quality_exploration_dag_v1 to 2024-04-24 00:00:00+00:00, run_after=2024-04-25 00:00:00+00:00
[2024-04-24T10:36:45.773+0000] {processor.py:183} INFO - Processing /opt/airflow/dags/exploration_dag.py took 0.798 seconds
[2024-04-24T10:54:40.817+0000] {processor.py:161} INFO - Started process (PID=430) to work on /opt/airflow/dags/exploration_dag.py
