[2024-04-19T08:25:27.174+0000] {manager.py:470} INFO - Processing files using up to 2 processes at a time 
[2024-04-19T08:25:27.178+0000] {manager.py:471} INFO - Process each file at most once every 30 seconds
[2024-04-19T08:25:27.185+0000] {manager.py:472} INFO - Checking for new files in /opt/airflow/dags every 300 seconds
[2024-04-19T08:25:27.187+0000] {manager.py:737} INFO - Searching for files in /opt/airflow/dags
[2024-04-19T08:25:28.006+0000] {manager.py:740} INFO - There are 1 files in /opt/airflow/dags
[2024-04-19T08:25:28.693+0000] {manager.py:878} INFO - 
================================================================================
DAG File Processing Stats

File Path                                           PID  Runtime      # DAGs    # Errors  Last Runtime    Last Run
------------------------------------------------  -----  ---------  --------  ----------  --------------  ----------
/opt/airflow/dags/data_ingest_exploration_dag.py     36  0.30s             0           0
================================================================================
[2024-04-19T08:25:59.148+0000] {manager.py:878} INFO - 
================================================================================
DAG File Processing Stats

File Path                                         PID    Runtime      # DAGs    # Errors  Last Runtime    Last Run
------------------------------------------------  -----  ---------  --------  ----------  --------------  -------------------
/opt/airflow/dags/data_ingest_exploration_dag.py                           1           0  11.47s          2024-04-19T08:25:39
================================================================================
[2024-04-19T08:26:29.561+0000] {manager.py:878} INFO - 
================================================================================
DAG File Processing Stats

File Path                                         PID    Runtime      # DAGs    # Errors  Last Runtime    Last Run
------------------------------------------------  -----  ---------  --------  ----------  --------------  -------------------
/opt/airflow/dags/data_ingest_exploration_dag.py                           1           0  8.63s           2024-04-19T08:26:19
================================================================================
[2024-04-19T08:27:00.081+0000] {manager.py:878} INFO - 
================================================================================
DAG File Processing Stats

File Path                                         PID    Runtime      # DAGs    # Errors  Last Runtime    Last Run
------------------------------------------------  -----  ---------  --------  ----------  --------------  -------------------
/opt/airflow/dags/data_ingest_exploration_dag.py                           1           0  1.90s           2024-04-19T08:26:50
================================================================================
[2024-04-19T08:27:30.646+0000] {manager.py:878} INFO - 
================================================================================
DAG File Processing Stats

File Path                                         PID    Runtime      # DAGs    # Errors  Last Runtime    Last Run
------------------------------------------------  -----  ---------  --------  ----------  --------------  -------------------
/opt/airflow/dags/data_ingest_exploration_dag.py                           1           0  4.72s           2024-04-19T08:27:25
================================================================================
[2024-04-19T08:28:01.401+0000] {manager.py:878} INFO - 
================================================================================
DAG File Processing Stats

File Path                                           PID  Runtime      # DAGs    # Errors  Last Runtime    Last Run
------------------------------------------------  -----  ---------  --------  ----------  --------------  -------------------
/opt/airflow/dags/data_ingest_exploration_dag.py     74  4.84s             1           0  4.72s           2024-04-19T08:27:25
================================================================================
[2024-04-19T08:28:32.909+0000] {manager.py:878} INFO - 
================================================================================
DAG File Processing Stats

File Path                                           PID  Runtime      # DAGs    # Errors  Last Runtime    Last Run
------------------------------------------------  -----  ---------  --------  ----------  --------------  -------------------
/opt/airflow/dags/data_ingest_exploration_dag.py     82  0.03s             1           0  4.98s           2024-04-19T08:28:01
================================================================================
[2024-04-19T08:29:03.229+0000] {manager.py:878} INFO - 
================================================================================
DAG File Processing Stats

File Path                                         PID    Runtime      # DAGs    # Errors  Last Runtime    Last Run
------------------------------------------------  -----  ---------  --------  ----------  --------------  -------------------
/opt/airflow/dags/data_ingest_exploration_dag.py                           1           0  1.21s           2024-04-19T08:28:58
================================================================================
[2024-04-19T08:29:33.733+0000] {manager.py:878} INFO - 
================================================================================
DAG File Processing Stats

File Path                                           PID  Runtime      # DAGs    # Errors  Last Runtime    Last Run
------------------------------------------------  -----  ---------  --------  ----------  --------------  -------------------
/opt/airflow/dags/data_ingest_exploration_dag.py     92  0.12s             1           0  1.21s           2024-04-19T08:28:58
================================================================================
[2024-04-19T08:30:04.316+0000] {manager.py:878} INFO - 
================================================================================
DAG File Processing Stats

File Path                                         PID    Runtime      # DAGs    # Errors  Last Runtime    Last Run
------------------------------------------------  -----  ---------  --------  ----------  --------------  -------------------
/opt/airflow/dags/data_ingest_exploration_dag.py                           1           0  24.76s          2024-04-19T08:29:58
================================================================================
[2024-04-19T08:30:46.477+0000] {manager.py:737} INFO - Searching for files in /opt/airflow/dags
[2024-04-19T08:30:51.450+0000] {manager.py:740} INFO - There are 1 files in /opt/airflow/dags
[2024-04-19T08:31:09.930+0000] {manager.py:878} INFO - 
================================================================================
DAG File Processing Stats

File Path                                           PID  Runtime      # DAGs    # Errors  Last Runtime    Last Run
------------------------------------------------  -----  ---------  --------  ----------  --------------  -------------------
/opt/airflow/dags/data_ingest_exploration_dag.py    100  0.16s             1           0  24.76s          2024-04-19T08:29:58
================================================================================
[2024-04-19T08:31:40.148+0000] {manager.py:878} INFO - 
================================================================================
DAG File Processing Stats

File Path                                         PID    Runtime      # DAGs    # Errors  Last Runtime    Last Run
------------------------------------------------  -----  ---------  --------  ----------  --------------  -------------------
/opt/airflow/dags/data_ingest_exploration_dag.py                           1           0  11.22s          2024-04-19T08:31:20
================================================================================
[2024-04-19T08:32:10.948+0000] {manager.py:878} INFO - 
================================================================================
DAG File Processing Stats

File Path                                         PID    Runtime      # DAGs    # Errors  Last Runtime    Last Run
------------------------------------------------  -----  ---------  --------  ----------  --------------  -------------------
/opt/airflow/dags/data_ingest_exploration_dag.py                           1           0  0.70s           2024-04-19T08:31:51
================================================================================
[2024-04-19T08:32:40.999+0000] {manager.py:878} INFO - 
================================================================================
DAG File Processing Stats

File Path                                         PID    Runtime      # DAGs    # Errors  Last Runtime    Last Run
------------------------------------------------  -----  ---------  --------  ----------  --------------  -------------------
/opt/airflow/dags/data_ingest_exploration_dag.py                           1           0  10.78s          2024-04-19T08:32:32
================================================================================
[2024-04-19T08:33:11.204+0000] {manager.py:878} INFO - 
================================================================================
DAG File Processing Stats

File Path                                         PID    Runtime      # DAGs    # Errors  Last Runtime    Last Run
------------------------------------------------  -----  ---------  --------  ----------  --------------  -------------------
/opt/airflow/dags/data_ingest_exploration_dag.py                           1           0  4.41s           2024-04-19T08:32:48
================================================================================
[2024-04-19T08:33:41.465+0000] {manager.py:878} INFO - 
================================================================================
DAG File Processing Stats

File Path                                         PID    Runtime      # DAGs    # Errors  Last Runtime    Last Run
------------------------------------------------  -----  ---------  --------  ----------  --------------  -------------------
/opt/airflow/dags/data_ingest_exploration_dag.py                           1           0  1.76s           2024-04-19T08:33:20
================================================================================
[2024-04-19T08:34:11.701+0000] {manager.py:878} INFO - 
================================================================================
DAG File Processing Stats

File Path                                         PID    Runtime      # DAGs    # Errors  Last Runtime    Last Run
------------------------------------------------  -----  ---------  --------  ----------  --------------  -------------------
/opt/airflow/dags/data_ingest_exploration_dag.py                           1           0  0.73s           2024-04-19T08:33:51
================================================================================
[2024-04-19T08:34:41.891+0000] {manager.py:878} INFO - 
================================================================================
DAG File Processing Stats

File Path                                         PID    Runtime      # DAGs    # Errors  Last Runtime    Last Run
------------------------------------------------  -----  ---------  --------  ----------  --------------  -------------------
/opt/airflow/dags/data_ingest_exploration_dag.py                           1           0  0.77s           2024-04-19T08:34:22
================================================================================
[2024-04-19T08:35:12.420+0000] {manager.py:878} INFO - 
================================================================================
DAG File Processing Stats

File Path                                         PID    Runtime      # DAGs    # Errors  Last Runtime    Last Run
------------------------------------------------  -----  ---------  --------  ----------  --------------  -------------------
/opt/airflow/dags/data_ingest_exploration_dag.py                           1           0  4.18s           2024-04-19T08:34:56
================================================================================
[2024-04-19T08:35:42.542+0000] {manager.py:878} INFO - 
================================================================================
DAG File Processing Stats

File Path                                         PID    Runtime      # DAGs    # Errors  Last Runtime    Last Run
------------------------------------------------  -----  ---------  --------  ----------  --------------  -------------------
/opt/airflow/dags/data_ingest_exploration_dag.py                           1           0  1.56s           2024-04-19T08:35:28
================================================================================
[2024-04-19T08:35:46.572+0000] {manager.py:737} INFO - Searching for files in /opt/airflow/dags
[2024-04-19T08:35:46.614+0000] {manager.py:740} INFO - There are 1 files in /opt/airflow/dags
[2024-04-19T08:36:12.835+0000] {manager.py:878} INFO - 
================================================================================
DAG File Processing Stats

File Path                                         PID    Runtime      # DAGs    # Errors  Last Runtime    Last Run
------------------------------------------------  -----  ---------  --------  ----------  --------------  -------------------
/opt/airflow/dags/data_ingest_exploration_dag.py                           1           0  1.00s           2024-04-19T08:35:59
================================================================================
[2024-04-19T08:36:43.275+0000] {manager.py:878} INFO - 
================================================================================
DAG File Processing Stats

File Path                                         PID    Runtime      # DAGs    # Errors  Last Runtime    Last Run
------------------------------------------------  -----  ---------  --------  ----------  --------------  -------------------
/opt/airflow/dags/data_ingest_exploration_dag.py                           1           0  1.03s           2024-04-19T08:36:38
================================================================================
[2024-04-19T08:37:03.334+0000] {manager.py:452} INFO - Exiting gracefully upon receiving signal 15
